*** Batchsize is not evenly divisible by the grid dimension ***
*** Processing 4088 vertices instead
Batch processing will occur 8 times, each processing 511 vertices (overall)
Candidates chosen, precomputation finished
Exploring via BFS...
Tallying...
Adding bc contributions...
Exploring via BFS...
Tallying...
Adding bc contributions...
Exploring via BFS...
Tallying...
Adding bc contributions...
Exploring via BFS...
Tallying...
Adding bc contributions...
Exploring via BFS...
Tallying...
Adding bc contributions...
Exploring via BFS...
Tallying...
Adding bc contributions...
Exploring via BFS...
Tallying...
Adding bc contributions...
Exploring via BFS...
Tallying...
Adding bc contributions...
Computation finished
2206.382846 seconds elapsed for 4088 starting vertices
TEPS score is: 30266060.864613
Job  mvapich_wrapper /opt/lsf/bin/TaskStarter -p c27-201:52526 -c /opt/lsf/conf -a X86_64 ./betwcent /work/teragrid/tg459476/SCALE21BTW-TRANSBOOL 12 512

TID   HOST_NAME   COMMAND_LINE            STATUS            TERMINATION_TIME
===== ========== ================  =======================  ===================
00000 c19-106    ./betwcent /work  Done                     12/18/2009 20:03:22
00001 c35-306    ./betwcent /work  Done                     12/18/2009 20:03:22
00002 c35-306    ./betwcent /work  Done                     12/18/2009 20:03:22
00003 c35-306    ./betwcent /work  Done                     12/18/2009 20:03:22
00004 c35-306    ./betwcent /work  Done                     12/18/2009 20:03:22
00005 c15-110    ./betwcent /work  Done                     12/18/2009 20:03:22
00006 c15-110    ./betwcent /work  Done                     12/18/2009 20:03:22
00007 c15-110    ./betwcent /work  Done                     12/18/2009 20:03:22
00008 c15-110    ./betwcent /work  Done                     12/18/2009 20:03:22
00009 c36-305    ./betwcent /work  Done                     12/18/2009 20:03:22
00010 c36-305    ./betwcent /work  Done                     12/18/2009 20:03:22
00011 c36-305    ./betwcent /work  Done                     12/18/2009 20:03:22
00012 c36-305    ./betwcent /work  Done                     12/18/2009 20:03:22
00013 c22-206    ./betwcent /work  Done                     12/18/2009 20:03:22
00014 c22-206    ./betwcent /work  Done                     12/18/2009 20:03:22
00015 c22-206    ./betwcent /work  Done                     12/18/2009 20:03:22
00016 c22-206    ./betwcent /work  Done                     12/18/2009 20:03:22
00017 c40-210    ./betwcent /work  Done                     12/18/2009 20:03:22
00018 c40-210    ./betwcent /work  Done                     12/18/2009 20:03:22
00019 c40-210    ./betwcent /work  Done                     12/18/2009 20:03:22
00020 c40-210    ./betwcent /work  Done                     12/18/2009 20:03:22
00021 c44-405    ./betwcent /work  Done                     12/18/2009 20:03:22
00022 c44-405    ./betwcent /work  Done                     12/18/2009 20:03:22
00023 c44-405    ./betwcent /work  Done                     12/18/2009 20:03:22
00024 c44-405    ./betwcent /work  Done                     12/18/2009 20:03:22
00025 c42-408    ./betwcent /work  Done                     12/18/2009 20:03:22
00026 c42-408    ./betwcent /work  Done                     12/18/2009 20:03:22
00027 c42-408    ./betwcent /work  Done                     12/18/2009 20:03:22
00028 c42-408    ./betwcent /work  Done                     12/18/2009 20:03:22
00029 c23-104    ./betwcent /work  Done                     12/18/2009 20:03:22
00030 c23-104    ./betwcent /work  Done                     12/18/2009 20:03:22
00031 c23-104    ./betwcent /work  Done                     12/18/2009 20:03:22
00032 c23-104    ./betwcent /work  Done                     12/18/2009 20:03:22
00033 c11-209    ./betwcent /work  Done                     12/18/2009 20:03:22
00034 c11-209    ./betwcent /work  Done                     12/18/2009 20:03:22
00035 c11-209    ./betwcent /work  Done                     12/18/2009 20:03:22
00036 c11-209    ./betwcent /work  Done                     12/18/2009 20:03:22
00037 c14-205    ./betwcent /work  Done                     12/18/2009 20:03:22
00038 c14-205    ./betwcent /work  Done                     12/18/2009 20:03:22
00039 c14-205    ./betwcent /work  Done                     12/18/2009 20:03:22
00040 c14-205    ./betwcent /work  Done                     12/18/2009 20:03:22
00041 c14-102    ./betwcent /work  Done                     12/18/2009 20:03:22
00042 c14-102    ./betwcent /work  Done                     12/18/2009 20:03:22
00043 c14-102    ./betwcent /work  Done                     12/18/2009 20:03:22
00044 c14-102    ./betwcent /work  Done                     12/18/2009 20:03:22
00045 c27-201    ./betwcent /work  Done                     12/18/2009 20:03:22
00046 c27-201    ./betwcent /work  Done                     12/18/2009 20:03:22
00047 c27-201    ./betwcent /work  Done                     12/18/2009 20:03:22
00048 c27-201    ./betwcent /work  Done                     12/18/2009 20:03:22

------------------------------------------------------------
Sender: LSF System <lsfadmin@c27-201>
Subject: Job 350133: <betwcentp49> Done

Job <betwcentp49> was submitted from host <lslogin2> by user <tg459476>.
Job was executed on host(s) <4*c27-201>, in queue <normal>, as user <tg459476>.
                            <4*c14-102>
                            <4*c14-205>
                            <4*c11-209>
                            <4*c23-104>
                            <4*c42-408>
                            <4*c44-405>
                            <4*c40-210>
                            <4*c22-206>
                            <4*c36-305>
                            <4*c15-110>
                            <4*c35-306>
                            <1*c19-106>
</home/teragrid/tg459476> was used as the home directory.
</home/teragrid/tg459476/Release_PSpGEMM/PSpGEMM-R1/Applications> was used as the working directory.
Started at Fri Dec 18 19:25:45 2009
Results reported at Fri Dec 18 20:03:27 2009

Your job looked like:

------------------------------------------------------------
# LSBATCH: User input
#!/bin/tcsh 			  
				  # first line specifies shell
#BSUB -J betwcentp49 		  #name the job "jobname"
#BSUB -o out.o%J   		  #output->   out.o&ltjobID>
#BSUB -e err.o%J   		  #error -> error.o&ltjobID>
#BSUB -n 49 -W 1:20               #1 CPU cores and 0hr+15min
#BSUB -q normal                   #Use development queue.
#BSUB -R 'span[ptile=4]'	  # 4 MPI task per node
set echo                          #Echo all commands.
cd $LS_SUBCWD                     #cd to directory of submission
ibrun ./betwcent $WORK/SCALE21BTW-TRANSBOOL 12 512  # 8 processors on the row, each has batch=256/8=32; 2^12 = 4096 starting vertices overall

------------------------------------------------------------

Successfully completed.

Resource usage summary:

    CPU time   : 109031.66 sec.

The output (if any) is above this job summary.



PS:

Read file <err.o350133> for stderr output of this job.

