*** Batchsize is not evenly divisible by the grid dimension ***
*** Processing 4048 vertices instead
Batch processing will occur 8 times, each processing 506 vertices (overall)
Candidates chosen, precomputation finished
Exploring via BFS...
Tallying...
Adding bc contributions...
Exploring via BFS...
Tallying...
Adding bc contributions...
Exploring via BFS...
Tallying...
Adding bc contributions...
Exploring via BFS...
Tallying...
Adding bc contributions...
Exploring via BFS...
Tallying...
Adding bc contributions...
Exploring via BFS...
Tallying...
Adding bc contributions...
Exploring via BFS...
Tallying...
Adding bc contributions...
Exploring via BFS...
Tallying...
Adding bc contributions...
Computation finished
265.068146 seconds elapsed for 4048 starting vertices
TEPS score is: 249464555.437008
Job  mvapich_wrapper /opt/lsf/bin/TaskStarter -p c20-305:51301 -c /opt/lsf/conf -a X86_64 ./betwcent /work/teragrid/tg459476/SCALE21BTW-TRANSBOOL 12 512

TID   HOST_NAME   COMMAND_LINE            STATUS            TERMINATION_TIME
===== ========== ================  =======================  ===================
00000 c45-308    ./betwcent /work  Done                     12/11/2009 05:49:22
00001 c25-108    ./betwcent /work  Done                     12/11/2009 05:49:22
00002 c25-108    ./betwcent /work  Done                     12/11/2009 05:49:22
00003 c25-108    ./betwcent /work  Done                     12/11/2009 05:49:22
00004 c25-108    ./betwcent /work  Done                     12/11/2009 05:49:22
00005 c36-407    ./betwcent /work  Done                     12/11/2009 05:49:22
00006 c36-407    ./betwcent /work  Done                     12/11/2009 05:49:22
00007 c36-407    ./betwcent /work  Done                     12/11/2009 05:49:22
00008 c36-407    ./betwcent /work  Done                     12/11/2009 05:49:22
00009 c36-101    ./betwcent /work  Done                     12/11/2009 05:49:22
00010 c36-101    ./betwcent /work  Done                     12/11/2009 05:49:22
00011 c36-101    ./betwcent /work  Done                     12/11/2009 05:49:22
00012 c36-101    ./betwcent /work  Done                     12/11/2009 05:49:22
00013 c39-304    ./betwcent /work  Done                     12/11/2009 05:49:22
00014 c39-304    ./betwcent /work  Done                     12/11/2009 05:49:22
00015 c39-304    ./betwcent /work  Done                     12/11/2009 05:49:22
00016 c39-304    ./betwcent /work  Done                     12/11/2009 05:49:22
00017 c34-203    ./betwcent /work  Done                     12/11/2009 05:49:22
00018 c34-203    ./betwcent /work  Done                     12/11/2009 05:49:22
00019 c34-203    ./betwcent /work  Done                     12/11/2009 05:49:22
00020 c34-203    ./betwcent /work  Done                     12/11/2009 05:49:22
00021 c31-203    ./betwcent /work  Done                     12/11/2009 05:49:22
00022 c31-203    ./betwcent /work  Done                     12/11/2009 05:49:22
00023 c31-203    ./betwcent /work  Done                     12/11/2009 05:49:22
00024 c31-203    ./betwcent /work  Done                     12/11/2009 05:49:22
00025 c26-108    ./betwcent /work  Done                     12/11/2009 05:49:22
00026 c26-108    ./betwcent /work  Done                     12/11/2009 05:49:22
00027 c26-108    ./betwcent /work  Done                     12/11/2009 05:49:22
00028 c26-108    ./betwcent /work  Done                     12/11/2009 05:49:22
00029 c12-203    ./betwcent /work  Done                     12/11/2009 05:49:22
00030 c12-203    ./betwcent /work  Done                     12/11/2009 05:49:22
00031 c12-203    ./betwcent /work  Done                     12/11/2009 05:49:22
00032 c12-203    ./betwcent /work  Done                     12/11/2009 05:49:22
00033 c29-405    ./betwcent /work  Done                     12/11/2009 05:49:22
00034 c29-405    ./betwcent /work  Done                     12/11/2009 05:49:22
00035 c29-405    ./betwcent /work  Done                     12/11/2009 05:49:22
00036 c29-405    ./betwcent /work  Done                     12/11/2009 05:49:22
00037 c27-101    ./betwcent /work  Done                     12/11/2009 05:49:22
00038 c27-101    ./betwcent /work  Done                     12/11/2009 05:49:22
00039 c27-101    ./betwcent /work  Done                     12/11/2009 05:49:22
00040 c27-101    ./betwcent /work  Done                     12/11/2009 05:49:22
00041 c28-405    ./betwcent /work  Done                     12/11/2009 05:49:22
00042 c28-405    ./betwcent /work  Done                     12/11/2009 05:49:22
00043 c28-405    ./betwcent /work  Done                     12/11/2009 05:49:22
00044 c28-405    ./betwcent /work  Done                     12/11/2009 05:49:22
00045 c33-308    ./betwcent /work  Done                     12/11/2009 05:49:22
00046 c33-308    ./betwcent /work  Done                     12/11/2009 05:49:22
00047 c33-308    ./betwcent /work  Done                     12/11/2009 05:49:22
00048 c33-308    ./betwcent /work  Done                     12/11/2009 05:49:22
00049 c16-307    ./betwcent /work  Done                     12/11/2009 05:49:22
00050 c16-307    ./betwcent /work  Done                     12/11/2009 05:49:22
00051 c16-307    ./betwcent /work  Done                     12/11/2009 05:49:22
00052 c16-307    ./betwcent /work  Done                     12/11/2009 05:49:22
00053 c23-110    ./betwcent /work  Done                     12/11/2009 05:49:22
00054 c23-110    ./betwcent /work  Done                     12/11/2009 05:49:22
00055 c23-110    ./betwcent /work  Done                     12/11/2009 05:49:22
00056 c23-110    ./betwcent /work  Done                     12/11/2009 05:49:22
00057 c30-401    ./betwcent /work  Done                     12/11/2009 05:49:22
00058 c30-401    ./betwcent /work  Done                     12/11/2009 05:49:22
00059 c30-401    ./betwcent /work  Done                     12/11/2009 05:49:22
00060 c30-401    ./betwcent /work  Done                     12/11/2009 05:49:22
00061 c45-410    ./betwcent /work  Done                     12/11/2009 05:49:22
00062 c45-410    ./betwcent /work  Done                     12/11/2009 05:49:22
00063 c45-410    ./betwcent /work  Done                     12/11/2009 05:49:22
00064 c45-410    ./betwcent /work  Done                     12/11/2009 05:49:22
00065 c40-405    ./betwcent /work  Done                     12/11/2009 05:49:22
00066 c40-405    ./betwcent /work  Done                     12/11/2009 05:49:22
00067 c40-405    ./betwcent /work  Done                     12/11/2009 05:49:22
00068 c40-405    ./betwcent /work  Done                     12/11/2009 05:49:22
00069 c39-204    ./betwcent /work  Done                     12/11/2009 05:49:22
00070 c39-204    ./betwcent /work  Done                     12/11/2009 05:49:22
00071 c39-204    ./betwcent /work  Done                     12/11/2009 05:49:22
00072 c39-204    ./betwcent /work  Done                     12/11/2009 05:49:22
00073 c41-407    ./betwcent /work  Done                     12/11/2009 05:49:22
00074 c41-407    ./betwcent /work  Done                     12/11/2009 05:49:22
00075 c41-407    ./betwcent /work  Done                     12/11/2009 05:49:22
00076 c41-407    ./betwcent /work  Done                     12/11/2009 05:49:22
00077 c25-409    ./betwcent /work  Done                     12/11/2009 05:49:22
00078 c25-409    ./betwcent /work  Done                     12/11/2009 05:49:22
00079 c25-409    ./betwcent /work  Done                     12/11/2009 05:49:22
00080 c25-409    ./betwcent /work  Done                     12/11/2009 05:49:22
00081 c39-203    ./betwcent /work  Done                     12/11/2009 05:49:22
00082 c39-203    ./betwcent /work  Done                     12/11/2009 05:49:22
00083 c39-203    ./betwcent /work  Done                     12/11/2009 05:49:22
00084 c39-203    ./betwcent /work  Done                     12/11/2009 05:49:22
00085 c34-302    ./betwcent /work  Done                     12/11/2009 05:49:22
00086 c34-302    ./betwcent /work  Done                     12/11/2009 05:49:22
00087 c34-302    ./betwcent /work  Done                     12/11/2009 05:49:22
00088 c34-302    ./betwcent /work  Done                     12/11/2009 05:49:22
00089 c33-306    ./betwcent /work  Done                     12/11/2009 05:49:22
00090 c33-306    ./betwcent /work  Done                     12/11/2009 05:49:22
00091 c33-306    ./betwcent /work  Done                     12/11/2009 05:49:22
00092 c33-306    ./betwcent /work  Done                     12/11/2009 05:49:22
00093 c38-302    ./betwcent /work  Done                     12/11/2009 05:49:22
00094 c38-302    ./betwcent /work  Done                     12/11/2009 05:49:22
00095 c38-302    ./betwcent /work  Done                     12/11/2009 05:49:22
00096 c38-302    ./betwcent /work  Done                     12/11/2009 05:49:22
00097 c25-205    ./betwcent /work  Done                     12/11/2009 05:49:22
00098 c25-205    ./betwcent /work  Done                     12/11/2009 05:49:22
00099 c25-205    ./betwcent /work  Done                     12/11/2009 05:49:22
00100 c25-205    ./betwcent /work  Done                     12/11/2009 05:49:22
00101 c23-402    ./betwcent /work  Done                     12/11/2009 05:49:22
00102 c23-402    ./betwcent /work  Done                     12/11/2009 05:49:22
00103 c23-402    ./betwcent /work  Done                     12/11/2009 05:49:22
00104 c23-402    ./betwcent /work  Done                     12/11/2009 05:49:22
00105 c11-103    ./betwcent /work  Done                     12/11/2009 05:49:22
00106 c11-103    ./betwcent /work  Done                     12/11/2009 05:49:22
00107 c11-103    ./betwcent /work  Done                     12/11/2009 05:49:22
00108 c11-103    ./betwcent /work  Done                     12/11/2009 05:49:22
00109 c27-403    ./betwcent /work  Done                     12/11/2009 05:49:22
00110 c27-403    ./betwcent /work  Done                     12/11/2009 05:49:22
00111 c27-403    ./betwcent /work  Done                     12/11/2009 05:49:22
00112 c27-403    ./betwcent /work  Done                     12/11/2009 05:49:22
00113 c12-109    ./betwcent /work  Done                     12/11/2009 05:49:22
00114 c12-109    ./betwcent /work  Done                     12/11/2009 05:49:22
00115 c12-109    ./betwcent /work  Done                     12/11/2009 05:49:22
00116 c12-109    ./betwcent /work  Done                     12/11/2009 05:49:22
00117 c34-305    ./betwcent /work  Done                     12/11/2009 05:49:22
00118 c34-305    ./betwcent /work  Done                     12/11/2009 05:49:22
00119 c34-305    ./betwcent /work  Done                     12/11/2009 05:49:22
00120 c34-305    ./betwcent /work  Done                     12/11/2009 05:49:22
00121 c37-301    ./betwcent /work  Done                     12/11/2009 05:49:22
00122 c37-301    ./betwcent /work  Done                     12/11/2009 05:49:22
00123 c37-301    ./betwcent /work  Done                     12/11/2009 05:49:22
00124 c37-301    ./betwcent /work  Done                     12/11/2009 05:49:22
00125 c15-107    ./betwcent /work  Done                     12/11/2009 05:49:22
00126 c15-107    ./betwcent /work  Done                     12/11/2009 05:49:22
00127 c15-107    ./betwcent /work  Done                     12/11/2009 05:49:22
00128 c15-107    ./betwcent /work  Done                     12/11/2009 05:49:22
00129 c37-104    ./betwcent /work  Done                     12/11/2009 05:49:22
00130 c37-104    ./betwcent /work  Done                     12/11/2009 05:49:22
00131 c37-104    ./betwcent /work  Done                     12/11/2009 05:49:22
00132 c37-104    ./betwcent /work  Done                     12/11/2009 05:49:22
00133 c45-405    ./betwcent /work  Done                     12/11/2009 05:49:22
00134 c45-405    ./betwcent /work  Done                     12/11/2009 05:49:22
00135 c45-405    ./betwcent /work  Done                     12/11/2009 05:49:22
00136 c45-405    ./betwcent /work  Done                     12/11/2009 05:49:22
00137 c35-108    ./betwcent /work  Done                     12/11/2009 05:49:22
00138 c35-108    ./betwcent /work  Done                     12/11/2009 05:49:22
00139 c35-108    ./betwcent /work  Done                     12/11/2009 05:49:22
00140 c35-108    ./betwcent /work  Done                     12/11/2009 05:49:22
00141 c43-106    ./betwcent /work  Done                     12/11/2009 05:49:22
00142 c43-106    ./betwcent /work  Done                     12/11/2009 05:49:22
00143 c43-106    ./betwcent /work  Done                     12/11/2009 05:49:22
00144 c43-106    ./betwcent /work  Done                     12/11/2009 05:49:22
00145 c24-203    ./betwcent /work  Done                     12/11/2009 05:49:22
00146 c24-203    ./betwcent /work  Done                     12/11/2009 05:49:22
00147 c24-203    ./betwcent /work  Done                     12/11/2009 05:49:22
00148 c24-203    ./betwcent /work  Done                     12/11/2009 05:49:22
00149 c38-402    ./betwcent /work  Done                     12/11/2009 05:49:22
00150 c38-402    ./betwcent /work  Done                     12/11/2009 05:49:22
00151 c38-402    ./betwcent /work  Done                     12/11/2009 05:49:22
00152 c38-402    ./betwcent /work  Done                     12/11/2009 05:49:22
00153 c27-208    ./betwcent /work  Done                     12/11/2009 05:49:22
00154 c27-208    ./betwcent /work  Done                     12/11/2009 05:49:22
00155 c27-208    ./betwcent /work  Done                     12/11/2009 05:49:22
00156 c27-208    ./betwcent /work  Done                     12/11/2009 05:49:22
00157 c38-304    ./betwcent /work  Done                     12/11/2009 05:49:22
00158 c38-304    ./betwcent /work  Done                     12/11/2009 05:49:22
00159 c38-304    ./betwcent /work  Done                     12/11/2009 05:49:22
00160 c38-304    ./betwcent /work  Done                     12/11/2009 05:49:22
00161 c34-208    ./betwcent /work  Done                     12/11/2009 05:49:22
00162 c34-208    ./betwcent /work  Done                     12/11/2009 05:49:22
00163 c34-208    ./betwcent /work  Done                     12/11/2009 05:49:22
00164 c34-208    ./betwcent /work  Done                     12/11/2009 05:49:22
00165 c20-101    ./betwcent /work  Done                     12/11/2009 05:49:22
00166 c20-101    ./betwcent /work  Done                     12/11/2009 05:49:22
00167 c20-101    ./betwcent /work  Done                     12/11/2009 05:49:22
00168 c20-101    ./betwcent /work  Done                     12/11/2009 05:49:22
00169 c40-306    ./betwcent /work  Done                     12/11/2009 05:49:22
00170 c40-306    ./betwcent /work  Done                     12/11/2009 05:49:22
00171 c40-306    ./betwcent /work  Done                     12/11/2009 05:49:22
00172 c40-306    ./betwcent /work  Done                     12/11/2009 05:49:22
00173 c29-304    ./betwcent /work  Done                     12/11/2009 05:49:22
00174 c29-304    ./betwcent /work  Done                     12/11/2009 05:49:22
00175 c29-304    ./betwcent /work  Done                     12/11/2009 05:49:22
00176 c29-304    ./betwcent /work  Done                     12/11/2009 05:49:22
00177 c39-305    ./betwcent /work  Done                     12/11/2009 05:49:22
00178 c39-305    ./betwcent /work  Done                     12/11/2009 05:49:22
00179 c39-305    ./betwcent /work  Done                     12/11/2009 05:49:22
00180 c39-305    ./betwcent /work  Done                     12/11/2009 05:49:22
00181 c27-105    ./betwcent /work  Done                     12/11/2009 05:49:22
00182 c27-105    ./betwcent /work  Done                     12/11/2009 05:49:22
00183 c27-105    ./betwcent /work  Done                     12/11/2009 05:49:22
00184 c27-105    ./betwcent /work  Done                     12/11/2009 05:49:22
00185 c34-105    ./betwcent /work  Done                     12/11/2009 05:49:22
00186 c34-105    ./betwcent /work  Done                     12/11/2009 05:49:22
00187 c34-105    ./betwcent /work  Done                     12/11/2009 05:49:22
00188 c34-105    ./betwcent /work  Done                     12/11/2009 05:49:22
00189 c44-405    ./betwcent /work  Done                     12/11/2009 05:49:22
00190 c44-405    ./betwcent /work  Done                     12/11/2009 05:49:22
00191 c44-405    ./betwcent /work  Done                     12/11/2009 05:49:22
00192 c44-405    ./betwcent /work  Done                     12/11/2009 05:49:22
00193 c22-307    ./betwcent /work  Done                     12/11/2009 05:49:22
00194 c22-307    ./betwcent /work  Done                     12/11/2009 05:49:22
00195 c22-307    ./betwcent /work  Done                     12/11/2009 05:49:22
00196 c22-307    ./betwcent /work  Done                     12/11/2009 05:49:22
00197 c34-201    ./betwcent /work  Done                     12/11/2009 05:49:22
00198 c34-201    ./betwcent /work  Done                     12/11/2009 05:49:22
00199 c34-201    ./betwcent /work  Done                     12/11/2009 05:49:22
00200 c34-201    ./betwcent /work  Done                     12/11/2009 05:49:22
00201 c35-101    ./betwcent /work  Done                     12/11/2009 05:49:22
00202 c35-101    ./betwcent /work  Done                     12/11/2009 05:49:22
00203 c35-101    ./betwcent /work  Done                     12/11/2009 05:49:22
00204 c35-101    ./betwcent /work  Done                     12/11/2009 05:49:22
00205 c16-305    ./betwcent /work  Done                     12/11/2009 05:49:22
00206 c16-305    ./betwcent /work  Done                     12/11/2009 05:49:22
00207 c16-305    ./betwcent /work  Done                     12/11/2009 05:49:22
00208 c16-305    ./betwcent /work  Done                     12/11/2009 05:49:22
00209 c24-201    ./betwcent /work  Done                     12/11/2009 05:49:22
00210 c24-201    ./betwcent /work  Done                     12/11/2009 05:49:22
00211 c24-201    ./betwcent /work  Done                     12/11/2009 05:49:22
00212 c24-201    ./betwcent /work  Done                     12/11/2009 05:49:22
00213 c28-302    ./betwcent /work  Done                     12/11/2009 05:49:22
00214 c28-302    ./betwcent /work  Done                     12/11/2009 05:49:22
00215 c28-302    ./betwcent /work  Done                     12/11/2009 05:49:22
00216 c28-302    ./betwcent /work  Done                     12/11/2009 05:49:22
00217 c41-306    ./betwcent /work  Done                     12/11/2009 05:49:22
00218 c41-306    ./betwcent /work  Done                     12/11/2009 05:49:22
00219 c41-306    ./betwcent /work  Done                     12/11/2009 05:49:22
00220 c41-306    ./betwcent /work  Done                     12/11/2009 05:49:22
00221 c10-107    ./betwcent /work  Done                     12/11/2009 05:49:22
00222 c10-107    ./betwcent /work  Done                     12/11/2009 05:49:22
00223 c10-107    ./betwcent /work  Done                     12/11/2009 05:49:22
00224 c10-107    ./betwcent /work  Done                     12/11/2009 05:49:22
00225 c30-104    ./betwcent /work  Done                     12/11/2009 05:49:22
00226 c30-104    ./betwcent /work  Done                     12/11/2009 05:49:22
00227 c30-104    ./betwcent /work  Done                     12/11/2009 05:49:22
00228 c30-104    ./betwcent /work  Done                     12/11/2009 05:49:22
00229 c35-104    ./betwcent /work  Done                     12/11/2009 05:49:22
00230 c35-104    ./betwcent /work  Done                     12/11/2009 05:49:22
00231 c35-104    ./betwcent /work  Done                     12/11/2009 05:49:22
00232 c35-104    ./betwcent /work  Done                     12/11/2009 05:49:22
00233 c39-109    ./betwcent /work  Done                     12/11/2009 05:49:22
00234 c39-109    ./betwcent /work  Done                     12/11/2009 05:49:22
00235 c39-109    ./betwcent /work  Done                     12/11/2009 05:49:22
00236 c39-109    ./betwcent /work  Done                     12/11/2009 05:49:22
00237 c40-202    ./betwcent /work  Done                     12/11/2009 05:49:22
00238 c40-202    ./betwcent /work  Done                     12/11/2009 05:49:22
00239 c40-202    ./betwcent /work  Done                     12/11/2009 05:49:22
00240 c40-202    ./betwcent /work  Done                     12/11/2009 05:49:22
00241 c16-309    ./betwcent /work  Done                     12/11/2009 05:49:22
00242 c16-309    ./betwcent /work  Done                     12/11/2009 05:49:22
00243 c16-309    ./betwcent /work  Done                     12/11/2009 05:49:22
00244 c16-309    ./betwcent /work  Done                     12/11/2009 05:49:22
00245 c42-101    ./betwcent /work  Done                     12/11/2009 05:49:22
00246 c42-101    ./betwcent /work  Done                     12/11/2009 05:49:22
00247 c42-101    ./betwcent /work  Done                     12/11/2009 05:49:22
00248 c42-101    ./betwcent /work  Done                     12/11/2009 05:49:22
00249 c27-202    ./betwcent /work  Done                     12/11/2009 05:49:22
00250 c27-202    ./betwcent /work  Done                     12/11/2009 05:49:22
00251 c27-202    ./betwcent /work  Done                     12/11/2009 05:49:22
00252 c27-202    ./betwcent /work  Done                     12/11/2009 05:49:22
00253 c35-208    ./betwcent /work  Done                     12/11/2009 05:49:22
00254 c35-208    ./betwcent /work  Done                     12/11/2009 05:49:22
00255 c35-208    ./betwcent /work  Done                     12/11/2009 05:49:22
00256 c35-208    ./betwcent /work  Done                     12/11/2009 05:49:22
00257 c43-409    ./betwcent /work  Done                     12/11/2009 05:49:22
00258 c43-409    ./betwcent /work  Done                     12/11/2009 05:49:22
00259 c43-409    ./betwcent /work  Done                     12/11/2009 05:49:22
00260 c43-409    ./betwcent /work  Done                     12/11/2009 05:49:22
00261 c44-305    ./betwcent /work  Done                     12/11/2009 05:49:22
00262 c44-305    ./betwcent /work  Done                     12/11/2009 05:49:22
00263 c44-305    ./betwcent /work  Done                     12/11/2009 05:49:22
00264 c44-305    ./betwcent /work  Done                     12/11/2009 05:49:22
00265 c15-210    ./betwcent /work  Done                     12/11/2009 05:49:22
00266 c15-210    ./betwcent /work  Done                     12/11/2009 05:49:22
00267 c15-210    ./betwcent /work  Done                     12/11/2009 05:49:22
00268 c15-210    ./betwcent /work  Done                     12/11/2009 05:49:22
00269 c14-310    ./betwcent /work  Done                     12/11/2009 05:49:22
00270 c14-310    ./betwcent /work  Done                     12/11/2009 05:49:22
00271 c14-310    ./betwcent /work  Done                     12/11/2009 05:49:22
00272 c14-310    ./betwcent /work  Done                     12/11/2009 05:49:22
00273 c41-405    ./betwcent /work  Done                     12/11/2009 05:49:22
00274 c41-405    ./betwcent /work  Done                     12/11/2009 05:49:22
00275 c41-405    ./betwcent /work  Done                     12/11/2009 05:49:22
00276 c41-405    ./betwcent /work  Done                     12/11/2009 05:49:22
00277 c34-205    ./betwcent /work  Done                     12/11/2009 05:49:22
00278 c34-205    ./betwcent /work  Done                     12/11/2009 05:49:22
00279 c34-205    ./betwcent /work  Done                     12/11/2009 05:49:22
00280 c34-205    ./betwcent /work  Done                     12/11/2009 05:49:22
00281 c35-304    ./betwcent /work  Done                     12/11/2009 05:49:22
00282 c35-304    ./betwcent /work  Done                     12/11/2009 05:49:22
00283 c35-304    ./betwcent /work  Done                     12/11/2009 05:49:22
00284 c35-304    ./betwcent /work  Done                     12/11/2009 05:49:22
00285 c29-305    ./betwcent /work  Done                     12/11/2009 05:49:22
00286 c29-305    ./betwcent /work  Done                     12/11/2009 05:49:22
00287 c29-305    ./betwcent /work  Done                     12/11/2009 05:49:22
00288 c29-305    ./betwcent /work  Done                     12/11/2009 05:49:22
00289 c36-205    ./betwcent /work  Done                     12/11/2009 05:49:22
00290 c36-205    ./betwcent /work  Done                     12/11/2009 05:49:22
00291 c36-205    ./betwcent /work  Done                     12/11/2009 05:49:22
00292 c36-205    ./betwcent /work  Done                     12/11/2009 05:49:22
00293 c42-205    ./betwcent /work  Done                     12/11/2009 05:49:22
00294 c42-205    ./betwcent /work  Done                     12/11/2009 05:49:22
00295 c42-205    ./betwcent /work  Done                     12/11/2009 05:49:22
00296 c42-205    ./betwcent /work  Done                     12/11/2009 05:49:22
00297 c45-407    ./betwcent /work  Done                     12/11/2009 05:49:22
00298 c45-407    ./betwcent /work  Done                     12/11/2009 05:49:22
00299 c45-407    ./betwcent /work  Done                     12/11/2009 05:49:22
00300 c45-407    ./betwcent /work  Done                     12/11/2009 05:49:22
00301 c33-110    ./betwcent /work  Done                     12/11/2009 05:49:22
00302 c33-110    ./betwcent /work  Done                     12/11/2009 05:49:22
00303 c33-110    ./betwcent /work  Done                     12/11/2009 05:49:22
00304 c33-110    ./betwcent /work  Done                     12/11/2009 05:49:22
00305 c15-108    ./betwcent /work  Done                     12/11/2009 05:49:22
00306 c15-108    ./betwcent /work  Done                     12/11/2009 05:49:22
00307 c15-108    ./betwcent /work  Done                     12/11/2009 05:49:22
00308 c15-108    ./betwcent /work  Done                     12/11/2009 05:49:22
00309 c38-305    ./betwcent /work  Done                     12/11/2009 05:49:22
00310 c38-305    ./betwcent /work  Done                     12/11/2009 05:49:22
00311 c38-305    ./betwcent /work  Done                     12/11/2009 05:49:22
00312 c38-305    ./betwcent /work  Done                     12/11/2009 05:49:22
00313 c42-402    ./betwcent /work  Done                     12/11/2009 05:49:22
00314 c42-402    ./betwcent /work  Done                     12/11/2009 05:49:22
00315 c42-402    ./betwcent /work  Done                     12/11/2009 05:49:22
00316 c42-402    ./betwcent /work  Done                     12/11/2009 05:49:22
00317 c40-102    ./betwcent /work  Done                     12/11/2009 05:49:22
00318 c40-102    ./betwcent /work  Done                     12/11/2009 05:49:22
00319 c40-102    ./betwcent /work  Done                     12/11/2009 05:49:22
00320 c40-102    ./betwcent /work  Done                     12/11/2009 05:49:22
00321 c10-208    ./betwcent /work  Done                     12/11/2009 05:49:22
00322 c10-208    ./betwcent /work  Done                     12/11/2009 05:49:22
00323 c10-208    ./betwcent /work  Done                     12/11/2009 05:49:22
00324 c10-208    ./betwcent /work  Done                     12/11/2009 05:49:22
00325 c13-206    ./betwcent /work  Done                     12/11/2009 05:49:22
00326 c13-206    ./betwcent /work  Done                     12/11/2009 05:49:22
00327 c13-206    ./betwcent /work  Done                     12/11/2009 05:49:22
00328 c13-206    ./betwcent /work  Done                     12/11/2009 05:49:22
00329 c41-207    ./betwcent /work  Done                     12/11/2009 05:49:22
00330 c41-207    ./betwcent /work  Done                     12/11/2009 05:49:22
00331 c41-207    ./betwcent /work  Done                     12/11/2009 05:49:22
00332 c41-207    ./betwcent /work  Done                     12/11/2009 05:49:22
00333 c23-310    ./betwcent /work  Done                     12/11/2009 05:49:22
00334 c23-310    ./betwcent /work  Done                     12/11/2009 05:49:22
00335 c23-310    ./betwcent /work  Done                     12/11/2009 05:49:22
00336 c23-310    ./betwcent /work  Done                     12/11/2009 05:49:22
00337 c31-205    ./betwcent /work  Done                     12/11/2009 05:49:22
00338 c31-205    ./betwcent /work  Done                     12/11/2009 05:49:22
00339 c31-205    ./betwcent /work  Done                     12/11/2009 05:49:22
00340 c31-205    ./betwcent /work  Done                     12/11/2009 05:49:22
00341 c22-204    ./betwcent /work  Done                     12/11/2009 05:49:22
00342 c22-204    ./betwcent /work  Done                     12/11/2009 05:49:22
00343 c22-204    ./betwcent /work  Done                     12/11/2009 05:49:22
00344 c22-204    ./betwcent /work  Done                     12/11/2009 05:49:22
00345 c34-204    ./betwcent /work  Done                     12/11/2009 05:49:22
00346 c34-204    ./betwcent /work  Done                     12/11/2009 05:49:22
00347 c34-204    ./betwcent /work  Done                     12/11/2009 05:49:22
00348 c34-204    ./betwcent /work  Done                     12/11/2009 05:49:22
00349 c38-403    ./betwcent /work  Done                     12/11/2009 05:49:22
00350 c38-403    ./betwcent /work  Done                     12/11/2009 05:49:22
00351 c38-403    ./betwcent /work  Done                     12/11/2009 05:49:22
00352 c38-403    ./betwcent /work  Done                     12/11/2009 05:49:22
00353 c43-402    ./betwcent /work  Done                     12/11/2009 05:49:22
00354 c43-402    ./betwcent /work  Done                     12/11/2009 05:49:22
00355 c43-402    ./betwcent /work  Done                     12/11/2009 05:49:22
00356 c43-402    ./betwcent /work  Done                     12/11/2009 05:49:22
00357 c28-104    ./betwcent /work  Done                     12/11/2009 05:49:22
00358 c28-104    ./betwcent /work  Done                     12/11/2009 05:49:22
00359 c28-104    ./betwcent /work  Done                     12/11/2009 05:49:22
00360 c28-104    ./betwcent /work  Done                     12/11/2009 05:49:22
00361 c17-202    ./betwcent /work  Done                     12/11/2009 05:49:22
00362 c17-202    ./betwcent /work  Done                     12/11/2009 05:49:22
00363 c17-202    ./betwcent /work  Done                     12/11/2009 05:49:22
00364 c17-202    ./betwcent /work  Done                     12/11/2009 05:49:22
00365 c32-304    ./betwcent /work  Done                     12/11/2009 05:49:22
00366 c32-304    ./betwcent /work  Done                     12/11/2009 05:49:22
00367 c32-304    ./betwcent /work  Done                     12/11/2009 05:49:22
00368 c32-304    ./betwcent /work  Done                     12/11/2009 05:49:22
00369 c18-205    ./betwcent /work  Done                     12/11/2009 05:49:22
00370 c18-205    ./betwcent /work  Done                     12/11/2009 05:49:22
00371 c18-205    ./betwcent /work  Done                     12/11/2009 05:49:22
00372 c18-205    ./betwcent /work  Done                     12/11/2009 05:49:22
00373 c12-108    ./betwcent /work  Done                     12/11/2009 05:49:22
00374 c12-108    ./betwcent /work  Done                     12/11/2009 05:49:22
00375 c12-108    ./betwcent /work  Done                     12/11/2009 05:49:22
00376 c12-108    ./betwcent /work  Done                     12/11/2009 05:49:22
00377 c32-108    ./betwcent /work  Done                     12/11/2009 05:49:22
00378 c32-108    ./betwcent /work  Done                     12/11/2009 05:49:22
00379 c32-108    ./betwcent /work  Done                     12/11/2009 05:49:22
00380 c32-108    ./betwcent /work  Done                     12/11/2009 05:49:22
00381 c44-103    ./betwcent /work  Done                     12/11/2009 05:49:22
00382 c44-103    ./betwcent /work  Done                     12/11/2009 05:49:22
00383 c44-103    ./betwcent /work  Done                     12/11/2009 05:49:22
00384 c44-103    ./betwcent /work  Done                     12/11/2009 05:49:22
00385 c22-406    ./betwcent /work  Done                     12/11/2009 05:49:22
00386 c22-406    ./betwcent /work  Done                     12/11/2009 05:49:22
00387 c22-406    ./betwcent /work  Done                     12/11/2009 05:49:22
00388 c22-406    ./betwcent /work  Done                     12/11/2009 05:49:22
00389 c19-207    ./betwcent /work  Done                     12/11/2009 05:49:22
00390 c19-207    ./betwcent /work  Done                     12/11/2009 05:49:22
00391 c19-207    ./betwcent /work  Done                     12/11/2009 05:49:22
00392 c19-207    ./betwcent /work  Done                     12/11/2009 05:49:22
00393 c23-405    ./betwcent /work  Done                     12/11/2009 05:49:22
00394 c23-405    ./betwcent /work  Done                     12/11/2009 05:49:22
00395 c23-405    ./betwcent /work  Done                     12/11/2009 05:49:22
00396 c23-405    ./betwcent /work  Done                     12/11/2009 05:49:22
00397 c43-209    ./betwcent /work  Done                     12/11/2009 05:49:22
00398 c43-209    ./betwcent /work  Done                     12/11/2009 05:49:22
00399 c43-209    ./betwcent /work  Done                     12/11/2009 05:49:22
00400 c43-209    ./betwcent /work  Done                     12/11/2009 05:49:22
00401 c20-403    ./betwcent /work  Done                     12/11/2009 05:49:22
00402 c20-403    ./betwcent /work  Done                     12/11/2009 05:49:22
00403 c20-403    ./betwcent /work  Done                     12/11/2009 05:49:22
00404 c20-403    ./betwcent /work  Done                     12/11/2009 05:49:22
00405 c39-404    ./betwcent /work  Done                     12/11/2009 05:49:22
00406 c39-404    ./betwcent /work  Done                     12/11/2009 05:49:22
00407 c39-404    ./betwcent /work  Done                     12/11/2009 05:49:22
00408 c39-404    ./betwcent /work  Done                     12/11/2009 05:49:22
00409 c40-403    ./betwcent /work  Done                     12/11/2009 05:49:22
00410 c40-403    ./betwcent /work  Done                     12/11/2009 05:49:22
00411 c40-403    ./betwcent /work  Done                     12/11/2009 05:49:22
00412 c40-403    ./betwcent /work  Done                     12/11/2009 05:49:22
00413 c26-304    ./betwcent /work  Done                     12/11/2009 05:49:22
00414 c26-304    ./betwcent /work  Done                     12/11/2009 05:49:22
00415 c26-304    ./betwcent /work  Done                     12/11/2009 05:49:22
00416 c26-304    ./betwcent /work  Done                     12/11/2009 05:49:22
00417 c26-407    ./betwcent /work  Done                     12/11/2009 05:49:22
00418 c26-407    ./betwcent /work  Done                     12/11/2009 05:49:22
00419 c26-407    ./betwcent /work  Done                     12/11/2009 05:49:22
00420 c26-407    ./betwcent /work  Done                     12/11/2009 05:49:22
00421 c30-310    ./betwcent /work  Done                     12/11/2009 05:49:22
00422 c30-310    ./betwcent /work  Done                     12/11/2009 05:49:22
00423 c30-310    ./betwcent /work  Done                     12/11/2009 05:49:22
00424 c30-310    ./betwcent /work  Done                     12/11/2009 05:49:22
00425 c31-307    ./betwcent /work  Done                     12/11/2009 05:49:22
00426 c31-307    ./betwcent /work  Done                     12/11/2009 05:49:22
00427 c31-307    ./betwcent /work  Done                     12/11/2009 05:49:22
00428 c31-307    ./betwcent /work  Done                     12/11/2009 05:49:22
00429 c36-109    ./betwcent /work  Done                     12/11/2009 05:49:22
00430 c36-109    ./betwcent /work  Done                     12/11/2009 05:49:22
00431 c36-109    ./betwcent /work  Done                     12/11/2009 05:49:22
00432 c36-109    ./betwcent /work  Done                     12/11/2009 05:49:22
00433 c22-403    ./betwcent /work  Done                     12/11/2009 05:49:22
00434 c22-403    ./betwcent /work  Done                     12/11/2009 05:49:22
00435 c22-403    ./betwcent /work  Done                     12/11/2009 05:49:22
00436 c22-403    ./betwcent /work  Done                     12/11/2009 05:49:22
00437 c35-207    ./betwcent /work  Done                     12/11/2009 05:49:22
00438 c35-207    ./betwcent /work  Done                     12/11/2009 05:49:22
00439 c35-207    ./betwcent /work  Done                     12/11/2009 05:49:22
00440 c35-207    ./betwcent /work  Done                     12/11/2009 05:49:22
00441 c35-210    ./betwcent /work  Done                     12/11/2009 05:49:22
00442 c35-210    ./betwcent /work  Done                     12/11/2009 05:49:22
00443 c35-210    ./betwcent /work  Done                     12/11/2009 05:49:22
00444 c35-210    ./betwcent /work  Done                     12/11/2009 05:49:22
00445 c44-207    ./betwcent /work  Done                     12/11/2009 05:49:22
00446 c44-207    ./betwcent /work  Done                     12/11/2009 05:49:22
00447 c44-207    ./betwcent /work  Done                     12/11/2009 05:49:22
00448 c44-207    ./betwcent /work  Done                     12/11/2009 05:49:22
00449 c39-401    ./betwcent /work  Done                     12/11/2009 05:49:22
00450 c39-401    ./betwcent /work  Done                     12/11/2009 05:49:22
00451 c39-401    ./betwcent /work  Done                     12/11/2009 05:49:22
00452 c39-401    ./betwcent /work  Done                     12/11/2009 05:49:22
00453 c35-202    ./betwcent /work  Done                     12/11/2009 05:49:22
00454 c35-202    ./betwcent /work  Done                     12/11/2009 05:49:22
00455 c35-202    ./betwcent /work  Done                     12/11/2009 05:49:22
00456 c35-202    ./betwcent /work  Done                     12/11/2009 05:49:22
00457 c38-208    ./betwcent /work  Done                     12/11/2009 05:49:22
00458 c38-208    ./betwcent /work  Done                     12/11/2009 05:49:22
00459 c38-208    ./betwcent /work  Done                     12/11/2009 05:49:22
00460 c38-208    ./betwcent /work  Done                     12/11/2009 05:49:22
00461 c36-310    ./betwcent /work  Done                     12/11/2009 05:49:22
00462 c36-310    ./betwcent /work  Done                     12/11/2009 05:49:22
00463 c36-310    ./betwcent /work  Done                     12/11/2009 05:49:22
00464 c36-310    ./betwcent /work  Done                     12/11/2009 05:49:22
00465 c16-306    ./betwcent /work  Done                     12/11/2009 05:49:22
00466 c16-306    ./betwcent /work  Done                     12/11/2009 05:49:22
00467 c16-306    ./betwcent /work  Done                     12/11/2009 05:49:22
00468 c16-306    ./betwcent /work  Done                     12/11/2009 05:49:22
00469 c26-310    ./betwcent /work  Done                     12/11/2009 05:49:22
00470 c26-310    ./betwcent /work  Done                     12/11/2009 05:49:22
00471 c26-310    ./betwcent /work  Done                     12/11/2009 05:49:22
00472 c26-310    ./betwcent /work  Done                     12/11/2009 05:49:22
00473 c27-406    ./betwcent /work  Done                     12/11/2009 05:49:22
00474 c27-406    ./betwcent /work  Done                     12/11/2009 05:49:22
00475 c27-406    ./betwcent /work  Done                     12/11/2009 05:49:22
00476 c27-406    ./betwcent /work  Done                     12/11/2009 05:49:22
00477 c25-103    ./betwcent /work  Done                     12/11/2009 05:49:22
00478 c25-103    ./betwcent /work  Done                     12/11/2009 05:49:22
00479 c25-103    ./betwcent /work  Done                     12/11/2009 05:49:22
00480 c25-103    ./betwcent /work  Done                     12/11/2009 05:49:22
00481 c31-210    ./betwcent /work  Done                     12/11/2009 05:49:22
00482 c31-210    ./betwcent /work  Done                     12/11/2009 05:49:22
00483 c31-210    ./betwcent /work  Done                     12/11/2009 05:49:22
00484 c31-210    ./betwcent /work  Done                     12/11/2009 05:49:22
00485 c24-402    ./betwcent /work  Done                     12/11/2009 05:49:22
00486 c24-402    ./betwcent /work  Done                     12/11/2009 05:49:22
00487 c24-402    ./betwcent /work  Done                     12/11/2009 05:49:22
00488 c24-402    ./betwcent /work  Done                     12/11/2009 05:49:22
00489 c35-105    ./betwcent /work  Done                     12/11/2009 05:49:22
00490 c35-105    ./betwcent /work  Done                     12/11/2009 05:49:22
00491 c35-105    ./betwcent /work  Done                     12/11/2009 05:49:22
00492 c35-105    ./betwcent /work  Done                     12/11/2009 05:49:22
00493 c26-208    ./betwcent /work  Done                     12/11/2009 05:49:22
00494 c26-208    ./betwcent /work  Done                     12/11/2009 05:49:22
00495 c26-208    ./betwcent /work  Done                     12/11/2009 05:49:22
00496 c26-208    ./betwcent /work  Done                     12/11/2009 05:49:22
00497 c41-410    ./betwcent /work  Done                     12/11/2009 05:49:22
00498 c41-410    ./betwcent /work  Done                     12/11/2009 05:49:22
00499 c41-410    ./betwcent /work  Done                     12/11/2009 05:49:22
00500 c41-410    ./betwcent /work  Done                     12/11/2009 05:49:22
00501 c41-106    ./betwcent /work  Done                     12/11/2009 05:49:22
00502 c41-106    ./betwcent /work  Done                     12/11/2009 05:49:22
00503 c41-106    ./betwcent /work  Done                     12/11/2009 05:49:22
00504 c41-106    ./betwcent /work  Done                     12/11/2009 05:49:22
00505 c44-409    ./betwcent /work  Done                     12/11/2009 05:49:22
00506 c44-409    ./betwcent /work  Done                     12/11/2009 05:49:22
00507 c44-409    ./betwcent /work  Done                     12/11/2009 05:49:22
00508 c44-409    ./betwcent /work  Done                     12/11/2009 05:49:22
00509 c24-208    ./betwcent /work  Done                     12/11/2009 05:49:22
00510 c24-208    ./betwcent /work  Done                     12/11/2009 05:49:22
00511 c24-208    ./betwcent /work  Done                     12/11/2009 05:49:22
00512 c24-208    ./betwcent /work  Done                     12/11/2009 05:49:22
00513 c32-402    ./betwcent /work  Done                     12/11/2009 05:49:22
00514 c32-402    ./betwcent /work  Done                     12/11/2009 05:49:22
00515 c32-402    ./betwcent /work  Done                     12/11/2009 05:49:22
00516 c32-402    ./betwcent /work  Done                     12/11/2009 05:49:22
00517 c36-104    ./betwcent /work  Done                     12/11/2009 05:49:22
00518 c36-104    ./betwcent /work  Done                     12/11/2009 05:49:22
00519 c36-104    ./betwcent /work  Done                     12/11/2009 05:49:22
00520 c36-104    ./betwcent /work  Done                     12/11/2009 05:49:22
00521 c38-203    ./betwcent /work  Done                     12/11/2009 05:49:22
00522 c38-203    ./betwcent /work  Done                     12/11/2009 05:49:22
00523 c38-203    ./betwcent /work  Done                     12/11/2009 05:49:22
00524 c38-203    ./betwcent /work  Done                     12/11/2009 05:49:22
00525 c20-305    ./betwcent /work  Done                     12/11/2009 05:49:22
00526 c20-305    ./betwcent /work  Done                     12/11/2009 05:49:22
00527 c20-305    ./betwcent /work  Done                     12/11/2009 05:49:22
00528 c20-305    ./betwcent /work  Done                     12/11/2009 05:49:22

------------------------------------------------------------
Sender: LSF System <lsfadmin@c20-305>
Subject: Job 332718: <betwcentp529> Done

Job <betwcentp529> was submitted from host <lslogin1> by user <tg459476>.
Job was executed on host(s) <4*c20-305>, in queue <hero>, as user <tg459476>.
                            <4*c38-203>
                            <4*c36-104>
                            <4*c32-402>
                            <4*c24-208>
                            <4*c44-409>
                            <4*c41-106>
                            <4*c41-410>
                            <4*c26-208>
                            <4*c35-105>
                            <4*c24-402>
                            <4*c31-210>
                            <4*c25-103>
                            <4*c27-406>
                            <4*c26-310>
                            <4*c16-306>
                            <4*c36-310>
                            <4*c38-208>
                            <4*c35-202>
                            <4*c39-401>
                            <4*c44-207>
                            <4*c35-210>
                            <4*c35-207>
                            <4*c22-403>
                            <4*c36-109>
                            <4*c31-307>
                            <4*c30-310>
                            <4*c26-407>
                            <4*c26-304>
                            <4*c40-403>
                            <4*c39-404>
                            <4*c20-403>
                            <4*c43-209>
                            <4*c23-405>
                            <4*c19-207>
                            <4*c22-406>
                            <4*c44-103>
                            <4*c32-108>
                            <4*c12-108>
                            <4*c18-205>
                            <4*c32-304>
                            <4*c17-202>
                            <4*c28-104>
                            <4*c43-402>
                            <4*c38-403>
                            <4*c34-204>
                            <4*c22-204>
                            <4*c31-205>
                            <4*c23-310>
                            <4*c41-207>
                            <4*c13-206>
                            <4*c10-208>
                            <4*c40-102>
                            <4*c42-402>
                            <4*c38-305>
                            <4*c15-108>
                            <4*c33-110>
                            <4*c45-407>
                            <4*c42-205>
                            <4*c36-205>
                            <4*c29-305>
                            <4*c35-304>
                            <4*c34-205>
                            <4*c41-405>
                            <4*c14-310>
                            <4*c15-210>
                            <4*c44-305>
                            <4*c43-409>
                            <4*c35-208>
                            <4*c27-202>
                            <4*c42-101>
                            <4*c16-309>
                            <4*c40-202>
                            <4*c39-109>
                            <4*c35-104>
                            <4*c30-104>
                            <4*c10-107>
                            <4*c41-306>
                            <4*c28-302>
                            <4*c24-201>
                            <4*c16-305>
                            <4*c35-101>
                            <4*c34-201>
                            <4*c22-307>
                            <4*c44-405>
                            <4*c34-105>
                            <4*c27-105>
                            <4*c39-305>
                            <4*c29-304>
                            <4*c40-306>
                            <4*c20-101>
                            <4*c34-208>
                            <4*c38-304>
                            <4*c27-208>
                            <4*c38-402>
                            <4*c24-203>
                            <4*c43-106>
                            <4*c35-108>
                            <4*c45-405>
                            <4*c37-104>
                            <4*c15-107>
                            <4*c37-301>
                            <4*c34-305>
                            <4*c12-109>
                            <4*c27-403>
                            <4*c11-103>
                            <4*c23-402>
                            <4*c25-205>
                            <4*c38-302>
                            <4*c33-306>
                            <4*c34-302>
                            <4*c39-203>
                            <4*c25-409>
                            <4*c41-407>
                            <4*c39-204>
                            <4*c40-405>
                            <4*c45-410>
                            <4*c30-401>
                            <4*c23-110>
                            <4*c16-307>
                            <4*c33-308>
                            <4*c28-405>
                            <4*c27-101>
                            <4*c29-405>
                            <4*c12-203>
                            <4*c26-108>
                            <4*c31-203>
                            <4*c34-203>
                            <4*c39-304>
                            <4*c36-101>
                            <4*c36-407>
                            <4*c25-108>
                            <1*c45-308>
</home/teragrid/tg459476> was used as the home directory.
</home/teragrid/tg459476/Release_PSpGEMM/PSpGEMM-R1/Applications> was used as the working directory.
Started at Fri Dec 11 05:43:13 2009
Results reported at Fri Dec 11 05:49:28 2009

Your job looked like:

------------------------------------------------------------
# LSBATCH: User input
#!/bin/tcsh 			  
				  # first line specifies shell
#BSUB -J betwcentp529 		  #name the job "jobname"
#BSUB -o out.o%J   		  #output->   out.o&ltjobID>
#BSUB -e err.o%J   		  #error -> error.o&ltjobID>
#BSUB -n 529 -W 0:10               #1 CPU cores and 0hr+15min
#BSUB -q hero                   #Use development queue.
#BSUB -R 'span[ptile=4]'	  # 4 MPI task per node
set echo                          #Echo all commands.
cd $LS_SUBCWD                     #cd to directory of submission
ibrun ./betwcent $WORK/SCALE21BTW-TRANSBOOL 12 512  # 16 processors on the row, each has batch=512/8=32; 2^12 = 4096 starting vertices overall

------------------------------------------------------------

Successfully completed.

Resource usage summary:

    CPU time   : 149602.34 sec.

The output (if any) is above this job summary.



PS:

Read file <err.o332718> for stderr output of this job.

