*** Batchsize is not evenly divisible by the grid dimension ***
*** Processing 4032 vertices instead
Batch processing will occur 8 times, each processing 504 vertices (overall)
Candidates chosen, precomputation finished
Exploring via BFS...
Tallying...
Adding bc contributions...
Exploring via BFS...
Tallying...
Adding bc contributions...
Exploring via BFS...
Tallying...
Adding bc contributions...
Exploring via BFS...
Tallying...
Adding bc contributions...
Exploring via BFS...
Tallying...
Adding bc contributions...
Exploring via BFS...
Tallying...
Adding bc contributions...
Exploring via BFS...
Tallying...
Adding bc contributions...
Exploring via BFS...
Tallying...
Adding bc contributions...
Computation finished
1232.353433 seconds elapsed for 4032 starting vertices
TEPS score is: 53445500.112206
Job  mvapich_wrapper /opt/lsf/bin/TaskStarter -p c39-402:47755 -c /opt/lsf/conf -a X86_64 ./betwcent /work/teragrid/tg459476/SCALE21BTW-TRANSBOOL 12 512

TID   HOST_NAME   COMMAND_LINE            STATUS            TERMINATION_TIME
===== ========== ================  =======================  ===================
00000 c30-404    ./betwcent /work  Done                     12/15/2009 21:56:46
00001 c42-202    ./betwcent /work  Done                     12/15/2009 21:56:46
00002 c42-202    ./betwcent /work  Done                     12/15/2009 21:56:46
00003 c42-202    ./betwcent /work  Done                     12/15/2009 21:56:46
00004 c42-202    ./betwcent /work  Done                     12/15/2009 21:56:46
00005 c22-205    ./betwcent /work  Done                     12/15/2009 21:56:46
00006 c22-205    ./betwcent /work  Done                     12/15/2009 21:56:46
00007 c22-205    ./betwcent /work  Done                     12/15/2009 21:56:46
00008 c22-205    ./betwcent /work  Done                     12/15/2009 21:56:46
00009 c26-102    ./betwcent /work  Done                     12/15/2009 21:56:46
00010 c26-102    ./betwcent /work  Done                     12/15/2009 21:56:46
00011 c26-102    ./betwcent /work  Done                     12/15/2009 21:56:46
00012 c26-102    ./betwcent /work  Done                     12/15/2009 21:56:46
00013 c40-207    ./betwcent /work  Done                     12/15/2009 21:56:46
00014 c40-207    ./betwcent /work  Done                     12/15/2009 21:56:46
00015 c40-207    ./betwcent /work  Done                     12/15/2009 21:56:46
00016 c40-207    ./betwcent /work  Done                     12/15/2009 21:56:46
00017 c29-110    ./betwcent /work  Done                     12/15/2009 21:56:46
00018 c29-110    ./betwcent /work  Done                     12/15/2009 21:56:46
00019 c29-110    ./betwcent /work  Done                     12/15/2009 21:56:46
00020 c29-110    ./betwcent /work  Done                     12/15/2009 21:56:46
00021 c22-304    ./betwcent /work  Done                     12/15/2009 21:56:46
00022 c22-304    ./betwcent /work  Done                     12/15/2009 21:56:46
00023 c22-304    ./betwcent /work  Done                     12/15/2009 21:56:46
00024 c22-304    ./betwcent /work  Done                     12/15/2009 21:56:46
00025 c13-107    ./betwcent /work  Done                     12/15/2009 21:56:46
00026 c13-107    ./betwcent /work  Done                     12/15/2009 21:56:46
00027 c13-107    ./betwcent /work  Done                     12/15/2009 21:56:46
00028 c13-107    ./betwcent /work  Done                     12/15/2009 21:56:46
00029 c25-406    ./betwcent /work  Done                     12/15/2009 21:56:46
00030 c25-406    ./betwcent /work  Done                     12/15/2009 21:56:46
00031 c25-406    ./betwcent /work  Done                     12/15/2009 21:56:46
00032 c25-406    ./betwcent /work  Done                     12/15/2009 21:56:46
00033 c34-206    ./betwcent /work  Done                     12/15/2009 21:56:46
00034 c34-206    ./betwcent /work  Done                     12/15/2009 21:56:46
00035 c34-206    ./betwcent /work  Done                     12/15/2009 21:56:46
00036 c34-206    ./betwcent /work  Done                     12/15/2009 21:56:46
00037 c36-208    ./betwcent /work  Done                     12/15/2009 21:56:46
00038 c36-208    ./betwcent /work  Done                     12/15/2009 21:56:46
00039 c36-208    ./betwcent /work  Done                     12/15/2009 21:56:46
00040 c36-208    ./betwcent /work  Done                     12/15/2009 21:56:46
00041 c36-103    ./betwcent /work  Done                     12/15/2009 21:56:46
00042 c36-103    ./betwcent /work  Done                     12/15/2009 21:56:46
00043 c36-103    ./betwcent /work  Done                     12/15/2009 21:56:46
00044 c36-103    ./betwcent /work  Done                     12/15/2009 21:56:46
00045 c28-305    ./betwcent /work  Done                     12/15/2009 21:56:46
00046 c28-305    ./betwcent /work  Done                     12/15/2009 21:56:46
00047 c28-305    ./betwcent /work  Done                     12/15/2009 21:56:46
00048 c28-305    ./betwcent /work  Done                     12/15/2009 21:56:46
00049 c26-409    ./betwcent /work  Done                     12/15/2009 21:56:46
00050 c26-409    ./betwcent /work  Done                     12/15/2009 21:56:46
00051 c26-409    ./betwcent /work  Done                     12/15/2009 21:56:46
00052 c26-409    ./betwcent /work  Done                     12/15/2009 21:56:46
00053 c15-103    ./betwcent /work  Done                     12/15/2009 21:56:46
00054 c15-103    ./betwcent /work  Done                     12/15/2009 21:56:46
00055 c15-103    ./betwcent /work  Done                     12/15/2009 21:56:46
00056 c15-103    ./betwcent /work  Done                     12/15/2009 21:56:46
00057 c31-108    ./betwcent /work  Done                     12/15/2009 21:56:46
00058 c31-108    ./betwcent /work  Done                     12/15/2009 21:56:46
00059 c31-108    ./betwcent /work  Done                     12/15/2009 21:56:46
00060 c31-108    ./betwcent /work  Done                     12/15/2009 21:56:46
00061 c14-105    ./betwcent /work  Done                     12/15/2009 21:56:46
00062 c14-105    ./betwcent /work  Done                     12/15/2009 21:56:46
00063 c14-105    ./betwcent /work  Done                     12/15/2009 21:56:46
00064 c14-105    ./betwcent /work  Done                     12/15/2009 21:56:46
00065 c41-104    ./betwcent /work  Done                     12/15/2009 21:56:46
00066 c41-104    ./betwcent /work  Done                     12/15/2009 21:56:46
00067 c41-104    ./betwcent /work  Done                     12/15/2009 21:56:46
00068 c41-104    ./betwcent /work  Done                     12/15/2009 21:56:46
00069 c42-304    ./betwcent /work  Done                     12/15/2009 21:56:46
00070 c42-304    ./betwcent /work  Done                     12/15/2009 21:56:46
00071 c42-304    ./betwcent /work  Done                     12/15/2009 21:56:46
00072 c42-304    ./betwcent /work  Done                     12/15/2009 21:56:46
00073 c16-303    ./betwcent /work  Done                     12/15/2009 21:56:46
00074 c16-303    ./betwcent /work  Done                     12/15/2009 21:56:46
00075 c16-303    ./betwcent /work  Done                     12/15/2009 21:56:46
00076 c16-303    ./betwcent /work  Done                     12/15/2009 21:56:46
00077 c39-402    ./betwcent /work  Done                     12/15/2009 21:56:46
00078 c39-402    ./betwcent /work  Done                     12/15/2009 21:56:46
00079 c39-402    ./betwcent /work  Done                     12/15/2009 21:56:46
00080 c39-402    ./betwcent /work  Done                     12/15/2009 21:56:46

------------------------------------------------------------
Sender: LSF System <lsfadmin@c39-402>
Subject: Job 341989: <betwcentp81> Done

Job <betwcentp81> was submitted from host <lslogin2> by user <tg459476>.
Job was executed on host(s) <4*c39-402>, in queue <normal>, as user <tg459476>.
                            <4*c16-303>
                            <4*c42-304>
                            <4*c41-104>
                            <4*c14-105>
                            <4*c31-108>
                            <4*c15-103>
                            <4*c26-409>
                            <4*c28-305>
                            <4*c36-103>
                            <4*c36-208>
                            <4*c34-206>
                            <4*c25-406>
                            <4*c13-107>
                            <4*c22-304>
                            <4*c29-110>
                            <4*c40-207>
                            <4*c26-102>
                            <4*c22-205>
                            <4*c42-202>
                            <1*c30-404>
</home/teragrid/tg459476> was used as the home directory.
</home/teragrid/tg459476/Release_PSpGEMM/PSpGEMM-R1/Applications> was used as the working directory.
Started at Tue Dec 15 21:35:27 2009
Results reported at Tue Dec 15 21:56:50 2009

Your job looked like:

------------------------------------------------------------
# LSBATCH: User input
#!/bin/tcsh 			  
				  # first line specifies shell
#BSUB -J betwcentp81 		  #name the job "jobname"
#BSUB -o out.o%J   		  #output->   out.o&ltjobID>
#BSUB -e err.o%J   		  #error -> error.o&ltjobID>
#BSUB -n 81 -W 1:30               #1 CPU cores and 0hr+15min
#BSUB -q normal                   #Use development queue.
#BSUB -R 'span[ptile=4]'	  # 4 MPI task per node
set echo                          #Echo all commands.
cd $LS_SUBCWD                     #cd to directory of submission
ibrun ./betwcent $WORK/SCALE21BTW-TRANSBOOL 12 512  # 8 processors on the row, each has batch=256/8=32; 2^12 = 4096 starting vertices overall

------------------------------------------------------------

Successfully completed.

Resource usage summary:

    CPU time   : 101220.48 sec.

The output (if any) is above this job summary.



PS:

Read file <err.o341989> for stderr output of this job.

