*** Batchsize is not evenly divisible by the grid dimension ***
*** Processing 4080 vertices instead
Batch processing will occur 8 times, each processing 510 vertices (overall)
Candidates chosen, precomputation finished
Exploring via BFS...
Tallying...
Adding bc contributions...
Exploring via BFS...
Tallying...
Adding bc contributions...
Exploring via BFS...
Tallying...
Adding bc contributions...
Exploring via BFS...
Tallying...
Adding bc contributions...
Exploring via BFS...
Tallying...
Adding bc contributions...
Exploring via BFS...
Tallying...
Adding bc contributions...
Exploring via BFS...
Tallying...
Adding bc contributions...
Exploring via BFS...
Tallying...
Adding bc contributions...
Computation finished
213.794003 seconds elapsed for 4080 starting vertices
TEPS score is: 155022152.452430
Job  mvapich_wrapper /opt/lsf/bin/TaskStarter -p c35-207:37342 -c /opt/lsf/conf -a X86_64 ./betwcent /work/teragrid/tg459476/SCALE20BTW-TRANSBOOL 12 512

TID   HOST_NAME   COMMAND_LINE            STATUS            TERMINATION_TIME
===== ========== ================  =======================  ===================
00000 c45-403    ./betwcent /work  Done                     11/10/2009 20:31:01
00001 c23-110    ./betwcent /work  Done                     11/10/2009 20:31:01
00002 c23-110    ./betwcent /work  Done                     11/10/2009 20:31:01
00003 c23-110    ./betwcent /work  Done                     11/10/2009 20:31:01
00004 c23-110    ./betwcent /work  Done                     11/10/2009 20:31:01
00005 c11-110    ./betwcent /work  Done                     11/10/2009 20:31:01
00006 c11-110    ./betwcent /work  Done                     11/10/2009 20:31:01
00007 c11-110    ./betwcent /work  Done                     11/10/2009 20:31:01
00008 c11-110    ./betwcent /work  Done                     11/10/2009 20:31:01
00009 c25-102    ./betwcent /work  Done                     11/10/2009 20:31:01
00010 c25-102    ./betwcent /work  Done                     11/10/2009 20:31:01
00011 c25-102    ./betwcent /work  Done                     11/10/2009 20:31:01
00012 c25-102    ./betwcent /work  Done                     11/10/2009 20:31:01
00013 c44-201    ./betwcent /work  Done                     11/10/2009 20:31:01
00014 c44-201    ./betwcent /work  Done                     11/10/2009 20:31:01
00015 c44-201    ./betwcent /work  Done                     11/10/2009 20:31:01
00016 c44-201    ./betwcent /work  Done                     11/10/2009 20:31:01
00017 c14-303    ./betwcent /work  Done                     11/10/2009 20:31:01
00018 c14-303    ./betwcent /work  Done                     11/10/2009 20:31:01
00019 c14-303    ./betwcent /work  Done                     11/10/2009 20:31:01
00020 c14-303    ./betwcent /work  Done                     11/10/2009 20:31:01
00021 c31-107    ./betwcent /work  Done                     11/10/2009 20:31:01
00022 c31-107    ./betwcent /work  Done                     11/10/2009 20:31:01
00023 c31-107    ./betwcent /work  Done                     11/10/2009 20:31:01
00024 c31-107    ./betwcent /work  Done                     11/10/2009 20:31:01
00025 c44-304    ./betwcent /work  Done                     11/10/2009 20:31:01
00026 c44-304    ./betwcent /work  Done                     11/10/2009 20:31:01
00027 c44-304    ./betwcent /work  Done                     11/10/2009 20:31:01
00028 c44-304    ./betwcent /work  Done                     11/10/2009 20:31:01
00029 c25-101    ./betwcent /work  Done                     11/10/2009 20:31:01
00030 c25-101    ./betwcent /work  Done                     11/10/2009 20:31:01
00031 c25-101    ./betwcent /work  Done                     11/10/2009 20:31:01
00032 c25-101    ./betwcent /work  Done                     11/10/2009 20:31:01
00033 c31-106    ./betwcent /work  Done                     11/10/2009 20:31:01
00034 c31-106    ./betwcent /work  Done                     11/10/2009 20:31:01
00035 c31-106    ./betwcent /work  Done                     11/10/2009 20:31:01
00036 c31-106    ./betwcent /work  Done                     11/10/2009 20:31:01
00037 c38-304    ./betwcent /work  Done                     11/10/2009 20:31:01
00038 c38-304    ./betwcent /work  Done                     11/10/2009 20:31:01
00039 c38-304    ./betwcent /work  Done                     11/10/2009 20:31:01
00040 c38-304    ./betwcent /work  Done                     11/10/2009 20:31:01
00041 c33-402    ./betwcent /work  Done                     11/10/2009 20:31:01
00042 c33-402    ./betwcent /work  Done                     11/10/2009 20:31:01
00043 c33-402    ./betwcent /work  Done                     11/10/2009 20:31:01
00044 c33-402    ./betwcent /work  Done                     11/10/2009 20:31:01
00045 c12-209    ./betwcent /work  Done                     11/10/2009 20:31:01
00046 c12-209    ./betwcent /work  Done                     11/10/2009 20:31:01
00047 c12-209    ./betwcent /work  Done                     11/10/2009 20:31:01
00048 c12-209    ./betwcent /work  Done                     11/10/2009 20:31:01
00049 c16-208    ./betwcent /work  Done                     11/10/2009 20:31:01
00050 c16-208    ./betwcent /work  Done                     11/10/2009 20:31:01
00051 c16-208    ./betwcent /work  Done                     11/10/2009 20:31:01
00052 c16-208    ./betwcent /work  Done                     11/10/2009 20:31:01
00053 c43-303    ./betwcent /work  Done                     11/10/2009 20:31:01
00054 c43-303    ./betwcent /work  Done                     11/10/2009 20:31:01
00055 c43-303    ./betwcent /work  Done                     11/10/2009 20:31:01
00056 c43-303    ./betwcent /work  Done                     11/10/2009 20:31:01
00057 c39-103    ./betwcent /work  Done                     11/10/2009 20:31:01
00058 c39-103    ./betwcent /work  Done                     11/10/2009 20:31:01
00059 c39-103    ./betwcent /work  Done                     11/10/2009 20:31:01
00060 c39-103    ./betwcent /work  Done                     11/10/2009 20:31:01
00061 c33-408    ./betwcent /work  Done                     11/10/2009 20:31:01
00062 c33-408    ./betwcent /work  Done                     11/10/2009 20:31:01
00063 c33-408    ./betwcent /work  Done                     11/10/2009 20:31:01
00064 c33-408    ./betwcent /work  Done                     11/10/2009 20:31:01
00065 c21-401    ./betwcent /work  Done                     11/10/2009 20:31:01
00066 c21-401    ./betwcent /work  Done                     11/10/2009 20:31:01
00067 c21-401    ./betwcent /work  Done                     11/10/2009 20:31:01
00068 c21-401    ./betwcent /work  Done                     11/10/2009 20:31:01
00069 c16-101    ./betwcent /work  Done                     11/10/2009 20:31:01
00070 c16-101    ./betwcent /work  Done                     11/10/2009 20:31:01
00071 c16-101    ./betwcent /work  Done                     11/10/2009 20:31:01
00072 c16-101    ./betwcent /work  Done                     11/10/2009 20:31:01
00073 c42-308    ./betwcent /work  Done                     11/10/2009 20:31:01
00074 c42-308    ./betwcent /work  Done                     11/10/2009 20:31:01
00075 c42-308    ./betwcent /work  Done                     11/10/2009 20:31:01
00076 c42-308    ./betwcent /work  Done                     11/10/2009 20:31:01
00077 c22-207    ./betwcent /work  Done                     11/10/2009 20:31:01
00078 c22-207    ./betwcent /work  Done                     11/10/2009 20:31:01
00079 c22-207    ./betwcent /work  Done                     11/10/2009 20:31:01
00080 c22-207    ./betwcent /work  Done                     11/10/2009 20:31:01
00081 c33-403    ./betwcent /work  Done                     11/10/2009 20:31:01
00082 c33-403    ./betwcent /work  Done                     11/10/2009 20:31:01
00083 c33-403    ./betwcent /work  Done                     11/10/2009 20:31:01
00084 c33-403    ./betwcent /work  Done                     11/10/2009 20:31:01
00085 c37-309    ./betwcent /work  Done                     11/10/2009 20:31:01
00086 c37-309    ./betwcent /work  Done                     11/10/2009 20:31:01
00087 c37-309    ./betwcent /work  Done                     11/10/2009 20:31:01
00088 c37-309    ./betwcent /work  Done                     11/10/2009 20:31:01
00089 c15-306    ./betwcent /work  Done                     11/10/2009 20:31:01
00090 c15-306    ./betwcent /work  Done                     11/10/2009 20:31:01
00091 c15-306    ./betwcent /work  Done                     11/10/2009 20:31:01
00092 c15-306    ./betwcent /work  Done                     11/10/2009 20:31:01
00093 c20-401    ./betwcent /work  Done                     11/10/2009 20:31:01
00094 c20-401    ./betwcent /work  Done                     11/10/2009 20:31:01
00095 c20-401    ./betwcent /work  Done                     11/10/2009 20:31:01
00096 c20-401    ./betwcent /work  Done                     11/10/2009 20:31:01
00097 c18-107    ./betwcent /work  Done                     11/10/2009 20:31:01
00098 c18-107    ./betwcent /work  Done                     11/10/2009 20:31:01
00099 c18-107    ./betwcent /work  Done                     11/10/2009 20:31:01
00100 c18-107    ./betwcent /work  Done                     11/10/2009 20:31:01
00101 c24-409    ./betwcent /work  Done                     11/10/2009 20:31:01
00102 c24-409    ./betwcent /work  Done                     11/10/2009 20:31:01
00103 c24-409    ./betwcent /work  Done                     11/10/2009 20:31:01
00104 c24-409    ./betwcent /work  Done                     11/10/2009 20:31:01
00105 c25-110    ./betwcent /work  Done                     11/10/2009 20:31:01
00106 c25-110    ./betwcent /work  Done                     11/10/2009 20:31:01
00107 c25-110    ./betwcent /work  Done                     11/10/2009 20:31:01
00108 c25-110    ./betwcent /work  Done                     11/10/2009 20:31:01
00109 c15-307    ./betwcent /work  Done                     11/10/2009 20:31:01
00110 c15-307    ./betwcent /work  Done                     11/10/2009 20:31:01
00111 c15-307    ./betwcent /work  Done                     11/10/2009 20:31:01
00112 c15-307    ./betwcent /work  Done                     11/10/2009 20:31:01
00113 c41-405    ./betwcent /work  Done                     11/10/2009 20:31:01
00114 c41-405    ./betwcent /work  Done                     11/10/2009 20:31:01
00115 c41-405    ./betwcent /work  Done                     11/10/2009 20:31:01
00116 c41-405    ./betwcent /work  Done                     11/10/2009 20:31:01
00117 c20-109    ./betwcent /work  Done                     11/10/2009 20:31:01
00118 c20-109    ./betwcent /work  Done                     11/10/2009 20:31:01
00119 c20-109    ./betwcent /work  Done                     11/10/2009 20:31:01
00120 c20-109    ./betwcent /work  Done                     11/10/2009 20:31:01
00121 c41-106    ./betwcent /work  Done                     11/10/2009 20:31:01
00122 c41-106    ./betwcent /work  Done                     11/10/2009 20:31:01
00123 c41-106    ./betwcent /work  Done                     11/10/2009 20:31:01
00124 c41-106    ./betwcent /work  Done                     11/10/2009 20:31:01
00125 c33-207    ./betwcent /work  Done                     11/10/2009 20:31:01
00126 c33-207    ./betwcent /work  Done                     11/10/2009 20:31:01
00127 c33-207    ./betwcent /work  Done                     11/10/2009 20:31:01
00128 c33-207    ./betwcent /work  Done                     11/10/2009 20:31:01
00129 c25-403    ./betwcent /work  Done                     11/10/2009 20:31:01
00130 c25-403    ./betwcent /work  Done                     11/10/2009 20:31:01
00131 c25-403    ./betwcent /work  Done                     11/10/2009 20:31:01
00132 c25-403    ./betwcent /work  Done                     11/10/2009 20:31:01
00133 c35-107    ./betwcent /work  Done                     11/10/2009 20:31:01
00134 c35-107    ./betwcent /work  Done                     11/10/2009 20:31:01
00135 c35-107    ./betwcent /work  Done                     11/10/2009 20:31:01
00136 c35-107    ./betwcent /work  Done                     11/10/2009 20:31:01
00137 c35-407    ./betwcent /work  Done                     11/10/2009 20:31:01
00138 c35-407    ./betwcent /work  Done                     11/10/2009 20:31:01
00139 c35-407    ./betwcent /work  Done                     11/10/2009 20:31:01
00140 c35-407    ./betwcent /work  Done                     11/10/2009 20:31:01
00141 c23-203    ./betwcent /work  Done                     11/10/2009 20:31:01
00142 c23-203    ./betwcent /work  Done                     11/10/2009 20:31:01
00143 c23-203    ./betwcent /work  Done                     11/10/2009 20:31:01
00144 c23-203    ./betwcent /work  Done                     11/10/2009 20:31:01
00145 c39-209    ./betwcent /work  Done                     11/10/2009 20:31:01
00146 c39-209    ./betwcent /work  Done                     11/10/2009 20:31:01
00147 c39-209    ./betwcent /work  Done                     11/10/2009 20:31:01
00148 c39-209    ./betwcent /work  Done                     11/10/2009 20:31:01
00149 c34-110    ./betwcent /work  Done                     11/10/2009 20:31:01
00150 c34-110    ./betwcent /work  Done                     11/10/2009 20:31:01
00151 c34-110    ./betwcent /work  Done                     11/10/2009 20:31:01
00152 c34-110    ./betwcent /work  Done                     11/10/2009 20:31:01
00153 c41-410    ./betwcent /work  Done                     11/10/2009 20:31:01
00154 c41-410    ./betwcent /work  Done                     11/10/2009 20:31:01
00155 c41-410    ./betwcent /work  Done                     11/10/2009 20:31:01
00156 c41-410    ./betwcent /work  Done                     11/10/2009 20:31:01
00157 c42-402    ./betwcent /work  Done                     11/10/2009 20:31:01
00158 c42-402    ./betwcent /work  Done                     11/10/2009 20:31:01
00159 c42-402    ./betwcent /work  Done                     11/10/2009 20:31:01
00160 c42-402    ./betwcent /work  Done                     11/10/2009 20:31:01
00161 c32-201    ./betwcent /work  Done                     11/10/2009 20:31:01
00162 c32-201    ./betwcent /work  Done                     11/10/2009 20:31:01
00163 c32-201    ./betwcent /work  Done                     11/10/2009 20:31:01
00164 c32-201    ./betwcent /work  Done                     11/10/2009 20:31:01
00165 c20-107    ./betwcent /work  Done                     11/10/2009 20:31:01
00166 c20-107    ./betwcent /work  Done                     11/10/2009 20:31:01
00167 c20-107    ./betwcent /work  Done                     11/10/2009 20:31:01
00168 c20-107    ./betwcent /work  Done                     11/10/2009 20:31:01
00169 c38-210    ./betwcent /work  Done                     11/10/2009 20:31:01
00170 c38-210    ./betwcent /work  Done                     11/10/2009 20:31:01
00171 c38-210    ./betwcent /work  Done                     11/10/2009 20:31:01
00172 c38-210    ./betwcent /work  Done                     11/10/2009 20:31:01
00173 c42-206    ./betwcent /work  Done                     11/10/2009 20:31:01
00174 c42-206    ./betwcent /work  Done                     11/10/2009 20:31:01
00175 c42-206    ./betwcent /work  Done                     11/10/2009 20:31:01
00176 c42-206    ./betwcent /work  Done                     11/10/2009 20:31:01
00177 c31-105    ./betwcent /work  Done                     11/10/2009 20:31:01
00178 c31-105    ./betwcent /work  Done                     11/10/2009 20:31:01
00179 c31-105    ./betwcent /work  Done                     11/10/2009 20:31:01
00180 c31-105    ./betwcent /work  Done                     11/10/2009 20:31:01
00181 c45-406    ./betwcent /work  Done                     11/10/2009 20:31:01
00182 c45-406    ./betwcent /work  Done                     11/10/2009 20:31:01
00183 c45-406    ./betwcent /work  Done                     11/10/2009 20:31:01
00184 c45-406    ./betwcent /work  Done                     11/10/2009 20:31:01
00185 c36-201    ./betwcent /work  Done                     11/10/2009 20:31:01
00186 c36-201    ./betwcent /work  Done                     11/10/2009 20:31:01
00187 c36-201    ./betwcent /work  Done                     11/10/2009 20:31:01
00188 c36-201    ./betwcent /work  Done                     11/10/2009 20:31:01
00189 c43-307    ./betwcent /work  Done                     11/10/2009 20:31:01
00190 c43-307    ./betwcent /work  Done                     11/10/2009 20:31:01
00191 c43-307    ./betwcent /work  Done                     11/10/2009 20:31:01
00192 c43-307    ./betwcent /work  Done                     11/10/2009 20:31:01
00193 c43-309    ./betwcent /work  Done                     11/10/2009 20:31:01
00194 c43-309    ./betwcent /work  Done                     11/10/2009 20:31:01
00195 c43-309    ./betwcent /work  Done                     11/10/2009 20:31:01
00196 c43-309    ./betwcent /work  Done                     11/10/2009 20:31:01
00197 c42-209    ./betwcent /work  Done                     11/10/2009 20:31:01
00198 c42-209    ./betwcent /work  Done                     11/10/2009 20:31:01
00199 c42-209    ./betwcent /work  Done                     11/10/2009 20:31:01
00200 c42-209    ./betwcent /work  Done                     11/10/2009 20:31:01
00201 c44-404    ./betwcent /work  Done                     11/10/2009 20:31:01
00202 c44-404    ./betwcent /work  Done                     11/10/2009 20:31:01
00203 c44-404    ./betwcent /work  Done                     11/10/2009 20:31:01
00204 c44-404    ./betwcent /work  Done                     11/10/2009 20:31:01
00205 c28-410    ./betwcent /work  Done                     11/10/2009 20:31:01
00206 c28-410    ./betwcent /work  Done                     11/10/2009 20:31:01
00207 c28-410    ./betwcent /work  Done                     11/10/2009 20:31:01
00208 c28-410    ./betwcent /work  Done                     11/10/2009 20:31:01
00209 c35-402    ./betwcent /work  Done                     11/10/2009 20:31:01
00210 c35-402    ./betwcent /work  Done                     11/10/2009 20:31:01
00211 c35-402    ./betwcent /work  Done                     11/10/2009 20:31:01
00212 c35-402    ./betwcent /work  Done                     11/10/2009 20:31:01
00213 c19-208    ./betwcent /work  Done                     11/10/2009 20:31:01
00214 c19-208    ./betwcent /work  Done                     11/10/2009 20:31:01
00215 c19-208    ./betwcent /work  Done                     11/10/2009 20:31:01
00216 c19-208    ./betwcent /work  Done                     11/10/2009 20:31:01
00217 c33-106    ./betwcent /work  Done                     11/10/2009 20:31:01
00218 c33-106    ./betwcent /work  Done                     11/10/2009 20:31:01
00219 c33-106    ./betwcent /work  Done                     11/10/2009 20:31:01
00220 c33-106    ./betwcent /work  Done                     11/10/2009 20:31:01
00221 c35-207    ./betwcent /work  Done                     11/10/2009 20:31:01
00222 c35-207    ./betwcent /work  Done                     11/10/2009 20:31:01
00223 c35-207    ./betwcent /work  Done                     11/10/2009 20:31:01
00224 c35-207    ./betwcent /work  Done                     11/10/2009 20:31:01

------------------------------------------------------------
Sender: LSF System <lsfadmin@c35-207>
Subject: Job 283996: <betwcentp225> Done

Job <betwcentp225> was submitted from host <lslogin2> by user <tg459476>.
Job was executed on host(s) <4*c35-207>, in queue <normal>, as user <tg459476>.
                            <4*c33-106>
                            <4*c19-208>
                            <4*c35-402>
                            <4*c28-410>
                            <4*c44-404>
                            <4*c42-209>
                            <4*c43-309>
                            <4*c43-307>
                            <4*c36-201>
                            <4*c45-406>
                            <4*c31-105>
                            <4*c42-206>
                            <4*c38-210>
                            <4*c20-107>
                            <4*c32-201>
                            <4*c42-402>
                            <4*c41-410>
                            <4*c34-110>
                            <4*c39-209>
                            <4*c23-203>
                            <4*c35-407>
                            <4*c35-107>
                            <4*c25-403>
                            <4*c33-207>
                            <4*c41-106>
                            <4*c20-109>
                            <4*c41-405>
                            <4*c15-307>
                            <4*c25-110>
                            <4*c24-409>
                            <4*c18-107>
                            <4*c20-401>
                            <4*c15-306>
                            <4*c37-309>
                            <4*c33-403>
                            <4*c22-207>
                            <4*c42-308>
                            <4*c16-101>
                            <4*c21-401>
                            <4*c33-408>
                            <4*c39-103>
                            <4*c43-303>
                            <4*c16-208>
                            <4*c12-209>
                            <4*c33-402>
                            <4*c38-304>
                            <4*c31-106>
                            <4*c25-101>
                            <4*c44-304>
                            <4*c31-107>
                            <4*c14-303>
                            <4*c44-201>
                            <4*c25-102>
                            <4*c11-110>
                            <4*c23-110>
                            <1*c45-403>
</home/teragrid/tg459476> was used as the home directory.
</home/teragrid/tg459476/Release_PSpGEMM/PSpGEMM-R1/Applications> was used as the working directory.
Started at Tue Nov 10 20:26:47 2009
Results reported at Tue Nov 10 20:31:05 2009

Your job looked like:

------------------------------------------------------------
# LSBATCH: User input
#!/bin/tcsh 			  
				  # first line specifies shell
#BSUB -J betwcentp225		  #name the job "jobname"
#BSUB -o out.o%J   		  #output->   out.o&ltjobID>
#BSUB -e err.o%J   		  #error -> error.o&ltjobID>
#BSUB -n 225 -W 0:10               #1 CPU cores and 0hr+15min
#BSUB -q normal                   #Use development queue.
#BSUB -R 'span[ptile=4]'	  # 4 MPI task per node
set echo                          #Echo all commands.
cd $LS_SUBCWD                     #cd to directory of submission
ibrun ./betwcent $WORK/SCALE20BTW-TRANSBOOL 12 512  # 8 processors on the row, each has batch=256/8=32; 2^12 = 4096 starting vertices overall

------------------------------------------------------------

Successfully completed.

Resource usage summary:

    CPU time   :  50145.16 sec.

The output (if any) is above this job summary.



PS:

Read file <err.o283996> for stderr output of this job.

