*** Batchsize is not evenly divisible by the grid dimension ***
*** Processing 4000 vertices instead
Batch processing will occur 8 times, each processing 500 vertices (overall)
Candidates chosen, precomputation finished
Exploring via BFS...
Tallying...
Adding bc contributions...
Exploring via BFS...
Tallying...
Adding bc contributions...
Exploring via BFS...
Tallying...
Adding bc contributions...
Exploring via BFS...
Tallying...
Adding bc contributions...
Exploring via BFS...
Tallying...
Adding bc contributions...
Exploring via BFS...
Tallying...
Adding bc contributions...
Exploring via BFS...
Tallying...
Adding bc contributions...
Exploring via BFS...
Tallying...
Adding bc contributions...
Computation finished
150.045771 seconds elapsed for 4000 starting vertices
TEPS score is: 216553570.374103
Job  mvapich_wrapper /opt/lsf/bin/TaskStarter -p c22-210:38705 -c /opt/lsf/conf -a X86_64 ./betwcent /work/teragrid/tg459476/SCALE20BTW-TRANSBOOL 12 512

TID   HOST_NAME   COMMAND_LINE            STATUS            TERMINATION_TIME
===== ========== ================  =======================  ===================
00000 c13-306    ./betwcent /work  Done                     11/12/2009 05:58:44
00001 c13-306    ./betwcent /work  Done                     11/12/2009 05:58:44
00002 c13-306    ./betwcent /work  Done                     11/12/2009 05:58:44
00003 c13-306    ./betwcent /work  Done                     11/12/2009 05:58:44
00004 c21-406    ./betwcent /work  Done                     11/12/2009 05:58:44
00005 c21-406    ./betwcent /work  Done                     11/12/2009 05:58:44
00006 c21-406    ./betwcent /work  Done                     11/12/2009 05:58:44
00007 c21-406    ./betwcent /work  Done                     11/12/2009 05:58:44
00008 c14-305    ./betwcent /work  Done                     11/12/2009 05:58:44
00009 c14-305    ./betwcent /work  Done                     11/12/2009 05:58:44
00010 c14-305    ./betwcent /work  Done                     11/12/2009 05:58:44
00011 c14-305    ./betwcent /work  Done                     11/12/2009 05:58:44
00012 c20-202    ./betwcent /work  Done                     11/12/2009 05:58:44
00013 c20-202    ./betwcent /work  Done                     11/12/2009 05:58:44
00014 c20-202    ./betwcent /work  Done                     11/12/2009 05:58:44
00015 c20-202    ./betwcent /work  Done                     11/12/2009 05:58:44
00016 c33-402    ./betwcent /work  Done                     11/12/2009 05:58:44
00017 c33-402    ./betwcent /work  Done                     11/12/2009 05:58:44
00018 c33-402    ./betwcent /work  Done                     11/12/2009 05:58:44
00019 c33-402    ./betwcent /work  Done                     11/12/2009 05:58:44
00020 c15-106    ./betwcent /work  Done                     11/12/2009 05:58:44
00021 c15-106    ./betwcent /work  Done                     11/12/2009 05:58:44
00022 c15-106    ./betwcent /work  Done                     11/12/2009 05:58:44
00023 c15-106    ./betwcent /work  Done                     11/12/2009 05:58:44
00024 c21-308    ./betwcent /work  Done                     11/12/2009 05:58:44
00025 c21-308    ./betwcent /work  Done                     11/12/2009 05:58:44
00026 c21-308    ./betwcent /work  Done                     11/12/2009 05:58:44
00027 c21-308    ./betwcent /work  Done                     11/12/2009 05:58:44
00028 c25-202    ./betwcent /work  Done                     11/12/2009 05:58:44
00029 c25-202    ./betwcent /work  Done                     11/12/2009 05:58:44
00030 c25-202    ./betwcent /work  Done                     11/12/2009 05:58:44
00031 c25-202    ./betwcent /work  Done                     11/12/2009 05:58:44
00032 c40-110    ./betwcent /work  Done                     11/12/2009 05:58:44
00033 c40-110    ./betwcent /work  Done                     11/12/2009 05:58:44
00034 c40-110    ./betwcent /work  Done                     11/12/2009 05:58:44
00035 c40-110    ./betwcent /work  Done                     11/12/2009 05:58:44
00036 c43-110    ./betwcent /work  Done                     11/12/2009 05:58:44
00037 c43-110    ./betwcent /work  Done                     11/12/2009 05:58:44
00038 c43-110    ./betwcent /work  Done                     11/12/2009 05:58:44
00039 c43-110    ./betwcent /work  Done                     11/12/2009 05:58:44
00040 c32-201    ./betwcent /work  Done                     11/12/2009 05:58:44
00041 c32-201    ./betwcent /work  Done                     11/12/2009 05:58:44
00042 c32-201    ./betwcent /work  Done                     11/12/2009 05:58:44
00043 c32-201    ./betwcent /work  Done                     11/12/2009 05:58:44
00044 c18-107    ./betwcent /work  Done                     11/12/2009 05:58:44
00045 c18-107    ./betwcent /work  Done                     11/12/2009 05:58:44
00046 c18-107    ./betwcent /work  Done                     11/12/2009 05:58:44
00047 c18-107    ./betwcent /work  Done                     11/12/2009 05:58:44
00048 c11-103    ./betwcent /work  Done                     11/12/2009 05:58:44
00049 c11-103    ./betwcent /work  Done                     11/12/2009 05:58:44
00050 c11-103    ./betwcent /work  Done                     11/12/2009 05:58:44
00051 c11-103    ./betwcent /work  Done                     11/12/2009 05:58:44
00052 c26-203    ./betwcent /work  Done                     11/12/2009 05:58:44
00053 c26-203    ./betwcent /work  Done                     11/12/2009 05:58:44
00054 c26-203    ./betwcent /work  Done                     11/12/2009 05:58:44
00055 c26-203    ./betwcent /work  Done                     11/12/2009 05:58:44
00056 c21-209    ./betwcent /work  Done                     11/12/2009 05:58:44
00057 c21-209    ./betwcent /work  Done                     11/12/2009 05:58:44
00058 c21-209    ./betwcent /work  Done                     11/12/2009 05:58:44
00059 c21-209    ./betwcent /work  Done                     11/12/2009 05:58:44
00060 c34-101    ./betwcent /work  Done                     11/12/2009 05:58:44
00061 c34-101    ./betwcent /work  Done                     11/12/2009 05:58:44
00062 c34-101    ./betwcent /work  Done                     11/12/2009 05:58:44
00063 c34-101    ./betwcent /work  Done                     11/12/2009 05:58:44
00064 c43-310    ./betwcent /work  Done                     11/12/2009 05:58:44
00065 c43-310    ./betwcent /work  Done                     11/12/2009 05:58:44
00066 c43-310    ./betwcent /work  Done                     11/12/2009 05:58:44
00067 c43-310    ./betwcent /work  Done                     11/12/2009 05:58:44
00068 c40-302    ./betwcent /work  Done                     11/12/2009 05:58:44
00069 c40-302    ./betwcent /work  Done                     11/12/2009 05:58:44
00070 c40-302    ./betwcent /work  Done                     11/12/2009 05:58:44
00071 c40-302    ./betwcent /work  Done                     11/12/2009 05:58:44
00072 c29-202    ./betwcent /work  Done                     11/12/2009 05:58:44
00073 c29-202    ./betwcent /work  Done                     11/12/2009 05:58:44
00074 c29-202    ./betwcent /work  Done                     11/12/2009 05:58:44
00075 c29-202    ./betwcent /work  Done                     11/12/2009 05:58:44
00076 c17-210    ./betwcent /work  Done                     11/12/2009 05:58:44
00077 c17-210    ./betwcent /work  Done                     11/12/2009 05:58:44
00078 c17-210    ./betwcent /work  Done                     11/12/2009 05:58:44
00079 c17-210    ./betwcent /work  Done                     11/12/2009 05:58:44
00080 c38-204    ./betwcent /work  Done                     11/12/2009 05:58:44
00081 c38-204    ./betwcent /work  Done                     11/12/2009 05:58:44
00082 c38-204    ./betwcent /work  Done                     11/12/2009 05:58:44
00083 c38-204    ./betwcent /work  Done                     11/12/2009 05:58:44
00084 c33-101    ./betwcent /work  Done                     11/12/2009 05:58:44
00085 c33-101    ./betwcent /work  Done                     11/12/2009 05:58:44
00086 c33-101    ./betwcent /work  Done                     11/12/2009 05:58:44
00087 c33-101    ./betwcent /work  Done                     11/12/2009 05:58:44
00088 c25-404    ./betwcent /work  Done                     11/12/2009 05:58:44
00089 c25-404    ./betwcent /work  Done                     11/12/2009 05:58:44
00090 c25-404    ./betwcent /work  Done                     11/12/2009 05:58:44
00091 c25-404    ./betwcent /work  Done                     11/12/2009 05:58:44
00092 c31-202    ./betwcent /work  Done                     11/12/2009 05:58:44
00093 c31-202    ./betwcent /work  Done                     11/12/2009 05:58:44
00094 c31-202    ./betwcent /work  Done                     11/12/2009 05:58:44
00095 c31-202    ./betwcent /work  Done                     11/12/2009 05:58:44
00096 c34-209    ./betwcent /work  Done                     11/12/2009 05:58:44
00097 c34-209    ./betwcent /work  Done                     11/12/2009 05:58:44
00098 c34-209    ./betwcent /work  Done                     11/12/2009 05:58:44
00099 c34-209    ./betwcent /work  Done                     11/12/2009 05:58:44
00100 c34-210    ./betwcent /work  Done                     11/12/2009 05:58:44
00101 c34-210    ./betwcent /work  Done                     11/12/2009 05:58:44
00102 c34-210    ./betwcent /work  Done                     11/12/2009 05:58:44
00103 c34-210    ./betwcent /work  Done                     11/12/2009 05:58:44
00104 c31-107    ./betwcent /work  Done                     11/12/2009 05:58:44
00105 c31-107    ./betwcent /work  Done                     11/12/2009 05:58:44
00106 c31-107    ./betwcent /work  Done                     11/12/2009 05:58:44
00107 c31-107    ./betwcent /work  Done                     11/12/2009 05:58:44
00108 c25-105    ./betwcent /work  Done                     11/12/2009 05:58:44
00109 c25-105    ./betwcent /work  Done                     11/12/2009 05:58:44
00110 c25-105    ./betwcent /work  Done                     11/12/2009 05:58:44
00111 c25-105    ./betwcent /work  Done                     11/12/2009 05:58:44
00112 c16-103    ./betwcent /work  Done                     11/12/2009 05:58:44
00113 c16-103    ./betwcent /work  Done                     11/12/2009 05:58:44
00114 c16-103    ./betwcent /work  Done                     11/12/2009 05:58:44
00115 c16-103    ./betwcent /work  Done                     11/12/2009 05:58:44
00116 c26-202    ./betwcent /work  Done                     11/12/2009 05:58:44
00117 c26-202    ./betwcent /work  Done                     11/12/2009 05:58:44
00118 c26-202    ./betwcent /work  Done                     11/12/2009 05:58:44
00119 c26-202    ./betwcent /work  Done                     11/12/2009 05:58:44
00120 c20-204    ./betwcent /work  Done                     11/12/2009 05:58:44
00121 c20-204    ./betwcent /work  Done                     11/12/2009 05:58:44
00122 c20-204    ./betwcent /work  Done                     11/12/2009 05:58:44
00123 c20-204    ./betwcent /work  Done                     11/12/2009 05:58:44
00124 c15-103    ./betwcent /work  Done                     11/12/2009 05:58:44
00125 c15-103    ./betwcent /work  Done                     11/12/2009 05:58:44
00126 c15-103    ./betwcent /work  Done                     11/12/2009 05:58:44
00127 c15-103    ./betwcent /work  Done                     11/12/2009 05:58:44
00128 c41-203    ./betwcent /work  Done                     11/12/2009 05:58:44
00129 c41-203    ./betwcent /work  Done                     11/12/2009 05:58:44
00130 c41-203    ./betwcent /work  Done                     11/12/2009 05:58:44
00131 c41-203    ./betwcent /work  Done                     11/12/2009 05:58:44
00132 c14-204    ./betwcent /work  Done                     11/12/2009 05:58:44
00133 c14-204    ./betwcent /work  Done                     11/12/2009 05:58:44
00134 c14-204    ./betwcent /work  Done                     11/12/2009 05:58:44
00135 c14-204    ./betwcent /work  Done                     11/12/2009 05:58:44
00136 c45-301    ./betwcent /work  Done                     11/12/2009 05:58:44
00137 c45-301    ./betwcent /work  Done                     11/12/2009 05:58:44
00138 c45-301    ./betwcent /work  Done                     11/12/2009 05:58:44
00139 c45-301    ./betwcent /work  Done                     11/12/2009 05:58:44
00140 c43-105    ./betwcent /work  Done                     11/12/2009 05:58:44
00141 c43-105    ./betwcent /work  Done                     11/12/2009 05:58:44
00142 c43-105    ./betwcent /work  Done                     11/12/2009 05:58:44
00143 c43-105    ./betwcent /work  Done                     11/12/2009 05:58:44
00144 c37-101    ./betwcent /work  Done                     11/12/2009 05:58:44
00145 c37-101    ./betwcent /work  Done                     11/12/2009 05:58:44
00146 c37-101    ./betwcent /work  Done                     11/12/2009 05:58:44
00147 c37-101    ./betwcent /work  Done                     11/12/2009 05:58:44
00148 c18-208    ./betwcent /work  Done                     11/12/2009 05:58:44
00149 c18-208    ./betwcent /work  Done                     11/12/2009 05:58:44
00150 c18-208    ./betwcent /work  Done                     11/12/2009 05:58:44
00151 c18-208    ./betwcent /work  Done                     11/12/2009 05:58:44
00152 c16-110    ./betwcent /work  Done                     11/12/2009 05:58:44
00153 c16-110    ./betwcent /work  Done                     11/12/2009 05:58:44
00154 c16-110    ./betwcent /work  Done                     11/12/2009 05:58:44
00155 c16-110    ./betwcent /work  Done                     11/12/2009 05:58:44
00156 c24-104    ./betwcent /work  Done                     11/12/2009 05:58:44
00157 c24-104    ./betwcent /work  Done                     11/12/2009 05:58:44
00158 c24-104    ./betwcent /work  Done                     11/12/2009 05:58:44
00159 c24-104    ./betwcent /work  Done                     11/12/2009 05:58:44
00160 c37-407    ./betwcent /work  Done                     11/12/2009 05:58:44
00161 c37-407    ./betwcent /work  Done                     11/12/2009 05:58:44
00162 c37-407    ./betwcent /work  Done                     11/12/2009 05:58:44
00163 c37-407    ./betwcent /work  Done                     11/12/2009 05:58:44
00164 c37-410    ./betwcent /work  Done                     11/12/2009 05:58:44
00165 c37-410    ./betwcent /work  Done                     11/12/2009 05:58:44
00166 c37-410    ./betwcent /work  Done                     11/12/2009 05:58:44
00167 c37-410    ./betwcent /work  Done                     11/12/2009 05:58:44
00168 c10-109    ./betwcent /work  Done                     11/12/2009 05:58:44
00169 c10-109    ./betwcent /work  Done                     11/12/2009 05:58:44
00170 c10-109    ./betwcent /work  Done                     11/12/2009 05:58:44
00171 c10-109    ./betwcent /work  Done                     11/12/2009 05:58:44
00172 c25-303    ./betwcent /work  Done                     11/12/2009 05:58:44
00173 c25-303    ./betwcent /work  Done                     11/12/2009 05:58:44
00174 c25-303    ./betwcent /work  Done                     11/12/2009 05:58:44
00175 c25-303    ./betwcent /work  Done                     11/12/2009 05:58:44
00176 c32-102    ./betwcent /work  Done                     11/12/2009 05:58:44
00177 c32-102    ./betwcent /work  Done                     11/12/2009 05:58:44
00178 c32-102    ./betwcent /work  Done                     11/12/2009 05:58:44
00179 c32-102    ./betwcent /work  Done                     11/12/2009 05:58:44
00180 c24-106    ./betwcent /work  Done                     11/12/2009 05:58:44
00181 c24-106    ./betwcent /work  Done                     11/12/2009 05:58:44
00182 c24-106    ./betwcent /work  Done                     11/12/2009 05:58:44
00183 c24-106    ./betwcent /work  Done                     11/12/2009 05:58:44
00184 c34-410    ./betwcent /work  Done                     11/12/2009 05:58:44
00185 c34-410    ./betwcent /work  Done                     11/12/2009 05:58:44
00186 c34-410    ./betwcent /work  Done                     11/12/2009 05:58:44
00187 c34-410    ./betwcent /work  Done                     11/12/2009 05:58:44
00188 c39-410    ./betwcent /work  Done                     11/12/2009 05:58:44
00189 c39-410    ./betwcent /work  Done                     11/12/2009 05:58:44
00190 c39-410    ./betwcent /work  Done                     11/12/2009 05:58:44
00191 c39-410    ./betwcent /work  Done                     11/12/2009 05:58:44
00192 c11-101    ./betwcent /work  Done                     11/12/2009 05:58:44
00193 c11-101    ./betwcent /work  Done                     11/12/2009 05:58:44
00194 c11-101    ./betwcent /work  Done                     11/12/2009 05:58:44
00195 c11-101    ./betwcent /work  Done                     11/12/2009 05:58:44
00196 c17-202    ./betwcent /work  Done                     11/12/2009 05:58:44
00197 c17-202    ./betwcent /work  Done                     11/12/2009 05:58:44
00198 c17-202    ./betwcent /work  Done                     11/12/2009 05:58:44
00199 c17-202    ./betwcent /work  Done                     11/12/2009 05:58:44
00200 c12-202    ./betwcent /work  Done                     11/12/2009 05:58:44
00201 c12-202    ./betwcent /work  Done                     11/12/2009 05:58:44
00202 c12-202    ./betwcent /work  Done                     11/12/2009 05:58:44
00203 c12-202    ./betwcent /work  Done                     11/12/2009 05:58:44
00204 c44-208    ./betwcent /work  Done                     11/12/2009 05:58:44
00205 c44-208    ./betwcent /work  Done                     11/12/2009 05:58:44
00206 c44-208    ./betwcent /work  Done                     11/12/2009 05:58:44
00207 c44-208    ./betwcent /work  Done                     11/12/2009 05:58:44
00208 c39-107    ./betwcent /work  Done                     11/12/2009 05:58:44
00209 c39-107    ./betwcent /work  Done                     11/12/2009 05:58:44
00210 c39-107    ./betwcent /work  Done                     11/12/2009 05:58:44
00211 c39-107    ./betwcent /work  Done                     11/12/2009 05:58:44
00212 c23-402    ./betwcent /work  Done                     11/12/2009 05:58:44
00213 c23-402    ./betwcent /work  Done                     11/12/2009 05:58:44
00214 c23-402    ./betwcent /work  Done                     11/12/2009 05:58:44
00215 c23-402    ./betwcent /work  Done                     11/12/2009 05:58:44
00216 c41-110    ./betwcent /work  Done                     11/12/2009 05:58:44
00217 c41-110    ./betwcent /work  Done                     11/12/2009 05:58:44
00218 c41-110    ./betwcent /work  Done                     11/12/2009 05:58:44
00219 c41-110    ./betwcent /work  Done                     11/12/2009 05:58:44
00220 c21-207    ./betwcent /work  Done                     11/12/2009 05:58:44
00221 c21-207    ./betwcent /work  Done                     11/12/2009 05:58:44
00222 c21-207    ./betwcent /work  Done                     11/12/2009 05:58:44
00223 c21-207    ./betwcent /work  Done                     11/12/2009 05:58:44
00224 c43-205    ./betwcent /work  Done                     11/12/2009 05:58:44
00225 c43-205    ./betwcent /work  Done                     11/12/2009 05:58:44
00226 c43-205    ./betwcent /work  Done                     11/12/2009 05:58:44
00227 c43-205    ./betwcent /work  Done                     11/12/2009 05:58:44
00228 c31-108    ./betwcent /work  Done                     11/12/2009 05:58:44
00229 c31-108    ./betwcent /work  Done                     11/12/2009 05:58:44
00230 c31-108    ./betwcent /work  Done                     11/12/2009 05:58:44
00231 c31-108    ./betwcent /work  Done                     11/12/2009 05:58:44
00232 c36-408    ./betwcent /work  Done                     11/12/2009 05:58:44
00233 c36-408    ./betwcent /work  Done                     11/12/2009 05:58:44
00234 c36-408    ./betwcent /work  Done                     11/12/2009 05:58:44
00235 c36-408    ./betwcent /work  Done                     11/12/2009 05:58:44
00236 c30-407    ./betwcent /work  Done                     11/12/2009 05:58:44
00237 c30-407    ./betwcent /work  Done                     11/12/2009 05:58:44
00238 c30-407    ./betwcent /work  Done                     11/12/2009 05:58:44
00239 c30-407    ./betwcent /work  Done                     11/12/2009 05:58:44
00240 c34-105    ./betwcent /work  Done                     11/12/2009 05:58:44
00241 c34-105    ./betwcent /work  Done                     11/12/2009 05:58:44
00242 c34-105    ./betwcent /work  Done                     11/12/2009 05:58:44
00243 c34-105    ./betwcent /work  Done                     11/12/2009 05:58:44
00244 c11-110    ./betwcent /work  Done                     11/12/2009 05:58:44
00245 c11-110    ./betwcent /work  Done                     11/12/2009 05:58:44
00246 c11-110    ./betwcent /work  Done                     11/12/2009 05:58:44
00247 c11-110    ./betwcent /work  Done                     11/12/2009 05:58:44
00248 c37-107    ./betwcent /work  Done                     11/12/2009 05:58:44
00249 c37-107    ./betwcent /work  Done                     11/12/2009 05:58:44
00250 c37-107    ./betwcent /work  Done                     11/12/2009 05:58:44
00251 c37-107    ./betwcent /work  Done                     11/12/2009 05:58:44
00252 c17-206    ./betwcent /work  Done                     11/12/2009 05:58:44
00253 c17-206    ./betwcent /work  Done                     11/12/2009 05:58:44
00254 c17-206    ./betwcent /work  Done                     11/12/2009 05:58:44
00255 c17-206    ./betwcent /work  Done                     11/12/2009 05:58:44
00256 c26-308    ./betwcent /work  Done                     11/12/2009 05:58:44
00257 c26-308    ./betwcent /work  Done                     11/12/2009 05:58:44
00258 c26-308    ./betwcent /work  Done                     11/12/2009 05:58:44
00259 c26-308    ./betwcent /work  Done                     11/12/2009 05:58:44
00260 c20-201    ./betwcent /work  Done                     11/12/2009 05:58:44
00261 c20-201    ./betwcent /work  Done                     11/12/2009 05:58:44
00262 c20-201    ./betwcent /work  Done                     11/12/2009 05:58:44
00263 c20-201    ./betwcent /work  Done                     11/12/2009 05:58:44
00264 c20-410    ./betwcent /work  Done                     11/12/2009 05:58:44
00265 c20-410    ./betwcent /work  Done                     11/12/2009 05:58:44
00266 c20-410    ./betwcent /work  Done                     11/12/2009 05:58:44
00267 c20-410    ./betwcent /work  Done                     11/12/2009 05:58:44
00268 c35-305    ./betwcent /work  Done                     11/12/2009 05:58:44
00269 c35-305    ./betwcent /work  Done                     11/12/2009 05:58:44
00270 c35-305    ./betwcent /work  Done                     11/12/2009 05:58:44
00271 c35-305    ./betwcent /work  Done                     11/12/2009 05:58:44
00272 c16-301    ./betwcent /work  Done                     11/12/2009 05:58:44
00273 c16-301    ./betwcent /work  Done                     11/12/2009 05:58:44
00274 c16-301    ./betwcent /work  Done                     11/12/2009 05:58:44
00275 c16-301    ./betwcent /work  Done                     11/12/2009 05:58:44
00276 c39-307    ./betwcent /work  Done                     11/12/2009 05:58:44
00277 c39-307    ./betwcent /work  Done                     11/12/2009 05:58:44
00278 c39-307    ./betwcent /work  Done                     11/12/2009 05:58:44
00279 c39-307    ./betwcent /work  Done                     11/12/2009 05:58:44
00280 c15-208    ./betwcent /work  Done                     11/12/2009 05:58:44
00281 c15-208    ./betwcent /work  Done                     11/12/2009 05:58:44
00282 c15-208    ./betwcent /work  Done                     11/12/2009 05:58:44
00283 c15-208    ./betwcent /work  Done                     11/12/2009 05:58:44
00284 c27-101    ./betwcent /work  Done                     11/12/2009 05:58:44
00285 c27-101    ./betwcent /work  Done                     11/12/2009 05:58:44
00286 c27-101    ./betwcent /work  Done                     11/12/2009 05:58:44
00287 c27-101    ./betwcent /work  Done                     11/12/2009 05:58:44
00288 c25-204    ./betwcent /work  Done                     11/12/2009 05:58:44
00289 c25-204    ./betwcent /work  Done                     11/12/2009 05:58:44
00290 c25-204    ./betwcent /work  Done                     11/12/2009 05:58:44
00291 c25-204    ./betwcent /work  Done                     11/12/2009 05:58:44
00292 c13-309    ./betwcent /work  Done                     11/12/2009 05:58:44
00293 c13-309    ./betwcent /work  Done                     11/12/2009 05:58:44
00294 c13-309    ./betwcent /work  Done                     11/12/2009 05:58:44
00295 c13-309    ./betwcent /work  Done                     11/12/2009 05:58:44
00296 c37-310    ./betwcent /work  Done                     11/12/2009 05:58:44
00297 c37-310    ./betwcent /work  Done                     11/12/2009 05:58:44
00298 c37-310    ./betwcent /work  Done                     11/12/2009 05:58:44
00299 c37-310    ./betwcent /work  Done                     11/12/2009 05:58:44
00300 c20-103    ./betwcent /work  Done                     11/12/2009 05:58:44
00301 c20-103    ./betwcent /work  Done                     11/12/2009 05:58:44
00302 c20-103    ./betwcent /work  Done                     11/12/2009 05:58:44
00303 c20-103    ./betwcent /work  Done                     11/12/2009 05:58:44
00304 c39-201    ./betwcent /work  Done                     11/12/2009 05:58:44
00305 c39-201    ./betwcent /work  Done                     11/12/2009 05:58:44
00306 c39-201    ./betwcent /work  Done                     11/12/2009 05:58:44
00307 c39-201    ./betwcent /work  Done                     11/12/2009 05:58:44
00308 c30-408    ./betwcent /work  Done                     11/12/2009 05:58:44
00309 c30-408    ./betwcent /work  Done                     11/12/2009 05:58:44
00310 c30-408    ./betwcent /work  Done                     11/12/2009 05:58:44
00311 c30-408    ./betwcent /work  Done                     11/12/2009 05:58:44
00312 c14-106    ./betwcent /work  Done                     11/12/2009 05:58:44
00313 c14-106    ./betwcent /work  Done                     11/12/2009 05:58:44
00314 c14-106    ./betwcent /work  Done                     11/12/2009 05:58:44
00315 c14-106    ./betwcent /work  Done                     11/12/2009 05:58:44
00316 c42-106    ./betwcent /work  Done                     11/12/2009 05:58:44
00317 c42-106    ./betwcent /work  Done                     11/12/2009 05:58:44
00318 c42-106    ./betwcent /work  Done                     11/12/2009 05:58:44
00319 c42-106    ./betwcent /work  Done                     11/12/2009 05:58:44
00320 c43-306    ./betwcent /work  Done                     11/12/2009 05:58:44
00321 c43-306    ./betwcent /work  Done                     11/12/2009 05:58:44
00322 c43-306    ./betwcent /work  Done                     11/12/2009 05:58:44
00323 c43-306    ./betwcent /work  Done                     11/12/2009 05:58:44
00324 c30-106    ./betwcent /work  Done                     11/12/2009 05:58:44
00325 c30-106    ./betwcent /work  Done                     11/12/2009 05:58:44
00326 c30-106    ./betwcent /work  Done                     11/12/2009 05:58:44
00327 c30-106    ./betwcent /work  Done                     11/12/2009 05:58:44
00328 c45-304    ./betwcent /work  Done                     11/12/2009 05:58:44
00329 c45-304    ./betwcent /work  Done                     11/12/2009 05:58:44
00330 c45-304    ./betwcent /work  Done                     11/12/2009 05:58:44
00331 c45-304    ./betwcent /work  Done                     11/12/2009 05:58:44
00332 c15-108    ./betwcent /work  Done                     11/12/2009 05:58:44
00333 c15-108    ./betwcent /work  Done                     11/12/2009 05:58:44
00334 c15-108    ./betwcent /work  Done                     11/12/2009 05:58:44
00335 c15-108    ./betwcent /work  Done                     11/12/2009 05:58:44
00336 c28-409    ./betwcent /work  Done                     11/12/2009 05:58:44
00337 c28-409    ./betwcent /work  Done                     11/12/2009 05:58:44
00338 c28-409    ./betwcent /work  Done                     11/12/2009 05:58:44
00339 c28-409    ./betwcent /work  Done                     11/12/2009 05:58:44
00340 c23-305    ./betwcent /work  Done                     11/12/2009 05:58:44
00341 c23-305    ./betwcent /work  Done                     11/12/2009 05:58:44
00342 c23-305    ./betwcent /work  Done                     11/12/2009 05:58:44
00343 c23-305    ./betwcent /work  Done                     11/12/2009 05:58:44
00344 c34-202    ./betwcent /work  Done                     11/12/2009 05:58:44
00345 c34-202    ./betwcent /work  Done                     11/12/2009 05:58:44
00346 c34-202    ./betwcent /work  Done                     11/12/2009 05:58:44
00347 c34-202    ./betwcent /work  Done                     11/12/2009 05:58:44
00348 c21-203    ./betwcent /work  Done                     11/12/2009 05:58:44
00349 c21-203    ./betwcent /work  Done                     11/12/2009 05:58:44
00350 c21-203    ./betwcent /work  Done                     11/12/2009 05:58:44
00351 c21-203    ./betwcent /work  Done                     11/12/2009 05:58:44
00352 c28-401    ./betwcent /work  Done                     11/12/2009 05:58:44
00353 c28-401    ./betwcent /work  Done                     11/12/2009 05:58:44
00354 c28-401    ./betwcent /work  Done                     11/12/2009 05:58:44
00355 c28-401    ./betwcent /work  Done                     11/12/2009 05:58:44
00356 c33-409    ./betwcent /work  Done                     11/12/2009 05:58:44
00357 c33-409    ./betwcent /work  Done                     11/12/2009 05:58:44
00358 c33-409    ./betwcent /work  Done                     11/12/2009 05:58:44
00359 c33-409    ./betwcent /work  Done                     11/12/2009 05:58:44
00360 c23-110    ./betwcent /work  Done                     11/12/2009 05:58:44
00361 c23-110    ./betwcent /work  Done                     11/12/2009 05:58:44
00362 c23-110    ./betwcent /work  Done                     11/12/2009 05:58:44
00363 c23-110    ./betwcent /work  Done                     11/12/2009 05:58:44
00364 c36-103    ./betwcent /work  Done                     11/12/2009 05:58:44
00365 c36-103    ./betwcent /work  Done                     11/12/2009 05:58:44
00366 c36-103    ./betwcent /work  Done                     11/12/2009 05:58:44
00367 c36-103    ./betwcent /work  Done                     11/12/2009 05:58:44
00368 c22-409    ./betwcent /work  Done                     11/12/2009 05:58:44
00369 c22-409    ./betwcent /work  Done                     11/12/2009 05:58:44
00370 c22-409    ./betwcent /work  Done                     11/12/2009 05:58:44
00371 c22-409    ./betwcent /work  Done                     11/12/2009 05:58:44
00372 c25-101    ./betwcent /work  Done                     11/12/2009 05:58:44
00373 c25-101    ./betwcent /work  Done                     11/12/2009 05:58:44
00374 c25-101    ./betwcent /work  Done                     11/12/2009 05:58:44
00375 c25-101    ./betwcent /work  Done                     11/12/2009 05:58:44
00376 c30-102    ./betwcent /work  Done                     11/12/2009 05:58:44
00377 c30-102    ./betwcent /work  Done                     11/12/2009 05:58:44
00378 c30-102    ./betwcent /work  Done                     11/12/2009 05:58:44
00379 c30-102    ./betwcent /work  Done                     11/12/2009 05:58:44
00380 c14-203    ./betwcent /work  Done                     11/12/2009 05:58:44
00381 c14-203    ./betwcent /work  Done                     11/12/2009 05:58:44
00382 c14-203    ./betwcent /work  Done                     11/12/2009 05:58:44
00383 c14-203    ./betwcent /work  Done                     11/12/2009 05:58:44
00384 c35-308    ./betwcent /work  Done                     11/12/2009 05:58:44
00385 c35-308    ./betwcent /work  Done                     11/12/2009 05:58:44
00386 c35-308    ./betwcent /work  Done                     11/12/2009 05:58:44
00387 c35-308    ./betwcent /work  Done                     11/12/2009 05:58:44
00388 c33-308    ./betwcent /work  Done                     11/12/2009 05:58:44
00389 c33-308    ./betwcent /work  Done                     11/12/2009 05:58:44
00390 c33-308    ./betwcent /work  Done                     11/12/2009 05:58:44
00391 c33-308    ./betwcent /work  Done                     11/12/2009 05:58:44
00392 c10-207    ./betwcent /work  Done                     11/12/2009 05:58:44
00393 c10-207    ./betwcent /work  Done                     11/12/2009 05:58:44
00394 c10-207    ./betwcent /work  Done                     11/12/2009 05:58:44
00395 c10-207    ./betwcent /work  Done                     11/12/2009 05:58:44
00396 c22-210    ./betwcent /work  Done                     11/12/2009 05:58:44
00397 c22-210    ./betwcent /work  Done                     11/12/2009 05:58:44
00398 c22-210    ./betwcent /work  Done                     11/12/2009 05:58:44
00399 c22-210    ./betwcent /work  Done                     11/12/2009 05:58:44

------------------------------------------------------------
Sender: LSF System <lsfadmin@c22-210>
Subject: Job 286752: <betwcentp400> Done

Job <betwcentp400> was submitted from host <lslogin1> by user <tg459476>.
Job was executed on host(s) <4*c22-210>, in queue <normal>, as user <tg459476>.
                            <4*c10-207>
                            <4*c33-308>
                            <4*c35-308>
                            <4*c14-203>
                            <4*c30-102>
                            <4*c25-101>
                            <4*c22-409>
                            <4*c36-103>
                            <4*c23-110>
                            <4*c33-409>
                            <4*c28-401>
                            <4*c21-203>
                            <4*c34-202>
                            <4*c23-305>
                            <4*c28-409>
                            <4*c15-108>
                            <4*c45-304>
                            <4*c30-106>
                            <4*c43-306>
                            <4*c42-106>
                            <4*c14-106>
                            <4*c30-408>
                            <4*c39-201>
                            <4*c20-103>
                            <4*c37-310>
                            <4*c13-309>
                            <4*c25-204>
                            <4*c27-101>
                            <4*c15-208>
                            <4*c39-307>
                            <4*c16-301>
                            <4*c35-305>
                            <4*c20-410>
                            <4*c20-201>
                            <4*c26-308>
                            <4*c17-206>
                            <4*c37-107>
                            <4*c11-110>
                            <4*c34-105>
                            <4*c30-407>
                            <4*c36-408>
                            <4*c31-108>
                            <4*c43-205>
                            <4*c21-207>
                            <4*c41-110>
                            <4*c23-402>
                            <4*c39-107>
                            <4*c44-208>
                            <4*c12-202>
                            <4*c17-202>
                            <4*c11-101>
                            <4*c39-410>
                            <4*c34-410>
                            <4*c24-106>
                            <4*c32-102>
                            <4*c25-303>
                            <4*c10-109>
                            <4*c37-410>
                            <4*c37-407>
                            <4*c24-104>
                            <4*c16-110>
                            <4*c18-208>
                            <4*c37-101>
                            <4*c43-105>
                            <4*c45-301>
                            <4*c14-204>
                            <4*c41-203>
                            <4*c15-103>
                            <4*c20-204>
                            <4*c26-202>
                            <4*c16-103>
                            <4*c25-105>
                            <4*c31-107>
                            <4*c34-210>
                            <4*c34-209>
                            <4*c31-202>
                            <4*c25-404>
                            <4*c33-101>
                            <4*c38-204>
                            <4*c17-210>
                            <4*c29-202>
                            <4*c40-302>
                            <4*c43-310>
                            <4*c34-101>
                            <4*c21-209>
                            <4*c26-203>
                            <4*c11-103>
                            <4*c18-107>
                            <4*c32-201>
                            <4*c43-110>
                            <4*c40-110>
                            <4*c25-202>
                            <4*c21-308>
                            <4*c15-106>
                            <4*c33-402>
                            <4*c20-202>
                            <4*c14-305>
                            <4*c21-406>
                            <4*c13-306>
</home/teragrid/tg459476> was used as the home directory.
</home/teragrid/tg459476/Release_PSpGEMM/PSpGEMM-R1/Applications> was used as the working directory.
Started at Thu Nov 12 05:55:18 2009
Results reported at Thu Nov 12 05:58:50 2009

Your job looked like:

------------------------------------------------------------
# LSBATCH: User input
#!/bin/tcsh 			  
				  # first line specifies shell
#BSUB -J betwcentp400 		  #name the job "jobname"
#BSUB -o out.o%J   		  #output->   out.o&ltjobID>
#BSUB -e err.o%J   		  #error -> error.o&ltjobID>
#BSUB -n 400 -W 0:10               #1 CPU cores and 0hr+15min
#BSUB -q normal                   #Use development queue.
#BSUB -R 'span[ptile=4]'	  # 4 MPI task per node
set echo                          #Echo all commands.
cd $LS_SUBCWD                     #cd to directory of submission
ibrun ./betwcent $WORK/SCALE20BTW-TRANSBOOL 12 512  # 16 processors on the row, each has batch=512/8=32; 2^12 = 4096 starting vertices overall

------------------------------------------------------------

Successfully completed.

Resource usage summary:

    CPU time   :  63928.24 sec.

The output (if any) is above this job summary.



PS:

Read file <err.o286752> for stderr output of this job.

