*** Batchsize is not evenly divisible by the grid dimension ***
*** Processing 4092 vertices instead
Batch processing will occur 4 times, each processing 1023 vertices (overall)
Candidates chosen, precomputation finished
Exploring via BFS...
Tallying...
Adding bc contributions...
Exploring via BFS...
Tallying...
Adding bc contributions...
Exploring via BFS...
Tallying...
Adding bc contributions...
Exploring via BFS...
Tallying...
Adding bc contributions...
Computation finished
77.195458 seconds elapsed for 4092 starting vertices
TEPS score is: 106109203.353152
Job  mvapich_wrapper /opt/lsf/bin/TaskStarter -p c31-406:56493 -c /opt/lsf/conf -a X86_64 ./betwcent /work/teragrid/tg459476/SCALE18BTW-TRANSBOOL 12 1024

TID   HOST_NAME   COMMAND_LINE            STATUS            TERMINATION_TIME
===== ========== ================  =======================  ===================
00000 c15-102    ./betwcent /work  Done                     11/08/2009 20:46:56
00001 c33-110    ./betwcent /work  Done                     11/08/2009 20:46:56
00002 c33-110    ./betwcent /work  Done                     11/08/2009 20:46:56
00003 c33-110    ./betwcent /work  Done                     11/08/2009 20:46:56
00004 c33-110    ./betwcent /work  Done                     11/08/2009 20:46:56
00005 c28-201    ./betwcent /work  Done                     11/08/2009 20:46:56
00006 c28-201    ./betwcent /work  Done                     11/08/2009 20:46:56
00007 c28-201    ./betwcent /work  Done                     11/08/2009 20:46:56
00008 c28-201    ./betwcent /work  Done                     11/08/2009 20:46:56
00009 c20-406    ./betwcent /work  Done                     11/08/2009 20:46:56
00010 c20-406    ./betwcent /work  Done                     11/08/2009 20:46:56
00011 c20-406    ./betwcent /work  Done                     11/08/2009 20:46:56
00012 c20-406    ./betwcent /work  Done                     11/08/2009 20:46:56
00013 c22-302    ./betwcent /work  Done                     11/08/2009 20:46:56
00014 c22-302    ./betwcent /work  Done                     11/08/2009 20:46:56
00015 c22-302    ./betwcent /work  Done                     11/08/2009 20:46:56
00016 c22-302    ./betwcent /work  Done                     11/08/2009 20:46:56
00017 c36-401    ./betwcent /work  Done                     11/08/2009 20:46:56
00018 c36-401    ./betwcent /work  Done                     11/08/2009 20:46:56
00019 c36-401    ./betwcent /work  Done                     11/08/2009 20:46:56
00020 c36-401    ./betwcent /work  Done                     11/08/2009 20:46:56
00021 c38-105    ./betwcent /work  Done                     11/08/2009 20:46:56
00022 c38-105    ./betwcent /work  Done                     11/08/2009 20:46:56
00023 c38-105    ./betwcent /work  Done                     11/08/2009 20:46:56
00024 c38-105    ./betwcent /work  Done                     11/08/2009 20:46:56
00025 c20-408    ./betwcent /work  Done                     11/08/2009 20:46:56
00026 c20-408    ./betwcent /work  Done                     11/08/2009 20:46:56
00027 c20-408    ./betwcent /work  Done                     11/08/2009 20:46:56
00028 c20-408    ./betwcent /work  Done                     11/08/2009 20:46:56
00029 c27-304    ./betwcent /work  Done                     11/08/2009 20:46:56
00030 c27-304    ./betwcent /work  Done                     11/08/2009 20:46:56
00031 c27-304    ./betwcent /work  Done                     11/08/2009 20:46:56
00032 c27-304    ./betwcent /work  Done                     11/08/2009 20:46:56
00033 c36-101    ./betwcent /work  Done                     11/08/2009 20:46:56
00034 c36-101    ./betwcent /work  Done                     11/08/2009 20:46:56
00035 c36-101    ./betwcent /work  Done                     11/08/2009 20:46:56
00036 c36-101    ./betwcent /work  Done                     11/08/2009 20:46:56
00037 c12-205    ./betwcent /work  Done                     11/08/2009 20:46:56
00038 c12-205    ./betwcent /work  Done                     11/08/2009 20:46:56
00039 c12-205    ./betwcent /work  Done                     11/08/2009 20:46:56
00040 c12-205    ./betwcent /work  Done                     11/08/2009 20:46:56
00041 c25-406    ./betwcent /work  Done                     11/08/2009 20:46:56
00042 c25-406    ./betwcent /work  Done                     11/08/2009 20:46:56
00043 c25-406    ./betwcent /work  Done                     11/08/2009 20:46:56
00044 c25-406    ./betwcent /work  Done                     11/08/2009 20:46:56
00045 c22-206    ./betwcent /work  Done                     11/08/2009 20:46:56
00046 c22-206    ./betwcent /work  Done                     11/08/2009 20:46:56
00047 c22-206    ./betwcent /work  Done                     11/08/2009 20:46:56
00048 c22-206    ./betwcent /work  Done                     11/08/2009 20:46:56
00049 c22-308    ./betwcent /work  Done                     11/08/2009 20:46:56
00050 c22-308    ./betwcent /work  Done                     11/08/2009 20:46:56
00051 c22-308    ./betwcent /work  Done                     11/08/2009 20:46:56
00052 c22-308    ./betwcent /work  Done                     11/08/2009 20:46:56
00053 c17-103    ./betwcent /work  Done                     11/08/2009 20:46:56
00054 c17-103    ./betwcent /work  Done                     11/08/2009 20:46:56
00055 c17-103    ./betwcent /work  Done                     11/08/2009 20:46:56
00056 c17-103    ./betwcent /work  Done                     11/08/2009 20:46:56
00057 c14-208    ./betwcent /work  Done                     11/08/2009 20:46:56
00058 c14-208    ./betwcent /work  Done                     11/08/2009 20:46:56
00059 c14-208    ./betwcent /work  Done                     11/08/2009 20:46:56
00060 c14-208    ./betwcent /work  Done                     11/08/2009 20:46:56
00061 c40-205    ./betwcent /work  Done                     11/08/2009 20:46:56
00062 c40-205    ./betwcent /work  Done                     11/08/2009 20:46:56
00063 c40-205    ./betwcent /work  Done                     11/08/2009 20:46:56
00064 c40-205    ./betwcent /work  Done                     11/08/2009 20:46:56
00065 c35-106    ./betwcent /work  Done                     11/08/2009 20:46:56
00066 c35-106    ./betwcent /work  Done                     11/08/2009 20:46:56
00067 c35-106    ./betwcent /work  Done                     11/08/2009 20:46:56
00068 c35-106    ./betwcent /work  Done                     11/08/2009 20:46:56
00069 c31-403    ./betwcent /work  Done                     11/08/2009 20:46:56
00070 c31-403    ./betwcent /work  Done                     11/08/2009 20:46:56
00071 c31-403    ./betwcent /work  Done                     11/08/2009 20:46:56
00072 c31-403    ./betwcent /work  Done                     11/08/2009 20:46:56
00073 c41-407    ./betwcent /work  Done                     11/08/2009 20:46:56
00074 c41-407    ./betwcent /work  Done                     11/08/2009 20:46:56
00075 c41-407    ./betwcent /work  Done                     11/08/2009 20:46:56
00076 c41-407    ./betwcent /work  Done                     11/08/2009 20:46:56
00077 c38-407    ./betwcent /work  Done                     11/08/2009 20:46:56
00078 c38-407    ./betwcent /work  Done                     11/08/2009 20:46:56
00079 c38-407    ./betwcent /work  Done                     11/08/2009 20:46:56
00080 c38-407    ./betwcent /work  Done                     11/08/2009 20:46:56
00081 c34-405    ./betwcent /work  Done                     11/08/2009 20:46:56
00082 c34-405    ./betwcent /work  Done                     11/08/2009 20:46:56
00083 c34-405    ./betwcent /work  Done                     11/08/2009 20:46:56
00084 c34-405    ./betwcent /work  Done                     11/08/2009 20:46:56
00085 c14-210    ./betwcent /work  Done                     11/08/2009 20:46:56
00086 c14-210    ./betwcent /work  Done                     11/08/2009 20:46:56
00087 c14-210    ./betwcent /work  Done                     11/08/2009 20:46:56
00088 c14-210    ./betwcent /work  Done                     11/08/2009 20:46:56
00089 c34-204    ./betwcent /work  Done                     11/08/2009 20:46:56
00090 c34-204    ./betwcent /work  Done                     11/08/2009 20:46:56
00091 c34-204    ./betwcent /work  Done                     11/08/2009 20:46:56
00092 c34-204    ./betwcent /work  Done                     11/08/2009 20:46:56
00093 c35-102    ./betwcent /work  Done                     11/08/2009 20:46:56
00094 c35-102    ./betwcent /work  Done                     11/08/2009 20:46:56
00095 c35-102    ./betwcent /work  Done                     11/08/2009 20:46:56
00096 c35-102    ./betwcent /work  Done                     11/08/2009 20:46:56
00097 c41-202    ./betwcent /work  Done                     11/08/2009 20:46:56
00098 c41-202    ./betwcent /work  Done                     11/08/2009 20:46:56
00099 c41-202    ./betwcent /work  Done                     11/08/2009 20:46:56
00100 c41-202    ./betwcent /work  Done                     11/08/2009 20:46:56
00101 c26-302    ./betwcent /work  Done                     11/08/2009 20:46:56
00102 c26-302    ./betwcent /work  Done                     11/08/2009 20:46:56
00103 c26-302    ./betwcent /work  Done                     11/08/2009 20:46:56
00104 c26-302    ./betwcent /work  Done                     11/08/2009 20:46:56
00105 c34-308    ./betwcent /work  Done                     11/08/2009 20:46:56
00106 c34-308    ./betwcent /work  Done                     11/08/2009 20:46:56
00107 c34-308    ./betwcent /work  Done                     11/08/2009 20:46:56
00108 c34-308    ./betwcent /work  Done                     11/08/2009 20:46:56
00109 c41-308    ./betwcent /work  Done                     11/08/2009 20:46:56
00110 c41-308    ./betwcent /work  Done                     11/08/2009 20:46:56
00111 c41-308    ./betwcent /work  Done                     11/08/2009 20:46:56
00112 c41-308    ./betwcent /work  Done                     11/08/2009 20:46:56
00113 c16-301    ./betwcent /work  Done                     11/08/2009 20:46:56
00114 c16-301    ./betwcent /work  Done                     11/08/2009 20:46:56
00115 c16-301    ./betwcent /work  Done                     11/08/2009 20:46:56
00116 c16-301    ./betwcent /work  Done                     11/08/2009 20:46:56
00117 c31-406    ./betwcent /work  Done                     11/08/2009 20:46:56
00118 c31-406    ./betwcent /work  Done                     11/08/2009 20:46:56
00119 c31-406    ./betwcent /work  Done                     11/08/2009 20:46:56
00120 c31-406    ./betwcent /work  Done                     11/08/2009 20:46:56

------------------------------------------------------------
Sender: LSF System <lsfadmin@c31-406>
Subject: Job 279671: <betwcentp121> Done

Job <betwcentp121> was submitted from host <lslogin1> by user <tg459476>.
Job was executed on host(s) <4*c31-406>, in queue <normal>, as user <tg459476>.
                            <4*c16-301>
                            <4*c41-308>
                            <4*c34-308>
                            <4*c26-302>
                            <4*c41-202>
                            <4*c35-102>
                            <4*c34-204>
                            <4*c14-210>
                            <4*c34-405>
                            <4*c38-407>
                            <4*c41-407>
                            <4*c31-403>
                            <4*c35-106>
                            <4*c40-205>
                            <4*c14-208>
                            <4*c17-103>
                            <4*c22-308>
                            <4*c22-206>
                            <4*c25-406>
                            <4*c12-205>
                            <4*c36-101>
                            <4*c27-304>
                            <4*c20-408>
                            <4*c38-105>
                            <4*c36-401>
                            <4*c22-302>
                            <4*c20-406>
                            <4*c28-201>
                            <4*c33-110>
                            <1*c15-102>
</home/teragrid/tg459476> was used as the home directory.
</home/teragrid/tg459476/Release_PSpGEMM/PSpGEMM-R1/Applications> was used as the working directory.
Started at Sun Nov  8 20:45:01 2009
Results reported at Sun Nov  8 20:46:59 2009

Your job looked like:

------------------------------------------------------------
# LSBATCH: User input
#!/bin/tcsh 			  
				  # first line specifies shell
#BSUB -J betwcentp121 		  #name the job "jobname"
#BSUB -o out.o%J   		  #output->   out.o&ltjobID>
#BSUB -e err.o%J   		  #error -> error.o&ltjobID>
#BSUB -n 121 -W 0:10               #1 CPU cores and 0hr+15min
#BSUB -q normal                   #Use development queue.
#BSUB -R 'span[ptile=4]'	  # 4 MPI task per node
set echo                          #Echo all commands.
cd $LS_SUBCWD                     #cd to directory of submission
ibrun ./betwcent $WORK/SCALE18BTW-TRANSBOOL 12 1024  # 16 processors on the row, each has batch=512/8=32; 2^12 = 4096 starting vertices overall

------------------------------------------------------------

Successfully completed.

Resource usage summary:

    CPU time   :   9944.27 sec.

The output (if any) is above this job summary.



PS:

Read file <err.o279671> for stderr output of this job.

