*** Batchsize is not evenly divisible by the grid dimension ***
*** Processing 4032 vertices instead
Batch processing will occur 16 times, each processing 252 vertices (overall)
Candidates chosen, precomputation finished
Exploring via BFS...
Tallying...
Adding bc contributions...
Exploring via BFS...
Tallying...
Adding bc contributions...
Exploring via BFS...
Tallying...
Adding bc contributions...
Exploring via BFS...
Tallying...
Adding bc contributions...
Exploring via BFS...
Tallying...
Adding bc contributions...
Exploring via BFS...
Tallying...
Adding bc contributions...
Exploring via BFS...
Tallying...
Adding bc contributions...
Exploring via BFS...
Tallying...
Adding bc contributions...
Exploring via BFS...
Tallying...
Adding bc contributions...
Exploring via BFS...
Tallying...
Adding bc contributions...
Exploring via BFS...
Tallying...
Adding bc contributions...
Exploring via BFS...
Tallying...
Adding bc contributions...
Exploring via BFS...
Tallying...
Adding bc contributions...
Exploring via BFS...
Tallying...
Adding bc contributions...
Exploring via BFS...
Tallying...
Adding bc contributions...
Exploring via BFS...
Tallying...
Adding bc contributions...
Computation finished
71.968741 seconds elapsed for 4032 starting vertices
TEPS score is: 112146523.484665
Job  mvapich_wrapper /opt/lsf/bin/TaskStarter -p c40-405:34767 -c /opt/lsf/conf -a X86_64 ./betwcent /work/teragrid/tg459476/SCALE18BTW-TRANSBOOL 12 256

TID   HOST_NAME   COMMAND_LINE            STATUS            TERMINATION_TIME
===== ========== ================  =======================  ===================
00000 c29-109    ./betwcent /work  Done                     11/05/2009 22:32:06
00001 c29-109    ./betwcent /work  Done                     11/05/2009 22:32:06
00002 c29-109    ./betwcent /work  Done                     11/05/2009 22:32:06
00003 c29-109    ./betwcent /work  Done                     11/05/2009 22:32:06
00004 c40-410    ./betwcent /work  Done                     11/05/2009 22:32:06
00005 c40-410    ./betwcent /work  Done                     11/05/2009 22:32:06
00006 c40-410    ./betwcent /work  Done                     11/05/2009 22:32:06
00007 c40-410    ./betwcent /work  Done                     11/05/2009 22:32:06
00008 c28-204    ./betwcent /work  Done                     11/05/2009 22:32:06
00009 c28-204    ./betwcent /work  Done                     11/05/2009 22:32:06
00010 c28-204    ./betwcent /work  Done                     11/05/2009 22:32:06
00011 c28-204    ./betwcent /work  Done                     11/05/2009 22:32:06
00012 c38-401    ./betwcent /work  Done                     11/05/2009 22:32:06
00013 c38-401    ./betwcent /work  Done                     11/05/2009 22:32:06
00014 c38-401    ./betwcent /work  Done                     11/05/2009 22:32:06
00015 c38-401    ./betwcent /work  Done                     11/05/2009 22:32:06
00016 c27-402    ./betwcent /work  Done                     11/05/2009 22:32:06
00017 c27-402    ./betwcent /work  Done                     11/05/2009 22:32:06
00018 c27-402    ./betwcent /work  Done                     11/05/2009 22:32:06
00019 c27-402    ./betwcent /work  Done                     11/05/2009 22:32:06
00020 c22-407    ./betwcent /work  Done                     11/05/2009 22:32:06
00021 c22-407    ./betwcent /work  Done                     11/05/2009 22:32:06
00022 c22-407    ./betwcent /work  Done                     11/05/2009 22:32:06
00023 c22-407    ./betwcent /work  Done                     11/05/2009 22:32:06
00024 c37-404    ./betwcent /work  Done                     11/05/2009 22:32:06
00025 c37-404    ./betwcent /work  Done                     11/05/2009 22:32:06
00026 c37-404    ./betwcent /work  Done                     11/05/2009 22:32:06
00027 c37-404    ./betwcent /work  Done                     11/05/2009 22:32:06
00028 c13-304    ./betwcent /work  Done                     11/05/2009 22:32:06
00029 c13-304    ./betwcent /work  Done                     11/05/2009 22:32:06
00030 c13-304    ./betwcent /work  Done                     11/05/2009 22:32:06
00031 c13-304    ./betwcent /work  Done                     11/05/2009 22:32:06
00032 c37-305    ./betwcent /work  Done                     11/05/2009 22:32:06
00033 c37-305    ./betwcent /work  Done                     11/05/2009 22:32:06
00034 c37-305    ./betwcent /work  Done                     11/05/2009 22:32:06
00035 c37-305    ./betwcent /work  Done                     11/05/2009 22:32:06
00036 c23-409    ./betwcent /work  Done                     11/05/2009 22:32:06
00037 c23-409    ./betwcent /work  Done                     11/05/2009 22:32:06
00038 c23-409    ./betwcent /work  Done                     11/05/2009 22:32:06
00039 c23-409    ./betwcent /work  Done                     11/05/2009 22:32:06
00040 c23-304    ./betwcent /work  Done                     11/05/2009 22:32:06
00041 c23-304    ./betwcent /work  Done                     11/05/2009 22:32:06
00042 c23-304    ./betwcent /work  Done                     11/05/2009 22:32:06
00043 c23-304    ./betwcent /work  Done                     11/05/2009 22:32:06
00044 c45-408    ./betwcent /work  Done                     11/05/2009 22:32:06
00045 c45-408    ./betwcent /work  Done                     11/05/2009 22:32:06
00046 c45-408    ./betwcent /work  Done                     11/05/2009 22:32:06
00047 c45-408    ./betwcent /work  Done                     11/05/2009 22:32:06
00048 c34-106    ./betwcent /work  Done                     11/05/2009 22:32:06
00049 c34-106    ./betwcent /work  Done                     11/05/2009 22:32:06
00050 c34-106    ./betwcent /work  Done                     11/05/2009 22:32:06
00051 c34-106    ./betwcent /work  Done                     11/05/2009 22:32:06
00052 c20-305    ./betwcent /work  Done                     11/05/2009 22:32:06
00053 c20-305    ./betwcent /work  Done                     11/05/2009 22:32:06
00054 c20-305    ./betwcent /work  Done                     11/05/2009 22:32:06
00055 c20-305    ./betwcent /work  Done                     11/05/2009 22:32:06
00056 c14-306    ./betwcent /work  Done                     11/05/2009 22:32:06
00057 c14-306    ./betwcent /work  Done                     11/05/2009 22:32:06
00058 c14-306    ./betwcent /work  Done                     11/05/2009 22:32:06
00059 c14-306    ./betwcent /work  Done                     11/05/2009 22:32:06
00060 c37-106    ./betwcent /work  Done                     11/05/2009 22:32:06
00061 c37-106    ./betwcent /work  Done                     11/05/2009 22:32:06
00062 c37-106    ./betwcent /work  Done                     11/05/2009 22:32:06
00063 c37-106    ./betwcent /work  Done                     11/05/2009 22:32:06
00064 c24-410    ./betwcent /work  Done                     11/05/2009 22:32:06
00065 c24-410    ./betwcent /work  Done                     11/05/2009 22:32:06
00066 c24-410    ./betwcent /work  Done                     11/05/2009 22:32:06
00067 c24-410    ./betwcent /work  Done                     11/05/2009 22:32:06
00068 c35-202    ./betwcent /work  Done                     11/05/2009 22:32:06
00069 c35-202    ./betwcent /work  Done                     11/05/2009 22:32:06
00070 c35-202    ./betwcent /work  Done                     11/05/2009 22:32:06
00071 c35-202    ./betwcent /work  Done                     11/05/2009 22:32:06
00072 c39-202    ./betwcent /work  Done                     11/05/2009 22:32:06
00073 c39-202    ./betwcent /work  Done                     11/05/2009 22:32:06
00074 c39-202    ./betwcent /work  Done                     11/05/2009 22:32:06
00075 c39-202    ./betwcent /work  Done                     11/05/2009 22:32:06
00076 c22-110    ./betwcent /work  Done                     11/05/2009 22:32:06
00077 c22-110    ./betwcent /work  Done                     11/05/2009 22:32:06
00078 c22-110    ./betwcent /work  Done                     11/05/2009 22:32:06
00079 c22-110    ./betwcent /work  Done                     11/05/2009 22:32:06
00080 c27-203    ./betwcent /work  Done                     11/05/2009 22:32:06
00081 c27-203    ./betwcent /work  Done                     11/05/2009 22:32:06
00082 c27-203    ./betwcent /work  Done                     11/05/2009 22:32:06
00083 c27-203    ./betwcent /work  Done                     11/05/2009 22:32:06
00084 c24-301    ./betwcent /work  Done                     11/05/2009 22:32:06
00085 c24-301    ./betwcent /work  Done                     11/05/2009 22:32:06
00086 c24-301    ./betwcent /work  Done                     11/05/2009 22:32:06
00087 c24-301    ./betwcent /work  Done                     11/05/2009 22:32:06
00088 c10-106    ./betwcent /work  Done                     11/05/2009 22:32:06
00089 c10-106    ./betwcent /work  Done                     11/05/2009 22:32:06
00090 c10-106    ./betwcent /work  Done                     11/05/2009 22:32:06
00091 c10-106    ./betwcent /work  Done                     11/05/2009 22:32:06
00092 c39-302    ./betwcent /work  Done                     11/05/2009 22:32:06
00093 c39-302    ./betwcent /work  Done                     11/05/2009 22:32:06
00094 c39-302    ./betwcent /work  Done                     11/05/2009 22:32:06
00095 c39-302    ./betwcent /work  Done                     11/05/2009 22:32:06
00096 c11-104    ./betwcent /work  Done                     11/05/2009 22:32:06
00097 c11-104    ./betwcent /work  Done                     11/05/2009 22:32:06
00098 c11-104    ./betwcent /work  Done                     11/05/2009 22:32:06
00099 c11-104    ./betwcent /work  Done                     11/05/2009 22:32:06
00100 c36-105    ./betwcent /work  Done                     11/05/2009 22:32:06
00101 c36-105    ./betwcent /work  Done                     11/05/2009 22:32:06
00102 c36-105    ./betwcent /work  Done                     11/05/2009 22:32:06
00103 c36-105    ./betwcent /work  Done                     11/05/2009 22:32:06
00104 c31-207    ./betwcent /work  Done                     11/05/2009 22:32:06
00105 c31-207    ./betwcent /work  Done                     11/05/2009 22:32:06
00106 c31-207    ./betwcent /work  Done                     11/05/2009 22:32:06
00107 c31-207    ./betwcent /work  Done                     11/05/2009 22:32:06
00108 c37-101    ./betwcent /work  Done                     11/05/2009 22:32:06
00109 c37-101    ./betwcent /work  Done                     11/05/2009 22:32:06
00110 c37-101    ./betwcent /work  Done                     11/05/2009 22:32:06
00111 c37-101    ./betwcent /work  Done                     11/05/2009 22:32:06
00112 c32-106    ./betwcent /work  Done                     11/05/2009 22:32:06
00113 c32-106    ./betwcent /work  Done                     11/05/2009 22:32:06
00114 c32-106    ./betwcent /work  Done                     11/05/2009 22:32:06
00115 c32-106    ./betwcent /work  Done                     11/05/2009 22:32:06
00116 c37-109    ./betwcent /work  Done                     11/05/2009 22:32:06
00117 c37-109    ./betwcent /work  Done                     11/05/2009 22:32:06
00118 c37-109    ./betwcent /work  Done                     11/05/2009 22:32:06
00119 c37-109    ./betwcent /work  Done                     11/05/2009 22:32:06
00120 c14-310    ./betwcent /work  Done                     11/05/2009 22:32:06
00121 c14-310    ./betwcent /work  Done                     11/05/2009 22:32:06
00122 c14-310    ./betwcent /work  Done                     11/05/2009 22:32:06
00123 c14-310    ./betwcent /work  Done                     11/05/2009 22:32:06
00124 c41-107    ./betwcent /work  Done                     11/05/2009 22:32:06
00125 c41-107    ./betwcent /work  Done                     11/05/2009 22:32:06
00126 c41-107    ./betwcent /work  Done                     11/05/2009 22:32:06
00127 c41-107    ./betwcent /work  Done                     11/05/2009 22:32:06
00128 c44-406    ./betwcent /work  Done                     11/05/2009 22:32:06
00129 c44-406    ./betwcent /work  Done                     11/05/2009 22:32:06
00130 c44-406    ./betwcent /work  Done                     11/05/2009 22:32:06
00131 c44-406    ./betwcent /work  Done                     11/05/2009 22:32:06
00132 c16-110    ./betwcent /work  Done                     11/05/2009 22:32:06
00133 c16-110    ./betwcent /work  Done                     11/05/2009 22:32:06
00134 c16-110    ./betwcent /work  Done                     11/05/2009 22:32:06
00135 c16-110    ./betwcent /work  Done                     11/05/2009 22:32:06
00136 c45-305    ./betwcent /work  Done                     11/05/2009 22:32:06
00137 c45-305    ./betwcent /work  Done                     11/05/2009 22:32:06
00138 c45-305    ./betwcent /work  Done                     11/05/2009 22:32:06
00139 c45-305    ./betwcent /work  Done                     11/05/2009 22:32:06
00140 c43-202    ./betwcent /work  Done                     11/05/2009 22:32:06
00141 c43-202    ./betwcent /work  Done                     11/05/2009 22:32:06
00142 c43-202    ./betwcent /work  Done                     11/05/2009 22:32:06
00143 c43-202    ./betwcent /work  Done                     11/05/2009 22:32:06
00144 c27-108    ./betwcent /work  Done                     11/05/2009 22:32:06
00145 c27-108    ./betwcent /work  Done                     11/05/2009 22:32:06
00146 c27-108    ./betwcent /work  Done                     11/05/2009 22:32:06
00147 c27-108    ./betwcent /work  Done                     11/05/2009 22:32:06
00148 c38-409    ./betwcent /work  Done                     11/05/2009 22:32:06
00149 c38-409    ./betwcent /work  Done                     11/05/2009 22:32:06
00150 c38-409    ./betwcent /work  Done                     11/05/2009 22:32:06
00151 c38-409    ./betwcent /work  Done                     11/05/2009 22:32:06
00152 c13-104    ./betwcent /work  Done                     11/05/2009 22:32:06
00153 c13-104    ./betwcent /work  Done                     11/05/2009 22:32:06
00154 c13-104    ./betwcent /work  Done                     11/05/2009 22:32:06
00155 c13-104    ./betwcent /work  Done                     11/05/2009 22:32:06
00156 c20-308    ./betwcent /work  Done                     11/05/2009 22:32:06
00157 c20-308    ./betwcent /work  Done                     11/05/2009 22:32:06
00158 c20-308    ./betwcent /work  Done                     11/05/2009 22:32:06
00159 c20-308    ./betwcent /work  Done                     11/05/2009 22:32:06
00160 c45-405    ./betwcent /work  Done                     11/05/2009 22:32:06
00161 c45-405    ./betwcent /work  Done                     11/05/2009 22:32:06
00162 c45-405    ./betwcent /work  Done                     11/05/2009 22:32:06
00163 c45-405    ./betwcent /work  Done                     11/05/2009 22:32:06
00164 c35-210    ./betwcent /work  Done                     11/05/2009 22:32:06
00165 c35-210    ./betwcent /work  Done                     11/05/2009 22:32:06
00166 c35-210    ./betwcent /work  Done                     11/05/2009 22:32:06
00167 c35-210    ./betwcent /work  Done                     11/05/2009 22:32:06
00168 c20-301    ./betwcent /work  Done                     11/05/2009 22:32:06
00169 c20-301    ./betwcent /work  Done                     11/05/2009 22:32:06
00170 c20-301    ./betwcent /work  Done                     11/05/2009 22:32:06
00171 c20-301    ./betwcent /work  Done                     11/05/2009 22:32:06
00172 c32-209    ./betwcent /work  Done                     11/05/2009 22:32:06
00173 c32-209    ./betwcent /work  Done                     11/05/2009 22:32:06
00174 c32-209    ./betwcent /work  Done                     11/05/2009 22:32:06
00175 c32-209    ./betwcent /work  Done                     11/05/2009 22:32:06
00176 c18-201    ./betwcent /work  Done                     11/05/2009 22:32:06
00177 c18-201    ./betwcent /work  Done                     11/05/2009 22:32:06
00178 c18-201    ./betwcent /work  Done                     11/05/2009 22:32:06
00179 c18-201    ./betwcent /work  Done                     11/05/2009 22:32:06
00180 c30-308    ./betwcent /work  Done                     11/05/2009 22:32:06
00181 c30-308    ./betwcent /work  Done                     11/05/2009 22:32:06
00182 c30-308    ./betwcent /work  Done                     11/05/2009 22:32:06
00183 c30-308    ./betwcent /work  Done                     11/05/2009 22:32:06
00184 c26-309    ./betwcent /work  Done                     11/05/2009 22:32:06
00185 c26-309    ./betwcent /work  Done                     11/05/2009 22:32:06
00186 c26-309    ./betwcent /work  Done                     11/05/2009 22:32:06
00187 c26-309    ./betwcent /work  Done                     11/05/2009 22:32:06
00188 c15-301    ./betwcent /work  Done                     11/05/2009 22:32:06
00189 c15-301    ./betwcent /work  Done                     11/05/2009 22:32:06
00190 c15-301    ./betwcent /work  Done                     11/05/2009 22:32:06
00191 c15-301    ./betwcent /work  Done                     11/05/2009 22:32:06
00192 c40-405    ./betwcent /work  Done                     11/05/2009 22:32:06
00193 c40-405    ./betwcent /work  Done                     11/05/2009 22:32:06
00194 c40-405    ./betwcent /work  Done                     11/05/2009 22:32:06
00195 c40-405    ./betwcent /work  Done                     11/05/2009 22:32:06

------------------------------------------------------------
Sender: LSF System <lsfadmin@c40-405>
Subject: Job 276328: <betwcentp196> Done

Job <betwcentp196> was submitted from host <lslogin1> by user <tg459476>.
Job was executed on host(s) <4*c40-405>, in queue <normal>, as user <tg459476>.
                            <4*c15-301>
                            <4*c26-309>
                            <4*c30-308>
                            <4*c18-201>
                            <4*c32-209>
                            <4*c20-301>
                            <4*c35-210>
                            <4*c45-405>
                            <4*c20-308>
                            <4*c13-104>
                            <4*c38-409>
                            <4*c27-108>
                            <4*c43-202>
                            <4*c45-305>
                            <4*c16-110>
                            <4*c44-406>
                            <4*c41-107>
                            <4*c14-310>
                            <4*c37-109>
                            <4*c32-106>
                            <4*c37-101>
                            <4*c31-207>
                            <4*c36-105>
                            <4*c11-104>
                            <4*c39-302>
                            <4*c10-106>
                            <4*c24-301>
                            <4*c27-203>
                            <4*c22-110>
                            <4*c39-202>
                            <4*c35-202>
                            <4*c24-410>
                            <4*c37-106>
                            <4*c14-306>
                            <4*c20-305>
                            <4*c34-106>
                            <4*c45-408>
                            <4*c23-304>
                            <4*c23-409>
                            <4*c37-305>
                            <4*c13-304>
                            <4*c37-404>
                            <4*c22-407>
                            <4*c27-402>
                            <4*c38-401>
                            <4*c28-204>
                            <4*c40-410>
                            <4*c29-109>
</home/teragrid/tg459476> was used as the home directory.
</home/teragrid/tg459476/Release_PSpGEMM/PSpGEMM-R1/Applications> was used as the working directory.
Started at Thu Nov  5 22:30:18 2009
Results reported at Thu Nov  5 22:32:09 2009

Your job looked like:

------------------------------------------------------------
# LSBATCH: User input
#!/bin/tcsh 			  
				  # first line specifies shell
#BSUB -J betwcentp196 		  #name the job "jobname"
#BSUB -o out.o%J   		  #output->   out.o&ltjobID>
#BSUB -e err.o%J   		  #error -> error.o&ltjobID>
#BSUB -n 196 -W 0:10               #1 CPU cores and 0hr+15min
#BSUB -q normal                   #Use development queue.
#BSUB -R 'span[ptile=4]'	  # 4 MPI task per node
set echo                          #Echo all commands.
cd $LS_SUBCWD                     #cd to directory of submission
ibrun ./betwcent $WORK/SCALE18BTW-TRANSBOOL 12 256  # 8 processors on the row, each has batch=256/8=32; 2^12 = 4096 starting vertices overall

------------------------------------------------------------

Successfully completed.

Resource usage summary:

    CPU time   :  14778.16 sec.

The output (if any) is above this job summary.



PS:

Read file <err.o276328> for stderr output of this job.

