Batch processing will occur 16 times, each processing 256 vertices (overall)
Candidates chosen, precomputation finished
Exploring via BFS...
Tallying...
Adding bc contributions...
Exploring via BFS...
Tallying...
Adding bc contributions...
Exploring via BFS...
Tallying...
Adding bc contributions...
Exploring via BFS...
Tallying...
Adding bc contributions...
Exploring via BFS...
Tallying...
Adding bc contributions...
Exploring via BFS...
Tallying...
Adding bc contributions...
Exploring via BFS...
Tallying...
Adding bc contributions...
Exploring via BFS...
Tallying...
Adding bc contributions...
Exploring via BFS...
Tallying...
Adding bc contributions...
Exploring via BFS...
Tallying...
Adding bc contributions...
Exploring via BFS...
Tallying...
Adding bc contributions...
Exploring via BFS...
Tallying...
Adding bc contributions...
Exploring via BFS...
Tallying...
Adding bc contributions...
Exploring via BFS...
Tallying...
Adding bc contributions...
Exploring via BFS...
Tallying...
Adding bc contributions...
Exploring via BFS...
Tallying...
Adding bc contributions...
Computation finished
64.939400 seconds elapsed for 4096 starting vertices
TEPS score is: 126258568.561517
Job  mvapich_wrapper /opt/lsf/bin/TaskStarter -p c14-306:38584 -c /opt/lsf/conf -a X86_64 ./betwcent /work/teragrid/tg459476/SCALE18BTW-TRANSBOOL 12 256

TID   HOST_NAME   COMMAND_LINE            STATUS            TERMINATION_TIME
===== ========== ================  =======================  ===================
00000 c34-106    ./betwcent /work  Done                     11/05/2009 22:39:00
00001 c34-106    ./betwcent /work  Done                     11/05/2009 22:39:00
00002 c34-106    ./betwcent /work  Done                     11/05/2009 22:39:00
00003 c34-106    ./betwcent /work  Done                     11/05/2009 22:39:00
00004 c44-406    ./betwcent /work  Done                     11/05/2009 22:39:00
00005 c44-406    ./betwcent /work  Done                     11/05/2009 22:39:00
00006 c44-406    ./betwcent /work  Done                     11/05/2009 22:39:00
00007 c44-406    ./betwcent /work  Done                     11/05/2009 22:39:00
00008 c39-302    ./betwcent /work  Done                     11/05/2009 22:39:00
00009 c39-302    ./betwcent /work  Done                     11/05/2009 22:39:00
00010 c39-302    ./betwcent /work  Done                     11/05/2009 22:39:00
00011 c39-302    ./betwcent /work  Done                     11/05/2009 22:39:00
00012 c39-305    ./betwcent /work  Done                     11/05/2009 22:39:00
00013 c39-305    ./betwcent /work  Done                     11/05/2009 22:39:00
00014 c39-305    ./betwcent /work  Done                     11/05/2009 22:39:00
00015 c39-305    ./betwcent /work  Done                     11/05/2009 22:39:00
00016 c15-301    ./betwcent /work  Done                     11/05/2009 22:39:00
00017 c15-301    ./betwcent /work  Done                     11/05/2009 22:39:00
00018 c15-301    ./betwcent /work  Done                     11/05/2009 22:39:00
00019 c15-301    ./betwcent /work  Done                     11/05/2009 22:39:00
00020 c19-206    ./betwcent /work  Done                     11/05/2009 22:39:00
00021 c19-206    ./betwcent /work  Done                     11/05/2009 22:39:00
00022 c19-206    ./betwcent /work  Done                     11/05/2009 22:39:00
00023 c19-206    ./betwcent /work  Done                     11/05/2009 22:39:00
00024 c27-110    ./betwcent /work  Done                     11/05/2009 22:39:00
00025 c27-110    ./betwcent /work  Done                     11/05/2009 22:39:00
00026 c27-110    ./betwcent /work  Done                     11/05/2009 22:39:00
00027 c27-110    ./betwcent /work  Done                     11/05/2009 22:39:00
00028 c45-408    ./betwcent /work  Done                     11/05/2009 22:39:00
00029 c45-408    ./betwcent /work  Done                     11/05/2009 22:39:00
00030 c45-408    ./betwcent /work  Done                     11/05/2009 22:39:00
00031 c45-408    ./betwcent /work  Done                     11/05/2009 22:39:00
00032 c40-405    ./betwcent /work  Done                     11/05/2009 22:39:00
00033 c40-405    ./betwcent /work  Done                     11/05/2009 22:39:00
00034 c40-405    ./betwcent /work  Done                     11/05/2009 22:39:00
00035 c40-405    ./betwcent /work  Done                     11/05/2009 22:39:00
00036 c10-106    ./betwcent /work  Done                     11/05/2009 22:39:00
00037 c10-106    ./betwcent /work  Done                     11/05/2009 22:39:00
00038 c10-106    ./betwcent /work  Done                     11/05/2009 22:39:00
00039 c10-106    ./betwcent /work  Done                     11/05/2009 22:39:00
00040 c45-405    ./betwcent /work  Done                     11/05/2009 22:39:00
00041 c45-405    ./betwcent /work  Done                     11/05/2009 22:39:00
00042 c45-405    ./betwcent /work  Done                     11/05/2009 22:39:00
00043 c45-405    ./betwcent /work  Done                     11/05/2009 22:39:00
00044 c43-103    ./betwcent /work  Done                     11/05/2009 22:39:00
00045 c43-103    ./betwcent /work  Done                     11/05/2009 22:39:00
00046 c43-103    ./betwcent /work  Done                     11/05/2009 22:39:00
00047 c43-103    ./betwcent /work  Done                     11/05/2009 22:39:00
00048 c40-410    ./betwcent /work  Done                     11/05/2009 22:39:00
00049 c40-410    ./betwcent /work  Done                     11/05/2009 22:39:00
00050 c40-410    ./betwcent /work  Done                     11/05/2009 22:39:00
00051 c40-410    ./betwcent /work  Done                     11/05/2009 22:39:00
00052 c20-308    ./betwcent /work  Done                     11/05/2009 22:39:00
00053 c20-308    ./betwcent /work  Done                     11/05/2009 22:39:00
00054 c20-308    ./betwcent /work  Done                     11/05/2009 22:39:00
00055 c20-308    ./betwcent /work  Done                     11/05/2009 22:39:00
00056 c23-304    ./betwcent /work  Done                     11/05/2009 22:39:00
00057 c23-304    ./betwcent /work  Done                     11/05/2009 22:39:00
00058 c23-304    ./betwcent /work  Done                     11/05/2009 22:39:00
00059 c23-304    ./betwcent /work  Done                     11/05/2009 22:39:00
00060 c36-105    ./betwcent /work  Done                     11/05/2009 22:39:00
00061 c36-105    ./betwcent /work  Done                     11/05/2009 22:39:00
00062 c36-105    ./betwcent /work  Done                     11/05/2009 22:39:00
00063 c36-105    ./betwcent /work  Done                     11/05/2009 22:39:00
00064 c21-310    ./betwcent /work  Done                     11/05/2009 22:39:00
00065 c21-310    ./betwcent /work  Done                     11/05/2009 22:39:00
00066 c21-310    ./betwcent /work  Done                     11/05/2009 22:39:00
00067 c21-310    ./betwcent /work  Done                     11/05/2009 22:39:00
00068 c41-107    ./betwcent /work  Done                     11/05/2009 22:39:00
00069 c41-107    ./betwcent /work  Done                     11/05/2009 22:39:00
00070 c41-107    ./betwcent /work  Done                     11/05/2009 22:39:00
00071 c41-107    ./betwcent /work  Done                     11/05/2009 22:39:00
00072 c13-104    ./betwcent /work  Done                     11/05/2009 22:39:00
00073 c13-104    ./betwcent /work  Done                     11/05/2009 22:39:00
00074 c13-104    ./betwcent /work  Done                     11/05/2009 22:39:00
00075 c13-104    ./betwcent /work  Done                     11/05/2009 22:39:00
00076 c11-104    ./betwcent /work  Done                     11/05/2009 22:39:00
00077 c11-104    ./betwcent /work  Done                     11/05/2009 22:39:00
00078 c11-104    ./betwcent /work  Done                     11/05/2009 22:39:00
00079 c11-104    ./betwcent /work  Done                     11/05/2009 22:39:00
00080 c22-402    ./betwcent /work  Done                     11/05/2009 22:39:00
00081 c22-402    ./betwcent /work  Done                     11/05/2009 22:39:00
00082 c22-402    ./betwcent /work  Done                     11/05/2009 22:39:00
00083 c22-402    ./betwcent /work  Done                     11/05/2009 22:39:00
00084 c30-404    ./betwcent /work  Done                     11/05/2009 22:39:00
00085 c30-404    ./betwcent /work  Done                     11/05/2009 22:39:00
00086 c30-404    ./betwcent /work  Done                     11/05/2009 22:39:00
00087 c30-404    ./betwcent /work  Done                     11/05/2009 22:39:00
00088 c31-207    ./betwcent /work  Done                     11/05/2009 22:39:00
00089 c31-207    ./betwcent /work  Done                     11/05/2009 22:39:00
00090 c31-207    ./betwcent /work  Done                     11/05/2009 22:39:00
00091 c31-207    ./betwcent /work  Done                     11/05/2009 22:39:00
00092 c20-305    ./betwcent /work  Done                     11/05/2009 22:39:00
00093 c20-305    ./betwcent /work  Done                     11/05/2009 22:39:00
00094 c20-305    ./betwcent /work  Done                     11/05/2009 22:39:00
00095 c20-305    ./betwcent /work  Done                     11/05/2009 22:39:00
00096 c39-202    ./betwcent /work  Done                     11/05/2009 22:39:00
00097 c39-202    ./betwcent /work  Done                     11/05/2009 22:39:00
00098 c39-202    ./betwcent /work  Done                     11/05/2009 22:39:00
00099 c39-202    ./betwcent /work  Done                     11/05/2009 22:39:00
00100 c14-208    ./betwcent /work  Done                     11/05/2009 22:39:00
00101 c14-208    ./betwcent /work  Done                     11/05/2009 22:39:00
00102 c14-208    ./betwcent /work  Done                     11/05/2009 22:39:00
00103 c14-208    ./betwcent /work  Done                     11/05/2009 22:39:00
00104 c32-209    ./betwcent /work  Done                     11/05/2009 22:39:00
00105 c32-209    ./betwcent /work  Done                     11/05/2009 22:39:00
00106 c32-209    ./betwcent /work  Done                     11/05/2009 22:39:00
00107 c32-209    ./betwcent /work  Done                     11/05/2009 22:39:00
00108 c32-106    ./betwcent /work  Done                     11/05/2009 22:39:00
00109 c32-106    ./betwcent /work  Done                     11/05/2009 22:39:00
00110 c32-106    ./betwcent /work  Done                     11/05/2009 22:39:00
00111 c32-106    ./betwcent /work  Done                     11/05/2009 22:39:00
00112 c29-109    ./betwcent /work  Done                     11/05/2009 22:39:00
00113 c29-109    ./betwcent /work  Done                     11/05/2009 22:39:00
00114 c29-109    ./betwcent /work  Done                     11/05/2009 22:39:00
00115 c29-109    ./betwcent /work  Done                     11/05/2009 22:39:00
00116 c27-203    ./betwcent /work  Done                     11/05/2009 22:39:00
00117 c27-203    ./betwcent /work  Done                     11/05/2009 22:39:00
00118 c27-203    ./betwcent /work  Done                     11/05/2009 22:39:00
00119 c27-203    ./betwcent /work  Done                     11/05/2009 22:39:00
00120 c18-201    ./betwcent /work  Done                     11/05/2009 22:39:00
00121 c18-201    ./betwcent /work  Done                     11/05/2009 22:39:00
00122 c18-201    ./betwcent /work  Done                     11/05/2009 22:39:00
00123 c18-201    ./betwcent /work  Done                     11/05/2009 22:39:00
00124 c20-407    ./betwcent /work  Done                     11/05/2009 22:39:00
00125 c20-407    ./betwcent /work  Done                     11/05/2009 22:39:00
00126 c20-407    ./betwcent /work  Done                     11/05/2009 22:39:00
00127 c20-407    ./betwcent /work  Done                     11/05/2009 22:39:00
00128 c17-102    ./betwcent /work  Done                     11/05/2009 22:39:00
00129 c17-102    ./betwcent /work  Done                     11/05/2009 22:39:00
00130 c17-102    ./betwcent /work  Done                     11/05/2009 22:39:00
00131 c17-102    ./betwcent /work  Done                     11/05/2009 22:39:00
00132 c23-409    ./betwcent /work  Done                     11/05/2009 22:39:00
00133 c23-409    ./betwcent /work  Done                     11/05/2009 22:39:00
00134 c23-409    ./betwcent /work  Done                     11/05/2009 22:39:00
00135 c23-409    ./betwcent /work  Done                     11/05/2009 22:39:00
00136 c31-106    ./betwcent /work  Done                     11/05/2009 22:39:00
00137 c31-106    ./betwcent /work  Done                     11/05/2009 22:39:00
00138 c31-106    ./betwcent /work  Done                     11/05/2009 22:39:00
00139 c31-106    ./betwcent /work  Done                     11/05/2009 22:39:00
00140 c29-309    ./betwcent /work  Done                     11/05/2009 22:39:00
00141 c29-309    ./betwcent /work  Done                     11/05/2009 22:39:00
00142 c29-309    ./betwcent /work  Done                     11/05/2009 22:39:00
00143 c29-309    ./betwcent /work  Done                     11/05/2009 22:39:00
00144 c14-310    ./betwcent /work  Done                     11/05/2009 22:39:00
00145 c14-310    ./betwcent /work  Done                     11/05/2009 22:39:00
00146 c14-310    ./betwcent /work  Done                     11/05/2009 22:39:00
00147 c14-310    ./betwcent /work  Done                     11/05/2009 22:39:00
00148 c43-202    ./betwcent /work  Done                     11/05/2009 22:39:00
00149 c43-202    ./betwcent /work  Done                     11/05/2009 22:39:00
00150 c43-202    ./betwcent /work  Done                     11/05/2009 22:39:00
00151 c43-202    ./betwcent /work  Done                     11/05/2009 22:39:00
00152 c36-404    ./betwcent /work  Done                     11/05/2009 22:39:00
00153 c36-404    ./betwcent /work  Done                     11/05/2009 22:39:00
00154 c36-404    ./betwcent /work  Done                     11/05/2009 22:39:00
00155 c36-404    ./betwcent /work  Done                     11/05/2009 22:39:00
00156 c27-107    ./betwcent /work  Done                     11/05/2009 22:39:00
00157 c27-107    ./betwcent /work  Done                     11/05/2009 22:39:00
00158 c27-107    ./betwcent /work  Done                     11/05/2009 22:39:00
00159 c27-107    ./betwcent /work  Done                     11/05/2009 22:39:00
00160 c21-107    ./betwcent /work  Done                     11/05/2009 22:39:00
00161 c21-107    ./betwcent /work  Done                     11/05/2009 22:39:00
00162 c21-107    ./betwcent /work  Done                     11/05/2009 22:39:00
00163 c21-107    ./betwcent /work  Done                     11/05/2009 22:39:00
00164 c27-402    ./betwcent /work  Done                     11/05/2009 22:39:00
00165 c27-402    ./betwcent /work  Done                     11/05/2009 22:39:00
00166 c27-402    ./betwcent /work  Done                     11/05/2009 22:39:00
00167 c27-402    ./betwcent /work  Done                     11/05/2009 22:39:00
00168 c25-101    ./betwcent /work  Done                     11/05/2009 22:39:00
00169 c25-101    ./betwcent /work  Done                     11/05/2009 22:39:00
00170 c25-101    ./betwcent /work  Done                     11/05/2009 22:39:00
00171 c25-101    ./betwcent /work  Done                     11/05/2009 22:39:00
00172 c37-305    ./betwcent /work  Done                     11/05/2009 22:39:00
00173 c37-305    ./betwcent /work  Done                     11/05/2009 22:39:00
00174 c37-305    ./betwcent /work  Done                     11/05/2009 22:39:00
00175 c37-305    ./betwcent /work  Done                     11/05/2009 22:39:00
00176 c35-202    ./betwcent /work  Done                     11/05/2009 22:39:00
00177 c35-202    ./betwcent /work  Done                     11/05/2009 22:39:00
00178 c35-202    ./betwcent /work  Done                     11/05/2009 22:39:00
00179 c35-202    ./betwcent /work  Done                     11/05/2009 22:39:00
00180 c38-409    ./betwcent /work  Done                     11/05/2009 22:39:00
00181 c38-409    ./betwcent /work  Done                     11/05/2009 22:39:00
00182 c38-409    ./betwcent /work  Done                     11/05/2009 22:39:00
00183 c38-409    ./betwcent /work  Done                     11/05/2009 22:39:00
00184 c45-305    ./betwcent /work  Done                     11/05/2009 22:39:00
00185 c45-305    ./betwcent /work  Done                     11/05/2009 22:39:00
00186 c45-305    ./betwcent /work  Done                     11/05/2009 22:39:00
00187 c45-305    ./betwcent /work  Done                     11/05/2009 22:39:00
00188 c37-106    ./betwcent /work  Done                     11/05/2009 22:39:00
00189 c37-106    ./betwcent /work  Done                     11/05/2009 22:39:00
00190 c37-106    ./betwcent /work  Done                     11/05/2009 22:39:00
00191 c37-106    ./betwcent /work  Done                     11/05/2009 22:39:00
00192 c13-304    ./betwcent /work  Done                     11/05/2009 22:39:00
00193 c13-304    ./betwcent /work  Done                     11/05/2009 22:39:00
00194 c13-304    ./betwcent /work  Done                     11/05/2009 22:39:00
00195 c13-304    ./betwcent /work  Done                     11/05/2009 22:39:00
00196 c30-308    ./betwcent /work  Done                     11/05/2009 22:39:00
00197 c30-308    ./betwcent /work  Done                     11/05/2009 22:39:00
00198 c30-308    ./betwcent /work  Done                     11/05/2009 22:39:00
00199 c30-308    ./betwcent /work  Done                     11/05/2009 22:39:00
00200 c42-305    ./betwcent /work  Done                     11/05/2009 22:39:00
00201 c42-305    ./betwcent /work  Done                     11/05/2009 22:39:00
00202 c42-305    ./betwcent /work  Done                     11/05/2009 22:39:00
00203 c42-305    ./betwcent /work  Done                     11/05/2009 22:39:00
00204 c27-403    ./betwcent /work  Done                     11/05/2009 22:39:00
00205 c27-403    ./betwcent /work  Done                     11/05/2009 22:39:00
00206 c27-403    ./betwcent /work  Done                     11/05/2009 22:39:00
00207 c27-403    ./betwcent /work  Done                     11/05/2009 22:39:00
00208 c37-101    ./betwcent /work  Done                     11/05/2009 22:39:00
00209 c37-101    ./betwcent /work  Done                     11/05/2009 22:39:00
00210 c37-101    ./betwcent /work  Done                     11/05/2009 22:39:00
00211 c37-101    ./betwcent /work  Done                     11/05/2009 22:39:00
00212 c24-301    ./betwcent /work  Done                     11/05/2009 22:39:00
00213 c24-301    ./betwcent /work  Done                     11/05/2009 22:39:00
00214 c24-301    ./betwcent /work  Done                     11/05/2009 22:39:00
00215 c24-301    ./betwcent /work  Done                     11/05/2009 22:39:00
00216 c16-110    ./betwcent /work  Done                     11/05/2009 22:39:00
00217 c16-110    ./betwcent /work  Done                     11/05/2009 22:39:00
00218 c16-110    ./betwcent /work  Done                     11/05/2009 22:39:00
00219 c16-110    ./betwcent /work  Done                     11/05/2009 22:39:00
00220 c37-109    ./betwcent /work  Done                     11/05/2009 22:39:00
00221 c37-109    ./betwcent /work  Done                     11/05/2009 22:39:00
00222 c37-109    ./betwcent /work  Done                     11/05/2009 22:39:00
00223 c37-109    ./betwcent /work  Done                     11/05/2009 22:39:00
00224 c32-405    ./betwcent /work  Done                     11/05/2009 22:39:00
00225 c32-405    ./betwcent /work  Done                     11/05/2009 22:39:00
00226 c32-405    ./betwcent /work  Done                     11/05/2009 22:39:00
00227 c32-405    ./betwcent /work  Done                     11/05/2009 22:39:00
00228 c30-302    ./betwcent /work  Done                     11/05/2009 22:39:00
00229 c30-302    ./betwcent /work  Done                     11/05/2009 22:39:00
00230 c30-302    ./betwcent /work  Done                     11/05/2009 22:39:00
00231 c30-302    ./betwcent /work  Done                     11/05/2009 22:39:00
00232 c22-110    ./betwcent /work  Done                     11/05/2009 22:39:00
00233 c22-110    ./betwcent /work  Done                     11/05/2009 22:39:00
00234 c22-110    ./betwcent /work  Done                     11/05/2009 22:39:00
00235 c22-110    ./betwcent /work  Done                     11/05/2009 22:39:00
00236 c35-210    ./betwcent /work  Done                     11/05/2009 22:39:00
00237 c35-210    ./betwcent /work  Done                     11/05/2009 22:39:00
00238 c35-210    ./betwcent /work  Done                     11/05/2009 22:39:00
00239 c35-210    ./betwcent /work  Done                     11/05/2009 22:39:00
00240 c35-408    ./betwcent /work  Done                     11/05/2009 22:39:00
00241 c35-408    ./betwcent /work  Done                     11/05/2009 22:39:00
00242 c35-408    ./betwcent /work  Done                     11/05/2009 22:39:00
00243 c35-408    ./betwcent /work  Done                     11/05/2009 22:39:00
00244 c43-207    ./betwcent /work  Done                     11/05/2009 22:39:00
00245 c43-207    ./betwcent /work  Done                     11/05/2009 22:39:00
00246 c43-207    ./betwcent /work  Done                     11/05/2009 22:39:00
00247 c43-207    ./betwcent /work  Done                     11/05/2009 22:39:00
00248 c22-407    ./betwcent /work  Done                     11/05/2009 22:39:00
00249 c22-407    ./betwcent /work  Done                     11/05/2009 22:39:00
00250 c22-407    ./betwcent /work  Done                     11/05/2009 22:39:00
00251 c22-407    ./betwcent /work  Done                     11/05/2009 22:39:00
00252 c14-306    ./betwcent /work  Done                     11/05/2009 22:39:00
00253 c14-306    ./betwcent /work  Done                     11/05/2009 22:39:00
00254 c14-306    ./betwcent /work  Done                     11/05/2009 22:39:00
00255 c14-306    ./betwcent /work  Done                     11/05/2009 22:39:00

------------------------------------------------------------
Sender: LSF System <lsfadmin@c14-306>
Subject: Job 276330: <betwcentp256> Done

Job <betwcentp256> was submitted from host <lslogin1> by user <tg459476>.
Job was executed on host(s) <4*c14-306>, in queue <normal>, as user <tg459476>.
                            <4*c22-407>
                            <4*c43-207>
                            <4*c35-408>
                            <4*c35-210>
                            <4*c22-110>
                            <4*c30-302>
                            <4*c32-405>
                            <4*c37-109>
                            <4*c16-110>
                            <4*c24-301>
                            <4*c37-101>
                            <4*c27-403>
                            <4*c42-305>
                            <4*c30-308>
                            <4*c13-304>
                            <4*c37-106>
                            <4*c45-305>
                            <4*c38-409>
                            <4*c35-202>
                            <4*c37-305>
                            <4*c25-101>
                            <4*c27-402>
                            <4*c21-107>
                            <4*c27-107>
                            <4*c36-404>
                            <4*c43-202>
                            <4*c14-310>
                            <4*c29-309>
                            <4*c31-106>
                            <4*c23-409>
                            <4*c17-102>
                            <4*c20-407>
                            <4*c18-201>
                            <4*c27-203>
                            <4*c29-109>
                            <4*c32-106>
                            <4*c32-209>
                            <4*c14-208>
                            <4*c39-202>
                            <4*c20-305>
                            <4*c31-207>
                            <4*c30-404>
                            <4*c22-402>
                            <4*c11-104>
                            <4*c13-104>
                            <4*c41-107>
                            <4*c21-310>
                            <4*c36-105>
                            <4*c23-304>
                            <4*c20-308>
                            <4*c40-410>
                            <4*c43-103>
                            <4*c45-405>
                            <4*c10-106>
                            <4*c40-405>
                            <4*c45-408>
                            <4*c27-110>
                            <4*c19-206>
                            <4*c15-301>
                            <4*c39-305>
                            <4*c39-302>
                            <4*c44-406>
                            <4*c34-106>
</home/teragrid/tg459476> was used as the home directory.
</home/teragrid/tg459476/Release_PSpGEMM/PSpGEMM-R1/Applications> was used as the working directory.
Started at Thu Nov  5 22:37:20 2009
Results reported at Thu Nov  5 22:39:06 2009

Your job looked like:

------------------------------------------------------------
# LSBATCH: User input
#!/bin/tcsh 			  
				  # first line specifies shell
#BSUB -J betwcentp256 		  #name the job "jobname"
#BSUB -o out.o%J   		  #output->   out.o&ltjobID>
#BSUB -e err.o%J   		  #error -> error.o&ltjobID>
#BSUB -n 256 -W 0:10               #1 CPU cores and 0hr+15min
#BSUB -q normal                   #Use development queue.
#BSUB -R 'span[ptile=4]'	  # 4 MPI task per node
set echo                          #Echo all commands.
cd $LS_SUBCWD                     #cd to directory of submission
ibrun ./betwcent $WORK/SCALE18BTW-TRANSBOOL 12 256  # 16 processors on the row, each has batch=512/8=32; 2^12 = 4096 starting vertices overall

------------------------------------------------------------

Successfully completed.

Resource usage summary:

    CPU time   :  17447.53 sec.

The output (if any) is above this job summary.



PS:

Read file <err.o276330> for stderr output of this job.

