*** Batchsize is not evenly divisible by the grid dimension ***
*** Processing 4080 vertices instead
Batch processing will occur 8 times, each processing 510 vertices (overall)
Candidates chosen, precomputation finished
Exploring via BFS...
Tallying...
Adding bc contributions...
Exploring via BFS...
Tallying...
Adding bc contributions...
Exploring via BFS...
Tallying...
Adding bc contributions...
Exploring via BFS...
Tallying...
Adding bc contributions...
Exploring via BFS...
Tallying...
Adding bc contributions...
Exploring via BFS...
Tallying...
Adding bc contributions...
Exploring via BFS...
Tallying...
Adding bc contributions...
Exploring via BFS...
Tallying...
Adding bc contributions...
Computation finished
314.648120 seconds elapsed for 4080 starting vertices
TEPS score is: 25956384.381768
Job  mvapich_wrapper /opt/lsf/bin/TaskStarter -p c37-109:41139 -c /opt/lsf/conf -a X86_64 ./betwcent /work/teragrid/tg459476/SCALE18BTW-TRANSBOOL 12 512

TID   HOST_NAME   COMMAND_LINE            STATUS            TERMINATION_TIME
===== ========== ================  =======================  ===================
00000 c34-310    ./betwcent /work  Done                     11/06/2009 01:32:28
00001 c44-306    ./betwcent /work  Done                     11/06/2009 01:32:28
00002 c44-306    ./betwcent /work  Done                     11/06/2009 01:32:28
00003 c44-306    ./betwcent /work  Done                     11/06/2009 01:32:28
00004 c44-306    ./betwcent /work  Done                     11/06/2009 01:32:28
00005 c11-101    ./betwcent /work  Done                     11/06/2009 01:32:28
00006 c11-101    ./betwcent /work  Done                     11/06/2009 01:32:28
00007 c11-101    ./betwcent /work  Done                     11/06/2009 01:32:28
00008 c11-101    ./betwcent /work  Done                     11/06/2009 01:32:28
00009 c44-403    ./betwcent /work  Done                     11/06/2009 01:32:28
00010 c44-403    ./betwcent /work  Done                     11/06/2009 01:32:28
00011 c44-403    ./betwcent /work  Done                     11/06/2009 01:32:28
00012 c44-403    ./betwcent /work  Done                     11/06/2009 01:32:28
00013 c31-405    ./betwcent /work  Done                     11/06/2009 01:32:28
00014 c31-405    ./betwcent /work  Done                     11/06/2009 01:32:28
00015 c31-405    ./betwcent /work  Done                     11/06/2009 01:32:28
00016 c31-405    ./betwcent /work  Done                     11/06/2009 01:32:28
00017 c20-308    ./betwcent /work  Done                     11/06/2009 01:32:28
00018 c20-308    ./betwcent /work  Done                     11/06/2009 01:32:28
00019 c20-308    ./betwcent /work  Done                     11/06/2009 01:32:28
00020 c20-308    ./betwcent /work  Done                     11/06/2009 01:32:28
00021 c37-109    ./betwcent /work  Done                     11/06/2009 01:32:28
00022 c37-109    ./betwcent /work  Done                     11/06/2009 01:32:28
00023 c37-109    ./betwcent /work  Done                     11/06/2009 01:32:28
00024 c37-109    ./betwcent /work  Done                     11/06/2009 01:32:28

------------------------------------------------------------
Sender: LSF System <lsfadmin@c37-109>
Subject: Job 276534: <betwcentp25> Done

Job <betwcentp25> was submitted from host <lslogin2> by user <tg459476>.
Job was executed on host(s) <4*c37-109>, in queue <normal>, as user <tg459476>.
                            <4*c20-308>
                            <4*c31-405>
                            <4*c44-403>
                            <4*c11-101>
                            <4*c44-306>
                            <1*c34-310>
</home/teragrid/tg459476> was used as the home directory.
</home/teragrid/tg459476/Release_PSpGEMM/PSpGEMM-R1/Applications> was used as the working directory.
Started at Fri Nov  6 01:26:44 2009
Results reported at Fri Nov  6 01:32:31 2009

Your job looked like:

------------------------------------------------------------
# LSBATCH: User input
#!/bin/tcsh 			  
				  # first line specifies shell
#BSUB -J betwcentp25 		  #name the job "jobname"
#BSUB -o out.o%J   		  #output->   out.o&ltjobID>
#BSUB -e err.o%J   		  #error -> error.o&ltjobID>
#BSUB -n 25 -W 0:10               #1 CPU cores and 0hr+15min
#BSUB -q normal                   #Use development queue.
#BSUB -R 'span[ptile=4]'	  # 4 MPI task per node
set echo                          #Echo all commands.
cd $LS_SUBCWD                     #cd to directory of submission
ibrun ./betwcent $WORK/SCALE18BTW-TRANSBOOL 12 512  # 8 processors on the row, each has batch=256/8=32; 2^12 = 4096 starting vertices overall

------------------------------------------------------------

Successfully completed.

Resource usage summary:

    CPU time   :   7913.91 sec.

The output (if any) is above this job summary.



PS:

Read file <err.o276534> for stderr output of this job.

