*** Batchsize is not evenly divisible by the grid dimension ***
*** Processing 4080 vertices instead
Batch processing will occur 4 times, each processing 1020 vertices (overall)
Candidates chosen, precomputation finished
Exploring via BFS...
Tallying...
Adding bc contributions...
Exploring via BFS...
Tallying...
Adding bc contributions...
Exploring via BFS...
Tallying...
Adding bc contributions...
Exploring via BFS...
Tallying...
Adding bc contributions...
Computation finished
44.274881 seconds elapsed for 4080 starting vertices
TEPS score is: 184464132.812347
Job  mvapich_wrapper /opt/lsf/bin/TaskStarter -p c13-201:57301 -c /opt/lsf/conf -a X86_64 ./betwcent /work/teragrid/tg459476/SCALE18BTW-TRANSBOOL 12 1024

TID   HOST_NAME   COMMAND_LINE            STATUS            TERMINATION_TIME
===== ========== ================  =======================  ===================
00000 c23-308    ./betwcent /work  Done                     11/08/2009 23:00:22
00001 c21-108    ./betwcent /work  Done                     11/08/2009 23:00:22
00002 c21-108    ./betwcent /work  Done                     11/08/2009 23:00:22
00003 c21-108    ./betwcent /work  Done                     11/08/2009 23:00:22
00004 c21-108    ./betwcent /work  Done                     11/08/2009 23:00:22
00005 c40-206    ./betwcent /work  Done                     11/08/2009 23:00:22
00006 c40-206    ./betwcent /work  Done                     11/08/2009 23:00:22
00007 c40-206    ./betwcent /work  Done                     11/08/2009 23:00:22
00008 c40-206    ./betwcent /work  Done                     11/08/2009 23:00:22
00009 c35-404    ./betwcent /work  Done                     11/08/2009 23:00:22
00010 c35-404    ./betwcent /work  Done                     11/08/2009 23:00:22
00011 c35-404    ./betwcent /work  Done                     11/08/2009 23:00:22
00012 c35-404    ./betwcent /work  Done                     11/08/2009 23:00:22
00013 c36-308    ./betwcent /work  Done                     11/08/2009 23:00:22
00014 c36-308    ./betwcent /work  Done                     11/08/2009 23:00:22
00015 c36-308    ./betwcent /work  Done                     11/08/2009 23:00:22
00016 c36-308    ./betwcent /work  Done                     11/08/2009 23:00:22
00017 c40-205    ./betwcent /work  Done                     11/08/2009 23:00:22
00018 c40-205    ./betwcent /work  Done                     11/08/2009 23:00:22
00019 c40-205    ./betwcent /work  Done                     11/08/2009 23:00:22
00020 c40-205    ./betwcent /work  Done                     11/08/2009 23:00:22
00021 c24-110    ./betwcent /work  Done                     11/08/2009 23:00:22
00022 c24-110    ./betwcent /work  Done                     11/08/2009 23:00:22
00023 c24-110    ./betwcent /work  Done                     11/08/2009 23:00:22
00024 c24-110    ./betwcent /work  Done                     11/08/2009 23:00:22
00025 c26-105    ./betwcent /work  Done                     11/08/2009 23:00:22
00026 c26-105    ./betwcent /work  Done                     11/08/2009 23:00:22
00027 c26-105    ./betwcent /work  Done                     11/08/2009 23:00:22
00028 c26-105    ./betwcent /work  Done                     11/08/2009 23:00:22
00029 c33-304    ./betwcent /work  Done                     11/08/2009 23:00:22
00030 c33-304    ./betwcent /work  Done                     11/08/2009 23:00:22
00031 c33-304    ./betwcent /work  Done                     11/08/2009 23:00:22
00032 c33-304    ./betwcent /work  Done                     11/08/2009 23:00:22
00033 c23-305    ./betwcent /work  Done                     11/08/2009 23:00:22
00034 c23-305    ./betwcent /work  Done                     11/08/2009 23:00:22
00035 c23-305    ./betwcent /work  Done                     11/08/2009 23:00:22
00036 c23-305    ./betwcent /work  Done                     11/08/2009 23:00:22
00037 c38-407    ./betwcent /work  Done                     11/08/2009 23:00:22
00038 c38-407    ./betwcent /work  Done                     11/08/2009 23:00:22
00039 c38-407    ./betwcent /work  Done                     11/08/2009 23:00:22
00040 c38-407    ./betwcent /work  Done                     11/08/2009 23:00:22
00041 c18-205    ./betwcent /work  Done                     11/08/2009 23:00:22
00042 c18-205    ./betwcent /work  Done                     11/08/2009 23:00:22
00043 c18-205    ./betwcent /work  Done                     11/08/2009 23:00:22
00044 c18-205    ./betwcent /work  Done                     11/08/2009 23:00:22
00045 c30-205    ./betwcent /work  Done                     11/08/2009 23:00:22
00046 c30-205    ./betwcent /work  Done                     11/08/2009 23:00:22
00047 c30-205    ./betwcent /work  Done                     11/08/2009 23:00:22
00048 c30-205    ./betwcent /work  Done                     11/08/2009 23:00:22
00049 c20-408    ./betwcent /work  Done                     11/08/2009 23:00:22
00050 c20-408    ./betwcent /work  Done                     11/08/2009 23:00:22
00051 c20-408    ./betwcent /work  Done                     11/08/2009 23:00:22
00052 c20-408    ./betwcent /work  Done                     11/08/2009 23:00:22
00053 c39-204    ./betwcent /work  Done                     11/08/2009 23:00:22
00054 c39-204    ./betwcent /work  Done                     11/08/2009 23:00:22
00055 c39-204    ./betwcent /work  Done                     11/08/2009 23:00:22
00056 c39-204    ./betwcent /work  Done                     11/08/2009 23:00:22
00057 c28-402    ./betwcent /work  Done                     11/08/2009 23:00:22
00058 c28-402    ./betwcent /work  Done                     11/08/2009 23:00:22
00059 c28-402    ./betwcent /work  Done                     11/08/2009 23:00:22
00060 c28-402    ./betwcent /work  Done                     11/08/2009 23:00:22
00061 c20-208    ./betwcent /work  Done                     11/08/2009 23:00:22
00062 c20-208    ./betwcent /work  Done                     11/08/2009 23:00:22
00063 c20-208    ./betwcent /work  Done                     11/08/2009 23:00:22
00064 c20-208    ./betwcent /work  Done                     11/08/2009 23:00:22
00065 c24-406    ./betwcent /work  Done                     11/08/2009 23:00:22
00066 c24-406    ./betwcent /work  Done                     11/08/2009 23:00:22
00067 c24-406    ./betwcent /work  Done                     11/08/2009 23:00:22
00068 c24-406    ./betwcent /work  Done                     11/08/2009 23:00:22
00069 c29-206    ./betwcent /work  Done                     11/08/2009 23:00:22
00070 c29-206    ./betwcent /work  Done                     11/08/2009 23:00:22
00071 c29-206    ./betwcent /work  Done                     11/08/2009 23:00:22
00072 c29-206    ./betwcent /work  Done                     11/08/2009 23:00:22
00073 c19-102    ./betwcent /work  Done                     11/08/2009 23:00:22
00074 c19-102    ./betwcent /work  Done                     11/08/2009 23:00:22
00075 c19-102    ./betwcent /work  Done                     11/08/2009 23:00:22
00076 c19-102    ./betwcent /work  Done                     11/08/2009 23:00:22
00077 c27-103    ./betwcent /work  Done                     11/08/2009 23:00:22
00078 c27-103    ./betwcent /work  Done                     11/08/2009 23:00:22
00079 c27-103    ./betwcent /work  Done                     11/08/2009 23:00:22
00080 c27-103    ./betwcent /work  Done                     11/08/2009 23:00:22
00081 c40-410    ./betwcent /work  Done                     11/08/2009 23:00:22
00082 c40-410    ./betwcent /work  Done                     11/08/2009 23:00:22
00083 c40-410    ./betwcent /work  Done                     11/08/2009 23:00:22
00084 c40-410    ./betwcent /work  Done                     11/08/2009 23:00:22
00085 c35-203    ./betwcent /work  Done                     11/08/2009 23:00:22
00086 c35-203    ./betwcent /work  Done                     11/08/2009 23:00:22
00087 c35-203    ./betwcent /work  Done                     11/08/2009 23:00:22
00088 c35-203    ./betwcent /work  Done                     11/08/2009 23:00:22
00089 c17-103    ./betwcent /work  Done                     11/08/2009 23:00:22
00090 c17-103    ./betwcent /work  Done                     11/08/2009 23:00:22
00091 c17-103    ./betwcent /work  Done                     11/08/2009 23:00:22
00092 c17-103    ./betwcent /work  Done                     11/08/2009 23:00:22
00093 c32-205    ./betwcent /work  Done                     11/08/2009 23:00:22
00094 c32-205    ./betwcent /work  Done                     11/08/2009 23:00:22
00095 c32-205    ./betwcent /work  Done                     11/08/2009 23:00:22
00096 c32-205    ./betwcent /work  Done                     11/08/2009 23:00:22
00097 c39-405    ./betwcent /work  Done                     11/08/2009 23:00:22
00098 c39-405    ./betwcent /work  Done                     11/08/2009 23:00:22
00099 c39-405    ./betwcent /work  Done                     11/08/2009 23:00:22
00100 c39-405    ./betwcent /work  Done                     11/08/2009 23:00:22
00101 c17-110    ./betwcent /work  Done                     11/08/2009 23:00:22
00102 c17-110    ./betwcent /work  Done                     11/08/2009 23:00:22
00103 c17-110    ./betwcent /work  Done                     11/08/2009 23:00:22
00104 c17-110    ./betwcent /work  Done                     11/08/2009 23:00:22
00105 c14-208    ./betwcent /work  Done                     11/08/2009 23:00:22
00106 c14-208    ./betwcent /work  Done                     11/08/2009 23:00:22
00107 c14-208    ./betwcent /work  Done                     11/08/2009 23:00:22
00108 c14-208    ./betwcent /work  Done                     11/08/2009 23:00:22
00109 c35-106    ./betwcent /work  Done                     11/08/2009 23:00:22
00110 c35-106    ./betwcent /work  Done                     11/08/2009 23:00:22
00111 c35-106    ./betwcent /work  Done                     11/08/2009 23:00:22
00112 c35-106    ./betwcent /work  Done                     11/08/2009 23:00:22
00113 c33-206    ./betwcent /work  Done                     11/08/2009 23:00:22
00114 c33-206    ./betwcent /work  Done                     11/08/2009 23:00:22
00115 c33-206    ./betwcent /work  Done                     11/08/2009 23:00:22
00116 c33-206    ./betwcent /work  Done                     11/08/2009 23:00:22
00117 c38-402    ./betwcent /work  Done                     11/08/2009 23:00:22
00118 c38-402    ./betwcent /work  Done                     11/08/2009 23:00:22
00119 c38-402    ./betwcent /work  Done                     11/08/2009 23:00:22
00120 c38-402    ./betwcent /work  Done                     11/08/2009 23:00:22
00121 c27-407    ./betwcent /work  Done                     11/08/2009 23:00:22
00122 c27-407    ./betwcent /work  Done                     11/08/2009 23:00:22
00123 c27-407    ./betwcent /work  Done                     11/08/2009 23:00:22
00124 c27-407    ./betwcent /work  Done                     11/08/2009 23:00:22
00125 c23-404    ./betwcent /work  Done                     11/08/2009 23:00:22
00126 c23-404    ./betwcent /work  Done                     11/08/2009 23:00:22
00127 c23-404    ./betwcent /work  Done                     11/08/2009 23:00:22
00128 c23-404    ./betwcent /work  Done                     11/08/2009 23:00:22
00129 c22-308    ./betwcent /work  Done                     11/08/2009 23:00:22
00130 c22-308    ./betwcent /work  Done                     11/08/2009 23:00:22
00131 c22-308    ./betwcent /work  Done                     11/08/2009 23:00:22
00132 c22-308    ./betwcent /work  Done                     11/08/2009 23:00:22
00133 c28-304    ./betwcent /work  Done                     11/08/2009 23:00:22
00134 c28-304    ./betwcent /work  Done                     11/08/2009 23:00:22
00135 c28-304    ./betwcent /work  Done                     11/08/2009 23:00:22
00136 c28-304    ./betwcent /work  Done                     11/08/2009 23:00:22
00137 c29-409    ./betwcent /work  Done                     11/08/2009 23:00:22
00138 c29-409    ./betwcent /work  Done                     11/08/2009 23:00:22
00139 c29-409    ./betwcent /work  Done                     11/08/2009 23:00:22
00140 c29-409    ./betwcent /work  Done                     11/08/2009 23:00:22
00141 c20-403    ./betwcent /work  Done                     11/08/2009 23:00:22
00142 c20-403    ./betwcent /work  Done                     11/08/2009 23:00:22
00143 c20-403    ./betwcent /work  Done                     11/08/2009 23:00:22
00144 c20-403    ./betwcent /work  Done                     11/08/2009 23:00:22
00145 c32-408    ./betwcent /work  Done                     11/08/2009 23:00:22
00146 c32-408    ./betwcent /work  Done                     11/08/2009 23:00:22
00147 c32-408    ./betwcent /work  Done                     11/08/2009 23:00:22
00148 c32-408    ./betwcent /work  Done                     11/08/2009 23:00:22
00149 c21-105    ./betwcent /work  Done                     11/08/2009 23:00:22
00150 c21-105    ./betwcent /work  Done                     11/08/2009 23:00:22
00151 c21-105    ./betwcent /work  Done                     11/08/2009 23:00:22
00152 c21-105    ./betwcent /work  Done                     11/08/2009 23:00:22
00153 c22-403    ./betwcent /work  Done                     11/08/2009 23:00:22
00154 c22-403    ./betwcent /work  Done                     11/08/2009 23:00:22
00155 c22-403    ./betwcent /work  Done                     11/08/2009 23:00:22
00156 c22-403    ./betwcent /work  Done                     11/08/2009 23:00:22
00157 c37-405    ./betwcent /work  Done                     11/08/2009 23:00:22
00158 c37-405    ./betwcent /work  Done                     11/08/2009 23:00:22
00159 c37-405    ./betwcent /work  Done                     11/08/2009 23:00:22
00160 c37-405    ./betwcent /work  Done                     11/08/2009 23:00:22
00161 c14-210    ./betwcent /work  Done                     11/08/2009 23:00:22
00162 c14-210    ./betwcent /work  Done                     11/08/2009 23:00:22
00163 c14-210    ./betwcent /work  Done                     11/08/2009 23:00:22
00164 c14-210    ./betwcent /work  Done                     11/08/2009 23:00:22
00165 c12-101    ./betwcent /work  Done                     11/08/2009 23:00:22
00166 c12-101    ./betwcent /work  Done                     11/08/2009 23:00:22
00167 c12-101    ./betwcent /work  Done                     11/08/2009 23:00:22
00168 c12-101    ./betwcent /work  Done                     11/08/2009 23:00:22
00169 c37-101    ./betwcent /work  Done                     11/08/2009 23:00:22
00170 c37-101    ./betwcent /work  Done                     11/08/2009 23:00:22
00171 c37-101    ./betwcent /work  Done                     11/08/2009 23:00:22
00172 c37-101    ./betwcent /work  Done                     11/08/2009 23:00:22
00173 c40-310    ./betwcent /work  Done                     11/08/2009 23:00:22
00174 c40-310    ./betwcent /work  Done                     11/08/2009 23:00:22
00175 c40-310    ./betwcent /work  Done                     11/08/2009 23:00:22
00176 c40-310    ./betwcent /work  Done                     11/08/2009 23:00:22
00177 c35-408    ./betwcent /work  Done                     11/08/2009 23:00:22
00178 c35-408    ./betwcent /work  Done                     11/08/2009 23:00:22
00179 c35-408    ./betwcent /work  Done                     11/08/2009 23:00:22
00180 c35-408    ./betwcent /work  Done                     11/08/2009 23:00:22
00181 c38-105    ./betwcent /work  Done                     11/08/2009 23:00:22
00182 c38-105    ./betwcent /work  Done                     11/08/2009 23:00:22
00183 c38-105    ./betwcent /work  Done                     11/08/2009 23:00:22
00184 c38-105    ./betwcent /work  Done                     11/08/2009 23:00:22
00185 c21-306    ./betwcent /work  Done                     11/08/2009 23:00:22
00186 c21-306    ./betwcent /work  Done                     11/08/2009 23:00:22
00187 c21-306    ./betwcent /work  Done                     11/08/2009 23:00:22
00188 c21-306    ./betwcent /work  Done                     11/08/2009 23:00:22
00189 c44-207    ./betwcent /work  Done                     11/08/2009 23:00:22
00190 c44-207    ./betwcent /work  Done                     11/08/2009 23:00:22
00191 c44-207    ./betwcent /work  Done                     11/08/2009 23:00:22
00192 c44-207    ./betwcent /work  Done                     11/08/2009 23:00:22
00193 c41-202    ./betwcent /work  Done                     11/08/2009 23:00:22
00194 c41-202    ./betwcent /work  Done                     11/08/2009 23:00:22
00195 c41-202    ./betwcent /work  Done                     11/08/2009 23:00:22
00196 c41-202    ./betwcent /work  Done                     11/08/2009 23:00:22
00197 c33-110    ./betwcent /work  Done                     11/08/2009 23:00:22
00198 c33-110    ./betwcent /work  Done                     11/08/2009 23:00:22
00199 c33-110    ./betwcent /work  Done                     11/08/2009 23:00:22
00200 c33-110    ./betwcent /work  Done                     11/08/2009 23:00:22
00201 c21-308    ./betwcent /work  Done                     11/08/2009 23:00:22
00202 c21-308    ./betwcent /work  Done                     11/08/2009 23:00:22
00203 c21-308    ./betwcent /work  Done                     11/08/2009 23:00:22
00204 c21-308    ./betwcent /work  Done                     11/08/2009 23:00:22
00205 c30-105    ./betwcent /work  Done                     11/08/2009 23:00:22
00206 c30-105    ./betwcent /work  Done                     11/08/2009 23:00:22
00207 c30-105    ./betwcent /work  Done                     11/08/2009 23:00:22
00208 c30-105    ./betwcent /work  Done                     11/08/2009 23:00:22
00209 c43-404    ./betwcent /work  Done                     11/08/2009 23:00:22
00210 c43-404    ./betwcent /work  Done                     11/08/2009 23:00:22
00211 c43-404    ./betwcent /work  Done                     11/08/2009 23:00:22
00212 c43-404    ./betwcent /work  Done                     11/08/2009 23:00:22
00213 c20-402    ./betwcent /work  Done                     11/08/2009 23:00:22
00214 c20-402    ./betwcent /work  Done                     11/08/2009 23:00:22
00215 c20-402    ./betwcent /work  Done                     11/08/2009 23:00:22
00216 c20-402    ./betwcent /work  Done                     11/08/2009 23:00:22
00217 c32-404    ./betwcent /work  Done                     11/08/2009 23:00:22
00218 c32-404    ./betwcent /work  Done                     11/08/2009 23:00:22
00219 c32-404    ./betwcent /work  Done                     11/08/2009 23:00:22
00220 c32-404    ./betwcent /work  Done                     11/08/2009 23:00:22
00221 c26-204    ./betwcent /work  Done                     11/08/2009 23:00:22
00222 c26-204    ./betwcent /work  Done                     11/08/2009 23:00:22
00223 c26-204    ./betwcent /work  Done                     11/08/2009 23:00:22
00224 c26-204    ./betwcent /work  Done                     11/08/2009 23:00:22
00225 c28-308    ./betwcent /work  Done                     11/08/2009 23:00:22
00226 c28-308    ./betwcent /work  Done                     11/08/2009 23:00:22
00227 c28-308    ./betwcent /work  Done                     11/08/2009 23:00:22
00228 c28-308    ./betwcent /work  Done                     11/08/2009 23:00:22
00229 c25-406    ./betwcent /work  Done                     11/08/2009 23:00:22
00230 c25-406    ./betwcent /work  Done                     11/08/2009 23:00:22
00231 c25-406    ./betwcent /work  Done                     11/08/2009 23:00:22
00232 c25-406    ./betwcent /work  Done                     11/08/2009 23:00:22
00233 c41-203    ./betwcent /work  Done                     11/08/2009 23:00:22
00234 c41-203    ./betwcent /work  Done                     11/08/2009 23:00:22
00235 c41-203    ./betwcent /work  Done                     11/08/2009 23:00:22
00236 c41-203    ./betwcent /work  Done                     11/08/2009 23:00:22
00237 c43-309    ./betwcent /work  Done                     11/08/2009 23:00:22
00238 c43-309    ./betwcent /work  Done                     11/08/2009 23:00:22
00239 c43-309    ./betwcent /work  Done                     11/08/2009 23:00:22
00240 c43-309    ./betwcent /work  Done                     11/08/2009 23:00:22
00241 c34-405    ./betwcent /work  Done                     11/08/2009 23:00:22
00242 c34-405    ./betwcent /work  Done                     11/08/2009 23:00:22
00243 c34-405    ./betwcent /work  Done                     11/08/2009 23:00:22
00244 c34-405    ./betwcent /work  Done                     11/08/2009 23:00:22
00245 c38-109    ./betwcent /work  Done                     11/08/2009 23:00:22
00246 c38-109    ./betwcent /work  Done                     11/08/2009 23:00:22
00247 c38-109    ./betwcent /work  Done                     11/08/2009 23:00:22
00248 c38-109    ./betwcent /work  Done                     11/08/2009 23:00:22
00249 c22-304    ./betwcent /work  Done                     11/08/2009 23:00:22
00250 c22-304    ./betwcent /work  Done                     11/08/2009 23:00:22
00251 c22-304    ./betwcent /work  Done                     11/08/2009 23:00:22
00252 c22-304    ./betwcent /work  Done                     11/08/2009 23:00:22
00253 c19-105    ./betwcent /work  Done                     11/08/2009 23:00:22
00254 c19-105    ./betwcent /work  Done                     11/08/2009 23:00:22
00255 c19-105    ./betwcent /work  Done                     11/08/2009 23:00:22
00256 c19-105    ./betwcent /work  Done                     11/08/2009 23:00:22
00257 c41-102    ./betwcent /work  Done                     11/08/2009 23:00:22
00258 c41-102    ./betwcent /work  Done                     11/08/2009 23:00:22
00259 c41-102    ./betwcent /work  Done                     11/08/2009 23:00:22
00260 c41-102    ./betwcent /work  Done                     11/08/2009 23:00:22
00261 c14-102    ./betwcent /work  Done                     11/08/2009 23:00:22
00262 c14-102    ./betwcent /work  Done                     11/08/2009 23:00:22
00263 c14-102    ./betwcent /work  Done                     11/08/2009 23:00:22
00264 c14-102    ./betwcent /work  Done                     11/08/2009 23:00:22
00265 c27-403    ./betwcent /work  Done                     11/08/2009 23:00:22
00266 c27-403    ./betwcent /work  Done                     11/08/2009 23:00:22
00267 c27-403    ./betwcent /work  Done                     11/08/2009 23:00:22
00268 c27-403    ./betwcent /work  Done                     11/08/2009 23:00:22
00269 c44-209    ./betwcent /work  Done                     11/08/2009 23:00:22
00270 c44-209    ./betwcent /work  Done                     11/08/2009 23:00:22
00271 c44-209    ./betwcent /work  Done                     11/08/2009 23:00:22
00272 c44-209    ./betwcent /work  Done                     11/08/2009 23:00:22
00273 c31-403    ./betwcent /work  Done                     11/08/2009 23:00:22
00274 c31-403    ./betwcent /work  Done                     11/08/2009 23:00:22
00275 c31-403    ./betwcent /work  Done                     11/08/2009 23:00:22
00276 c31-403    ./betwcent /work  Done                     11/08/2009 23:00:22
00277 c39-308    ./betwcent /work  Done                     11/08/2009 23:00:22
00278 c39-308    ./betwcent /work  Done                     11/08/2009 23:00:22
00279 c39-308    ./betwcent /work  Done                     11/08/2009 23:00:22
00280 c39-308    ./betwcent /work  Done                     11/08/2009 23:00:22
00281 c18-101    ./betwcent /work  Done                     11/08/2009 23:00:22
00282 c18-101    ./betwcent /work  Done                     11/08/2009 23:00:22
00283 c18-101    ./betwcent /work  Done                     11/08/2009 23:00:22
00284 c18-101    ./betwcent /work  Done                     11/08/2009 23:00:22
00285 c13-201    ./betwcent /work  Done                     11/08/2009 23:00:22
00286 c13-201    ./betwcent /work  Done                     11/08/2009 23:00:22
00287 c13-201    ./betwcent /work  Done                     11/08/2009 23:00:22
00288 c13-201    ./betwcent /work  Done                     11/08/2009 23:00:22

------------------------------------------------------------
Sender: LSF System <lsfadmin@c13-201>
Subject: Job 279869: <betwcentp289> Done

Job <betwcentp289> was submitted from host <lslogin2> by user <tg459476>.
Job was executed on host(s) <4*c13-201>, in queue <normal>, as user <tg459476>.
                            <4*c18-101>
                            <4*c39-308>
                            <4*c31-403>
                            <4*c44-209>
                            <4*c27-403>
                            <4*c14-102>
                            <4*c41-102>
                            <4*c19-105>
                            <4*c22-304>
                            <4*c38-109>
                            <4*c34-405>
                            <4*c43-309>
                            <4*c41-203>
                            <4*c25-406>
                            <4*c28-308>
                            <4*c26-204>
                            <4*c32-404>
                            <4*c20-402>
                            <4*c43-404>
                            <4*c30-105>
                            <4*c21-308>
                            <4*c33-110>
                            <4*c41-202>
                            <4*c44-207>
                            <4*c21-306>
                            <4*c38-105>
                            <4*c35-408>
                            <4*c40-310>
                            <4*c37-101>
                            <4*c12-101>
                            <4*c14-210>
                            <4*c37-405>
                            <4*c22-403>
                            <4*c21-105>
                            <4*c32-408>
                            <4*c20-403>
                            <4*c29-409>
                            <4*c28-304>
                            <4*c22-308>
                            <4*c23-404>
                            <4*c27-407>
                            <4*c38-402>
                            <4*c33-206>
                            <4*c35-106>
                            <4*c14-208>
                            <4*c17-110>
                            <4*c39-405>
                            <4*c32-205>
                            <4*c17-103>
                            <4*c35-203>
                            <4*c40-410>
                            <4*c27-103>
                            <4*c19-102>
                            <4*c29-206>
                            <4*c24-406>
                            <4*c20-208>
                            <4*c28-402>
                            <4*c39-204>
                            <4*c20-408>
                            <4*c30-205>
                            <4*c18-205>
                            <4*c38-407>
                            <4*c23-305>
                            <4*c33-304>
                            <4*c26-105>
                            <4*c24-110>
                            <4*c40-205>
                            <4*c36-308>
                            <4*c35-404>
                            <4*c40-206>
                            <4*c21-108>
                            <1*c23-308>
</home/teragrid/tg459476> was used as the home directory.
</home/teragrid/tg459476/Release_PSpGEMM/PSpGEMM-R1/Applications> was used as the working directory.
Started at Sun Nov  8 22:58:16 2009
Results reported at Sun Nov  8 23:00:25 2009

Your job looked like:

------------------------------------------------------------
# LSBATCH: User input
#!/bin/tcsh 			  
				  # first line specifies shell
#BSUB -J betwcentp289 		  #name the job "jobname"
#BSUB -o out.o%J   		  #output->   out.o&ltjobID>
#BSUB -e err.o%J   		  #error -> error.o&ltjobID>
#BSUB -n 289 -W 0:10               #1 CPU cores and 0hr+15min
#BSUB -q normal                   #Use development queue.
#BSUB -R 'span[ptile=4]'	  # 4 MPI task per node
set echo                          #Echo all commands.
cd $LS_SUBCWD                     #cd to directory of submission
ibrun ./betwcent $WORK/SCALE18BTW-TRANSBOOL 12 1024  # 16 processors on the row, each has batch=512/8=32; 2^12 = 4096 starting vertices overall

------------------------------------------------------------

Successfully completed.

Resource usage summary:

    CPU time   :  14415.86 sec.

The output (if any) is above this job summary.



PS:

Read file <err.o279869> for stderr output of this job.

