Batch processing will occur 16 times, each processing 256 vertices (overall)
Candidates chosen, precomputation finished
Exploring via BFS...
Tallying...
Adding bc contributions...
Exploring via BFS...
Tallying...
Adding bc contributions...
Exploring via BFS...
Tallying...
Adding bc contributions...
Exploring via BFS...
Tallying...
Adding bc contributions...
Exploring via BFS...
Tallying...
Adding bc contributions...
Exploring via BFS...
Tallying...
Adding bc contributions...
Exploring via BFS...
Tallying...
Adding bc contributions...
Exploring via BFS...
Tallying...
Adding bc contributions...
Exploring via BFS...
Tallying...
Adding bc contributions...
Exploring via BFS...
Tallying...
Adding bc contributions...
Exploring via BFS...
Tallying...
Adding bc contributions...
Exploring via BFS...
Tallying...
Adding bc contributions...
Exploring via BFS...
Tallying...
Adding bc contributions...
Exploring via BFS...
Tallying...
Adding bc contributions...
Exploring via BFS...
Tallying...
Adding bc contributions...
Exploring via BFS...
Tallying...
Adding bc contributions...
Computation finished
2299.227257 seconds elapsed for 4096 starting vertices
TEPS score is: 3566048.413435
cleanupJob  mvapich_wrapper /opt/lsf/bin/TaskStarter -p c18-210:52859 -c /opt/lsf/conf -a X86_64 ./betwcent /work/teragrid/tg459476/SCALE18BTW-TRANSBOOL 12 256

TID   HOST_NAME   COMMAND_LINE            STATUS            TERMINATION_TIME
===== ========== ================  =======================  ===================
00000 c18-210    ./betwcent /work  Signaled (SIGUSR2)       11/06/2009 01:20:42
00001 c18-210    ./betwcent /work  Signaled (SIGUSR2)       11/06/2009 01:20:46
00002 c18-210    ./betwcent /work  Signaled (SIGINT)        11/06/2009 01:20:46
00003 c18-210    ./betwcent /work  Signaled (SIGINT)        11/06/2009 01:20:46

------------------------------------------------------------
Sender: LSF System <lsfadmin@c18-210>
Subject: Job 276530: <betwcentp4> Exited

Job <betwcentp4> was submitted from host <lslogin2> by user <tg459476>.
Job was executed on host(s) <4*c18-210>, in queue <normal>, as user <tg459476>.
</home/teragrid/tg459476> was used as the home directory.
</home/teragrid/tg459476/Release_PSpGEMM/PSpGEMM-R1/Applications> was used as the working directory.
Started at Fri Nov  6 00:35:30 2009
Results reported at Fri Nov  6 01:20:51 2009

Your job looked like:

------------------------------------------------------------
# LSBATCH: User input
#!/bin/tcsh 			  
				  # first line specifies shell
#BSUB -J betwcentp4 		  #name the job "jobname"
#BSUB -o out.o%J   		  #output->   out.o&ltjobID>
#BSUB -e err.o%J   		  #error -> error.o&ltjobID>
#BSUB -n 4 -W 0:45               #1 CPU cores and 0hr+15min
#BSUB -q normal                   #Use development queue.
#BSUB -R 'span[ptile=4]'	  # 4 MPI task per node
set echo                          #Echo all commands.
cd $LS_SUBCWD                     #cd to directory of submission
ibrun ./betwcent $WORK/SCALE18BTW-TRANSBOOL 12 256  # 8 processors on the row, each has batch=256/8=32; 2^12 = 4096 starting vertices overall

------------------------------------------------------------

TERM_RUNLIMIT: job killed after reaching LSF run time limit.
Exited with signal termination: User defined signal 2.

Resource usage summary:

    CPU time   :   9258.19 sec.

The output (if any) is above this job summary.



PS:

Read file <err.o276530> for stderr output of this job.

