Batch processing will occur 4 times, each processing 1024 vertices (overall)
Candidates chosen, precomputation finished
Exploring via BFS...
Tallying...
Adding bc contributions...
Exploring via BFS...
Tallying...
Adding bc contributions...
Exploring via BFS...
Tallying...
Adding bc contributions...
Exploring via BFS...
Tallying...
Adding bc contributions...
Computation finished
125.356263 seconds elapsed for 4096 starting vertices
TEPS score is: 65406829.470363
Job  mvapich_wrapper /opt/lsf/bin/TaskStarter -p c42-207:37115 -c /opt/lsf/conf -a X86_64 ./betwcent /work/teragrid/tg459476/SCALE18BTW-TRANSBOOL 12 1024

TID   HOST_NAME   COMMAND_LINE            STATUS            TERMINATION_TIME
===== ========== ================  =======================  ===================
00000 c21-308    ./betwcent /work  Done                     11/08/2009 20:23:56
00001 c21-308    ./betwcent /work  Done                     11/08/2009 20:23:56
00002 c21-308    ./betwcent /work  Done                     11/08/2009 20:23:56
00003 c21-308    ./betwcent /work  Done                     11/08/2009 20:23:56
00004 c10-102    ./betwcent /work  Done                     11/08/2009 20:23:56
00005 c10-102    ./betwcent /work  Done                     11/08/2009 20:23:56
00006 c10-102    ./betwcent /work  Done                     11/08/2009 20:23:56
00007 c10-102    ./betwcent /work  Done                     11/08/2009 20:23:56
00008 c21-104    ./betwcent /work  Done                     11/08/2009 20:23:56
00009 c21-104    ./betwcent /work  Done                     11/08/2009 20:23:56
00010 c21-104    ./betwcent /work  Done                     11/08/2009 20:23:56
00011 c21-104    ./betwcent /work  Done                     11/08/2009 20:23:56
00012 c13-201    ./betwcent /work  Done                     11/08/2009 20:23:56
00013 c13-201    ./betwcent /work  Done                     11/08/2009 20:23:56
00014 c13-201    ./betwcent /work  Done                     11/08/2009 20:23:56
00015 c13-201    ./betwcent /work  Done                     11/08/2009 20:23:56
00016 c25-209    ./betwcent /work  Done                     11/08/2009 20:23:56
00017 c25-209    ./betwcent /work  Done                     11/08/2009 20:23:56
00018 c25-209    ./betwcent /work  Done                     11/08/2009 20:23:56
00019 c25-209    ./betwcent /work  Done                     11/08/2009 20:23:56
00020 c20-208    ./betwcent /work  Done                     11/08/2009 20:23:56
00021 c20-208    ./betwcent /work  Done                     11/08/2009 20:23:56
00022 c20-208    ./betwcent /work  Done                     11/08/2009 20:23:56
00023 c20-208    ./betwcent /work  Done                     11/08/2009 20:23:56
00024 c19-105    ./betwcent /work  Done                     11/08/2009 20:23:56
00025 c19-105    ./betwcent /work  Done                     11/08/2009 20:23:56
00026 c19-105    ./betwcent /work  Done                     11/08/2009 20:23:56
00027 c19-105    ./betwcent /work  Done                     11/08/2009 20:23:56
00028 c18-101    ./betwcent /work  Done                     11/08/2009 20:23:56
00029 c18-101    ./betwcent /work  Done                     11/08/2009 20:23:56
00030 c18-101    ./betwcent /work  Done                     11/08/2009 20:23:56
00031 c18-101    ./betwcent /work  Done                     11/08/2009 20:23:56
00032 c28-308    ./betwcent /work  Done                     11/08/2009 20:23:56
00033 c28-308    ./betwcent /work  Done                     11/08/2009 20:23:56
00034 c28-308    ./betwcent /work  Done                     11/08/2009 20:23:56
00035 c28-308    ./betwcent /work  Done                     11/08/2009 20:23:56
00036 c39-308    ./betwcent /work  Done                     11/08/2009 20:23:56
00037 c39-308    ./betwcent /work  Done                     11/08/2009 20:23:56
00038 c39-308    ./betwcent /work  Done                     11/08/2009 20:23:56
00039 c39-308    ./betwcent /work  Done                     11/08/2009 20:23:56
00040 c16-107    ./betwcent /work  Done                     11/08/2009 20:23:56
00041 c16-107    ./betwcent /work  Done                     11/08/2009 20:23:56
00042 c16-107    ./betwcent /work  Done                     11/08/2009 20:23:56
00043 c16-107    ./betwcent /work  Done                     11/08/2009 20:23:56
00044 c21-105    ./betwcent /work  Done                     11/08/2009 20:23:56
00045 c21-105    ./betwcent /work  Done                     11/08/2009 20:23:56
00046 c21-105    ./betwcent /work  Done                     11/08/2009 20:23:56
00047 c21-105    ./betwcent /work  Done                     11/08/2009 20:23:56
00048 c20-402    ./betwcent /work  Done                     11/08/2009 20:23:56
00049 c20-402    ./betwcent /work  Done                     11/08/2009 20:23:56
00050 c20-402    ./betwcent /work  Done                     11/08/2009 20:23:56
00051 c20-402    ./betwcent /work  Done                     11/08/2009 20:23:56
00052 c42-402    ./betwcent /work  Done                     11/08/2009 20:23:56
00053 c42-402    ./betwcent /work  Done                     11/08/2009 20:23:56
00054 c42-402    ./betwcent /work  Done                     11/08/2009 20:23:56
00055 c42-402    ./betwcent /work  Done                     11/08/2009 20:23:56
00056 c21-408    ./betwcent /work  Done                     11/08/2009 20:23:56
00057 c21-408    ./betwcent /work  Done                     11/08/2009 20:23:56
00058 c21-408    ./betwcent /work  Done                     11/08/2009 20:23:56
00059 c21-408    ./betwcent /work  Done                     11/08/2009 20:23:56
00060 c42-207    ./betwcent /work  Done                     11/08/2009 20:23:56
00061 c42-207    ./betwcent /work  Done                     11/08/2009 20:23:56
00062 c42-207    ./betwcent /work  Done                     11/08/2009 20:23:56
00063 c42-207    ./betwcent /work  Done                     11/08/2009 20:23:56

------------------------------------------------------------
Sender: LSF System <lsfadmin@c42-207>
Subject: Job 279653: <betwcentp64> Done

Job <betwcentp64> was submitted from host <lslogin1> by user <tg459476>.
Job was executed on host(s) <4*c42-207>, in queue <normal>, as user <tg459476>.
                            <4*c21-408>
                            <4*c42-402>
                            <4*c20-402>
                            <4*c21-105>
                            <4*c16-107>
                            <4*c39-308>
                            <4*c28-308>
                            <4*c18-101>
                            <4*c19-105>
                            <4*c20-208>
                            <4*c25-209>
                            <4*c13-201>
                            <4*c21-104>
                            <4*c10-102>
                            <4*c21-308>
</home/teragrid/tg459476> was used as the home directory.
</home/teragrid/tg459476/Release_PSpGEMM/PSpGEMM-R1/Applications> was used as the working directory.
Started at Sun Nov  8 20:21:20 2009
Results reported at Sun Nov  8 20:23:59 2009

Your job looked like:

------------------------------------------------------------
# LSBATCH: User input
#!/bin/tcsh 			  
				  # first line specifies shell
#BSUB -J betwcentp64 		  #name the job "jobname"
#BSUB -o out.o%J   		  #output->   out.o&ltjobID>
#BSUB -e err.o%J   		  #error -> error.o&ltjobID>
#BSUB -n 64 -W 0:10               #1 CPU cores and 0hr+15min
#BSUB -q normal                   #Use development queue.
#BSUB -R 'span[ptile=4]'	  # 4 MPI task per node
set echo                          #Echo all commands.
cd $LS_SUBCWD                     #cd to directory of submission
ibrun ./betwcent $WORK/SCALE18BTW-TRANSBOOL 12 1024  # 8 processors on the row, each has batch=256/8=32; 2^12 = 4096 starting vertices overall

------------------------------------------------------------

Successfully completed.

Resource usage summary:

    CPU time   :   8142.28 sec.

The output (if any) is above this job summary.



PS:

Read file <err.o279653> for stderr output of this job.

