Batch processing will occur 8 times, each processing 512 vertices (overall)
Candidates chosen, precomputation finished
Exploring via BFS...
Tallying...
Adding bc contributions...
Exploring via BFS...
Tallying...
Adding bc contributions...
Exploring via BFS...
Tallying...
Adding bc contributions...
Exploring via BFS...
Tallying...
Adding bc contributions...
Exploring via BFS...
Tallying...
Adding bc contributions...
Exploring via BFS...
Tallying...
Adding bc contributions...
Exploring via BFS...
Tallying...
Adding bc contributions...
Exploring via BFS...
Tallying...
Adding bc contributions...
Computation finished
96.173813 seconds elapsed for 4096 starting vertices
TEPS score is: 20892860.417162
Job  mvapich_wrapper /opt/lsf/bin/TaskStarter -p c34-206:53165 -c /opt/lsf/conf -a X86_64 ./betwcent /work/teragrid/tg459476/SCALE16BTW-TRANSBOOL 12 512

TID   HOST_NAME   COMMAND_LINE            STATUS            TERMINATION_TIME
===== ========== ================  =======================  ===================
00000 c42-308    ./betwcent /work  Done                     11/06/2009 17:36:33
00001 c42-308    ./betwcent /work  Done                     11/06/2009 17:36:33
00002 c42-308    ./betwcent /work  Done                     11/06/2009 17:36:33
00003 c42-308    ./betwcent /work  Done                     11/06/2009 17:36:33
00004 c26-409    ./betwcent /work  Done                     11/06/2009 17:36:33
00005 c26-409    ./betwcent /work  Done                     11/06/2009 17:36:33
00006 c26-409    ./betwcent /work  Done                     11/06/2009 17:36:33
00007 c26-409    ./betwcent /work  Done                     11/06/2009 17:36:33
00008 c26-201    ./betwcent /work  Done                     11/06/2009 17:36:33
00009 c26-201    ./betwcent /work  Done                     11/06/2009 17:36:33
00010 c26-201    ./betwcent /work  Done                     11/06/2009 17:36:33
00011 c26-201    ./betwcent /work  Done                     11/06/2009 17:36:33
00012 c34-206    ./betwcent /work  Done                     11/06/2009 17:36:33
00013 c34-206    ./betwcent /work  Done                     11/06/2009 17:36:33
00014 c34-206    ./betwcent /work  Done                     11/06/2009 17:36:33
00015 c34-206    ./betwcent /work  Done                     11/06/2009 17:36:33

------------------------------------------------------------
Sender: LSF System <lsfadmin@c34-206>
Subject: Job 277610: <betwcentp16> Done

Job <betwcentp16> was submitted from host <lslogin1> by user <tg459476>.
Job was executed on host(s) <4*c34-206>, in queue <normal>, as user <tg459476>.
                            <4*c26-201>
                            <4*c26-409>
                            <4*c42-308>
</home/teragrid/tg459476> was used as the home directory.
</home/teragrid/tg459476/Release_PSpGEMM/PSpGEMM-R1/Applications> was used as the working directory.
Started at Fri Nov  6 17:34:29 2009
Results reported at Fri Nov  6 17:36:36 2009

Your job looked like:

------------------------------------------------------------
# LSBATCH: User input
#!/bin/tcsh 			  
				  # first line specifies shell
#BSUB -J betwcentp16 		  #name the job "jobname"
#BSUB -o out.o%J   		  #output->   out.o&ltjobID>
#BSUB -e err.o%J   		  #error -> error.o&ltjobID>
#BSUB -n 16 -W 0:10               #1 CPU cores and 0hr+15min
#BSUB -q normal                   #Use development queue.
#BSUB -R 'span[ptile=4]'	  # 4 MPI task per node
set echo                          #Echo all commands.
cd $LS_SUBCWD                     #cd to directory of submission
ibrun ./betwcent $WORK/SCALE16BTW-TRANSBOOL 12 512  # 8 processors on the row, each has batch=256/8=32; 2^12 = 4096 starting vertices overall

------------------------------------------------------------

Successfully completed.

Resource usage summary:

    CPU time   :   1549.13 sec.

The output (if any) is above this job summary.



PS:

Read file <err.o277610> for stderr output of this job.

