*** Batchsize is not evenly divisible by the grid dimension ***
*** Processing 4080 vertices instead
Batch processing will occur 16 times, each processing 255 vertices (overall)
Candidates chosen, precomputation finished
Exploring via BFS...
Tallying...
Adding bc contributions...
Exploring via BFS...
Tallying...
Adding bc contributions...
Exploring via BFS...
Tallying...
Adding bc contributions...
Exploring via BFS...
Tallying...
Adding bc contributions...
Exploring via BFS...
Tallying...
Adding bc contributions...
Exploring via BFS...
Tallying...
Adding bc contributions...
Exploring via BFS...
Tallying...
Adding bc contributions...
Exploring via BFS...
Tallying...
Adding bc contributions...
Exploring via BFS...
Tallying...
Adding bc contributions...
Exploring via BFS...
Tallying...
Adding bc contributions...
Exploring via BFS...
Tallying...
Adding bc contributions...
Exploring via BFS...
Tallying...
Adding bc contributions...
Exploring via BFS...
Tallying...
Adding bc contributions...
Exploring via BFS...
Tallying...
Adding bc contributions...
Exploring via BFS...
Tallying...
Adding bc contributions...
Exploring via BFS...
Tallying...
Adding bc contributions...
Computation finished
66.860641 seconds elapsed for 4080 starting vertices
TEPS score is: 29935355.958082
Job  mvapich_wrapper /opt/lsf/bin/TaskStarter -p c41-106:35003 -c /opt/lsf/conf -a X86_64 ./betwcent /work/teragrid/tg459476/SCALE16BTW-TRANSBOOL 12 256

TID   HOST_NAME   COMMAND_LINE            STATUS            TERMINATION_TIME
===== ========== ================  =======================  ===================
00000 c10-209    ./betwcent /work  Done                     11/04/2009 04:23:21
00001 c31-309    ./betwcent /work  Done                     11/04/2009 04:23:21
00002 c31-309    ./betwcent /work  Done                     11/04/2009 04:23:21
00003 c31-309    ./betwcent /work  Done                     11/04/2009 04:23:21
00004 c31-309    ./betwcent /work  Done                     11/04/2009 04:23:21
00005 c24-401    ./betwcent /work  Done                     11/04/2009 04:23:21
00006 c24-401    ./betwcent /work  Done                     11/04/2009 04:23:21
00007 c24-401    ./betwcent /work  Done                     11/04/2009 04:23:21
00008 c24-401    ./betwcent /work  Done                     11/04/2009 04:23:21
00009 c29-207    ./betwcent /work  Done                     11/04/2009 04:23:21
00010 c29-207    ./betwcent /work  Done                     11/04/2009 04:23:21
00011 c29-207    ./betwcent /work  Done                     11/04/2009 04:23:21
00012 c29-207    ./betwcent /work  Done                     11/04/2009 04:23:21
00013 c31-301    ./betwcent /work  Done                     11/04/2009 04:23:21
00014 c31-301    ./betwcent /work  Done                     11/04/2009 04:23:21
00015 c31-301    ./betwcent /work  Done                     11/04/2009 04:23:21
00016 c31-301    ./betwcent /work  Done                     11/04/2009 04:23:21
00017 c44-306    ./betwcent /work  Done                     11/04/2009 04:23:21
00018 c44-306    ./betwcent /work  Done                     11/04/2009 04:23:21
00019 c44-306    ./betwcent /work  Done                     11/04/2009 04:23:21
00020 c44-306    ./betwcent /work  Done                     11/04/2009 04:23:21
00021 c41-106    ./betwcent /work  Done                     11/04/2009 04:23:21
00022 c41-106    ./betwcent /work  Done                     11/04/2009 04:23:21
00023 c41-106    ./betwcent /work  Done                     11/04/2009 04:23:21
00024 c41-106    ./betwcent /work  Done                     11/04/2009 04:23:21

------------------------------------------------------------
Sender: LSF System <lsfadmin@c41-106>
Subject: Job 274538: <betwcentp25> Done

Job <betwcentp25> was submitted from host <lslogin2> by user <tg459476>.
Job was executed on host(s) <4*c41-106>, in queue <normal>, as user <tg459476>.
                            <4*c44-306>
                            <4*c31-301>
                            <4*c29-207>
                            <4*c24-401>
                            <4*c31-309>
                            <1*c10-209>
</home/teragrid/tg459476> was used as the home directory.
</home/teragrid/tg459476/Release_PSpGEMM/PSpGEMM-R1/Applications> was used as the working directory.
Started at Wed Nov  4 04:21:43 2009
Results reported at Wed Nov  4 04:23:24 2009

Your job looked like:

------------------------------------------------------------
# LSBATCH: User input
#!/bin/tcsh 			  
				  # first line specifies shell
#BSUB -J betwcentp25 		  #name the job "jobname"
#BSUB -o out.o%J   		  #output->   out.o&ltjobID>
#BSUB -e err.o%J   		  #error -> error.o&ltjobID>
#BSUB -n 25 -W 0:10               #1 CPU cores and 0hr+15min
#BSUB -q normal                   #Use development queue.
#BSUB -R 'span[ptile=4]'	  # 4 MPI task per node
set echo                          #Echo all commands.
cd $LS_SUBCWD                     #cd to directory of submission
ibrun ./betwcent $WORK/SCALE16BTW-TRANSBOOL 12 256  # 8 processors on the row, each has batch=256/8=32; 2^12 = 4096 starting vertices overall

------------------------------------------------------------

Successfully completed.

Resource usage summary:

    CPU time   :   1690.15 sec.

The output (if any) is above this job summary.



PS:

Read file <err.o274538> for stderr output of this job.

