*** Batchsize is not evenly divisible by the grid dimension ***
*** Processing 4032 vertices instead
Batch processing will occur 16 times, each processing 252 vertices (overall)
Candidates chosen, precomputation finished
Exploring via BFS...
Tallying...
Adding bc contributions...
Exploring via BFS...
Tallying...
Adding bc contributions...
Exploring via BFS...
Tallying...
Adding bc contributions...
Exploring via BFS...
Tallying...
Adding bc contributions...
Exploring via BFS...
Tallying...
Adding bc contributions...
Exploring via BFS...
Tallying...
Adding bc contributions...
Exploring via BFS...
Tallying...
Adding bc contributions...
Exploring via BFS...
Tallying...
Adding bc contributions...
Exploring via BFS...
Tallying...
Adding bc contributions...
Exploring via BFS...
Tallying...
Adding bc contributions...
Exploring via BFS...
Tallying...
Adding bc contributions...
Exploring via BFS...
Tallying...
Adding bc contributions...
Exploring via BFS...
Tallying...
Adding bc contributions...
Exploring via BFS...
Tallying...
Adding bc contributions...
Exploring via BFS...
Tallying...
Adding bc contributions...
Exploring via BFS...
Tallying...
Adding bc contributions...
Computation finished
47.459778 seconds elapsed for 4032 starting vertices
TEPS score is: 41676342.417791
Job  mvapich_wrapper /opt/lsf/bin/TaskStarter -p c15-106:49872 -c /opt/lsf/conf -a X86_64 ./betwcent /work/teragrid/tg459476/SCALE16BTW-TRANSBOOL 12 256

TID   HOST_NAME   COMMAND_LINE            STATUS            TERMINATION_TIME
===== ========== ================  =======================  ===================
00000 c19-205    ./betwcent /work  Done                     10/25/2009 10:43:07
00001 c34-409    ./betwcent /work  Done                     10/25/2009 10:43:07
00002 c34-409    ./betwcent /work  Done                     10/25/2009 10:43:07
00003 c34-409    ./betwcent /work  Done                     10/25/2009 10:43:07
00004 c34-409    ./betwcent /work  Done                     10/25/2009 10:43:07
00005 c39-101    ./betwcent /work  Done                     10/25/2009 10:43:07
00006 c39-101    ./betwcent /work  Done                     10/25/2009 10:43:07
00007 c39-101    ./betwcent /work  Done                     10/25/2009 10:43:07
00008 c39-101    ./betwcent /work  Done                     10/25/2009 10:43:07
00009 c15-305    ./betwcent /work  Done                     10/25/2009 10:43:07
00010 c15-305    ./betwcent /work  Done                     10/25/2009 10:43:07
00011 c15-305    ./betwcent /work  Done                     10/25/2009 10:43:07
00012 c15-305    ./betwcent /work  Done                     10/25/2009 10:43:07
00013 c29-308    ./betwcent /work  Done                     10/25/2009 10:43:07
00014 c29-308    ./betwcent /work  Done                     10/25/2009 10:43:07
00015 c29-308    ./betwcent /work  Done                     10/25/2009 10:43:07
00016 c29-308    ./betwcent /work  Done                     10/25/2009 10:43:07
00017 c28-103    ./betwcent /work  Done                     10/25/2009 10:43:07
00018 c28-103    ./betwcent /work  Done                     10/25/2009 10:43:07
00019 c28-103    ./betwcent /work  Done                     10/25/2009 10:43:07
00020 c28-103    ./betwcent /work  Done                     10/25/2009 10:43:07
00021 c24-303    ./betwcent /work  Done                     10/25/2009 10:43:07
00022 c24-303    ./betwcent /work  Done                     10/25/2009 10:43:07
00023 c24-303    ./betwcent /work  Done                     10/25/2009 10:43:07
00024 c24-303    ./betwcent /work  Done                     10/25/2009 10:43:07
00025 c23-205    ./betwcent /work  Done                     10/25/2009 10:43:07
00026 c23-205    ./betwcent /work  Done                     10/25/2009 10:43:07
00027 c23-205    ./betwcent /work  Done                     10/25/2009 10:43:07
00028 c23-205    ./betwcent /work  Done                     10/25/2009 10:43:07
00029 c34-106    ./betwcent /work  Done                     10/25/2009 10:43:07
00030 c34-106    ./betwcent /work  Done                     10/25/2009 10:43:07
00031 c34-106    ./betwcent /work  Done                     10/25/2009 10:43:07
00032 c34-106    ./betwcent /work  Done                     10/25/2009 10:43:07
00033 c29-105    ./betwcent /work  Done                     10/25/2009 10:43:07
00034 c29-105    ./betwcent /work  Done                     10/25/2009 10:43:07
00035 c29-105    ./betwcent /work  Done                     10/25/2009 10:43:07
00036 c29-105    ./betwcent /work  Done                     10/25/2009 10:43:07
00037 c20-409    ./betwcent /work  Done                     10/25/2009 10:43:07
00038 c20-409    ./betwcent /work  Done                     10/25/2009 10:43:07
00039 c20-409    ./betwcent /work  Done                     10/25/2009 10:43:07
00040 c20-409    ./betwcent /work  Done                     10/25/2009 10:43:07
00041 c34-103    ./betwcent /work  Done                     10/25/2009 10:43:07
00042 c34-103    ./betwcent /work  Done                     10/25/2009 10:43:07
00043 c34-103    ./betwcent /work  Done                     10/25/2009 10:43:07
00044 c34-103    ./betwcent /work  Done                     10/25/2009 10:43:07
00045 c15-106    ./betwcent /work  Done                     10/25/2009 10:43:07
00046 c15-106    ./betwcent /work  Done                     10/25/2009 10:43:07
00047 c15-106    ./betwcent /work  Done                     10/25/2009 10:43:07
00048 c15-106    ./betwcent /work  Done                     10/25/2009 10:43:07

------------------------------------------------------------
Sender: LSF System <lsfadmin@c15-106>
Subject: Job 261668: <betwcentp49> Done

Job <betwcentp49> was submitted from host <lslogin1> by user <tg459476>.
Job was executed on host(s) <4*c15-106>, in queue <normal>, as user <tg459476>.
                            <4*c34-103>
                            <4*c20-409>
                            <4*c29-105>
                            <4*c34-106>
                            <4*c23-205>
                            <4*c24-303>
                            <4*c28-103>
                            <4*c29-308>
                            <4*c15-305>
                            <4*c39-101>
                            <4*c34-409>
                            <1*c19-205>
</home/teragrid/tg459476> was used as the home directory.
</home/teragrid/tg459476/Release_PSpGEMM/PSpGEMM-R1/Applications> was used as the working directory.
Started at Sun Oct 25 10:41:47 2009
Results reported at Sun Oct 25 10:43:10 2009

Your job looked like:

------------------------------------------------------------
# LSBATCH: User input
#!/bin/tcsh 			  
				  # first line specifies shell
#BSUB -J betwcentp49 		  #name the job "jobname"
#BSUB -o out.o%J   		  #output->   out.o&ltjobID>
#BSUB -e err.o%J   		  #error -> error.o&ltjobID>
#BSUB -n 49 -W 0:10               #1 CPU cores and 0hr+15min
#BSUB -q normal                   #Use development queue.
#BSUB -R 'span[ptile=4]'	  # 4 MPI task per node
set echo                          #Echo all commands.
cd $LS_SUBCWD                     #cd to directory of submission
ibrun ./betwcent $WORK/SCALE16BTW-TRANSBOOL 12 256  # 8 processors on the row, each has batch=256/8=32; 2^12 = 4096 starting vertices overall

------------------------------------------------------------

Successfully completed.

Resource usage summary:

    CPU time   :   2360.70 sec.

The output (if any) is above this job summary.



PS:

Read file <err.o261668> for stderr output of this job.

