*** Batchsize is not evenly divisible by the grid dimension ***
*** Processing 4032 vertices instead
Batch processing will occur 8 times, each processing 504 vertices (overall)
Candidates chosen, precomputation finished
Exploring via BFS...
Tallying...
Adding bc contributions...
Exploring via BFS...
Tallying...
Adding bc contributions...
Exploring via BFS...
Tallying...
Adding bc contributions...
Exploring via BFS...
Tallying...
Adding bc contributions...
Exploring via BFS...
Tallying...
Adding bc contributions...
Exploring via BFS...
Tallying...
Adding bc contributions...
Exploring via BFS...
Tallying...
Adding bc contributions...
Exploring via BFS...
Tallying...
Adding bc contributions...
Computation finished
26.369728 seconds elapsed for 4032 starting vertices
TEPS score is: 75008356.675284
Job  mvapich_wrapper /opt/lsf/bin/TaskStarter -p c17-107:48947 -c /opt/lsf/conf -a X86_64 ./betwcent /work/teragrid/tg459476/SCALE16BTW-TRANSBOOL 12 512

TID   HOST_NAME   COMMAND_LINE            STATUS            TERMINATION_TIME
===== ========== ================  =======================  ===================
00000 c15-107    ./betwcent /work  Done                     11/04/2009 04:58:41
00001 c15-210    ./betwcent /work  Done                     11/04/2009 04:58:41
00002 c15-210    ./betwcent /work  Done                     11/04/2009 04:58:41
00003 c15-210    ./betwcent /work  Done                     11/04/2009 04:58:41
00004 c15-210    ./betwcent /work  Done                     11/04/2009 04:58:41
00005 c35-301    ./betwcent /work  Done                     11/04/2009 04:58:41
00006 c35-301    ./betwcent /work  Done                     11/04/2009 04:58:41
00007 c35-301    ./betwcent /work  Done                     11/04/2009 04:58:41
00008 c35-301    ./betwcent /work  Done                     11/04/2009 04:58:41
00009 c32-409    ./betwcent /work  Done                     11/04/2009 04:58:41
00010 c32-409    ./betwcent /work  Done                     11/04/2009 04:58:41
00011 c32-409    ./betwcent /work  Done                     11/04/2009 04:58:41
00012 c32-409    ./betwcent /work  Done                     11/04/2009 04:58:41
00013 c12-209    ./betwcent /work  Done                     11/04/2009 04:58:41
00014 c12-209    ./betwcent /work  Done                     11/04/2009 04:58:41
00015 c12-209    ./betwcent /work  Done                     11/04/2009 04:58:41
00016 c12-209    ./betwcent /work  Done                     11/04/2009 04:58:41
00017 c17-102    ./betwcent /work  Done                     11/04/2009 04:58:41
00018 c17-102    ./betwcent /work  Done                     11/04/2009 04:58:41
00019 c17-102    ./betwcent /work  Done                     11/04/2009 04:58:41
00020 c17-102    ./betwcent /work  Done                     11/04/2009 04:58:41
00021 c29-304    ./betwcent /work  Done                     11/04/2009 04:58:41
00022 c29-304    ./betwcent /work  Done                     11/04/2009 04:58:41
00023 c29-304    ./betwcent /work  Done                     11/04/2009 04:58:41
00024 c29-304    ./betwcent /work  Done                     11/04/2009 04:58:41
00025 c10-209    ./betwcent /work  Done                     11/04/2009 04:58:41
00026 c10-209    ./betwcent /work  Done                     11/04/2009 04:58:41
00027 c10-209    ./betwcent /work  Done                     11/04/2009 04:58:41
00028 c10-209    ./betwcent /work  Done                     11/04/2009 04:58:41
00029 c44-304    ./betwcent /work  Done                     11/04/2009 04:58:41
00030 c44-304    ./betwcent /work  Done                     11/04/2009 04:58:41
00031 c44-304    ./betwcent /work  Done                     11/04/2009 04:58:41
00032 c44-304    ./betwcent /work  Done                     11/04/2009 04:58:41
00033 c30-104    ./betwcent /work  Done                     11/04/2009 04:58:41
00034 c30-104    ./betwcent /work  Done                     11/04/2009 04:58:41
00035 c30-104    ./betwcent /work  Done                     11/04/2009 04:58:41
00036 c30-104    ./betwcent /work  Done                     11/04/2009 04:58:41
00037 c27-306    ./betwcent /work  Done                     11/04/2009 04:58:41
00038 c27-306    ./betwcent /work  Done                     11/04/2009 04:58:41
00039 c27-306    ./betwcent /work  Done                     11/04/2009 04:58:41
00040 c27-306    ./betwcent /work  Done                     11/04/2009 04:58:41
00041 c31-309    ./betwcent /work  Done                     11/04/2009 04:58:41
00042 c31-309    ./betwcent /work  Done                     11/04/2009 04:58:41
00043 c31-309    ./betwcent /work  Done                     11/04/2009 04:58:41
00044 c31-309    ./betwcent /work  Done                     11/04/2009 04:58:41
00045 c22-205    ./betwcent /work  Done                     11/04/2009 04:58:41
00046 c22-205    ./betwcent /work  Done                     11/04/2009 04:58:41
00047 c22-205    ./betwcent /work  Done                     11/04/2009 04:58:41
00048 c22-205    ./betwcent /work  Done                     11/04/2009 04:58:41
00049 c41-309    ./betwcent /work  Done                     11/04/2009 04:58:41
00050 c41-309    ./betwcent /work  Done                     11/04/2009 04:58:41
00051 c41-309    ./betwcent /work  Done                     11/04/2009 04:58:41
00052 c41-309    ./betwcent /work  Done                     11/04/2009 04:58:41
00053 c42-207    ./betwcent /work  Done                     11/04/2009 04:58:41
00054 c42-207    ./betwcent /work  Done                     11/04/2009 04:58:41
00055 c42-207    ./betwcent /work  Done                     11/04/2009 04:58:41
00056 c42-207    ./betwcent /work  Done                     11/04/2009 04:58:41
00057 c39-103    ./betwcent /work  Done                     11/04/2009 04:58:41
00058 c39-103    ./betwcent /work  Done                     11/04/2009 04:58:41
00059 c39-103    ./betwcent /work  Done                     11/04/2009 04:58:41
00060 c39-103    ./betwcent /work  Done                     11/04/2009 04:58:41
00061 c41-106    ./betwcent /work  Done                     11/04/2009 04:58:41
00062 c41-106    ./betwcent /work  Done                     11/04/2009 04:58:41
00063 c41-106    ./betwcent /work  Done                     11/04/2009 04:58:41
00064 c41-106    ./betwcent /work  Done                     11/04/2009 04:58:41
00065 c45-305    ./betwcent /work  Done                     11/04/2009 04:58:41
00066 c45-305    ./betwcent /work  Done                     11/04/2009 04:58:41
00067 c45-305    ./betwcent /work  Done                     11/04/2009 04:58:41
00068 c45-305    ./betwcent /work  Done                     11/04/2009 04:58:41
00069 c45-406    ./betwcent /work  Done                     11/04/2009 04:58:41
00070 c45-406    ./betwcent /work  Done                     11/04/2009 04:58:41
00071 c45-406    ./betwcent /work  Done                     11/04/2009 04:58:41
00072 c45-406    ./betwcent /work  Done                     11/04/2009 04:58:41
00073 c31-303    ./betwcent /work  Done                     11/04/2009 04:58:41
00074 c31-303    ./betwcent /work  Done                     11/04/2009 04:58:41
00075 c31-303    ./betwcent /work  Done                     11/04/2009 04:58:41
00076 c31-303    ./betwcent /work  Done                     11/04/2009 04:58:41
00077 c17-107    ./betwcent /work  Done                     11/04/2009 04:58:41
00078 c17-107    ./betwcent /work  Done                     11/04/2009 04:58:41
00079 c17-107    ./betwcent /work  Done                     11/04/2009 04:58:41
00080 c17-107    ./betwcent /work  Done                     11/04/2009 04:58:41

------------------------------------------------------------
Sender: LSF System <lsfadmin@c17-107>
Subject: Job 274564: <betwcentp81> Done

Job <betwcentp81> was submitted from host <lslogin2> by user <tg459476>.
Job was executed on host(s) <4*c17-107>, in queue <normal>, as user <tg459476>.
                            <4*c31-303>
                            <4*c45-406>
                            <4*c45-305>
                            <4*c41-106>
                            <4*c39-103>
                            <4*c42-207>
                            <4*c41-309>
                            <4*c22-205>
                            <4*c31-309>
                            <4*c27-306>
                            <4*c30-104>
                            <4*c44-304>
                            <4*c10-209>
                            <4*c29-304>
                            <4*c17-102>
                            <4*c12-209>
                            <4*c32-409>
                            <4*c35-301>
                            <4*c15-210>
                            <1*c15-107>
</home/teragrid/tg459476> was used as the home directory.
</home/teragrid/tg459476/Release_PSpGEMM/PSpGEMM-R1/Applications> was used as the working directory.
Started at Wed Nov  4 04:57:40 2009
Results reported at Wed Nov  4 04:58:46 2009

Your job looked like:

------------------------------------------------------------
# LSBATCH: User input
#!/bin/tcsh 			  
				  # first line specifies shell
#BSUB -J betwcentp81 		  #name the job "jobname"
#BSUB -o out.o%J   		  #output->   out.o&ltjobID>
#BSUB -e err.o%J   		  #error -> error.o&ltjobID>
#BSUB -n 81 -W 0:10               #1 CPU cores and 0hr+15min
#BSUB -q normal                   #Use development queue.
#BSUB -R 'span[ptile=4]'	  # 4 MPI task per node
set echo                          #Echo all commands.
cd $LS_SUBCWD                     #cd to directory of submission
ibrun ./betwcent $WORK/SCALE16BTW-TRANSBOOL 12 512  # 8 processors on the row, each has batch=256/8=32; 2^12 = 4096 starting vertices overall

------------------------------------------------------------

Successfully completed.

Resource usage summary:

    CPU time   :   2337.46 sec.

The output (if any) is above this job summary.



PS:

Read file <err.o274564> for stderr output of this job.

