*** Batchsize is not evenly divisible by the grid dimension ***
*** Processing 4080 vertices instead
Batch processing will occur 16 times, each processing 255 vertices (overall)
Candidates chosen, precomputation finished
Exploring via BFS...
Tallying...
Adding bc contributions...
Exploring via BFS...
Tallying...
Adding bc contributions...
Exploring via BFS...
Tallying...
Adding bc contributions...
Exploring via BFS...
Tallying...
Adding bc contributions...
Exploring via BFS...
Tallying...
Adding bc contributions...
Exploring via BFS...
Tallying...
Adding bc contributions...
Exploring via BFS...
Tallying...
Adding bc contributions...
Exploring via BFS...
Tallying...
Adding bc contributions...
Exploring via BFS...
Tallying...
Adding bc contributions...
Exploring via BFS...
Tallying...
Adding bc contributions...
Exploring via BFS...
Tallying...
Adding bc contributions...
Exploring via BFS...
Tallying...
Adding bc contributions...
Exploring via BFS...
Tallying...
Adding bc contributions...
Exploring via BFS...
Tallying...
Adding bc contributions...
Exploring via BFS...
Tallying...
Adding bc contributions...
Exploring via BFS...
Tallying...
Adding bc contributions...
Computation finished
173.616056 seconds elapsed for 4080 starting vertices
TEPS score is: 11528294.857994
Job  mvapich_wrapper /opt/lsf/bin/TaskStarter -p c13-307:42264 -c /opt/lsf/conf -a X86_64 ./betwcent /work/teragrid/tg459476/SCALE16BTW-TRANSBOOL 12 256

TID   HOST_NAME   COMMAND_LINE            STATUS            TERMINATION_TIME
===== ========== ================  =======================  ===================
00000 c14-301    ./betwcent /work  Done                     11/04/2009 04:27:17
00001 c29-304    ./betwcent /work  Done                     11/04/2009 04:27:17
00002 c29-304    ./betwcent /work  Done                     11/04/2009 04:27:17
00003 c29-304    ./betwcent /work  Done                     11/04/2009 04:27:17
00004 c29-304    ./betwcent /work  Done                     11/04/2009 04:27:17
00005 c13-307    ./betwcent /work  Done                     11/04/2009 04:27:17
00006 c13-307    ./betwcent /work  Done                     11/04/2009 04:27:17
00007 c13-307    ./betwcent /work  Done                     11/04/2009 04:27:17
00008 c13-307    ./betwcent /work  Done                     11/04/2009 04:27:17

------------------------------------------------------------
Sender: LSF System <lsfadmin@c13-307>
Subject: Job 274540: <betwcentp9> Done

Job <betwcentp9> was submitted from host <lslogin2> by user <tg459476>.
Job was executed on host(s) <4*c13-307>, in queue <normal>, as user <tg459476>.
                            <4*c29-304>
                            <1*c14-301>
</home/teragrid/tg459476> was used as the home directory.
</home/teragrid/tg459476/Release_PSpGEMM/PSpGEMM-R1/Applications> was used as the working directory.
Started at Wed Nov  4 04:23:53 2009
Results reported at Wed Nov  4 04:27:22 2009

Your job looked like:

------------------------------------------------------------
# LSBATCH: User input
#!/bin/tcsh 			  
				  # first line specifies shell
#BSUB -J betwcentp9 		  #name the job "jobname"
#BSUB -o out.o%J   		  #output->   out.o&ltjobID>
#BSUB -e err.o%J   		  #error -> error.o&ltjobID>
#BSUB -n 9 -W 0:10               #1 CPU cores and 0hr+15min
#BSUB -q normal                   #Use development queue.
#BSUB -R 'span[ptile=4]'	  # 4 MPI task per node
set echo                          #Echo all commands.
cd $LS_SUBCWD                     #cd to directory of submission
ibrun ./betwcent $WORK/SCALE16BTW-TRANSBOOL 12 256  # 8 processors on the row, each has batch=256/8=32; 2^12 = 4096 starting vertices overall

------------------------------------------------------------

Successfully completed.

Resource usage summary:

    CPU time   :   1567.48 sec.

The output (if any) is above this job summary.



PS:

Read file <err.o274540> for stderr output of this job.

