*** Batchsize is not evenly divisible by the grid dimension ***
*** Processing 4032 vertices instead
Batch processing will occur 8 times, each processing 504 vertices (overall)
Candidates chosen, precomputation finished
Exploring via BFS...
Tallying...
Adding bc contributions...
Exploring via BFS...
Tallying...
Adding bc contributions...
Exploring via BFS...
Tallying...
Adding bc contributions...
Exploring via BFS...
Tallying...
Adding bc contributions...
Exploring via BFS...
Tallying...
Adding bc contributions...
Exploring via BFS...
Tallying...
Adding bc contributions...
Exploring via BFS...
Tallying...
Adding bc contributions...
Exploring via BFS...
Tallying...
Adding bc contributions...
Computation finished
138.723130 seconds elapsed for 4032 starting vertices
TEPS score is: 117296523.870538
Job  mvapich_wrapper /opt/lsf/bin/TaskStarter -p c31-304:34200 -c /opt/lsf/conf -a X86_64 ./betwcent /work/teragrid/tg459476/SCALE19BTW-TRANSBOOL 12 512

TID   HOST_NAME   COMMAND_LINE            STATUS            TERMINATION_TIME
===== ========== ================  =======================  ===================
00000 c10-209    ./betwcent /work  Done                     11/12/2009 05:18:40
00001 c10-209    ./betwcent /work  Done                     11/12/2009 05:18:40
00002 c10-209    ./betwcent /work  Done                     11/12/2009 05:18:40
00003 c10-209    ./betwcent /work  Done                     11/12/2009 05:18:40
00004 c45-409    ./betwcent /work  Done                     11/12/2009 05:18:40
00005 c45-409    ./betwcent /work  Done                     11/12/2009 05:18:40
00006 c45-409    ./betwcent /work  Done                     11/12/2009 05:18:40
00007 c45-409    ./betwcent /work  Done                     11/12/2009 05:18:40
00008 c12-110    ./betwcent /work  Done                     11/12/2009 05:18:40
00009 c12-110    ./betwcent /work  Done                     11/12/2009 05:18:40
00010 c12-110    ./betwcent /work  Done                     11/12/2009 05:18:40
00011 c12-110    ./betwcent /work  Done                     11/12/2009 05:18:40
00012 c38-201    ./betwcent /work  Done                     11/12/2009 05:18:40
00013 c38-201    ./betwcent /work  Done                     11/12/2009 05:18:40
00014 c38-201    ./betwcent /work  Done                     11/12/2009 05:18:40
00015 c38-201    ./betwcent /work  Done                     11/12/2009 05:18:40
00016 c34-102    ./betwcent /work  Done                     11/12/2009 05:18:40
00017 c34-102    ./betwcent /work  Done                     11/12/2009 05:18:40
00018 c34-102    ./betwcent /work  Done                     11/12/2009 05:18:40
00019 c34-102    ./betwcent /work  Done                     11/12/2009 05:18:40
00020 c37-402    ./betwcent /work  Done                     11/12/2009 05:18:40
00021 c37-402    ./betwcent /work  Done                     11/12/2009 05:18:40
00022 c37-402    ./betwcent /work  Done                     11/12/2009 05:18:40
00023 c37-402    ./betwcent /work  Done                     11/12/2009 05:18:40
00024 c28-309    ./betwcent /work  Done                     11/12/2009 05:18:40
00025 c28-309    ./betwcent /work  Done                     11/12/2009 05:18:40
00026 c28-309    ./betwcent /work  Done                     11/12/2009 05:18:40
00027 c28-309    ./betwcent /work  Done                     11/12/2009 05:18:40
00028 c24-404    ./betwcent /work  Done                     11/12/2009 05:18:40
00029 c24-404    ./betwcent /work  Done                     11/12/2009 05:18:40
00030 c24-404    ./betwcent /work  Done                     11/12/2009 05:18:40
00031 c24-404    ./betwcent /work  Done                     11/12/2009 05:18:40
00032 c39-210    ./betwcent /work  Done                     11/12/2009 05:18:40
00033 c39-210    ./betwcent /work  Done                     11/12/2009 05:18:40
00034 c39-210    ./betwcent /work  Done                     11/12/2009 05:18:40
00035 c39-210    ./betwcent /work  Done                     11/12/2009 05:18:40
00036 c33-402    ./betwcent /work  Done                     11/12/2009 05:18:40
00037 c33-402    ./betwcent /work  Done                     11/12/2009 05:18:40
00038 c33-402    ./betwcent /work  Done                     11/12/2009 05:18:40
00039 c33-402    ./betwcent /work  Done                     11/12/2009 05:18:40
00040 c40-305    ./betwcent /work  Done                     11/12/2009 05:18:40
00041 c40-305    ./betwcent /work  Done                     11/12/2009 05:18:40
00042 c40-305    ./betwcent /work  Done                     11/12/2009 05:18:40
00043 c40-305    ./betwcent /work  Done                     11/12/2009 05:18:40
00044 c14-208    ./betwcent /work  Done                     11/12/2009 05:18:40
00045 c14-208    ./betwcent /work  Done                     11/12/2009 05:18:40
00046 c14-208    ./betwcent /work  Done                     11/12/2009 05:18:40
00047 c14-208    ./betwcent /work  Done                     11/12/2009 05:18:40
00048 c19-203    ./betwcent /work  Done                     11/12/2009 05:18:41
00049 c19-203    ./betwcent /work  Done                     11/12/2009 05:18:41
00050 c19-203    ./betwcent /work  Done                     11/12/2009 05:18:41
00051 c19-203    ./betwcent /work  Done                     11/12/2009 05:18:41
00052 c13-105    ./betwcent /work  Done                     11/12/2009 05:18:40
00053 c13-105    ./betwcent /work  Done                     11/12/2009 05:18:40
00054 c13-105    ./betwcent /work  Done                     11/12/2009 05:18:40
00055 c13-105    ./betwcent /work  Done                     11/12/2009 05:18:40
00056 c44-406    ./betwcent /work  Done                     11/12/2009 05:18:40
00057 c44-406    ./betwcent /work  Done                     11/12/2009 05:18:40
00058 c44-406    ./betwcent /work  Done                     11/12/2009 05:18:40
00059 c44-406    ./betwcent /work  Done                     11/12/2009 05:18:40
00060 c20-109    ./betwcent /work  Done                     11/12/2009 05:18:40
00061 c20-109    ./betwcent /work  Done                     11/12/2009 05:18:40
00062 c20-109    ./betwcent /work  Done                     11/12/2009 05:18:40
00063 c20-109    ./betwcent /work  Done                     11/12/2009 05:18:40
00064 c27-310    ./betwcent /work  Done                     11/12/2009 05:18:40
00065 c27-310    ./betwcent /work  Done                     11/12/2009 05:18:40
00066 c27-310    ./betwcent /work  Done                     11/12/2009 05:18:40
00067 c27-310    ./betwcent /work  Done                     11/12/2009 05:18:40
00068 c25-204    ./betwcent /work  Done                     11/12/2009 05:18:40
00069 c25-204    ./betwcent /work  Done                     11/12/2009 05:18:40
00070 c25-204    ./betwcent /work  Done                     11/12/2009 05:18:40
00071 c25-204    ./betwcent /work  Done                     11/12/2009 05:18:40
00072 c45-408    ./betwcent /work  Done                     11/12/2009 05:18:40
00073 c45-408    ./betwcent /work  Done                     11/12/2009 05:18:40
00074 c45-408    ./betwcent /work  Done                     11/12/2009 05:18:40
00075 c45-408    ./betwcent /work  Done                     11/12/2009 05:18:40
00076 c32-405    ./betwcent /work  Done                     11/12/2009 05:18:41
00077 c32-405    ./betwcent /work  Done                     11/12/2009 05:18:41
00078 c32-405    ./betwcent /work  Done                     11/12/2009 05:18:41
00079 c32-405    ./betwcent /work  Done                     11/12/2009 05:18:41
00080 c22-410    ./betwcent /work  Done                     11/12/2009 05:18:40
00081 c22-410    ./betwcent /work  Done                     11/12/2009 05:18:40
00082 c22-410    ./betwcent /work  Done                     11/12/2009 05:18:40
00083 c22-410    ./betwcent /work  Done                     11/12/2009 05:18:40
00084 c35-402    ./betwcent /work  Done                     11/12/2009 05:18:40
00085 c35-402    ./betwcent /work  Done                     11/12/2009 05:18:40
00086 c35-402    ./betwcent /work  Done                     11/12/2009 05:18:40
00087 c35-402    ./betwcent /work  Done                     11/12/2009 05:18:40
00088 c41-107    ./betwcent /work  Done                     11/12/2009 05:18:40
00089 c41-107    ./betwcent /work  Done                     11/12/2009 05:18:40
00090 c41-107    ./betwcent /work  Done                     11/12/2009 05:18:40
00091 c41-107    ./betwcent /work  Done                     11/12/2009 05:18:40
00092 c20-106    ./betwcent /work  Done                     11/12/2009 05:18:40
00093 c20-106    ./betwcent /work  Done                     11/12/2009 05:18:40
00094 c20-106    ./betwcent /work  Done                     11/12/2009 05:18:40
00095 c20-106    ./betwcent /work  Done                     11/12/2009 05:18:40
00096 c25-105    ./betwcent /work  Done                     11/12/2009 05:18:40
00097 c25-105    ./betwcent /work  Done                     11/12/2009 05:18:40
00098 c25-105    ./betwcent /work  Done                     11/12/2009 05:18:40
00099 c25-105    ./betwcent /work  Done                     11/12/2009 05:18:40
00100 c36-202    ./betwcent /work  Done                     11/12/2009 05:18:40
00101 c36-202    ./betwcent /work  Done                     11/12/2009 05:18:40
00102 c36-202    ./betwcent /work  Done                     11/12/2009 05:18:40
00103 c36-202    ./betwcent /work  Done                     11/12/2009 05:18:40
00104 c12-203    ./betwcent /work  Done                     11/12/2009 05:18:40
00105 c12-203    ./betwcent /work  Done                     11/12/2009 05:18:40
00106 c12-203    ./betwcent /work  Done                     11/12/2009 05:18:40
00107 c12-203    ./betwcent /work  Done                     11/12/2009 05:18:40
00108 c39-202    ./betwcent /work  Done                     11/12/2009 05:18:40
00109 c39-202    ./betwcent /work  Done                     11/12/2009 05:18:40
00110 c39-202    ./betwcent /work  Done                     11/12/2009 05:18:40
00111 c39-202    ./betwcent /work  Done                     11/12/2009 05:18:40
00112 c44-408    ./betwcent /work  Done                     11/12/2009 05:18:40
00113 c44-408    ./betwcent /work  Done                     11/12/2009 05:18:40
00114 c44-408    ./betwcent /work  Done                     11/12/2009 05:18:40
00115 c44-408    ./betwcent /work  Done                     11/12/2009 05:18:40
00116 c20-204    ./betwcent /work  Done                     11/12/2009 05:18:40
00117 c20-204    ./betwcent /work  Done                     11/12/2009 05:18:40
00118 c20-204    ./betwcent /work  Done                     11/12/2009 05:18:40
00119 c20-204    ./betwcent /work  Done                     11/12/2009 05:18:40
00120 c31-308    ./betwcent /work  Done                     11/12/2009 05:18:40
00121 c31-308    ./betwcent /work  Done                     11/12/2009 05:18:40
00122 c31-308    ./betwcent /work  Done                     11/12/2009 05:18:40
00123 c31-308    ./betwcent /work  Done                     11/12/2009 05:18:40
00124 c40-209    ./betwcent /work  Done                     11/12/2009 05:18:40
00125 c40-209    ./betwcent /work  Done                     11/12/2009 05:18:40
00126 c40-209    ./betwcent /work  Done                     11/12/2009 05:18:40
00127 c40-209    ./betwcent /work  Done                     11/12/2009 05:18:40
00128 c42-201    ./betwcent /work  Done                     11/12/2009 05:18:40
00129 c42-201    ./betwcent /work  Done                     11/12/2009 05:18:40
00130 c42-201    ./betwcent /work  Done                     11/12/2009 05:18:40
00131 c42-201    ./betwcent /work  Done                     11/12/2009 05:18:40
00132 c28-202    ./betwcent /work  Done                     11/12/2009 05:18:40
00133 c28-202    ./betwcent /work  Done                     11/12/2009 05:18:40
00134 c28-202    ./betwcent /work  Done                     11/12/2009 05:18:40
00135 c28-202    ./betwcent /work  Done                     11/12/2009 05:18:40
00136 c42-208    ./betwcent /work  Done                     11/12/2009 05:18:40
00137 c42-208    ./betwcent /work  Done                     11/12/2009 05:18:40
00138 c42-208    ./betwcent /work  Done                     11/12/2009 05:18:40
00139 c42-208    ./betwcent /work  Done                     11/12/2009 05:18:40
00140 c31-304    ./betwcent /work  Done                     11/12/2009 05:18:40
00141 c31-304    ./betwcent /work  Done                     11/12/2009 05:18:40
00142 c31-304    ./betwcent /work  Done                     11/12/2009 05:18:40
00143 c31-304    ./betwcent /work  Done                     11/12/2009 05:18:40

------------------------------------------------------------
Sender: LSF System <lsfadmin@c31-304>
Subject: Job 286764: <betwcentp144> Done

Job <betwcentp144> was submitted from host <lslogin1> by user <tg459476>.
Job was executed on host(s) <4*c31-304>, in queue <normal>, as user <tg459476>.
                            <4*c42-208>
                            <4*c28-202>
                            <4*c42-201>
                            <4*c40-209>
                            <4*c31-308>
                            <4*c20-204>
                            <4*c44-408>
                            <4*c39-202>
                            <4*c12-203>
                            <4*c36-202>
                            <4*c25-105>
                            <4*c20-106>
                            <4*c41-107>
                            <4*c35-402>
                            <4*c22-410>
                            <4*c32-405>
                            <4*c45-408>
                            <4*c25-204>
                            <4*c27-310>
                            <4*c20-109>
                            <4*c44-406>
                            <4*c13-105>
                            <4*c19-203>
                            <4*c14-208>
                            <4*c40-305>
                            <4*c33-402>
                            <4*c39-210>
                            <4*c24-404>
                            <4*c28-309>
                            <4*c37-402>
                            <4*c34-102>
                            <4*c38-201>
                            <4*c12-110>
                            <4*c45-409>
                            <4*c10-209>
</home/teragrid/tg459476> was used as the home directory.
</home/teragrid/tg459476/Release_PSpGEMM/PSpGEMM-R1/Applications> was used as the working directory.
Started at Thu Nov 12 05:15:46 2009
Results reported at Thu Nov 12 05:18:44 2009

Your job looked like:

------------------------------------------------------------
# LSBATCH: User input
#!/bin/tcsh 			  
				  # first line specifies shell
#BSUB -J betwcentp144 		  #name the job "jobname"
#BSUB -o out.o%J   		  #output->   out.o&ltjobID>
#BSUB -e err.o%J   		  #error -> error.o&ltjobID>
#BSUB -n 144 -W 0:10               #1 CPU cores and 0hr+15min
#BSUB -q normal                   #Use development queue.
#BSUB -R 'span[ptile=4]'	  # 4 MPI task per node
set echo                          #Echo all commands.
cd $LS_SUBCWD                     #cd to directory of submission
ibrun ./betwcent $WORK/SCALE19BTW-TRANSBOOL 12 512  # 16 processors on the row, each has batch=512/8=32; 2^12 = 4096 starting vertices overall

------------------------------------------------------------

Successfully completed.

Resource usage summary:

    CPU time   :  20609.26 sec.

The output (if any) is above this job summary.



PS:

Read file <err.o286764> for stderr output of this job.

