*** Batchsize is not evenly divisible by the grid dimension ***
*** Processing 4032 vertices instead
Batch processing will occur 8 times, each processing 504 vertices (overall)
Candidates chosen, precomputation finished
Exploring via BFS...
Tallying...
Adding bc contributions...
Exploring via BFS...
Tallying...
Adding bc contributions...
Exploring via BFS...
Tallying...
Adding bc contributions...
Exploring via BFS...
Tallying...
Adding bc contributions...
Exploring via BFS...
Tallying...
Adding bc contributions...
Exploring via BFS...
Tallying...
Adding bc contributions...
Exploring via BFS...
Tallying...
Adding bc contributions...
Exploring via BFS...
Tallying...
Adding bc contributions...
Computation finished
109.308872 seconds elapsed for 4032 starting vertices
TEPS score is: 148860203.500316
Job  mvapich_wrapper /opt/lsf/bin/TaskStarter -p c26-209:45351 -c /opt/lsf/conf -a X86_64 ./betwcent /work/teragrid/tg459476/SCALE19BTW-TRANSBOOL 12 512

TID   HOST_NAME   COMMAND_LINE            STATUS            TERMINATION_TIME
===== ========== ================  =======================  ===================
00000 c20-109    ./betwcent /work  Done                     11/12/2009 05:28:46
00001 c20-109    ./betwcent /work  Done                     11/12/2009 05:28:46
00002 c20-109    ./betwcent /work  Done                     11/12/2009 05:28:46
00003 c20-109    ./betwcent /work  Done                     11/12/2009 05:28:46
00004 c23-205    ./betwcent /work  Done                     11/12/2009 05:28:46
00005 c23-205    ./betwcent /work  Done                     11/12/2009 05:28:46
00006 c23-205    ./betwcent /work  Done                     11/12/2009 05:28:46
00007 c23-205    ./betwcent /work  Done                     11/12/2009 05:28:46
00008 c14-205    ./betwcent /work  Done                     11/12/2009 05:28:46
00009 c14-205    ./betwcent /work  Done                     11/12/2009 05:28:46
00010 c14-205    ./betwcent /work  Done                     11/12/2009 05:28:46
00011 c14-205    ./betwcent /work  Done                     11/12/2009 05:28:46
00012 c12-101    ./betwcent /work  Done                     11/12/2009 05:28:46
00013 c12-101    ./betwcent /work  Done                     11/12/2009 05:28:46
00014 c12-101    ./betwcent /work  Done                     11/12/2009 05:28:46
00015 c12-101    ./betwcent /work  Done                     11/12/2009 05:28:46
00016 c37-408    ./betwcent /work  Done                     11/12/2009 05:28:46
00017 c37-408    ./betwcent /work  Done                     11/12/2009 05:28:46
00018 c37-408    ./betwcent /work  Done                     11/12/2009 05:28:46
00019 c37-408    ./betwcent /work  Done                     11/12/2009 05:28:46
00020 c43-203    ./betwcent /work  Done                     11/12/2009 05:28:46
00021 c43-203    ./betwcent /work  Done                     11/12/2009 05:28:46
00022 c43-203    ./betwcent /work  Done                     11/12/2009 05:28:46
00023 c43-203    ./betwcent /work  Done                     11/12/2009 05:28:46
00024 c22-405    ./betwcent /work  Done                     11/12/2009 05:28:46
00025 c22-405    ./betwcent /work  Done                     11/12/2009 05:28:46
00026 c22-405    ./betwcent /work  Done                     11/12/2009 05:28:46
00027 c22-405    ./betwcent /work  Done                     11/12/2009 05:28:46
00028 c45-409    ./betwcent /work  Done                     11/12/2009 05:28:46
00029 c45-409    ./betwcent /work  Done                     11/12/2009 05:28:46
00030 c45-409    ./betwcent /work  Done                     11/12/2009 05:28:46
00031 c45-409    ./betwcent /work  Done                     11/12/2009 05:28:46
00032 c27-409    ./betwcent /work  Done                     11/12/2009 05:28:46
00033 c27-409    ./betwcent /work  Done                     11/12/2009 05:28:46
00034 c27-409    ./betwcent /work  Done                     11/12/2009 05:28:46
00035 c27-409    ./betwcent /work  Done                     11/12/2009 05:28:46
00036 c10-209    ./betwcent /work  Done                     11/12/2009 05:28:46
00037 c10-209    ./betwcent /work  Done                     11/12/2009 05:28:46
00038 c10-209    ./betwcent /work  Done                     11/12/2009 05:28:46
00039 c10-209    ./betwcent /work  Done                     11/12/2009 05:28:46
00040 c45-307    ./betwcent /work  Done                     11/12/2009 05:28:46
00041 c45-307    ./betwcent /work  Done                     11/12/2009 05:28:46
00042 c45-307    ./betwcent /work  Done                     11/12/2009 05:28:46
00043 c45-307    ./betwcent /work  Done                     11/12/2009 05:28:46
00044 c42-208    ./betwcent /work  Done                     11/12/2009 05:28:46
00045 c42-208    ./betwcent /work  Done                     11/12/2009 05:28:46
00046 c42-208    ./betwcent /work  Done                     11/12/2009 05:28:46
00047 c42-208    ./betwcent /work  Done                     11/12/2009 05:28:46
00048 c45-408    ./betwcent /work  Done                     11/12/2009 05:28:46
00049 c45-408    ./betwcent /work  Done                     11/12/2009 05:28:46
00050 c45-408    ./betwcent /work  Done                     11/12/2009 05:28:46
00051 c45-408    ./betwcent /work  Done                     11/12/2009 05:28:46
00052 c27-404    ./betwcent /work  Done                     11/12/2009 05:28:46
00053 c27-404    ./betwcent /work  Done                     11/12/2009 05:28:46
00054 c27-404    ./betwcent /work  Done                     11/12/2009 05:28:46
00055 c27-404    ./betwcent /work  Done                     11/12/2009 05:28:46
00056 c41-410    ./betwcent /work  Done                     11/12/2009 05:28:46
00057 c41-410    ./betwcent /work  Done                     11/12/2009 05:28:46
00058 c41-410    ./betwcent /work  Done                     11/12/2009 05:28:46
00059 c41-410    ./betwcent /work  Done                     11/12/2009 05:28:46
00060 c42-401    ./betwcent /work  Done                     11/12/2009 05:28:46
00061 c42-401    ./betwcent /work  Done                     11/12/2009 05:28:46
00062 c42-401    ./betwcent /work  Done                     11/12/2009 05:28:46
00063 c42-401    ./betwcent /work  Done                     11/12/2009 05:28:46
00064 c30-101    ./betwcent /work  Done                     11/12/2009 05:28:46
00065 c30-101    ./betwcent /work  Done                     11/12/2009 05:28:46
00066 c30-101    ./betwcent /work  Done                     11/12/2009 05:28:46
00067 c30-101    ./betwcent /work  Done                     11/12/2009 05:28:46
00068 c39-102    ./betwcent /work  Done                     11/12/2009 05:28:46
00069 c39-102    ./betwcent /work  Done                     11/12/2009 05:28:46
00070 c39-102    ./betwcent /work  Done                     11/12/2009 05:28:46
00071 c39-102    ./betwcent /work  Done                     11/12/2009 05:28:46
00072 c20-104    ./betwcent /work  Done                     11/12/2009 05:28:46
00073 c20-104    ./betwcent /work  Done                     11/12/2009 05:28:46
00074 c20-104    ./betwcent /work  Done                     11/12/2009 05:28:46
00075 c20-104    ./betwcent /work  Done                     11/12/2009 05:28:46
00076 c31-409    ./betwcent /work  Done                     11/12/2009 05:28:46
00077 c31-409    ./betwcent /work  Done                     11/12/2009 05:28:46
00078 c31-409    ./betwcent /work  Done                     11/12/2009 05:28:46
00079 c31-409    ./betwcent /work  Done                     11/12/2009 05:28:46
00080 c13-304    ./betwcent /work  Done                     11/12/2009 05:28:46
00081 c13-304    ./betwcent /work  Done                     11/12/2009 05:28:46
00082 c13-304    ./betwcent /work  Done                     11/12/2009 05:28:46
00083 c13-304    ./betwcent /work  Done                     11/12/2009 05:28:46
00084 c40-208    ./betwcent /work  Done                     11/12/2009 05:28:46
00085 c40-208    ./betwcent /work  Done                     11/12/2009 05:28:46
00086 c40-208    ./betwcent /work  Done                     11/12/2009 05:28:46
00087 c40-208    ./betwcent /work  Done                     11/12/2009 05:28:46
00088 c40-305    ./betwcent /work  Done                     11/12/2009 05:28:46
00089 c40-305    ./betwcent /work  Done                     11/12/2009 05:28:46
00090 c40-305    ./betwcent /work  Done                     11/12/2009 05:28:46
00091 c40-305    ./betwcent /work  Done                     11/12/2009 05:28:46
00092 c12-203    ./betwcent /work  Done                     11/12/2009 05:28:46
00093 c12-203    ./betwcent /work  Done                     11/12/2009 05:28:46
00094 c12-203    ./betwcent /work  Done                     11/12/2009 05:28:46
00095 c12-203    ./betwcent /work  Done                     11/12/2009 05:28:46
00096 c39-210    ./betwcent /work  Done                     11/12/2009 05:28:46
00097 c39-210    ./betwcent /work  Done                     11/12/2009 05:28:46
00098 c39-210    ./betwcent /work  Done                     11/12/2009 05:28:46
00099 c39-210    ./betwcent /work  Done                     11/12/2009 05:28:46
00100 c15-205    ./betwcent /work  Done                     11/12/2009 05:28:46
00101 c15-205    ./betwcent /work  Done                     11/12/2009 05:28:46
00102 c15-205    ./betwcent /work  Done                     11/12/2009 05:28:46
00103 c15-205    ./betwcent /work  Done                     11/12/2009 05:28:46
00104 c41-107    ./betwcent /work  Done                     11/12/2009 05:28:46
00105 c41-107    ./betwcent /work  Done                     11/12/2009 05:28:46
00106 c41-107    ./betwcent /work  Done                     11/12/2009 05:28:46
00107 c41-107    ./betwcent /work  Done                     11/12/2009 05:28:46
00108 c35-402    ./betwcent /work  Done                     11/12/2009 05:28:46
00109 c35-402    ./betwcent /work  Done                     11/12/2009 05:28:46
00110 c35-402    ./betwcent /work  Done                     11/12/2009 05:28:46
00111 c35-402    ./betwcent /work  Done                     11/12/2009 05:28:46
00112 c20-106    ./betwcent /work  Done                     11/12/2009 05:28:46
00113 c20-106    ./betwcent /work  Done                     11/12/2009 05:28:46
00114 c20-106    ./betwcent /work  Done                     11/12/2009 05:28:46
00115 c20-106    ./betwcent /work  Done                     11/12/2009 05:28:46
00116 c45-302    ./betwcent /work  Done                     11/12/2009 05:28:46
00117 c45-302    ./betwcent /work  Done                     11/12/2009 05:28:46
00118 c45-302    ./betwcent /work  Done                     11/12/2009 05:28:46
00119 c45-302    ./betwcent /work  Done                     11/12/2009 05:28:46
00120 c44-406    ./betwcent /work  Done                     11/12/2009 05:28:46
00121 c44-406    ./betwcent /work  Done                     11/12/2009 05:28:46
00122 c44-406    ./betwcent /work  Done                     11/12/2009 05:28:46
00123 c44-406    ./betwcent /work  Done                     11/12/2009 05:28:46
00124 c38-409    ./betwcent /work  Done                     11/12/2009 05:28:46
00125 c38-409    ./betwcent /work  Done                     11/12/2009 05:28:46
00126 c38-409    ./betwcent /work  Done                     11/12/2009 05:28:46
00127 c38-409    ./betwcent /work  Done                     11/12/2009 05:28:46
00128 c36-407    ./betwcent /work  Done                     11/12/2009 05:28:46
00129 c36-407    ./betwcent /work  Done                     11/12/2009 05:28:46
00130 c36-407    ./betwcent /work  Done                     11/12/2009 05:28:46
00131 c36-407    ./betwcent /work  Done                     11/12/2009 05:28:46
00132 c13-105    ./betwcent /work  Done                     11/12/2009 05:28:46
00133 c13-105    ./betwcent /work  Done                     11/12/2009 05:28:46
00134 c13-105    ./betwcent /work  Done                     11/12/2009 05:28:46
00135 c13-105    ./betwcent /work  Done                     11/12/2009 05:28:46
00136 c30-310    ./betwcent /work  Done                     11/12/2009 05:28:46
00137 c30-310    ./betwcent /work  Done                     11/12/2009 05:28:46
00138 c30-310    ./betwcent /work  Done                     11/12/2009 05:28:46
00139 c30-310    ./betwcent /work  Done                     11/12/2009 05:28:46
00140 c23-407    ./betwcent /work  Done                     11/12/2009 05:28:46
00141 c23-407    ./betwcent /work  Done                     11/12/2009 05:28:46
00142 c23-407    ./betwcent /work  Done                     11/12/2009 05:28:46
00143 c23-407    ./betwcent /work  Done                     11/12/2009 05:28:46
00144 c12-104    ./betwcent /work  Done                     11/12/2009 05:28:46
00145 c12-104    ./betwcent /work  Done                     11/12/2009 05:28:46
00146 c12-104    ./betwcent /work  Done                     11/12/2009 05:28:46
00147 c12-104    ./betwcent /work  Done                     11/12/2009 05:28:46
00148 c20-406    ./betwcent /work  Done                     11/12/2009 05:28:46
00149 c20-406    ./betwcent /work  Done                     11/12/2009 05:28:46
00150 c20-406    ./betwcent /work  Done                     11/12/2009 05:28:46
00151 c20-406    ./betwcent /work  Done                     11/12/2009 05:28:46
00152 c44-308    ./betwcent /work  Done                     11/12/2009 05:28:46
00153 c44-308    ./betwcent /work  Done                     11/12/2009 05:28:46
00154 c44-308    ./betwcent /work  Done                     11/12/2009 05:28:46
00155 c44-308    ./betwcent /work  Done                     11/12/2009 05:28:46
00156 c34-206    ./betwcent /work  Done                     11/12/2009 05:28:46
00157 c34-206    ./betwcent /work  Done                     11/12/2009 05:28:46
00158 c34-206    ./betwcent /work  Done                     11/12/2009 05:28:46
00159 c34-206    ./betwcent /work  Done                     11/12/2009 05:28:46
00160 c35-410    ./betwcent /work  Done                     11/12/2009 05:28:46
00161 c35-410    ./betwcent /work  Done                     11/12/2009 05:28:46
00162 c35-410    ./betwcent /work  Done                     11/12/2009 05:28:46
00163 c35-410    ./betwcent /work  Done                     11/12/2009 05:28:46
00164 c20-309    ./betwcent /work  Done                     11/12/2009 05:28:46
00165 c20-309    ./betwcent /work  Done                     11/12/2009 05:28:46
00166 c20-309    ./betwcent /work  Done                     11/12/2009 05:28:46
00167 c20-309    ./betwcent /work  Done                     11/12/2009 05:28:46
00168 c34-207    ./betwcent /work  Done                     11/12/2009 05:28:46
00169 c34-207    ./betwcent /work  Done                     11/12/2009 05:28:46
00170 c34-207    ./betwcent /work  Done                     11/12/2009 05:28:46
00171 c34-207    ./betwcent /work  Done                     11/12/2009 05:28:46
00172 c27-105    ./betwcent /work  Done                     11/12/2009 05:28:46
00173 c27-105    ./betwcent /work  Done                     11/12/2009 05:28:46
00174 c27-105    ./betwcent /work  Done                     11/12/2009 05:28:46
00175 c27-105    ./betwcent /work  Done                     11/12/2009 05:28:46
00176 c32-202    ./betwcent /work  Done                     11/12/2009 05:28:46
00177 c32-202    ./betwcent /work  Done                     11/12/2009 05:28:46
00178 c32-202    ./betwcent /work  Done                     11/12/2009 05:28:46
00179 c32-202    ./betwcent /work  Done                     11/12/2009 05:28:46
00180 c42-403    ./betwcent /work  Done                     11/12/2009 05:28:46
00181 c42-403    ./betwcent /work  Done                     11/12/2009 05:28:46
00182 c42-403    ./betwcent /work  Done                     11/12/2009 05:28:46
00183 c42-403    ./betwcent /work  Done                     11/12/2009 05:28:46
00184 c12-110    ./betwcent /work  Done                     11/12/2009 05:28:46
00185 c12-110    ./betwcent /work  Done                     11/12/2009 05:28:46
00186 c12-110    ./betwcent /work  Done                     11/12/2009 05:28:46
00187 c12-110    ./betwcent /work  Done                     11/12/2009 05:28:46
00188 c25-302    ./betwcent /work  Done                     11/12/2009 05:28:46
00189 c25-302    ./betwcent /work  Done                     11/12/2009 05:28:46
00190 c25-302    ./betwcent /work  Done                     11/12/2009 05:28:46
00191 c25-302    ./betwcent /work  Done                     11/12/2009 05:28:46
00192 c26-209    ./betwcent /work  Done                     11/12/2009 05:28:46
00193 c26-209    ./betwcent /work  Done                     11/12/2009 05:28:46
00194 c26-209    ./betwcent /work  Done                     11/12/2009 05:28:46
00195 c26-209    ./betwcent /work  Done                     11/12/2009 05:28:46

------------------------------------------------------------
Sender: LSF System <lsfadmin@c26-209>
Subject: Job 286766: <betwcentp196> Done

Job <betwcentp196> was submitted from host <lslogin1> by user <tg459476>.
Job was executed on host(s) <4*c26-209>, in queue <normal>, as user <tg459476>.
                            <4*c25-302>
                            <4*c12-110>
                            <4*c42-403>
                            <4*c32-202>
                            <4*c27-105>
                            <4*c34-207>
                            <4*c20-309>
                            <4*c35-410>
                            <4*c34-206>
                            <4*c44-308>
                            <4*c20-406>
                            <4*c12-104>
                            <4*c23-407>
                            <4*c30-310>
                            <4*c13-105>
                            <4*c36-407>
                            <4*c38-409>
                            <4*c44-406>
                            <4*c45-302>
                            <4*c20-106>
                            <4*c35-402>
                            <4*c41-107>
                            <4*c15-205>
                            <4*c39-210>
                            <4*c12-203>
                            <4*c40-305>
                            <4*c40-208>
                            <4*c13-304>
                            <4*c31-409>
                            <4*c20-104>
                            <4*c39-102>
                            <4*c30-101>
                            <4*c42-401>
                            <4*c41-410>
                            <4*c27-404>
                            <4*c45-408>
                            <4*c42-208>
                            <4*c45-307>
                            <4*c10-209>
                            <4*c27-409>
                            <4*c45-409>
                            <4*c22-405>
                            <4*c43-203>
                            <4*c37-408>
                            <4*c12-101>
                            <4*c14-205>
                            <4*c23-205>
                            <4*c20-109>
</home/teragrid/tg459476> was used as the home directory.
</home/teragrid/tg459476/Release_PSpGEMM/PSpGEMM-R1/Applications> was used as the working directory.
Started at Thu Nov 12 05:26:22 2009
Results reported at Thu Nov 12 05:28:49 2009

Your job looked like:

------------------------------------------------------------
# LSBATCH: User input
#!/bin/tcsh 			  
				  # first line specifies shell
#BSUB -J betwcentp196 		  #name the job "jobname"
#BSUB -o out.o%J   		  #output->   out.o&ltjobID>
#BSUB -e err.o%J   		  #error -> error.o&ltjobID>
#BSUB -n 196 -W 0:10               #1 CPU cores and 0hr+15min
#BSUB -q normal                   #Use development queue.
#BSUB -R 'span[ptile=4]'	  # 4 MPI task per node
set echo                          #Echo all commands.
cd $LS_SUBCWD                     #cd to directory of submission
ibrun ./betwcent $WORK/SCALE19BTW-TRANSBOOL 12 512  # 8 processors on the row, each has batch=256/8=32; 2^12 = 4096 starting vertices overall

------------------------------------------------------------

Successfully completed.

Resource usage summary:

    CPU time   :  22309.53 sec.

The output (if any) is above this job summary.



PS:

Read file <err.o286766> for stderr output of this job.

