*** Batchsize is not evenly divisible by the grid dimension ***
*** Processing 4080 vertices instead
Batch processing will occur 8 times, each processing 510 vertices (overall)
Candidates chosen, precomputation finished
Exploring via BFS...
Tallying...
Adding bc contributions...
Exploring via BFS...
Tallying...
Adding bc contributions...
Exploring via BFS...
Tallying...
Adding bc contributions...
Exploring via BFS...
Tallying...
Adding bc contributions...
Exploring via BFS...
Tallying...
Adding bc contributions...
Exploring via BFS...
Tallying...
Adding bc contributions...
Exploring via BFS...
Tallying...
Adding bc contributions...
Exploring via BFS...
Tallying...
Adding bc contributions...
Computation finished
732.865465 seconds elapsed for 4080 starting vertices
TEPS score is: 22467223.276332
Job  mvapich_wrapper /opt/lsf/bin/TaskStarter -p c25-205:33102 -c /opt/lsf/conf -a X86_64 ./betwcent /work/teragrid/tg459476/SCALE19BTW-TRANSBOOL 12 512

TID   HOST_NAME   COMMAND_LINE            STATUS            TERMINATION_TIME
===== ========== ================  =======================  ===================
00000 c18-107    ./betwcent /work  Done                     11/12/2009 05:21:00
00001 c43-205    ./betwcent /work  Done                     11/12/2009 05:21:00
00002 c43-205    ./betwcent /work  Done                     11/12/2009 05:21:00
00003 c43-205    ./betwcent /work  Done                     11/12/2009 05:21:00
00004 c43-205    ./betwcent /work  Done                     11/12/2009 05:21:00
00005 c39-201    ./betwcent /work  Done                     11/12/2009 05:21:00
00006 c39-201    ./betwcent /work  Done                     11/12/2009 05:21:00
00007 c39-201    ./betwcent /work  Done                     11/12/2009 05:21:00
00008 c39-201    ./betwcent /work  Done                     11/12/2009 05:21:00
00009 c23-402    ./betwcent /work  Done                     11/12/2009 05:21:00
00010 c23-402    ./betwcent /work  Done                     11/12/2009 05:21:00
00011 c23-402    ./betwcent /work  Done                     11/12/2009 05:21:00
00012 c23-402    ./betwcent /work  Done                     11/12/2009 05:21:00
00013 c38-204    ./betwcent /work  Done                     11/12/2009 05:21:00
00014 c38-204    ./betwcent /work  Done                     11/12/2009 05:21:00
00015 c38-204    ./betwcent /work  Done                     11/12/2009 05:21:00
00016 c38-204    ./betwcent /work  Done                     11/12/2009 05:21:00
00017 c16-302    ./betwcent /work  Done                     11/12/2009 05:21:00
00018 c16-302    ./betwcent /work  Done                     11/12/2009 05:21:00
00019 c16-302    ./betwcent /work  Done                     11/12/2009 05:21:00
00020 c16-302    ./betwcent /work  Done                     11/12/2009 05:21:00
00021 c25-205    ./betwcent /work  Done                     11/12/2009 05:21:00
00022 c25-205    ./betwcent /work  Done                     11/12/2009 05:21:00
00023 c25-205    ./betwcent /work  Done                     11/12/2009 05:21:00
00024 c25-205    ./betwcent /work  Done                     11/12/2009 05:21:00

------------------------------------------------------------
Sender: LSF System <lsfadmin@c25-205>
Subject: Job 286756: <betwcentp25> Done

Job <betwcentp25> was submitted from host <lslogin1> by user <tg459476>.
Job was executed on host(s) <4*c25-205>, in queue <normal>, as user <tg459476>.
                            <4*c16-302>
                            <4*c38-204>
                            <4*c23-402>
                            <4*c39-201>
                            <4*c43-205>
                            <1*c18-107>
</home/teragrid/tg459476> was used as the home directory.
</home/teragrid/tg459476/Release_PSpGEMM/PSpGEMM-R1/Applications> was used as the working directory.
Started at Thu Nov 12 05:08:17 2009
Results reported at Thu Nov 12 05:21:03 2009

Your job looked like:

------------------------------------------------------------
# LSBATCH: User input
#!/bin/tcsh 			  
				  # first line specifies shell
#BSUB -J betwcentp25 		  #name the job "jobname"
#BSUB -o out.o%J   		  #output->   out.o&ltjobID>
#BSUB -e err.o%J   		  #error -> error.o&ltjobID>
#BSUB -n 25 -W 0:30               #1 CPU cores and 0hr+15min
#BSUB -q normal                   #Use development queue.
#BSUB -R 'span[ptile=4]'	  # 4 MPI task per node
set echo                          #Echo all commands.
cd $LS_SUBCWD                     #cd to directory of submission
ibrun ./betwcent $WORK/SCALE19BTW-TRANSBOOL 12 512  # 8 processors on the row, each has batch=256/8=32; 2^12 = 4096 starting vertices overall

------------------------------------------------------------

Successfully completed.

Resource usage summary:

    CPU time   :  18423.52 sec.

The output (if any) is above this job summary.



PS:

Read file <err.o286756> for stderr output of this job.

