*** Batchsize is not evenly divisible by the grid dimension ***
*** Processing 4048 vertices instead
Batch processing will occur 8 times, each processing 506 vertices (overall)
Candidates chosen, precomputation finished
Exploring via BFS...
Tallying...
Adding bc contributions...
Exploring via BFS...
Tallying...
Adding bc contributions...
Exploring via BFS...
Tallying...
Adding bc contributions...
Exploring via BFS...
Tallying...
Adding bc contributions...
Exploring via BFS...
Tallying...
Adding bc contributions...
Exploring via BFS...
Tallying...
Adding bc contributions...
Exploring via BFS...
Tallying...
Adding bc contributions...
Exploring via BFS...
Tallying...
Adding bc contributions...
Computation finished
2058.287925 seconds elapsed for 4048 starting vertices
TEPS score is: 64538353.975759
Job  mvapich_wrapper /opt/lsf/bin/TaskStarter -p c36-205:60253 -c /opt/lsf/conf -a X86_64 ./betwcent /work/teragrid/tg459476/SCALE22BTW-TRANSBOOL 12 512

TID   HOST_NAME   COMMAND_LINE            STATUS            TERMINATION_TIME
===== ========== ================  =======================  ===================
00000 c42-206    ./betwcent /work  Done                     12/09/2009 16:54:37
00001 c18-201    ./betwcent /work  Done                     12/09/2009 16:54:37
00002 c18-201    ./betwcent /work  Done                     12/09/2009 16:54:37
00003 c18-201    ./betwcent /work  Done                     12/09/2009 16:54:37
00004 c18-201    ./betwcent /work  Done                     12/09/2009 16:54:37
00005 c26-407    ./betwcent /work  Done                     12/09/2009 16:54:37
00006 c26-407    ./betwcent /work  Done                     12/09/2009 16:54:37
00007 c26-407    ./betwcent /work  Done                     12/09/2009 16:54:37
00008 c26-407    ./betwcent /work  Done                     12/09/2009 16:54:37
00009 c33-104    ./betwcent /work  Done                     12/09/2009 16:54:37
00010 c33-104    ./betwcent /work  Done                     12/09/2009 16:54:37
00011 c33-104    ./betwcent /work  Done                     12/09/2009 16:54:37
00012 c33-104    ./betwcent /work  Done                     12/09/2009 16:54:37
00013 c45-301    ./betwcent /work  Done                     12/09/2009 16:54:37
00014 c45-301    ./betwcent /work  Done                     12/09/2009 16:54:37
00015 c45-301    ./betwcent /work  Done                     12/09/2009 16:54:37
00016 c45-301    ./betwcent /work  Done                     12/09/2009 16:54:37
00017 c41-103    ./betwcent /work  Done                     12/09/2009 16:54:37
00018 c41-103    ./betwcent /work  Done                     12/09/2009 16:54:37
00019 c41-103    ./betwcent /work  Done                     12/09/2009 16:54:37
00020 c41-103    ./betwcent /work  Done                     12/09/2009 16:54:37
00021 c33-410    ./betwcent /work  Done                     12/09/2009 16:54:37
00022 c33-410    ./betwcent /work  Done                     12/09/2009 16:54:37
00023 c33-410    ./betwcent /work  Done                     12/09/2009 16:54:37
00024 c33-410    ./betwcent /work  Done                     12/09/2009 16:54:37
00025 c26-106    ./betwcent /work  Done                     12/09/2009 16:54:37
00026 c26-106    ./betwcent /work  Done                     12/09/2009 16:54:37
00027 c26-106    ./betwcent /work  Done                     12/09/2009 16:54:37
00028 c26-106    ./betwcent /work  Done                     12/09/2009 16:54:37
00029 c14-306    ./betwcent /work  Done                     12/09/2009 16:54:37
00030 c14-306    ./betwcent /work  Done                     12/09/2009 16:54:37
00031 c14-306    ./betwcent /work  Done                     12/09/2009 16:54:37
00032 c14-306    ./betwcent /work  Done                     12/09/2009 16:54:37
00033 c42-102    ./betwcent /work  Done                     12/09/2009 16:54:37
00034 c42-102    ./betwcent /work  Done                     12/09/2009 16:54:37
00035 c42-102    ./betwcent /work  Done                     12/09/2009 16:54:37
00036 c42-102    ./betwcent /work  Done                     12/09/2009 16:54:37
00037 c38-102    ./betwcent /work  Done                     12/09/2009 16:54:37
00038 c38-102    ./betwcent /work  Done                     12/09/2009 16:54:37
00039 c38-102    ./betwcent /work  Done                     12/09/2009 16:54:37
00040 c38-102    ./betwcent /work  Done                     12/09/2009 16:54:37
00041 c40-401    ./betwcent /work  Done                     12/09/2009 16:54:37
00042 c40-401    ./betwcent /work  Done                     12/09/2009 16:54:37
00043 c40-401    ./betwcent /work  Done                     12/09/2009 16:54:37
00044 c40-401    ./betwcent /work  Done                     12/09/2009 16:54:37
00045 c32-306    ./betwcent /work  Done                     12/09/2009 16:54:37
00046 c32-306    ./betwcent /work  Done                     12/09/2009 16:54:37
00047 c32-306    ./betwcent /work  Done                     12/09/2009 16:54:37
00048 c32-306    ./betwcent /work  Done                     12/09/2009 16:54:37
00049 c22-307    ./betwcent /work  Done                     12/09/2009 16:54:37
00050 c22-307    ./betwcent /work  Done                     12/09/2009 16:54:37
00051 c22-307    ./betwcent /work  Done                     12/09/2009 16:54:37
00052 c22-307    ./betwcent /work  Done                     12/09/2009 16:54:37
00053 c22-401    ./betwcent /work  Done                     12/09/2009 16:54:37
00054 c22-401    ./betwcent /work  Done                     12/09/2009 16:54:37
00055 c22-401    ./betwcent /work  Done                     12/09/2009 16:54:37
00056 c22-401    ./betwcent /work  Done                     12/09/2009 16:54:37
00057 c17-207    ./betwcent /work  Done                     12/09/2009 16:54:37
00058 c17-207    ./betwcent /work  Done                     12/09/2009 16:54:37
00059 c17-207    ./betwcent /work  Done                     12/09/2009 16:54:37
00060 c17-207    ./betwcent /work  Done                     12/09/2009 16:54:37
00061 c38-101    ./betwcent /work  Done                     12/09/2009 16:54:37
00062 c38-101    ./betwcent /work  Done                     12/09/2009 16:54:37
00063 c38-101    ./betwcent /work  Done                     12/09/2009 16:54:37
00064 c38-101    ./betwcent /work  Done                     12/09/2009 16:54:37
00065 c25-209    ./betwcent /work  Done                     12/09/2009 16:54:37
00066 c25-209    ./betwcent /work  Done                     12/09/2009 16:54:37
00067 c25-209    ./betwcent /work  Done                     12/09/2009 16:54:37
00068 c25-209    ./betwcent /work  Done                     12/09/2009 16:54:37
00069 c14-108    ./betwcent /work  Done                     12/09/2009 16:54:37
00070 c14-108    ./betwcent /work  Done                     12/09/2009 16:54:37
00071 c14-108    ./betwcent /work  Done                     12/09/2009 16:54:37
00072 c14-108    ./betwcent /work  Done                     12/09/2009 16:54:37
00073 c40-303    ./betwcent /work  Done                     12/09/2009 16:54:37
00074 c40-303    ./betwcent /work  Done                     12/09/2009 16:54:37
00075 c40-303    ./betwcent /work  Done                     12/09/2009 16:54:37
00076 c40-303    ./betwcent /work  Done                     12/09/2009 16:54:37
00077 c28-305    ./betwcent /work  Done                     12/09/2009 16:54:37
00078 c28-305    ./betwcent /work  Done                     12/09/2009 16:54:37
00079 c28-305    ./betwcent /work  Done                     12/09/2009 16:54:37
00080 c28-305    ./betwcent /work  Done                     12/09/2009 16:54:37
00081 c32-207    ./betwcent /work  Done                     12/09/2009 16:54:37
00082 c32-207    ./betwcent /work  Done                     12/09/2009 16:54:37
00083 c32-207    ./betwcent /work  Done                     12/09/2009 16:54:37
00084 c32-207    ./betwcent /work  Done                     12/09/2009 16:54:37
00085 c17-109    ./betwcent /work  Done                     12/09/2009 16:54:37
00086 c17-109    ./betwcent /work  Done                     12/09/2009 16:54:37
00087 c17-109    ./betwcent /work  Done                     12/09/2009 16:54:37
00088 c17-109    ./betwcent /work  Done                     12/09/2009 16:54:37
00089 c11-203    ./betwcent /work  Done                     12/09/2009 16:54:37
00090 c11-203    ./betwcent /work  Done                     12/09/2009 16:54:37
00091 c11-203    ./betwcent /work  Done                     12/09/2009 16:54:37
00092 c11-203    ./betwcent /work  Done                     12/09/2009 16:54:37
00093 c27-107    ./betwcent /work  Done                     12/09/2009 16:54:37
00094 c27-107    ./betwcent /work  Done                     12/09/2009 16:54:37
00095 c27-107    ./betwcent /work  Done                     12/09/2009 16:54:37
00096 c27-107    ./betwcent /work  Done                     12/09/2009 16:54:37
00097 c19-107    ./betwcent /work  Done                     12/09/2009 16:54:37
00098 c19-107    ./betwcent /work  Done                     12/09/2009 16:54:37
00099 c19-107    ./betwcent /work  Done                     12/09/2009 16:54:37
00100 c19-107    ./betwcent /work  Done                     12/09/2009 16:54:37
00101 c13-104    ./betwcent /work  Done                     12/09/2009 16:54:37
00102 c13-104    ./betwcent /work  Done                     12/09/2009 16:54:37
00103 c13-104    ./betwcent /work  Done                     12/09/2009 16:54:37
00104 c13-104    ./betwcent /work  Done                     12/09/2009 16:54:37
00105 c12-204    ./betwcent /work  Done                     12/09/2009 16:54:37
00106 c12-204    ./betwcent /work  Done                     12/09/2009 16:54:37
00107 c12-204    ./betwcent /work  Done                     12/09/2009 16:54:37
00108 c12-204    ./betwcent /work  Done                     12/09/2009 16:54:37
00109 c13-203    ./betwcent /work  Done                     12/09/2009 16:54:37
00110 c13-203    ./betwcent /work  Done                     12/09/2009 16:54:37
00111 c13-203    ./betwcent /work  Done                     12/09/2009 16:54:37
00112 c13-203    ./betwcent /work  Done                     12/09/2009 16:54:37
00113 c37-206    ./betwcent /work  Done                     12/09/2009 16:54:37
00114 c37-206    ./betwcent /work  Done                     12/09/2009 16:54:37
00115 c37-206    ./betwcent /work  Done                     12/09/2009 16:54:37
00116 c37-206    ./betwcent /work  Done                     12/09/2009 16:54:37
00117 c36-205    ./betwcent /work  Done                     12/09/2009 16:54:37
00118 c36-205    ./betwcent /work  Done                     12/09/2009 16:54:37
00119 c36-205    ./betwcent /work  Done                     12/09/2009 16:54:37
00120 c36-205    ./betwcent /work  Done                     12/09/2009 16:54:37

------------------------------------------------------------
Sender: LSF System <lsfadmin@c36-205>
Subject: Job 328297: <betwcentp121> Done

Job <betwcentp121> was submitted from host <lslogin2> by user <tg459476>.
Job was executed on host(s) <4*c36-205>, in queue <normal>, as user <tg459476>.
                            <4*c37-206>
                            <4*c13-203>
                            <4*c12-204>
                            <4*c13-104>
                            <4*c19-107>
                            <4*c27-107>
                            <4*c11-203>
                            <4*c17-109>
                            <4*c32-207>
                            <4*c28-305>
                            <4*c40-303>
                            <4*c14-108>
                            <4*c25-209>
                            <4*c38-101>
                            <4*c17-207>
                            <4*c22-401>
                            <4*c22-307>
                            <4*c32-306>
                            <4*c40-401>
                            <4*c38-102>
                            <4*c42-102>
                            <4*c14-306>
                            <4*c26-106>
                            <4*c33-410>
                            <4*c41-103>
                            <4*c45-301>
                            <4*c33-104>
                            <4*c26-407>
                            <4*c18-201>
                            <1*c42-206>
</home/teragrid/tg459476> was used as the home directory.
</home/teragrid/tg459476/Release_PSpGEMM/PSpGEMM-R1/Applications> was used as the working directory.
Started at Wed Dec  9 16:19:15 2009
Results reported at Wed Dec  9 16:54:40 2009

Your job looked like:

------------------------------------------------------------
# LSBATCH: User input
#!/bin/tcsh 			  
				  # first line specifies shell
#BSUB -J betwcentp121 		  #name the job "jobname"
#BSUB -o out.o%J   		  #output->   out.o&ltjobID>
#BSUB -e err.o%J   		  #error -> error.o&ltjobID>
#BSUB -n 121 -W 0:45               #1 CPU cores and 0hr+15min
#BSUB -q normal                   #Use development queue.
#BSUB -R 'span[ptile=4]'	  # 4 MPI task per node
set echo                          #Echo all commands.
cd $LS_SUBCWD                     #cd to directory of submission
ibrun ./betwcent $WORK/SCALE22BTW-TRANSBOOL 12 512  # 16 processors on the row, each has batch=512/8=32; 2^12 = 4096 starting vertices overall

------------------------------------------------------------

Successfully completed.

Resource usage summary:

    CPU time   : 252785.03 sec.

The output (if any) is above this job summary.



PS:

Read file <err.o328297> for stderr output of this job.

