*** Batchsize is not evenly divisible by the grid dimension ***
*** Processing 1840 vertices instead
Batch processing will occur 16 times, each processing 115 vertices (overall)
Candidates chosen, precomputation finished
Exploring via BFS...
Tallying...
Adding bc contributions...
Exploring via BFS...
Tallying...
Adding bc contributions...
Exploring via BFS...
Tallying...
Adding bc contributions...
Exploring via BFS...
Tallying...
Adding bc contributions...
Exploring via BFS...
Tallying...
Adding bc contributions...
Exploring via BFS...
Tallying...
Adding bc contributions...
Exploring via BFS...
Tallying...
Adding bc contributions...
Exploring via BFS...
Tallying...
Adding bc contributions...
Exploring via BFS...
Tallying...
Adding bc contributions...
Exploring via BFS...
Tallying...
Adding bc contributions...
Exploring via BFS...
Tallying...
Adding bc contributions...
Exploring via BFS...
Tallying...
Adding bc contributions...
Exploring via BFS...
Tallying...
Adding bc contributions...
Exploring via BFS...
Tallying...
Adding bc contributions...
Exploring via BFS...
Tallying...
Adding bc contributions...
Exploring via BFS...
Tallying...
Adding bc contributions...
Computation finished
369.814891 seconds elapsed for 1840 starting vertices
TEPS score is: 163273963.523778
Job  mvapich_wrapper /opt/lsf/bin/TaskStarter -p c43-402:47454 -c /opt/lsf/conf -a X86_64 ./betwcent /work/teragrid/tg459476/SCALE22BTW-TRANSBOOL 11 128

TID   HOST_NAME   COMMAND_LINE            STATUS            TERMINATION_TIME
===== ========== ================  =======================  ===================
00000 c43-209    ./betwcent /work  Done                     12/14/2009 07:57:39
00001 c32-302    ./betwcent /work  Done                     12/14/2009 07:57:39
00002 c32-302    ./betwcent /work  Done                     12/14/2009 07:57:39
00003 c32-302    ./betwcent /work  Done                     12/14/2009 07:57:39
00004 c32-302    ./betwcent /work  Done                     12/14/2009 07:57:39
00005 c37-204    ./betwcent /work  Done                     12/14/2009 07:57:39
00006 c37-204    ./betwcent /work  Done                     12/14/2009 07:57:39
00007 c37-204    ./betwcent /work  Done                     12/14/2009 07:57:39
00008 c37-204    ./betwcent /work  Done                     12/14/2009 07:57:39
00009 c28-104    ./betwcent /work  Done                     12/14/2009 07:57:39
00010 c28-104    ./betwcent /work  Done                     12/14/2009 07:57:39
00011 c28-104    ./betwcent /work  Done                     12/14/2009 07:57:39
00012 c28-104    ./betwcent /work  Done                     12/14/2009 07:57:39
00013 c14-108    ./betwcent /work  Done                     12/14/2009 07:57:39
00014 c14-108    ./betwcent /work  Done                     12/14/2009 07:57:39
00015 c14-108    ./betwcent /work  Done                     12/14/2009 07:57:39
00016 c14-108    ./betwcent /work  Done                     12/14/2009 07:57:39
00017 c31-204    ./betwcent /work  Done                     12/14/2009 07:57:39
00018 c31-204    ./betwcent /work  Done                     12/14/2009 07:57:39
00019 c31-204    ./betwcent /work  Done                     12/14/2009 07:57:39
00020 c31-204    ./betwcent /work  Done                     12/14/2009 07:57:39
00021 c30-201    ./betwcent /work  Done                     12/14/2009 07:57:39
00022 c30-201    ./betwcent /work  Done                     12/14/2009 07:57:39
00023 c30-201    ./betwcent /work  Done                     12/14/2009 07:57:39
00024 c30-201    ./betwcent /work  Done                     12/14/2009 07:57:39
00025 c44-207    ./betwcent /work  Done                     12/14/2009 07:57:39
00026 c44-207    ./betwcent /work  Done                     12/14/2009 07:57:39
00027 c44-207    ./betwcent /work  Done                     12/14/2009 07:57:39
00028 c44-207    ./betwcent /work  Done                     12/14/2009 07:57:39
00029 c39-110    ./betwcent /work  Done                     12/14/2009 07:57:39
00030 c39-110    ./betwcent /work  Done                     12/14/2009 07:57:39
00031 c39-110    ./betwcent /work  Done                     12/14/2009 07:57:39
00032 c39-110    ./betwcent /work  Done                     12/14/2009 07:57:39
00033 c21-106    ./betwcent /work  Done                     12/14/2009 07:57:39
00034 c21-106    ./betwcent /work  Done                     12/14/2009 07:57:39
00035 c21-106    ./betwcent /work  Done                     12/14/2009 07:57:39
00036 c21-106    ./betwcent /work  Done                     12/14/2009 07:57:39
00037 c24-401    ./betwcent /work  Done                     12/14/2009 07:57:39
00038 c24-401    ./betwcent /work  Done                     12/14/2009 07:57:39
00039 c24-401    ./betwcent /work  Done                     12/14/2009 07:57:39
00040 c24-401    ./betwcent /work  Done                     12/14/2009 07:57:39
00041 c15-301    ./betwcent /work  Done                     12/14/2009 07:57:39
00042 c15-301    ./betwcent /work  Done                     12/14/2009 07:57:39
00043 c15-301    ./betwcent /work  Done                     12/14/2009 07:57:39
00044 c15-301    ./betwcent /work  Done                     12/14/2009 07:57:39
00045 c14-308    ./betwcent /work  Done                     12/14/2009 07:57:39
00046 c14-308    ./betwcent /work  Done                     12/14/2009 07:57:39
00047 c14-308    ./betwcent /work  Done                     12/14/2009 07:57:39
00048 c14-308    ./betwcent /work  Done                     12/14/2009 07:57:39
00049 c34-306    ./betwcent /work  Done                     12/14/2009 07:57:39
00050 c34-306    ./betwcent /work  Done                     12/14/2009 07:57:39
00051 c34-306    ./betwcent /work  Done                     12/14/2009 07:57:39
00052 c34-306    ./betwcent /work  Done                     12/14/2009 07:57:39
00053 c24-108    ./betwcent /work  Done                     12/14/2009 07:57:39
00054 c24-108    ./betwcent /work  Done                     12/14/2009 07:57:39
00055 c24-108    ./betwcent /work  Done                     12/14/2009 07:57:39
00056 c24-108    ./betwcent /work  Done                     12/14/2009 07:57:39
00057 c34-307    ./betwcent /work  Done                     12/14/2009 07:57:39
00058 c34-307    ./betwcent /work  Done                     12/14/2009 07:57:39
00059 c34-307    ./betwcent /work  Done                     12/14/2009 07:57:39
00060 c34-307    ./betwcent /work  Done                     12/14/2009 07:57:39
00061 c28-105    ./betwcent /work  Done                     12/14/2009 07:57:39
00062 c28-105    ./betwcent /work  Done                     12/14/2009 07:57:39
00063 c28-105    ./betwcent /work  Done                     12/14/2009 07:57:39
00064 c28-105    ./betwcent /work  Done                     12/14/2009 07:57:39
00065 c13-305    ./betwcent /work  Done                     12/14/2009 07:57:39
00066 c13-305    ./betwcent /work  Done                     12/14/2009 07:57:39
00067 c13-305    ./betwcent /work  Done                     12/14/2009 07:57:39
00068 c13-305    ./betwcent /work  Done                     12/14/2009 07:57:39
00069 c43-107    ./betwcent /work  Done                     12/14/2009 07:57:39
00070 c43-107    ./betwcent /work  Done                     12/14/2009 07:57:39
00071 c43-107    ./betwcent /work  Done                     12/14/2009 07:57:39
00072 c43-107    ./betwcent /work  Done                     12/14/2009 07:57:39
00073 c25-207    ./betwcent /work  Done                     12/14/2009 07:57:39
00074 c25-207    ./betwcent /work  Done                     12/14/2009 07:57:39
00075 c25-207    ./betwcent /work  Done                     12/14/2009 07:57:39
00076 c25-207    ./betwcent /work  Done                     12/14/2009 07:57:39
00077 c31-405    ./betwcent /work  Done                     12/14/2009 07:57:39
00078 c31-405    ./betwcent /work  Done                     12/14/2009 07:57:39
00079 c31-405    ./betwcent /work  Done                     12/14/2009 07:57:39
00080 c31-405    ./betwcent /work  Done                     12/14/2009 07:57:39
00081 c43-206    ./betwcent /work  Done                     12/14/2009 07:57:39
00082 c43-206    ./betwcent /work  Done                     12/14/2009 07:57:39
00083 c43-206    ./betwcent /work  Done                     12/14/2009 07:57:39
00084 c43-206    ./betwcent /work  Done                     12/14/2009 07:57:39
00085 c26-102    ./betwcent /work  Done                     12/14/2009 07:57:39
00086 c26-102    ./betwcent /work  Done                     12/14/2009 07:57:39
00087 c26-102    ./betwcent /work  Done                     12/14/2009 07:57:39
00088 c26-102    ./betwcent /work  Done                     12/14/2009 07:57:39
00089 c30-301    ./betwcent /work  Done                     12/14/2009 07:57:39
00090 c30-301    ./betwcent /work  Done                     12/14/2009 07:57:39
00091 c30-301    ./betwcent /work  Done                     12/14/2009 07:57:39
00092 c30-301    ./betwcent /work  Done                     12/14/2009 07:57:39
00093 c27-203    ./betwcent /work  Done                     12/14/2009 07:57:39
00094 c27-203    ./betwcent /work  Done                     12/14/2009 07:57:39
00095 c27-203    ./betwcent /work  Done                     12/14/2009 07:57:39
00096 c27-203    ./betwcent /work  Done                     12/14/2009 07:57:39
00097 c14-202    ./betwcent /work  Done                     12/14/2009 07:57:39
00098 c14-202    ./betwcent /work  Done                     12/14/2009 07:57:39
00099 c14-202    ./betwcent /work  Done                     12/14/2009 07:57:39
00100 c14-202    ./betwcent /work  Done                     12/14/2009 07:57:39
00101 c42-402    ./betwcent /work  Done                     12/14/2009 07:57:39
00102 c42-402    ./betwcent /work  Done                     12/14/2009 07:57:39
00103 c42-402    ./betwcent /work  Done                     12/14/2009 07:57:39
00104 c42-402    ./betwcent /work  Done                     12/14/2009 07:57:39
00105 c33-301    ./betwcent /work  Done                     12/14/2009 07:57:39
00106 c33-301    ./betwcent /work  Done                     12/14/2009 07:57:39
00107 c33-301    ./betwcent /work  Done                     12/14/2009 07:57:39
00108 c33-301    ./betwcent /work  Done                     12/14/2009 07:57:39
00109 c40-209    ./betwcent /work  Done                     12/14/2009 07:57:39
00110 c40-209    ./betwcent /work  Done                     12/14/2009 07:57:39
00111 c40-209    ./betwcent /work  Done                     12/14/2009 07:57:39
00112 c40-209    ./betwcent /work  Done                     12/14/2009 07:57:39
00113 c33-101    ./betwcent /work  Done                     12/14/2009 07:57:39
00114 c33-101    ./betwcent /work  Done                     12/14/2009 07:57:39
00115 c33-101    ./betwcent /work  Done                     12/14/2009 07:57:39
00116 c33-101    ./betwcent /work  Done                     12/14/2009 07:57:39
00117 c16-110    ./betwcent /work  Done                     12/14/2009 07:57:39
00118 c16-110    ./betwcent /work  Done                     12/14/2009 07:57:39
00119 c16-110    ./betwcent /work  Done                     12/14/2009 07:57:39
00120 c16-110    ./betwcent /work  Done                     12/14/2009 07:57:39
00121 c21-405    ./betwcent /work  Done                     12/14/2009 07:57:39
00122 c21-405    ./betwcent /work  Done                     12/14/2009 07:57:39
00123 c21-405    ./betwcent /work  Done                     12/14/2009 07:57:39
00124 c21-405    ./betwcent /work  Done                     12/14/2009 07:57:39
00125 c14-210    ./betwcent /work  Done                     12/14/2009 07:57:39
00126 c14-210    ./betwcent /work  Done                     12/14/2009 07:57:39
00127 c14-210    ./betwcent /work  Done                     12/14/2009 07:57:39
00128 c14-210    ./betwcent /work  Done                     12/14/2009 07:57:39
00129 c17-107    ./betwcent /work  Done                     12/14/2009 07:57:39
00130 c17-107    ./betwcent /work  Done                     12/14/2009 07:57:39
00131 c17-107    ./betwcent /work  Done                     12/14/2009 07:57:39
00132 c17-107    ./betwcent /work  Done                     12/14/2009 07:57:39
00133 c25-409    ./betwcent /work  Done                     12/14/2009 07:57:39
00134 c25-409    ./betwcent /work  Done                     12/14/2009 07:57:39
00135 c25-409    ./betwcent /work  Done                     12/14/2009 07:57:39
00136 c25-409    ./betwcent /work  Done                     12/14/2009 07:57:39
00137 c40-204    ./betwcent /work  Done                     12/14/2009 07:57:39
00138 c40-204    ./betwcent /work  Done                     12/14/2009 07:57:39
00139 c40-204    ./betwcent /work  Done                     12/14/2009 07:57:39
00140 c40-204    ./betwcent /work  Done                     12/14/2009 07:57:39
00141 c31-309    ./betwcent /work  Done                     12/14/2009 07:57:39
00142 c31-309    ./betwcent /work  Done                     12/14/2009 07:57:39
00143 c31-309    ./betwcent /work  Done                     12/14/2009 07:57:39
00144 c31-309    ./betwcent /work  Done                     12/14/2009 07:57:39
00145 c25-406    ./betwcent /work  Done                     12/14/2009 07:57:39
00146 c25-406    ./betwcent /work  Done                     12/14/2009 07:57:39
00147 c25-406    ./betwcent /work  Done                     12/14/2009 07:57:39
00148 c25-406    ./betwcent /work  Done                     12/14/2009 07:57:39
00149 c24-310    ./betwcent /work  Done                     12/14/2009 07:57:39
00150 c24-310    ./betwcent /work  Done                     12/14/2009 07:57:39
00151 c24-310    ./betwcent /work  Done                     12/14/2009 07:57:39
00152 c24-310    ./betwcent /work  Done                     12/14/2009 07:57:39
00153 c35-308    ./betwcent /work  Done                     12/14/2009 07:57:39
00154 c35-308    ./betwcent /work  Done                     12/14/2009 07:57:39
00155 c35-308    ./betwcent /work  Done                     12/14/2009 07:57:39
00156 c35-308    ./betwcent /work  Done                     12/14/2009 07:57:39
00157 c33-305    ./betwcent /work  Done                     12/14/2009 07:57:39
00158 c33-305    ./betwcent /work  Done                     12/14/2009 07:57:39
00159 c33-305    ./betwcent /work  Done                     12/14/2009 07:57:39
00160 c33-305    ./betwcent /work  Done                     12/14/2009 07:57:39
00161 c39-405    ./betwcent /work  Done                     12/14/2009 07:57:39
00162 c39-405    ./betwcent /work  Done                     12/14/2009 07:57:39
00163 c39-405    ./betwcent /work  Done                     12/14/2009 07:57:39
00164 c39-405    ./betwcent /work  Done                     12/14/2009 07:57:39
00165 c14-209    ./betwcent /work  Done                     12/14/2009 07:57:39
00166 c14-209    ./betwcent /work  Done                     12/14/2009 07:57:39
00167 c14-209    ./betwcent /work  Done                     12/14/2009 07:57:39
00168 c14-209    ./betwcent /work  Done                     12/14/2009 07:57:39
00169 c41-405    ./betwcent /work  Done                     12/14/2009 07:57:39
00170 c41-405    ./betwcent /work  Done                     12/14/2009 07:57:39
00171 c41-405    ./betwcent /work  Done                     12/14/2009 07:57:39
00172 c41-405    ./betwcent /work  Done                     12/14/2009 07:57:39
00173 c24-109    ./betwcent /work  Done                     12/14/2009 07:57:39
00174 c24-109    ./betwcent /work  Done                     12/14/2009 07:57:39
00175 c24-109    ./betwcent /work  Done                     12/14/2009 07:57:39
00176 c24-109    ./betwcent /work  Done                     12/14/2009 07:57:39
00177 c25-101    ./betwcent /work  Done                     12/14/2009 07:57:39
00178 c25-101    ./betwcent /work  Done                     12/14/2009 07:57:39
00179 c25-101    ./betwcent /work  Done                     12/14/2009 07:57:39
00180 c25-101    ./betwcent /work  Done                     12/14/2009 07:57:39
00181 c34-404    ./betwcent /work  Done                     12/14/2009 07:57:39
00182 c34-404    ./betwcent /work  Done                     12/14/2009 07:57:39
00183 c34-404    ./betwcent /work  Done                     12/14/2009 07:57:39
00184 c34-404    ./betwcent /work  Done                     12/14/2009 07:57:39
00185 c12-110    ./betwcent /work  Done                     12/14/2009 07:57:39
00186 c12-110    ./betwcent /work  Done                     12/14/2009 07:57:39
00187 c12-110    ./betwcent /work  Done                     12/14/2009 07:57:39
00188 c12-110    ./betwcent /work  Done                     12/14/2009 07:57:39
00189 c45-408    ./betwcent /work  Done                     12/14/2009 07:57:39
00190 c45-408    ./betwcent /work  Done                     12/14/2009 07:57:39
00191 c45-408    ./betwcent /work  Done                     12/14/2009 07:57:39
00192 c45-408    ./betwcent /work  Done                     12/14/2009 07:57:39
00193 c27-201    ./betwcent /work  Done                     12/14/2009 07:57:39
00194 c27-201    ./betwcent /work  Done                     12/14/2009 07:57:39
00195 c27-201    ./betwcent /work  Done                     12/14/2009 07:57:39
00196 c27-201    ./betwcent /work  Done                     12/14/2009 07:57:39
00197 c16-310    ./betwcent /work  Done                     12/14/2009 07:57:39
00198 c16-310    ./betwcent /work  Done                     12/14/2009 07:57:39
00199 c16-310    ./betwcent /work  Done                     12/14/2009 07:57:39
00200 c16-310    ./betwcent /work  Done                     12/14/2009 07:57:39
00201 c19-106    ./betwcent /work  Done                     12/14/2009 07:57:39
00202 c19-106    ./betwcent /work  Done                     12/14/2009 07:57:39
00203 c19-106    ./betwcent /work  Done                     12/14/2009 07:57:39
00204 c19-106    ./betwcent /work  Done                     12/14/2009 07:57:39
00205 c44-303    ./betwcent /work  Done                     12/14/2009 07:57:39
00206 c44-303    ./betwcent /work  Done                     12/14/2009 07:57:39
00207 c44-303    ./betwcent /work  Done                     12/14/2009 07:57:39
00208 c44-303    ./betwcent /work  Done                     12/14/2009 07:57:39
00209 c29-103    ./betwcent /work  Done                     12/14/2009 07:57:39
00210 c29-103    ./betwcent /work  Done                     12/14/2009 07:57:39
00211 c29-103    ./betwcent /work  Done                     12/14/2009 07:57:39
00212 c29-103    ./betwcent /work  Done                     12/14/2009 07:57:39
00213 c41-206    ./betwcent /work  Done                     12/14/2009 07:57:39
00214 c41-206    ./betwcent /work  Done                     12/14/2009 07:57:39
00215 c41-206    ./betwcent /work  Done                     12/14/2009 07:57:39
00216 c41-206    ./betwcent /work  Done                     12/14/2009 07:57:39
00217 c13-107    ./betwcent /work  Done                     12/14/2009 07:57:39
00218 c13-107    ./betwcent /work  Done                     12/14/2009 07:57:39
00219 c13-107    ./betwcent /work  Done                     12/14/2009 07:57:39
00220 c13-107    ./betwcent /work  Done                     12/14/2009 07:57:39
00221 c36-402    ./betwcent /work  Done                     12/14/2009 07:57:39
00222 c36-402    ./betwcent /work  Done                     12/14/2009 07:57:39
00223 c36-402    ./betwcent /work  Done                     12/14/2009 07:57:39
00224 c36-402    ./betwcent /work  Done                     12/14/2009 07:57:39
00225 c21-310    ./betwcent /work  Done                     12/14/2009 07:57:39
00226 c21-310    ./betwcent /work  Done                     12/14/2009 07:57:39
00227 c21-310    ./betwcent /work  Done                     12/14/2009 07:57:39
00228 c21-310    ./betwcent /work  Done                     12/14/2009 07:57:39
00229 c18-205    ./betwcent /work  Done                     12/14/2009 07:57:39
00230 c18-205    ./betwcent /work  Done                     12/14/2009 07:57:39
00231 c18-205    ./betwcent /work  Done                     12/14/2009 07:57:39
00232 c18-205    ./betwcent /work  Done                     12/14/2009 07:57:39
00233 c19-204    ./betwcent /work  Done                     12/14/2009 07:57:39
00234 c19-204    ./betwcent /work  Done                     12/14/2009 07:57:39
00235 c19-204    ./betwcent /work  Done                     12/14/2009 07:57:39
00236 c19-204    ./betwcent /work  Done                     12/14/2009 07:57:39
00237 c34-409    ./betwcent /work  Done                     12/14/2009 07:57:39
00238 c34-409    ./betwcent /work  Done                     12/14/2009 07:57:39
00239 c34-409    ./betwcent /work  Done                     12/14/2009 07:57:39
00240 c34-409    ./betwcent /work  Done                     12/14/2009 07:57:39
00241 c38-106    ./betwcent /work  Done                     12/14/2009 07:57:39
00242 c38-106    ./betwcent /work  Done                     12/14/2009 07:57:39
00243 c38-106    ./betwcent /work  Done                     12/14/2009 07:57:39
00244 c38-106    ./betwcent /work  Done                     12/14/2009 07:57:39
00245 c24-206    ./betwcent /work  Done                     12/14/2009 07:57:39
00246 c24-206    ./betwcent /work  Done                     12/14/2009 07:57:39
00247 c24-206    ./betwcent /work  Done                     12/14/2009 07:57:39
00248 c24-206    ./betwcent /work  Done                     12/14/2009 07:57:39
00249 c36-409    ./betwcent /work  Done                     12/14/2009 07:57:39
00250 c36-409    ./betwcent /work  Done                     12/14/2009 07:57:39
00251 c36-409    ./betwcent /work  Done                     12/14/2009 07:57:39
00252 c36-409    ./betwcent /work  Done                     12/14/2009 07:57:39
00253 c35-307    ./betwcent /work  Done                     12/14/2009 07:57:39
00254 c35-307    ./betwcent /work  Done                     12/14/2009 07:57:39
00255 c35-307    ./betwcent /work  Done                     12/14/2009 07:57:39
00256 c35-307    ./betwcent /work  Done                     12/14/2009 07:57:39
00257 c23-402    ./betwcent /work  Done                     12/14/2009 07:57:39
00258 c23-402    ./betwcent /work  Done                     12/14/2009 07:57:39
00259 c23-402    ./betwcent /work  Done                     12/14/2009 07:57:39
00260 c23-402    ./betwcent /work  Done                     12/14/2009 07:57:39
00261 c15-210    ./betwcent /work  Done                     12/14/2009 07:57:39
00262 c15-210    ./betwcent /work  Done                     12/14/2009 07:57:39
00263 c15-210    ./betwcent /work  Done                     12/14/2009 07:57:39
00264 c15-210    ./betwcent /work  Done                     12/14/2009 07:57:39
00265 c40-306    ./betwcent /work  Done                     12/14/2009 07:57:39
00266 c40-306    ./betwcent /work  Done                     12/14/2009 07:57:39
00267 c40-306    ./betwcent /work  Done                     12/14/2009 07:57:39
00268 c40-306    ./betwcent /work  Done                     12/14/2009 07:57:39
00269 c31-410    ./betwcent /work  Done                     12/14/2009 07:57:39
00270 c31-410    ./betwcent /work  Done                     12/14/2009 07:57:39
00271 c31-410    ./betwcent /work  Done                     12/14/2009 07:57:39
00272 c31-410    ./betwcent /work  Done                     12/14/2009 07:57:39
00273 c39-401    ./betwcent /work  Done                     12/14/2009 07:57:39
00274 c39-401    ./betwcent /work  Done                     12/14/2009 07:57:39
00275 c39-401    ./betwcent /work  Done                     12/14/2009 07:57:39
00276 c39-401    ./betwcent /work  Done                     12/14/2009 07:57:39
00277 c13-307    ./betwcent /work  Done                     12/14/2009 07:57:39
00278 c13-307    ./betwcent /work  Done                     12/14/2009 07:57:39
00279 c13-307    ./betwcent /work  Done                     12/14/2009 07:57:39
00280 c13-307    ./betwcent /work  Done                     12/14/2009 07:57:39
00281 c32-408    ./betwcent /work  Done                     12/14/2009 07:57:39
00282 c32-408    ./betwcent /work  Done                     12/14/2009 07:57:39
00283 c32-408    ./betwcent /work  Done                     12/14/2009 07:57:39
00284 c32-408    ./betwcent /work  Done                     12/14/2009 07:57:39
00285 c42-110    ./betwcent /work  Done                     12/14/2009 07:57:39
00286 c42-110    ./betwcent /work  Done                     12/14/2009 07:57:39
00287 c42-110    ./betwcent /work  Done                     12/14/2009 07:57:39
00288 c42-110    ./betwcent /work  Done                     12/14/2009 07:57:39
00289 c16-303    ./betwcent /work  Done                     12/14/2009 07:57:39
00290 c16-303    ./betwcent /work  Done                     12/14/2009 07:57:39
00291 c16-303    ./betwcent /work  Done                     12/14/2009 07:57:39
00292 c16-303    ./betwcent /work  Done                     12/14/2009 07:57:39
00293 c26-401    ./betwcent /work  Done                     12/14/2009 07:57:39
00294 c26-401    ./betwcent /work  Done                     12/14/2009 07:57:39
00295 c26-401    ./betwcent /work  Done                     12/14/2009 07:57:39
00296 c26-401    ./betwcent /work  Done                     12/14/2009 07:57:39
00297 c34-408    ./betwcent /work  Done                     12/14/2009 07:57:39
00298 c34-408    ./betwcent /work  Done                     12/14/2009 07:57:39
00299 c34-408    ./betwcent /work  Done                     12/14/2009 07:57:39
00300 c34-408    ./betwcent /work  Done                     12/14/2009 07:57:39
00301 c11-204    ./betwcent /work  Done                     12/14/2009 07:57:39
00302 c11-204    ./betwcent /work  Done                     12/14/2009 07:57:39
00303 c11-204    ./betwcent /work  Done                     12/14/2009 07:57:39
00304 c11-204    ./betwcent /work  Done                     12/14/2009 07:57:39
00305 c11-103    ./betwcent /work  Done                     12/14/2009 07:57:39
00306 c11-103    ./betwcent /work  Done                     12/14/2009 07:57:39
00307 c11-103    ./betwcent /work  Done                     12/14/2009 07:57:39
00308 c11-103    ./betwcent /work  Done                     12/14/2009 07:57:39
00309 c14-206    ./betwcent /work  Done                     12/14/2009 07:57:39
00310 c14-206    ./betwcent /work  Done                     12/14/2009 07:57:39
00311 c14-206    ./betwcent /work  Done                     12/14/2009 07:57:39
00312 c14-206    ./betwcent /work  Done                     12/14/2009 07:57:39
00313 c44-102    ./betwcent /work  Done                     12/14/2009 07:57:39
00314 c44-102    ./betwcent /work  Done                     12/14/2009 07:57:39
00315 c44-102    ./betwcent /work  Done                     12/14/2009 07:57:39
00316 c44-102    ./betwcent /work  Done                     12/14/2009 07:57:39
00317 c23-210    ./betwcent /work  Done                     12/14/2009 07:57:39
00318 c23-210    ./betwcent /work  Done                     12/14/2009 07:57:39
00319 c23-210    ./betwcent /work  Done                     12/14/2009 07:57:39
00320 c23-210    ./betwcent /work  Done                     12/14/2009 07:57:39
00321 c44-203    ./betwcent /work  Done                     12/14/2009 07:57:39
00322 c44-203    ./betwcent /work  Done                     12/14/2009 07:57:39
00323 c44-203    ./betwcent /work  Done                     12/14/2009 07:57:39
00324 c44-203    ./betwcent /work  Done                     12/14/2009 07:57:39
00325 c27-208    ./betwcent /work  Done                     12/14/2009 07:57:39
00326 c27-208    ./betwcent /work  Done                     12/14/2009 07:57:39
00327 c27-208    ./betwcent /work  Done                     12/14/2009 07:57:39
00328 c27-208    ./betwcent /work  Done                     12/14/2009 07:57:39
00329 c40-205    ./betwcent /work  Done                     12/14/2009 07:57:39
00330 c40-205    ./betwcent /work  Done                     12/14/2009 07:57:39
00331 c40-205    ./betwcent /work  Done                     12/14/2009 07:57:39
00332 c40-205    ./betwcent /work  Done                     12/14/2009 07:57:39
00333 c23-203    ./betwcent /work  Done                     12/14/2009 07:57:39
00334 c23-203    ./betwcent /work  Done                     12/14/2009 07:57:39
00335 c23-203    ./betwcent /work  Done                     12/14/2009 07:57:39
00336 c23-203    ./betwcent /work  Done                     12/14/2009 07:57:39
00337 c26-309    ./betwcent /work  Done                     12/14/2009 07:57:39
00338 c26-309    ./betwcent /work  Done                     12/14/2009 07:57:39
00339 c26-309    ./betwcent /work  Done                     12/14/2009 07:57:39
00340 c26-309    ./betwcent /work  Done                     12/14/2009 07:57:39
00341 c44-310    ./betwcent /work  Done                     12/14/2009 07:57:39
00342 c44-310    ./betwcent /work  Done                     12/14/2009 07:57:39
00343 c44-310    ./betwcent /work  Done                     12/14/2009 07:57:39
00344 c44-310    ./betwcent /work  Done                     12/14/2009 07:57:39
00345 c41-303    ./betwcent /work  Done                     12/14/2009 07:57:39
00346 c41-303    ./betwcent /work  Done                     12/14/2009 07:57:39
00347 c41-303    ./betwcent /work  Done                     12/14/2009 07:57:39
00348 c41-303    ./betwcent /work  Done                     12/14/2009 07:57:39
00349 c40-310    ./betwcent /work  Done                     12/14/2009 07:57:39
00350 c40-310    ./betwcent /work  Done                     12/14/2009 07:57:39
00351 c40-310    ./betwcent /work  Done                     12/14/2009 07:57:39
00352 c40-310    ./betwcent /work  Done                     12/14/2009 07:57:39
00353 c20-306    ./betwcent /work  Done                     12/14/2009 07:57:39
00354 c20-306    ./betwcent /work  Done                     12/14/2009 07:57:39
00355 c20-306    ./betwcent /work  Done                     12/14/2009 07:57:39
00356 c20-306    ./betwcent /work  Done                     12/14/2009 07:57:39
00357 c33-105    ./betwcent /work  Done                     12/14/2009 07:57:39
00358 c33-105    ./betwcent /work  Done                     12/14/2009 07:57:39
00359 c33-105    ./betwcent /work  Done                     12/14/2009 07:57:39
00360 c33-105    ./betwcent /work  Done                     12/14/2009 07:57:39
00361 c33-203    ./betwcent /work  Done                     12/14/2009 07:57:39
00362 c33-203    ./betwcent /work  Done                     12/14/2009 07:57:39
00363 c33-203    ./betwcent /work  Done                     12/14/2009 07:57:39
00364 c33-203    ./betwcent /work  Done                     12/14/2009 07:57:39
00365 c13-203    ./betwcent /work  Done                     12/14/2009 07:57:39
00366 c13-203    ./betwcent /work  Done                     12/14/2009 07:57:39
00367 c13-203    ./betwcent /work  Done                     12/14/2009 07:57:39
00368 c13-203    ./betwcent /work  Done                     12/14/2009 07:57:39
00369 c20-106    ./betwcent /work  Done                     12/14/2009 07:57:39
00370 c20-106    ./betwcent /work  Done                     12/14/2009 07:57:39
00371 c20-106    ./betwcent /work  Done                     12/14/2009 07:57:39
00372 c20-106    ./betwcent /work  Done                     12/14/2009 07:57:39
00373 c17-206    ./betwcent /work  Done                     12/14/2009 07:57:39
00374 c17-206    ./betwcent /work  Done                     12/14/2009 07:57:39
00375 c17-206    ./betwcent /work  Done                     12/14/2009 07:57:39
00376 c17-206    ./betwcent /work  Done                     12/14/2009 07:57:39
00377 c18-106    ./betwcent /work  Done                     12/14/2009 07:57:39
00378 c18-106    ./betwcent /work  Done                     12/14/2009 07:57:39
00379 c18-106    ./betwcent /work  Done                     12/14/2009 07:57:39
00380 c18-106    ./betwcent /work  Done                     12/14/2009 07:57:39
00381 c37-103    ./betwcent /work  Done                     12/14/2009 07:57:39
00382 c37-103    ./betwcent /work  Done                     12/14/2009 07:57:39
00383 c37-103    ./betwcent /work  Done                     12/14/2009 07:57:39
00384 c37-103    ./betwcent /work  Done                     12/14/2009 07:57:39
00385 c41-101    ./betwcent /work  Done                     12/14/2009 07:57:39
00386 c41-101    ./betwcent /work  Done                     12/14/2009 07:57:39
00387 c41-101    ./betwcent /work  Done                     12/14/2009 07:57:39
00388 c41-101    ./betwcent /work  Done                     12/14/2009 07:57:39
00389 c25-305    ./betwcent /work  Done                     12/14/2009 07:57:39
00390 c25-305    ./betwcent /work  Done                     12/14/2009 07:57:39
00391 c25-305    ./betwcent /work  Done                     12/14/2009 07:57:39
00392 c25-305    ./betwcent /work  Done                     12/14/2009 07:57:39
00393 c32-403    ./betwcent /work  Done                     12/14/2009 07:57:39
00394 c32-403    ./betwcent /work  Done                     12/14/2009 07:57:39
00395 c32-403    ./betwcent /work  Done                     12/14/2009 07:57:39
00396 c32-403    ./betwcent /work  Done                     12/14/2009 07:57:39
00397 c35-106    ./betwcent /work  Done                     12/14/2009 07:57:39
00398 c35-106    ./betwcent /work  Done                     12/14/2009 07:57:39
00399 c35-106    ./betwcent /work  Done                     12/14/2009 07:57:39
00400 c35-106    ./betwcent /work  Done                     12/14/2009 07:57:39
00401 c38-202    ./betwcent /work  Done                     12/14/2009 07:57:39
00402 c38-202    ./betwcent /work  Done                     12/14/2009 07:57:39
00403 c38-202    ./betwcent /work  Done                     12/14/2009 07:57:39
00404 c38-202    ./betwcent /work  Done                     12/14/2009 07:57:39
00405 c42-101    ./betwcent /work  Done                     12/14/2009 07:57:39
00406 c42-101    ./betwcent /work  Done                     12/14/2009 07:57:39
00407 c42-101    ./betwcent /work  Done                     12/14/2009 07:57:39
00408 c42-101    ./betwcent /work  Done                     12/14/2009 07:57:39
00409 c33-405    ./betwcent /work  Done                     12/14/2009 07:57:39
00410 c33-405    ./betwcent /work  Done                     12/14/2009 07:57:39
00411 c33-405    ./betwcent /work  Done                     12/14/2009 07:57:39
00412 c33-405    ./betwcent /work  Done                     12/14/2009 07:57:39
00413 c38-409    ./betwcent /work  Done                     12/14/2009 07:57:39
00414 c38-409    ./betwcent /work  Done                     12/14/2009 07:57:39
00415 c38-409    ./betwcent /work  Done                     12/14/2009 07:57:39
00416 c38-409    ./betwcent /work  Done                     12/14/2009 07:57:39
00417 c22-308    ./betwcent /work  Done                     12/14/2009 07:57:39
00418 c22-308    ./betwcent /work  Done                     12/14/2009 07:57:39
00419 c22-308    ./betwcent /work  Done                     12/14/2009 07:57:39
00420 c22-308    ./betwcent /work  Done                     12/14/2009 07:57:39
00421 c32-103    ./betwcent /work  Done                     12/14/2009 07:57:39
00422 c32-103    ./betwcent /work  Done                     12/14/2009 07:57:39
00423 c32-103    ./betwcent /work  Done                     12/14/2009 07:57:39
00424 c32-103    ./betwcent /work  Done                     12/14/2009 07:57:39
00425 c37-101    ./betwcent /work  Done                     12/14/2009 07:57:39
00426 c37-101    ./betwcent /work  Done                     12/14/2009 07:57:39
00427 c37-101    ./betwcent /work  Done                     12/14/2009 07:57:39
00428 c37-101    ./betwcent /work  Done                     12/14/2009 07:57:39
00429 c43-106    ./betwcent /work  Done                     12/14/2009 07:57:39
00430 c43-106    ./betwcent /work  Done                     12/14/2009 07:57:39
00431 c43-106    ./betwcent /work  Done                     12/14/2009 07:57:39
00432 c43-106    ./betwcent /work  Done                     12/14/2009 07:57:39
00433 c21-307    ./betwcent /work  Done                     12/14/2009 07:57:39
00434 c21-307    ./betwcent /work  Done                     12/14/2009 07:57:39
00435 c21-307    ./betwcent /work  Done                     12/14/2009 07:57:39
00436 c21-307    ./betwcent /work  Done                     12/14/2009 07:57:39
00437 c40-202    ./betwcent /work  Done                     12/14/2009 07:57:39
00438 c40-202    ./betwcent /work  Done                     12/14/2009 07:57:39
00439 c40-202    ./betwcent /work  Done                     12/14/2009 07:57:39
00440 c40-202    ./betwcent /work  Done                     12/14/2009 07:57:39
00441 c34-204    ./betwcent /work  Done                     12/14/2009 07:57:39
00442 c34-204    ./betwcent /work  Done                     12/14/2009 07:57:39
00443 c34-204    ./betwcent /work  Done                     12/14/2009 07:57:39
00444 c34-204    ./betwcent /work  Done                     12/14/2009 07:57:39
00445 c37-209    ./betwcent /work  Done                     12/14/2009 07:57:39
00446 c37-209    ./betwcent /work  Done                     12/14/2009 07:57:39
00447 c37-209    ./betwcent /work  Done                     12/14/2009 07:57:39
00448 c37-209    ./betwcent /work  Done                     12/14/2009 07:57:39
00449 c19-209    ./betwcent /work  Done                     12/14/2009 07:57:39
00450 c19-209    ./betwcent /work  Done                     12/14/2009 07:57:39
00451 c19-209    ./betwcent /work  Done                     12/14/2009 07:57:39
00452 c19-209    ./betwcent /work  Done                     12/14/2009 07:57:39
00453 c10-104    ./betwcent /work  Done                     12/14/2009 07:57:39
00454 c10-104    ./betwcent /work  Done                     12/14/2009 07:57:39
00455 c10-104    ./betwcent /work  Done                     12/14/2009 07:57:39
00456 c10-104    ./betwcent /work  Done                     12/14/2009 07:57:39
00457 c15-204    ./betwcent /work  Done                     12/14/2009 07:57:39
00458 c15-204    ./betwcent /work  Done                     12/14/2009 07:57:39
00459 c15-204    ./betwcent /work  Done                     12/14/2009 07:57:39
00460 c15-204    ./betwcent /work  Done                     12/14/2009 07:57:39
00461 c34-102    ./betwcent /work  Done                     12/14/2009 07:57:39
00462 c34-102    ./betwcent /work  Done                     12/14/2009 07:57:39
00463 c34-102    ./betwcent /work  Done                     12/14/2009 07:57:39
00464 c34-102    ./betwcent /work  Done                     12/14/2009 07:57:39
00465 c43-307    ./betwcent /work  Done                     12/14/2009 07:57:39
00466 c43-307    ./betwcent /work  Done                     12/14/2009 07:57:39
00467 c43-307    ./betwcent /work  Done                     12/14/2009 07:57:39
00468 c43-307    ./betwcent /work  Done                     12/14/2009 07:57:39
00469 c22-301    ./betwcent /work  Done                     12/14/2009 07:57:39
00470 c22-301    ./betwcent /work  Done                     12/14/2009 07:57:39
00471 c22-301    ./betwcent /work  Done                     12/14/2009 07:57:39
00472 c22-301    ./betwcent /work  Done                     12/14/2009 07:57:39
00473 c25-405    ./betwcent /work  Done                     12/14/2009 07:57:39
00474 c25-405    ./betwcent /work  Done                     12/14/2009 07:57:39
00475 c25-405    ./betwcent /work  Done                     12/14/2009 07:57:39
00476 c25-405    ./betwcent /work  Done                     12/14/2009 07:57:39
00477 c42-108    ./betwcent /work  Done                     12/14/2009 07:57:39
00478 c42-108    ./betwcent /work  Done                     12/14/2009 07:57:39
00479 c42-108    ./betwcent /work  Done                     12/14/2009 07:57:39
00480 c42-108    ./betwcent /work  Done                     12/14/2009 07:57:39
00481 c39-409    ./betwcent /work  Done                     12/14/2009 07:57:39
00482 c39-409    ./betwcent /work  Done                     12/14/2009 07:57:39
00483 c39-409    ./betwcent /work  Done                     12/14/2009 07:57:39
00484 c39-409    ./betwcent /work  Done                     12/14/2009 07:57:39
00485 c19-103    ./betwcent /work  Done                     12/14/2009 07:57:39
00486 c19-103    ./betwcent /work  Done                     12/14/2009 07:57:39
00487 c19-103    ./betwcent /work  Done                     12/14/2009 07:57:39
00488 c19-103    ./betwcent /work  Done                     12/14/2009 07:57:39
00489 c24-202    ./betwcent /work  Done                     12/14/2009 07:57:39
00490 c24-202    ./betwcent /work  Done                     12/14/2009 07:57:39
00491 c24-202    ./betwcent /work  Done                     12/14/2009 07:57:39
00492 c24-202    ./betwcent /work  Done                     12/14/2009 07:57:39
00493 c22-307    ./betwcent /work  Done                     12/14/2009 07:57:39
00494 c22-307    ./betwcent /work  Done                     12/14/2009 07:57:39
00495 c22-307    ./betwcent /work  Done                     12/14/2009 07:57:39
00496 c22-307    ./betwcent /work  Done                     12/14/2009 07:57:39
00497 c43-309    ./betwcent /work  Done                     12/14/2009 07:57:39
00498 c43-309    ./betwcent /work  Done                     12/14/2009 07:57:39
00499 c43-309    ./betwcent /work  Done                     12/14/2009 07:57:39
00500 c43-309    ./betwcent /work  Done                     12/14/2009 07:57:39
00501 c37-308    ./betwcent /work  Done                     12/14/2009 07:57:39
00502 c37-308    ./betwcent /work  Done                     12/14/2009 07:57:39
00503 c37-308    ./betwcent /work  Done                     12/14/2009 07:57:39
00504 c37-308    ./betwcent /work  Done                     12/14/2009 07:57:39
00505 c23-103    ./betwcent /work  Done                     12/14/2009 07:57:39
00506 c23-103    ./betwcent /work  Done                     12/14/2009 07:57:39
00507 c23-103    ./betwcent /work  Done                     12/14/2009 07:57:39
00508 c23-103    ./betwcent /work  Done                     12/14/2009 07:57:39
00509 c15-209    ./betwcent /work  Done                     12/14/2009 07:57:39
00510 c15-209    ./betwcent /work  Done                     12/14/2009 07:57:39
00511 c15-209    ./betwcent /work  Done                     12/14/2009 07:57:39
00512 c15-209    ./betwcent /work  Done                     12/14/2009 07:57:39
00513 c21-402    ./betwcent /work  Done                     12/14/2009 07:57:39
00514 c21-402    ./betwcent /work  Done                     12/14/2009 07:57:39
00515 c21-402    ./betwcent /work  Done                     12/14/2009 07:57:39
00516 c21-402    ./betwcent /work  Done                     12/14/2009 07:57:39
00517 c25-107    ./betwcent /work  Done                     12/14/2009 07:57:39
00518 c25-107    ./betwcent /work  Done                     12/14/2009 07:57:39
00519 c25-107    ./betwcent /work  Done                     12/14/2009 07:57:39
00520 c25-107    ./betwcent /work  Done                     12/14/2009 07:57:39
00521 c19-201    ./betwcent /work  Done                     12/14/2009 07:57:39
00522 c19-201    ./betwcent /work  Done                     12/14/2009 07:57:39
00523 c19-201    ./betwcent /work  Done                     12/14/2009 07:57:39
00524 c19-201    ./betwcent /work  Done                     12/14/2009 07:57:39
00525 c43-402    ./betwcent /work  Done                     12/14/2009 07:57:39
00526 c43-402    ./betwcent /work  Done                     12/14/2009 07:57:39
00527 c43-402    ./betwcent /work  Done                     12/14/2009 07:57:39
00528 c43-402    ./betwcent /work  Done                     12/14/2009 07:57:39

------------------------------------------------------------
Sender: LSF System <lsfadmin@c43-402>
Subject: Job 339471: <betwcentp529> Done

Job <betwcentp529> was submitted from host <lslogin1> by user <tg459476>.
Job was executed on host(s) <4*c43-402>, in queue <hero>, as user <tg459476>.
                            <4*c19-201>
                            <4*c25-107>
                            <4*c21-402>
                            <4*c15-209>
                            <4*c23-103>
                            <4*c37-308>
                            <4*c43-309>
                            <4*c22-307>
                            <4*c24-202>
                            <4*c19-103>
                            <4*c39-409>
                            <4*c42-108>
                            <4*c25-405>
                            <4*c22-301>
                            <4*c43-307>
                            <4*c34-102>
                            <4*c15-204>
                            <4*c10-104>
                            <4*c19-209>
                            <4*c37-209>
                            <4*c34-204>
                            <4*c40-202>
                            <4*c21-307>
                            <4*c43-106>
                            <4*c37-101>
                            <4*c32-103>
                            <4*c22-308>
                            <4*c38-409>
                            <4*c33-405>
                            <4*c42-101>
                            <4*c38-202>
                            <4*c35-106>
                            <4*c32-403>
                            <4*c25-305>
                            <4*c41-101>
                            <4*c37-103>
                            <4*c18-106>
                            <4*c17-206>
                            <4*c20-106>
                            <4*c13-203>
                            <4*c33-203>
                            <4*c33-105>
                            <4*c20-306>
                            <4*c40-310>
                            <4*c41-303>
                            <4*c44-310>
                            <4*c26-309>
                            <4*c23-203>
                            <4*c40-205>
                            <4*c27-208>
                            <4*c44-203>
                            <4*c23-210>
                            <4*c44-102>
                            <4*c14-206>
                            <4*c11-103>
                            <4*c11-204>
                            <4*c34-408>
                            <4*c26-401>
                            <4*c16-303>
                            <4*c42-110>
                            <4*c32-408>
                            <4*c13-307>
                            <4*c39-401>
                            <4*c31-410>
                            <4*c40-306>
                            <4*c15-210>
                            <4*c23-402>
                            <4*c35-307>
                            <4*c36-409>
                            <4*c24-206>
                            <4*c38-106>
                            <4*c34-409>
                            <4*c19-204>
                            <4*c18-205>
                            <4*c21-310>
                            <4*c36-402>
                            <4*c13-107>
                            <4*c41-206>
                            <4*c29-103>
                            <4*c44-303>
                            <4*c19-106>
                            <4*c16-310>
                            <4*c27-201>
                            <4*c45-408>
                            <4*c12-110>
                            <4*c34-404>
                            <4*c25-101>
                            <4*c24-109>
                            <4*c41-405>
                            <4*c14-209>
                            <4*c39-405>
                            <4*c33-305>
                            <4*c35-308>
                            <4*c24-310>
                            <4*c25-406>
                            <4*c31-309>
                            <4*c40-204>
                            <4*c25-409>
                            <4*c17-107>
                            <4*c14-210>
                            <4*c21-405>
                            <4*c16-110>
                            <4*c33-101>
                            <4*c40-209>
                            <4*c33-301>
                            <4*c42-402>
                            <4*c14-202>
                            <4*c27-203>
                            <4*c30-301>
                            <4*c26-102>
                            <4*c43-206>
                            <4*c31-405>
                            <4*c25-207>
                            <4*c43-107>
                            <4*c13-305>
                            <4*c28-105>
                            <4*c34-307>
                            <4*c24-108>
                            <4*c34-306>
                            <4*c14-308>
                            <4*c15-301>
                            <4*c24-401>
                            <4*c21-106>
                            <4*c39-110>
                            <4*c44-207>
                            <4*c30-201>
                            <4*c31-204>
                            <4*c14-108>
                            <4*c28-104>
                            <4*c37-204>
                            <4*c32-302>
                            <1*c43-209>
</home/teragrid/tg459476> was used as the home directory.
</home/teragrid/tg459476/Release_PSpGEMM/PSpGEMM-R1/Applications> was used as the working directory.
Started at Mon Dec 14 07:49:54 2009
Results reported at Mon Dec 14 07:57:46 2009

Your job looked like:

------------------------------------------------------------
# LSBATCH: User input
#!/bin/tcsh 			  
				  # first line specifies shell
#BSUB -J betwcentp529 		  #name the job "jobname"
#BSUB -o out.o%J   		  #output->   out.o&ltjobID>
#BSUB -e err.o%J   		  #error -> error.o&ltjobID>
#BSUB -n 529 -W 0:30               #1 CPU cores and 0hr+15min
#BSUB -q hero                   #Use development queue.
#BSUB -R 'span[ptile=4]'	  # 4 MPI task per node
set echo                          #Echo all commands.
cd $LS_SUBCWD                     #cd to directory of submission
ibrun ./betwcent $WORK/SCALE22BTW-TRANSBOOL 11 128  # 16 processors on the row, each has batch=512/8=32; 2^12 = 4096 starting vertices overall

------------------------------------------------------------

Successfully completed.

Resource usage summary:

    CPU time   : 213076.42 sec.

The output (if any) is above this job summary.



PS:

Read file <err.o339471> for stderr output of this job.

