*** Batchsize is not evenly divisible by the grid dimension ***
*** Processing 3888 vertices instead
Batch processing will occur 8 times, each processing 486 vertices (overall)
Candidates chosen, precomputation finished
Exploring via BFS...
Tallying...
Adding bc contributions...
Exploring via BFS...
Tallying...
Adding bc contributions...
Exploring via BFS...
Tallying...
Adding bc contributions...
Exploring via BFS...
Tallying...
Adding bc contributions...
Exploring via BFS...
Tallying...
Adding bc contributions...
Exploring via BFS...
Tallying...
Adding bc contributions...
Exploring via BFS...
Tallying...
Adding bc contributions...
Exploring via BFS...
Tallying...
Adding bc contributions...
Computation finished
426.706228 seconds elapsed for 3888 starting vertices
TEPS score is: 299006592.335642
Job  mvapich_wrapper /opt/lsf/bin/TaskStarter -p c36-408:49742 -c /opt/lsf/conf -a X86_64 ./betwcent /work/teragrid/tg459476/SCALE22BTW-TRANSBOOL 12 512

TID   HOST_NAME   COMMAND_LINE            STATUS            TERMINATION_TIME
===== ========== ================  =======================  ===================
00000 c19-105    ./betwcent /work  Done                     12/02/2009 05:34:07
00001 c21-304    ./betwcent /work  Done                     12/02/2009 05:34:07
00002 c21-304    ./betwcent /work  Done                     12/02/2009 05:34:07
00003 c21-304    ./betwcent /work  Done                     12/02/2009 05:34:07
00004 c21-304    ./betwcent /work  Done                     12/02/2009 05:34:07
00005 c22-204    ./betwcent /work  Done                     12/02/2009 05:34:07
00006 c22-204    ./betwcent /work  Done                     12/02/2009 05:34:07
00007 c22-204    ./betwcent /work  Done                     12/02/2009 05:34:07
00008 c22-204    ./betwcent /work  Done                     12/02/2009 05:34:07
00009 c21-309    ./betwcent /work  Done                     12/02/2009 05:34:07
00010 c21-309    ./betwcent /work  Done                     12/02/2009 05:34:07
00011 c21-309    ./betwcent /work  Done                     12/02/2009 05:34:07
00012 c21-309    ./betwcent /work  Done                     12/02/2009 05:34:07
00013 c23-206    ./betwcent /work  Done                     12/02/2009 05:34:07
00014 c23-206    ./betwcent /work  Done                     12/02/2009 05:34:07
00015 c23-206    ./betwcent /work  Done                     12/02/2009 05:34:07
00016 c23-206    ./betwcent /work  Done                     12/02/2009 05:34:07
00017 c30-204    ./betwcent /work  Done                     12/02/2009 05:34:07
00018 c30-204    ./betwcent /work  Done                     12/02/2009 05:34:07
00019 c30-204    ./betwcent /work  Done                     12/02/2009 05:34:07
00020 c30-204    ./betwcent /work  Done                     12/02/2009 05:34:07
00021 c30-109    ./betwcent /work  Done                     12/02/2009 05:34:07
00022 c30-109    ./betwcent /work  Done                     12/02/2009 05:34:07
00023 c30-109    ./betwcent /work  Done                     12/02/2009 05:34:07
00024 c30-109    ./betwcent /work  Done                     12/02/2009 05:34:07
00025 c13-102    ./betwcent /work  Done                     12/02/2009 05:34:07
00026 c13-102    ./betwcent /work  Done                     12/02/2009 05:34:07
00027 c13-102    ./betwcent /work  Done                     12/02/2009 05:34:07
00028 c13-102    ./betwcent /work  Done                     12/02/2009 05:34:07
00029 c21-307    ./betwcent /work  Done                     12/02/2009 05:34:07
00030 c21-307    ./betwcent /work  Done                     12/02/2009 05:34:07
00031 c21-307    ./betwcent /work  Done                     12/02/2009 05:34:07
00032 c21-307    ./betwcent /work  Done                     12/02/2009 05:34:07
00033 c24-203    ./betwcent /work  Done                     12/02/2009 05:34:07
00034 c24-203    ./betwcent /work  Done                     12/02/2009 05:34:07
00035 c24-203    ./betwcent /work  Done                     12/02/2009 05:34:07
00036 c24-203    ./betwcent /work  Done                     12/02/2009 05:34:07
00037 c35-407    ./betwcent /work  Done                     12/02/2009 05:34:07
00038 c35-407    ./betwcent /work  Done                     12/02/2009 05:34:07
00039 c35-407    ./betwcent /work  Done                     12/02/2009 05:34:07
00040 c35-407    ./betwcent /work  Done                     12/02/2009 05:34:07
00041 c45-304    ./betwcent /work  Done                     12/02/2009 05:34:07
00042 c45-304    ./betwcent /work  Done                     12/02/2009 05:34:07
00043 c45-304    ./betwcent /work  Done                     12/02/2009 05:34:07
00044 c45-304    ./betwcent /work  Done                     12/02/2009 05:34:07
00045 c43-202    ./betwcent /work  Done                     12/02/2009 05:34:07
00046 c43-202    ./betwcent /work  Done                     12/02/2009 05:34:07
00047 c43-202    ./betwcent /work  Done                     12/02/2009 05:34:07
00048 c43-202    ./betwcent /work  Done                     12/02/2009 05:34:07
00049 c42-105    ./betwcent /work  Done                     12/02/2009 05:34:07
00050 c42-105    ./betwcent /work  Done                     12/02/2009 05:34:07
00051 c42-105    ./betwcent /work  Done                     12/02/2009 05:34:07
00052 c42-105    ./betwcent /work  Done                     12/02/2009 05:34:07
00053 c40-308    ./betwcent /work  Done                     12/02/2009 05:34:07
00054 c40-308    ./betwcent /work  Done                     12/02/2009 05:34:07
00055 c40-308    ./betwcent /work  Done                     12/02/2009 05:34:07
00056 c40-308    ./betwcent /work  Done                     12/02/2009 05:34:07
00057 c10-103    ./betwcent /work  Done                     12/02/2009 05:34:07
00058 c10-103    ./betwcent /work  Done                     12/02/2009 05:34:07
00059 c10-103    ./betwcent /work  Done                     12/02/2009 05:34:07
00060 c10-103    ./betwcent /work  Done                     12/02/2009 05:34:07
00061 c31-104    ./betwcent /work  Done                     12/02/2009 05:34:07
00062 c31-104    ./betwcent /work  Done                     12/02/2009 05:34:07
00063 c31-104    ./betwcent /work  Done                     12/02/2009 05:34:07
00064 c31-104    ./betwcent /work  Done                     12/02/2009 05:34:07
00065 c25-203    ./betwcent /work  Done                     12/02/2009 05:34:07
00066 c25-203    ./betwcent /work  Done                     12/02/2009 05:34:07
00067 c25-203    ./betwcent /work  Done                     12/02/2009 05:34:07
00068 c25-203    ./betwcent /work  Done                     12/02/2009 05:34:07
00069 c38-406    ./betwcent /work  Done                     12/02/2009 05:34:07
00070 c38-406    ./betwcent /work  Done                     12/02/2009 05:34:07
00071 c38-406    ./betwcent /work  Done                     12/02/2009 05:34:07
00072 c38-406    ./betwcent /work  Done                     12/02/2009 05:34:07
00073 c34-402    ./betwcent /work  Done                     12/02/2009 05:34:07
00074 c34-402    ./betwcent /work  Done                     12/02/2009 05:34:07
00075 c34-402    ./betwcent /work  Done                     12/02/2009 05:34:07
00076 c34-402    ./betwcent /work  Done                     12/02/2009 05:34:07
00077 c23-106    ./betwcent /work  Done                     12/02/2009 05:34:07
00078 c23-106    ./betwcent /work  Done                     12/02/2009 05:34:07
00079 c23-106    ./betwcent /work  Done                     12/02/2009 05:34:07
00080 c23-106    ./betwcent /work  Done                     12/02/2009 05:34:07
00081 c43-405    ./betwcent /work  Done                     12/02/2009 05:34:07
00082 c43-405    ./betwcent /work  Done                     12/02/2009 05:34:07
00083 c43-405    ./betwcent /work  Done                     12/02/2009 05:34:07
00084 c43-405    ./betwcent /work  Done                     12/02/2009 05:34:07
00085 c14-106    ./betwcent /work  Done                     12/02/2009 05:34:07
00086 c14-106    ./betwcent /work  Done                     12/02/2009 05:34:07
00087 c14-106    ./betwcent /work  Done                     12/02/2009 05:34:07
00088 c14-106    ./betwcent /work  Done                     12/02/2009 05:34:07
00089 c16-305    ./betwcent /work  Done                     12/02/2009 05:34:07
00090 c16-305    ./betwcent /work  Done                     12/02/2009 05:34:07
00091 c16-305    ./betwcent /work  Done                     12/02/2009 05:34:07
00092 c16-305    ./betwcent /work  Done                     12/02/2009 05:34:07
00093 c34-310    ./betwcent /work  Done                     12/02/2009 05:34:07
00094 c34-310    ./betwcent /work  Done                     12/02/2009 05:34:07
00095 c34-310    ./betwcent /work  Done                     12/02/2009 05:34:07
00096 c34-310    ./betwcent /work  Done                     12/02/2009 05:34:07
00097 c43-201    ./betwcent /work  Done                     12/02/2009 05:34:07
00098 c43-201    ./betwcent /work  Done                     12/02/2009 05:34:07
00099 c43-201    ./betwcent /work  Done                     12/02/2009 05:34:07
00100 c43-201    ./betwcent /work  Done                     12/02/2009 05:34:07
00101 c17-210    ./betwcent /work  Done                     12/02/2009 05:34:07
00102 c17-210    ./betwcent /work  Done                     12/02/2009 05:34:07
00103 c17-210    ./betwcent /work  Done                     12/02/2009 05:34:07
00104 c17-210    ./betwcent /work  Done                     12/02/2009 05:34:07
00105 c24-403    ./betwcent /work  Done                     12/02/2009 05:34:07
00106 c24-403    ./betwcent /work  Done                     12/02/2009 05:34:07
00107 c24-403    ./betwcent /work  Done                     12/02/2009 05:34:07
00108 c24-403    ./betwcent /work  Done                     12/02/2009 05:34:07
00109 c26-305    ./betwcent /work  Done                     12/02/2009 05:34:07
00110 c26-305    ./betwcent /work  Done                     12/02/2009 05:34:07
00111 c26-305    ./betwcent /work  Done                     12/02/2009 05:34:07
00112 c26-305    ./betwcent /work  Done                     12/02/2009 05:34:07
00113 c14-203    ./betwcent /work  Done                     12/02/2009 05:34:07
00114 c14-203    ./betwcent /work  Done                     12/02/2009 05:34:07
00115 c14-203    ./betwcent /work  Done                     12/02/2009 05:34:07
00116 c14-203    ./betwcent /work  Done                     12/02/2009 05:34:07
00117 c45-307    ./betwcent /work  Done                     12/02/2009 05:34:07
00118 c45-307    ./betwcent /work  Done                     12/02/2009 05:34:07
00119 c45-307    ./betwcent /work  Done                     12/02/2009 05:34:07
00120 c45-307    ./betwcent /work  Done                     12/02/2009 05:34:07
00121 c33-303    ./betwcent /work  Done                     12/02/2009 05:34:07
00122 c33-303    ./betwcent /work  Done                     12/02/2009 05:34:07
00123 c33-303    ./betwcent /work  Done                     12/02/2009 05:34:07
00124 c33-303    ./betwcent /work  Done                     12/02/2009 05:34:07
00125 c31-201    ./betwcent /work  Done                     12/02/2009 05:34:07
00126 c31-201    ./betwcent /work  Done                     12/02/2009 05:34:07
00127 c31-201    ./betwcent /work  Done                     12/02/2009 05:34:07
00128 c31-201    ./betwcent /work  Done                     12/02/2009 05:34:07
00129 c22-205    ./betwcent /work  Done                     12/02/2009 05:34:07
00130 c22-205    ./betwcent /work  Done                     12/02/2009 05:34:07
00131 c22-205    ./betwcent /work  Done                     12/02/2009 05:34:07
00132 c22-205    ./betwcent /work  Done                     12/02/2009 05:34:07
00133 c44-203    ./betwcent /work  Done                     12/02/2009 05:34:07
00134 c44-203    ./betwcent /work  Done                     12/02/2009 05:34:07
00135 c44-203    ./betwcent /work  Done                     12/02/2009 05:34:07
00136 c44-203    ./betwcent /work  Done                     12/02/2009 05:34:07
00137 c14-103    ./betwcent /work  Done                     12/02/2009 05:34:07
00138 c14-103    ./betwcent /work  Done                     12/02/2009 05:34:07
00139 c14-103    ./betwcent /work  Done                     12/02/2009 05:34:07
00140 c14-103    ./betwcent /work  Done                     12/02/2009 05:34:07
00141 c22-210    ./betwcent /work  Done                     12/02/2009 05:34:07
00142 c22-210    ./betwcent /work  Done                     12/02/2009 05:34:07
00143 c22-210    ./betwcent /work  Done                     12/02/2009 05:34:07
00144 c22-210    ./betwcent /work  Done                     12/02/2009 05:34:07
00145 c20-108    ./betwcent /work  Done                     12/02/2009 05:34:07
00146 c20-108    ./betwcent /work  Done                     12/02/2009 05:34:07
00147 c20-108    ./betwcent /work  Done                     12/02/2009 05:34:07
00148 c20-108    ./betwcent /work  Done                     12/02/2009 05:34:07
00149 c30-301    ./betwcent /work  Done                     12/02/2009 05:34:07
00150 c30-301    ./betwcent /work  Done                     12/02/2009 05:34:07
00151 c30-301    ./betwcent /work  Done                     12/02/2009 05:34:07
00152 c30-301    ./betwcent /work  Done                     12/02/2009 05:34:07
00153 c27-406    ./betwcent /work  Done                     12/02/2009 05:34:07
00154 c27-406    ./betwcent /work  Done                     12/02/2009 05:34:07
00155 c27-406    ./betwcent /work  Done                     12/02/2009 05:34:07
00156 c27-406    ./betwcent /work  Done                     12/02/2009 05:34:07
00157 c28-306    ./betwcent /work  Done                     12/02/2009 05:34:07
00158 c28-306    ./betwcent /work  Done                     12/02/2009 05:34:07
00159 c28-306    ./betwcent /work  Done                     12/02/2009 05:34:07
00160 c28-306    ./betwcent /work  Done                     12/02/2009 05:34:07
00161 c31-101    ./betwcent /work  Done                     12/02/2009 05:34:07
00162 c31-101    ./betwcent /work  Done                     12/02/2009 05:34:07
00163 c31-101    ./betwcent /work  Done                     12/02/2009 05:34:07
00164 c31-101    ./betwcent /work  Done                     12/02/2009 05:34:07
00165 c35-305    ./betwcent /work  Done                     12/02/2009 05:34:07
00166 c35-305    ./betwcent /work  Done                     12/02/2009 05:34:07
00167 c35-305    ./betwcent /work  Done                     12/02/2009 05:34:07
00168 c35-305    ./betwcent /work  Done                     12/02/2009 05:34:07
00169 c35-110    ./betwcent /work  Done                     12/02/2009 05:34:07
00170 c35-110    ./betwcent /work  Done                     12/02/2009 05:34:07
00171 c35-110    ./betwcent /work  Done                     12/02/2009 05:34:07
00172 c35-110    ./betwcent /work  Done                     12/02/2009 05:34:07
00173 c13-305    ./betwcent /work  Done                     12/02/2009 05:34:07
00174 c13-305    ./betwcent /work  Done                     12/02/2009 05:34:07
00175 c13-305    ./betwcent /work  Done                     12/02/2009 05:34:07
00176 c13-305    ./betwcent /work  Done                     12/02/2009 05:34:07
00177 c44-406    ./betwcent /work  Done                     12/02/2009 05:34:07
00178 c44-406    ./betwcent /work  Done                     12/02/2009 05:34:07
00179 c44-406    ./betwcent /work  Done                     12/02/2009 05:34:07
00180 c44-406    ./betwcent /work  Done                     12/02/2009 05:34:07
00181 c28-302    ./betwcent /work  Done                     12/02/2009 05:34:07
00182 c28-302    ./betwcent /work  Done                     12/02/2009 05:34:07
00183 c28-302    ./betwcent /work  Done                     12/02/2009 05:34:07
00184 c28-302    ./betwcent /work  Done                     12/02/2009 05:34:07
00185 c18-205    ./betwcent /work  Done                     12/02/2009 05:34:07
00186 c18-205    ./betwcent /work  Done                     12/02/2009 05:34:07
00187 c18-205    ./betwcent /work  Done                     12/02/2009 05:34:07
00188 c18-205    ./betwcent /work  Done                     12/02/2009 05:34:07
00189 c37-301    ./betwcent /work  Done                     12/02/2009 05:34:07
00190 c37-301    ./betwcent /work  Done                     12/02/2009 05:34:07
00191 c37-301    ./betwcent /work  Done                     12/02/2009 05:34:07
00192 c37-301    ./betwcent /work  Done                     12/02/2009 05:34:07
00193 c28-107    ./betwcent /work  Done                     12/02/2009 05:34:07
00194 c28-107    ./betwcent /work  Done                     12/02/2009 05:34:07
00195 c28-107    ./betwcent /work  Done                     12/02/2009 05:34:07
00196 c28-107    ./betwcent /work  Done                     12/02/2009 05:34:07
00197 c33-104    ./betwcent /work  Done                     12/02/2009 05:34:07
00198 c33-104    ./betwcent /work  Done                     12/02/2009 05:34:07
00199 c33-104    ./betwcent /work  Done                     12/02/2009 05:34:07
00200 c33-104    ./betwcent /work  Done                     12/02/2009 05:34:07
00201 c41-105    ./betwcent /work  Done                     12/02/2009 05:34:07
00202 c41-105    ./betwcent /work  Done                     12/02/2009 05:34:07
00203 c41-105    ./betwcent /work  Done                     12/02/2009 05:34:07
00204 c41-105    ./betwcent /work  Done                     12/02/2009 05:34:07
00205 c22-108    ./betwcent /work  Done                     12/02/2009 05:34:07
00206 c22-108    ./betwcent /work  Done                     12/02/2009 05:34:07
00207 c22-108    ./betwcent /work  Done                     12/02/2009 05:34:07
00208 c22-108    ./betwcent /work  Done                     12/02/2009 05:34:07
00209 c17-103    ./betwcent /work  Done                     12/02/2009 05:34:07
00210 c17-103    ./betwcent /work  Done                     12/02/2009 05:34:07
00211 c17-103    ./betwcent /work  Done                     12/02/2009 05:34:07
00212 c17-103    ./betwcent /work  Done                     12/02/2009 05:34:07
00213 c41-101    ./betwcent /work  Done                     12/02/2009 05:34:07
00214 c41-101    ./betwcent /work  Done                     12/02/2009 05:34:07
00215 c41-101    ./betwcent /work  Done                     12/02/2009 05:34:07
00216 c41-101    ./betwcent /work  Done                     12/02/2009 05:34:07
00217 c18-204    ./betwcent /work  Done                     12/02/2009 05:34:07
00218 c18-204    ./betwcent /work  Done                     12/02/2009 05:34:07
00219 c18-204    ./betwcent /work  Done                     12/02/2009 05:34:07
00220 c18-204    ./betwcent /work  Done                     12/02/2009 05:34:07
00221 c32-308    ./betwcent /work  Done                     12/02/2009 05:34:07
00222 c32-308    ./betwcent /work  Done                     12/02/2009 05:34:07
00223 c32-308    ./betwcent /work  Done                     12/02/2009 05:34:07
00224 c32-308    ./betwcent /work  Done                     12/02/2009 05:34:07
00225 c27-302    ./betwcent /work  Done                     12/02/2009 05:34:07
00226 c27-302    ./betwcent /work  Done                     12/02/2009 05:34:07
00227 c27-302    ./betwcent /work  Done                     12/02/2009 05:34:07
00228 c27-302    ./betwcent /work  Done                     12/02/2009 05:34:07
00229 c35-102    ./betwcent /work  Done                     12/02/2009 05:34:07
00230 c35-102    ./betwcent /work  Done                     12/02/2009 05:34:07
00231 c35-102    ./betwcent /work  Done                     12/02/2009 05:34:07
00232 c35-102    ./betwcent /work  Done                     12/02/2009 05:34:07
00233 c31-210    ./betwcent /work  Done                     12/02/2009 05:34:07
00234 c31-210    ./betwcent /work  Done                     12/02/2009 05:34:07
00235 c31-210    ./betwcent /work  Done                     12/02/2009 05:34:07
00236 c31-210    ./betwcent /work  Done                     12/02/2009 05:34:07
00237 c20-102    ./betwcent /work  Done                     12/02/2009 05:34:07
00238 c20-102    ./betwcent /work  Done                     12/02/2009 05:34:07
00239 c20-102    ./betwcent /work  Done                     12/02/2009 05:34:07
00240 c20-102    ./betwcent /work  Done                     12/02/2009 05:34:07
00241 c11-210    ./betwcent /work  Done                     12/02/2009 05:34:07
00242 c11-210    ./betwcent /work  Done                     12/02/2009 05:34:07
00243 c11-210    ./betwcent /work  Done                     12/02/2009 05:34:07
00244 c11-210    ./betwcent /work  Done                     12/02/2009 05:34:07
00245 c37-204    ./betwcent /work  Done                     12/02/2009 05:34:07
00246 c37-204    ./betwcent /work  Done                     12/02/2009 05:34:07
00247 c37-204    ./betwcent /work  Done                     12/02/2009 05:34:07
00248 c37-204    ./betwcent /work  Done                     12/02/2009 05:34:07
00249 c32-409    ./betwcent /work  Done                     12/02/2009 05:34:07
00250 c32-409    ./betwcent /work  Done                     12/02/2009 05:34:07
00251 c32-409    ./betwcent /work  Done                     12/02/2009 05:34:07
00252 c32-409    ./betwcent /work  Done                     12/02/2009 05:34:07
00253 c35-107    ./betwcent /work  Done                     12/02/2009 05:34:07
00254 c35-107    ./betwcent /work  Done                     12/02/2009 05:34:07
00255 c35-107    ./betwcent /work  Done                     12/02/2009 05:34:07
00256 c35-107    ./betwcent /work  Done                     12/02/2009 05:34:07
00257 c33-307    ./betwcent /work  Done                     12/02/2009 05:34:07
00258 c33-307    ./betwcent /work  Done                     12/02/2009 05:34:07
00259 c33-307    ./betwcent /work  Done                     12/02/2009 05:34:07
00260 c33-307    ./betwcent /work  Done                     12/02/2009 05:34:07
00261 c27-110    ./betwcent /work  Done                     12/02/2009 05:34:07
00262 c27-110    ./betwcent /work  Done                     12/02/2009 05:34:07
00263 c27-110    ./betwcent /work  Done                     12/02/2009 05:34:07
00264 c27-110    ./betwcent /work  Done                     12/02/2009 05:34:07
00265 c36-410    ./betwcent /work  Done                     12/02/2009 05:34:07
00266 c36-410    ./betwcent /work  Done                     12/02/2009 05:34:07
00267 c36-410    ./betwcent /work  Done                     12/02/2009 05:34:07
00268 c36-410    ./betwcent /work  Done                     12/02/2009 05:34:07
00269 c31-206    ./betwcent /work  Done                     12/02/2009 05:34:07
00270 c31-206    ./betwcent /work  Done                     12/02/2009 05:34:07
00271 c31-206    ./betwcent /work  Done                     12/02/2009 05:34:07
00272 c31-206    ./betwcent /work  Done                     12/02/2009 05:34:07
00273 c37-302    ./betwcent /work  Done                     12/02/2009 05:34:07
00274 c37-302    ./betwcent /work  Done                     12/02/2009 05:34:07
00275 c37-302    ./betwcent /work  Done                     12/02/2009 05:34:07
00276 c37-302    ./betwcent /work  Done                     12/02/2009 05:34:07
00277 c39-409    ./betwcent /work  Done                     12/02/2009 05:34:07
00278 c39-409    ./betwcent /work  Done                     12/02/2009 05:34:07
00279 c39-409    ./betwcent /work  Done                     12/02/2009 05:34:07
00280 c39-409    ./betwcent /work  Done                     12/02/2009 05:34:07
00281 c41-408    ./betwcent /work  Done                     12/02/2009 05:34:07
00282 c41-408    ./betwcent /work  Done                     12/02/2009 05:34:07
00283 c41-408    ./betwcent /work  Done                     12/02/2009 05:34:07
00284 c41-408    ./betwcent /work  Done                     12/02/2009 05:34:07
00285 c25-207    ./betwcent /work  Done                     12/02/2009 05:34:07
00286 c25-207    ./betwcent /work  Done                     12/02/2009 05:34:07
00287 c25-207    ./betwcent /work  Done                     12/02/2009 05:34:07
00288 c25-207    ./betwcent /work  Done                     12/02/2009 05:34:07
00289 c36-108    ./betwcent /work  Done                     12/02/2009 05:34:07
00290 c36-108    ./betwcent /work  Done                     12/02/2009 05:34:07
00291 c36-108    ./betwcent /work  Done                     12/02/2009 05:34:07
00292 c36-108    ./betwcent /work  Done                     12/02/2009 05:34:07
00293 c38-305    ./betwcent /work  Done                     12/02/2009 05:34:07
00294 c38-305    ./betwcent /work  Done                     12/02/2009 05:34:07
00295 c38-305    ./betwcent /work  Done                     12/02/2009 05:34:07
00296 c38-305    ./betwcent /work  Done                     12/02/2009 05:34:07
00297 c19-209    ./betwcent /work  Done                     12/02/2009 05:34:07
00298 c19-209    ./betwcent /work  Done                     12/02/2009 05:34:07
00299 c19-209    ./betwcent /work  Done                     12/02/2009 05:34:07
00300 c19-209    ./betwcent /work  Done                     12/02/2009 05:34:07
00301 c20-106    ./betwcent /work  Done                     12/02/2009 05:34:07
00302 c20-106    ./betwcent /work  Done                     12/02/2009 05:34:07
00303 c20-106    ./betwcent /work  Done                     12/02/2009 05:34:07
00304 c20-106    ./betwcent /work  Done                     12/02/2009 05:34:07
00305 c34-304    ./betwcent /work  Done                     12/02/2009 05:34:07
00306 c34-304    ./betwcent /work  Done                     12/02/2009 05:34:07
00307 c34-304    ./betwcent /work  Done                     12/02/2009 05:34:07
00308 c34-304    ./betwcent /work  Done                     12/02/2009 05:34:07
00309 c32-201    ./betwcent /work  Done                     12/02/2009 05:34:07
00310 c32-201    ./betwcent /work  Done                     12/02/2009 05:34:07
00311 c32-201    ./betwcent /work  Done                     12/02/2009 05:34:07
00312 c32-201    ./betwcent /work  Done                     12/02/2009 05:34:07
00313 c37-108    ./betwcent /work  Done                     12/02/2009 05:34:07
00314 c37-108    ./betwcent /work  Done                     12/02/2009 05:34:07
00315 c37-108    ./betwcent /work  Done                     12/02/2009 05:34:07
00316 c37-108    ./betwcent /work  Done                     12/02/2009 05:34:07
00317 c31-410    ./betwcent /work  Done                     12/02/2009 05:34:07
00318 c31-410    ./betwcent /work  Done                     12/02/2009 05:34:07
00319 c31-410    ./betwcent /work  Done                     12/02/2009 05:34:07
00320 c31-410    ./betwcent /work  Done                     12/02/2009 05:34:07
00321 c26-306    ./betwcent /work  Done                     12/02/2009 05:34:07
00322 c26-306    ./betwcent /work  Done                     12/02/2009 05:34:07
00323 c26-306    ./betwcent /work  Done                     12/02/2009 05:34:07
00324 c26-306    ./betwcent /work  Done                     12/02/2009 05:34:07
00325 c16-301    ./betwcent /work  Done                     12/02/2009 05:34:07
00326 c16-301    ./betwcent /work  Done                     12/02/2009 05:34:07
00327 c16-301    ./betwcent /work  Done                     12/02/2009 05:34:07
00328 c16-301    ./betwcent /work  Done                     12/02/2009 05:34:07
00329 c23-103    ./betwcent /work  Done                     12/02/2009 05:34:07
00330 c23-103    ./betwcent /work  Done                     12/02/2009 05:34:07
00331 c23-103    ./betwcent /work  Done                     12/02/2009 05:34:07
00332 c23-103    ./betwcent /work  Done                     12/02/2009 05:34:07
00333 c38-410    ./betwcent /work  Done                     12/02/2009 05:34:07
00334 c38-410    ./betwcent /work  Done                     12/02/2009 05:34:07
00335 c38-410    ./betwcent /work  Done                     12/02/2009 05:34:07
00336 c38-410    ./betwcent /work  Done                     12/02/2009 05:34:07
00337 c25-307    ./betwcent /work  Done                     12/02/2009 05:34:07
00338 c25-307    ./betwcent /work  Done                     12/02/2009 05:34:07
00339 c25-307    ./betwcent /work  Done                     12/02/2009 05:34:07
00340 c25-307    ./betwcent /work  Done                     12/02/2009 05:34:07
00341 c25-305    ./betwcent /work  Done                     12/02/2009 05:34:07
00342 c25-305    ./betwcent /work  Done                     12/02/2009 05:34:07
00343 c25-305    ./betwcent /work  Done                     12/02/2009 05:34:07
00344 c25-305    ./betwcent /work  Done                     12/02/2009 05:34:07
00345 c16-306    ./betwcent /work  Done                     12/02/2009 05:34:07
00346 c16-306    ./betwcent /work  Done                     12/02/2009 05:34:07
00347 c16-306    ./betwcent /work  Done                     12/02/2009 05:34:07
00348 c16-306    ./betwcent /work  Done                     12/02/2009 05:34:07
00349 c19-203    ./betwcent /work  Done                     12/02/2009 05:34:07
00350 c19-203    ./betwcent /work  Done                     12/02/2009 05:34:07
00351 c19-203    ./betwcent /work  Done                     12/02/2009 05:34:07
00352 c19-203    ./betwcent /work  Done                     12/02/2009 05:34:07
00353 c36-305    ./betwcent /work  Done                     12/02/2009 05:34:07
00354 c36-305    ./betwcent /work  Done                     12/02/2009 05:34:07
00355 c36-305    ./betwcent /work  Done                     12/02/2009 05:34:07
00356 c36-305    ./betwcent /work  Done                     12/02/2009 05:34:07
00357 c42-306    ./betwcent /work  Done                     12/02/2009 05:34:07
00358 c42-306    ./betwcent /work  Done                     12/02/2009 05:34:07
00359 c42-306    ./betwcent /work  Done                     12/02/2009 05:34:07
00360 c42-306    ./betwcent /work  Done                     12/02/2009 05:34:07
00361 c36-304    ./betwcent /work  Done                     12/02/2009 05:34:07
00362 c36-304    ./betwcent /work  Done                     12/02/2009 05:34:07
00363 c36-304    ./betwcent /work  Done                     12/02/2009 05:34:07
00364 c36-304    ./betwcent /work  Done                     12/02/2009 05:34:07
00365 c41-401    ./betwcent /work  Done                     12/02/2009 05:34:07
00366 c41-401    ./betwcent /work  Done                     12/02/2009 05:34:07
00367 c41-401    ./betwcent /work  Done                     12/02/2009 05:34:07
00368 c41-401    ./betwcent /work  Done                     12/02/2009 05:34:07
00369 c23-109    ./betwcent /work  Done                     12/02/2009 05:34:07
00370 c23-109    ./betwcent /work  Done                     12/02/2009 05:34:07
00371 c23-109    ./betwcent /work  Done                     12/02/2009 05:34:07
00372 c23-109    ./betwcent /work  Done                     12/02/2009 05:34:07
00373 c14-306    ./betwcent /work  Done                     12/02/2009 05:34:07
00374 c14-306    ./betwcent /work  Done                     12/02/2009 05:34:07
00375 c14-306    ./betwcent /work  Done                     12/02/2009 05:34:07
00376 c14-306    ./betwcent /work  Done                     12/02/2009 05:34:07
00377 c30-110    ./betwcent /work  Done                     12/02/2009 05:34:07
00378 c30-110    ./betwcent /work  Done                     12/02/2009 05:34:07
00379 c30-110    ./betwcent /work  Done                     12/02/2009 05:34:07
00380 c30-110    ./betwcent /work  Done                     12/02/2009 05:34:07
00381 c29-307    ./betwcent /work  Done                     12/02/2009 05:34:07
00382 c29-307    ./betwcent /work  Done                     12/02/2009 05:34:07
00383 c29-307    ./betwcent /work  Done                     12/02/2009 05:34:07
00384 c29-307    ./betwcent /work  Done                     12/02/2009 05:34:07
00385 c39-403    ./betwcent /work  Done                     12/02/2009 05:34:07
00386 c39-403    ./betwcent /work  Done                     12/02/2009 05:34:07
00387 c39-403    ./betwcent /work  Done                     12/02/2009 05:34:07
00388 c39-403    ./betwcent /work  Done                     12/02/2009 05:34:07
00389 c37-403    ./betwcent /work  Done                     12/02/2009 05:34:07
00390 c37-403    ./betwcent /work  Done                     12/02/2009 05:34:07
00391 c37-403    ./betwcent /work  Done                     12/02/2009 05:34:07
00392 c37-403    ./betwcent /work  Done                     12/02/2009 05:34:07
00393 c32-208    ./betwcent /work  Done                     12/02/2009 05:34:07
00394 c32-208    ./betwcent /work  Done                     12/02/2009 05:34:07
00395 c32-208    ./betwcent /work  Done                     12/02/2009 05:34:07
00396 c32-208    ./betwcent /work  Done                     12/02/2009 05:34:07
00397 c13-201    ./betwcent /work  Done                     12/02/2009 05:34:07
00398 c13-201    ./betwcent /work  Done                     12/02/2009 05:34:07
00399 c13-201    ./betwcent /work  Done                     12/02/2009 05:34:07
00400 c13-201    ./betwcent /work  Done                     12/02/2009 05:34:07
00401 c35-308    ./betwcent /work  Done                     12/02/2009 05:34:07
00402 c35-308    ./betwcent /work  Done                     12/02/2009 05:34:07
00403 c35-308    ./betwcent /work  Done                     12/02/2009 05:34:07
00404 c35-308    ./betwcent /work  Done                     12/02/2009 05:34:07
00405 c28-104    ./betwcent /work  Done                     12/02/2009 05:34:07
00406 c28-104    ./betwcent /work  Done                     12/02/2009 05:34:07
00407 c28-104    ./betwcent /work  Done                     12/02/2009 05:34:07
00408 c28-104    ./betwcent /work  Done                     12/02/2009 05:34:07
00409 c41-108    ./betwcent /work  Done                     12/02/2009 05:34:07
00410 c41-108    ./betwcent /work  Done                     12/02/2009 05:34:07
00411 c41-108    ./betwcent /work  Done                     12/02/2009 05:34:07
00412 c41-108    ./betwcent /work  Done                     12/02/2009 05:34:07
00413 c11-110    ./betwcent /work  Done                     12/02/2009 05:34:07
00414 c11-110    ./betwcent /work  Done                     12/02/2009 05:34:07
00415 c11-110    ./betwcent /work  Done                     12/02/2009 05:34:07
00416 c11-110    ./betwcent /work  Done                     12/02/2009 05:34:07
00417 c40-210    ./betwcent /work  Done                     12/02/2009 05:34:07
00418 c40-210    ./betwcent /work  Done                     12/02/2009 05:34:07
00419 c40-210    ./betwcent /work  Done                     12/02/2009 05:34:07
00420 c40-210    ./betwcent /work  Done                     12/02/2009 05:34:07
00421 c14-105    ./betwcent /work  Done                     12/02/2009 05:34:07
00422 c14-105    ./betwcent /work  Done                     12/02/2009 05:34:07
00423 c14-105    ./betwcent /work  Done                     12/02/2009 05:34:07
00424 c14-105    ./betwcent /work  Done                     12/02/2009 05:34:07
00425 c24-205    ./betwcent /work  Done                     12/02/2009 05:34:07
00426 c24-205    ./betwcent /work  Done                     12/02/2009 05:34:07
00427 c24-205    ./betwcent /work  Done                     12/02/2009 05:34:07
00428 c24-205    ./betwcent /work  Done                     12/02/2009 05:34:07
00429 c19-207    ./betwcent /work  Done                     12/02/2009 05:34:07
00430 c19-207    ./betwcent /work  Done                     12/02/2009 05:34:07
00431 c19-207    ./betwcent /work  Done                     12/02/2009 05:34:07
00432 c19-207    ./betwcent /work  Done                     12/02/2009 05:34:07
00433 c38-302    ./betwcent /work  Done                     12/02/2009 05:34:07
00434 c38-302    ./betwcent /work  Done                     12/02/2009 05:34:07
00435 c38-302    ./betwcent /work  Done                     12/02/2009 05:34:07
00436 c38-302    ./betwcent /work  Done                     12/02/2009 05:34:07
00437 c10-207    ./betwcent /work  Done                     12/02/2009 05:34:07
00438 c10-207    ./betwcent /work  Done                     12/02/2009 05:34:07
00439 c10-207    ./betwcent /work  Done                     12/02/2009 05:34:07
00440 c10-207    ./betwcent /work  Done                     12/02/2009 05:34:07
00441 c38-309    ./betwcent /work  Done                     12/02/2009 05:34:07
00442 c38-309    ./betwcent /work  Done                     12/02/2009 05:34:07
00443 c38-309    ./betwcent /work  Done                     12/02/2009 05:34:07
00444 c38-309    ./betwcent /work  Done                     12/02/2009 05:34:07
00445 c24-201    ./betwcent /work  Done                     12/02/2009 05:34:07
00446 c24-201    ./betwcent /work  Done                     12/02/2009 05:34:07
00447 c24-201    ./betwcent /work  Done                     12/02/2009 05:34:07
00448 c24-201    ./betwcent /work  Done                     12/02/2009 05:34:07
00449 c21-205    ./betwcent /work  Done                     12/02/2009 05:34:07
00450 c21-205    ./betwcent /work  Done                     12/02/2009 05:34:07
00451 c21-205    ./betwcent /work  Done                     12/02/2009 05:34:07
00452 c21-205    ./betwcent /work  Done                     12/02/2009 05:34:07
00453 c42-406    ./betwcent /work  Done                     12/02/2009 05:34:07
00454 c42-406    ./betwcent /work  Done                     12/02/2009 05:34:07
00455 c42-406    ./betwcent /work  Done                     12/02/2009 05:34:07
00456 c42-406    ./betwcent /work  Done                     12/02/2009 05:34:07
00457 c35-103    ./betwcent /work  Done                     12/02/2009 05:34:07
00458 c35-103    ./betwcent /work  Done                     12/02/2009 05:34:07
00459 c35-103    ./betwcent /work  Done                     12/02/2009 05:34:07
00460 c35-103    ./betwcent /work  Done                     12/02/2009 05:34:07
00461 c43-209    ./betwcent /work  Done                     12/02/2009 05:34:07
00462 c43-209    ./betwcent /work  Done                     12/02/2009 05:34:07
00463 c43-209    ./betwcent /work  Done                     12/02/2009 05:34:07
00464 c43-209    ./betwcent /work  Done                     12/02/2009 05:34:07
00465 c15-208    ./betwcent /work  Done                     12/02/2009 05:34:07
00466 c15-208    ./betwcent /work  Done                     12/02/2009 05:34:07
00467 c15-208    ./betwcent /work  Done                     12/02/2009 05:34:07
00468 c15-208    ./betwcent /work  Done                     12/02/2009 05:34:07
00469 c25-104    ./betwcent /work  Done                     12/02/2009 05:34:07
00470 c25-104    ./betwcent /work  Done                     12/02/2009 05:34:07
00471 c25-104    ./betwcent /work  Done                     12/02/2009 05:34:07
00472 c25-104    ./betwcent /work  Done                     12/02/2009 05:34:07
00473 c35-401    ./betwcent /work  Done                     12/02/2009 05:34:07
00474 c35-401    ./betwcent /work  Done                     12/02/2009 05:34:07
00475 c35-401    ./betwcent /work  Done                     12/02/2009 05:34:07
00476 c35-401    ./betwcent /work  Done                     12/02/2009 05:34:07
00477 c33-205    ./betwcent /work  Done                     12/02/2009 05:34:07
00478 c33-205    ./betwcent /work  Done                     12/02/2009 05:34:07
00479 c33-205    ./betwcent /work  Done                     12/02/2009 05:34:07
00480 c33-205    ./betwcent /work  Done                     12/02/2009 05:34:07
00481 c42-203    ./betwcent /work  Done                     12/02/2009 05:34:07
00482 c42-203    ./betwcent /work  Done                     12/02/2009 05:34:07
00483 c42-203    ./betwcent /work  Done                     12/02/2009 05:34:07
00484 c42-203    ./betwcent /work  Done                     12/02/2009 05:34:07
00485 c14-206    ./betwcent /work  Done                     12/02/2009 05:34:07
00486 c14-206    ./betwcent /work  Done                     12/02/2009 05:34:07
00487 c14-206    ./betwcent /work  Done                     12/02/2009 05:34:07
00488 c14-206    ./betwcent /work  Done                     12/02/2009 05:34:07
00489 c29-302    ./betwcent /work  Done                     12/02/2009 05:34:07
00490 c29-302    ./betwcent /work  Done                     12/02/2009 05:34:07
00491 c29-302    ./betwcent /work  Done                     12/02/2009 05:34:07
00492 c29-302    ./betwcent /work  Done                     12/02/2009 05:34:07
00493 c20-302    ./betwcent /work  Done                     12/02/2009 05:34:07
00494 c20-302    ./betwcent /work  Done                     12/02/2009 05:34:07
00495 c20-302    ./betwcent /work  Done                     12/02/2009 05:34:07
00496 c20-302    ./betwcent /work  Done                     12/02/2009 05:34:07
00497 c14-309    ./betwcent /work  Done                     12/02/2009 05:34:07
00498 c14-309    ./betwcent /work  Done                     12/02/2009 05:34:07
00499 c14-309    ./betwcent /work  Done                     12/02/2009 05:34:07
00500 c14-309    ./betwcent /work  Done                     12/02/2009 05:34:07
00501 c37-402    ./betwcent /work  Done                     12/02/2009 05:34:07
00502 c37-402    ./betwcent /work  Done                     12/02/2009 05:34:07
00503 c37-402    ./betwcent /work  Done                     12/02/2009 05:34:07
00504 c37-402    ./betwcent /work  Done                     12/02/2009 05:34:07
00505 c14-110    ./betwcent /work  Done                     12/02/2009 05:34:07
00506 c14-110    ./betwcent /work  Done                     12/02/2009 05:34:07
00507 c14-110    ./betwcent /work  Done                     12/02/2009 05:34:07
00508 c14-110    ./betwcent /work  Done                     12/02/2009 05:34:07
00509 c39-202    ./betwcent /work  Done                     12/02/2009 05:34:07
00510 c39-202    ./betwcent /work  Done                     12/02/2009 05:34:07
00511 c39-202    ./betwcent /work  Done                     12/02/2009 05:34:07
00512 c39-202    ./betwcent /work  Done                     12/02/2009 05:34:07
00513 c36-309    ./betwcent /work  Done                     12/02/2009 05:34:07
00514 c36-309    ./betwcent /work  Done                     12/02/2009 05:34:07
00515 c36-309    ./betwcent /work  Done                     12/02/2009 05:34:07
00516 c36-309    ./betwcent /work  Done                     12/02/2009 05:34:07
00517 c39-201    ./betwcent /work  Done                     12/02/2009 05:34:07
00518 c39-201    ./betwcent /work  Done                     12/02/2009 05:34:07
00519 c39-201    ./betwcent /work  Done                     12/02/2009 05:34:07
00520 c39-201    ./betwcent /work  Done                     12/02/2009 05:34:07
00521 c28-303    ./betwcent /work  Done                     12/02/2009 05:34:07
00522 c28-303    ./betwcent /work  Done                     12/02/2009 05:34:07
00523 c28-303    ./betwcent /work  Done                     12/02/2009 05:34:07
00524 c28-303    ./betwcent /work  Done                     12/02/2009 05:34:07
00525 c31-407    ./betwcent /work  Done                     12/02/2009 05:34:07
00526 c31-407    ./betwcent /work  Done                     12/02/2009 05:34:07
00527 c31-407    ./betwcent /work  Done                     12/02/2009 05:34:07
00528 c31-407    ./betwcent /work  Done                     12/02/2009 05:34:07
00529 c20-305    ./betwcent /work  Done                     12/02/2009 05:34:07
00530 c20-305    ./betwcent /work  Done                     12/02/2009 05:34:07
00531 c20-305    ./betwcent /work  Done                     12/02/2009 05:34:07
00532 c20-305    ./betwcent /work  Done                     12/02/2009 05:34:07
00533 c27-403    ./betwcent /work  Done                     12/02/2009 05:34:07
00534 c27-403    ./betwcent /work  Done                     12/02/2009 05:34:07
00535 c27-403    ./betwcent /work  Done                     12/02/2009 05:34:07
00536 c27-403    ./betwcent /work  Done                     12/02/2009 05:34:07
00537 c30-210    ./betwcent /work  Done                     12/02/2009 05:34:07
00538 c30-210    ./betwcent /work  Done                     12/02/2009 05:34:07
00539 c30-210    ./betwcent /work  Done                     12/02/2009 05:34:07
00540 c30-210    ./betwcent /work  Done                     12/02/2009 05:34:07
00541 c36-404    ./betwcent /work  Done                     12/02/2009 05:34:07
00542 c36-404    ./betwcent /work  Done                     12/02/2009 05:34:07
00543 c36-404    ./betwcent /work  Done                     12/02/2009 05:34:07
00544 c36-404    ./betwcent /work  Done                     12/02/2009 05:34:07
00545 c34-308    ./betwcent /work  Done                     12/02/2009 05:34:07
00546 c34-308    ./betwcent /work  Done                     12/02/2009 05:34:07
00547 c34-308    ./betwcent /work  Done                     12/02/2009 05:34:07
00548 c34-308    ./betwcent /work  Done                     12/02/2009 05:34:07
00549 c29-301    ./betwcent /work  Done                     12/02/2009 05:34:07
00550 c29-301    ./betwcent /work  Done                     12/02/2009 05:34:07
00551 c29-301    ./betwcent /work  Done                     12/02/2009 05:34:07
00552 c29-301    ./betwcent /work  Done                     12/02/2009 05:34:07
00553 c42-102    ./betwcent /work  Done                     12/02/2009 05:34:07
00554 c42-102    ./betwcent /work  Done                     12/02/2009 05:34:07
00555 c42-102    ./betwcent /work  Done                     12/02/2009 05:34:07
00556 c42-102    ./betwcent /work  Done                     12/02/2009 05:34:07
00557 c17-101    ./betwcent /work  Done                     12/02/2009 05:34:07
00558 c17-101    ./betwcent /work  Done                     12/02/2009 05:34:07
00559 c17-101    ./betwcent /work  Done                     12/02/2009 05:34:07
00560 c17-101    ./betwcent /work  Done                     12/02/2009 05:34:07
00561 c32-203    ./betwcent /work  Done                     12/02/2009 05:34:07
00562 c32-203    ./betwcent /work  Done                     12/02/2009 05:34:07
00563 c32-203    ./betwcent /work  Done                     12/02/2009 05:34:07
00564 c32-203    ./betwcent /work  Done                     12/02/2009 05:34:07
00565 c14-301    ./betwcent /work  Done                     12/02/2009 05:34:07
00566 c14-301    ./betwcent /work  Done                     12/02/2009 05:34:07
00567 c14-301    ./betwcent /work  Done                     12/02/2009 05:34:07
00568 c14-301    ./betwcent /work  Done                     12/02/2009 05:34:07
00569 c29-205    ./betwcent /work  Done                     12/02/2009 05:34:07
00570 c29-205    ./betwcent /work  Done                     12/02/2009 05:34:07
00571 c29-205    ./betwcent /work  Done                     12/02/2009 05:34:07
00572 c29-205    ./betwcent /work  Done                     12/02/2009 05:34:07
00573 c31-403    ./betwcent /work  Done                     12/02/2009 05:34:07
00574 c31-403    ./betwcent /work  Done                     12/02/2009 05:34:07
00575 c31-403    ./betwcent /work  Done                     12/02/2009 05:34:07
00576 c31-403    ./betwcent /work  Done                     12/02/2009 05:34:07
00577 c24-409    ./betwcent /work  Done                     12/02/2009 05:34:07
00578 c24-409    ./betwcent /work  Done                     12/02/2009 05:34:07
00579 c24-409    ./betwcent /work  Done                     12/02/2009 05:34:07
00580 c24-409    ./betwcent /work  Done                     12/02/2009 05:34:07
00581 c24-102    ./betwcent /work  Done                     12/02/2009 05:34:07
00582 c24-102    ./betwcent /work  Done                     12/02/2009 05:34:07
00583 c24-102    ./betwcent /work  Done                     12/02/2009 05:34:07
00584 c24-102    ./betwcent /work  Done                     12/02/2009 05:34:07
00585 c15-206    ./betwcent /work  Done                     12/02/2009 05:34:07
00586 c15-206    ./betwcent /work  Done                     12/02/2009 05:34:07
00587 c15-206    ./betwcent /work  Done                     12/02/2009 05:34:07
00588 c15-206    ./betwcent /work  Done                     12/02/2009 05:34:07
00589 c37-409    ./betwcent /work  Done                     12/02/2009 05:34:07
00590 c37-409    ./betwcent /work  Done                     12/02/2009 05:34:07
00591 c37-409    ./betwcent /work  Done                     12/02/2009 05:34:07
00592 c37-409    ./betwcent /work  Done                     12/02/2009 05:34:07
00593 c35-104    ./betwcent /work  Done                     12/02/2009 05:34:07
00594 c35-104    ./betwcent /work  Done                     12/02/2009 05:34:07
00595 c35-104    ./betwcent /work  Done                     12/02/2009 05:34:07
00596 c35-104    ./betwcent /work  Done                     12/02/2009 05:34:07
00597 c15-108    ./betwcent /work  Done                     12/02/2009 05:34:07
00598 c15-108    ./betwcent /work  Done                     12/02/2009 05:34:07
00599 c15-108    ./betwcent /work  Done                     12/02/2009 05:34:07
00600 c15-108    ./betwcent /work  Done                     12/02/2009 05:34:07
00601 c20-401    ./betwcent /work  Done                     12/02/2009 05:34:07
00602 c20-401    ./betwcent /work  Done                     12/02/2009 05:34:07
00603 c20-401    ./betwcent /work  Done                     12/02/2009 05:34:07
00604 c20-401    ./betwcent /work  Done                     12/02/2009 05:34:07
00605 c22-302    ./betwcent /work  Done                     12/02/2009 05:34:07
00606 c22-302    ./betwcent /work  Done                     12/02/2009 05:34:07
00607 c22-302    ./betwcent /work  Done                     12/02/2009 05:34:07
00608 c22-302    ./betwcent /work  Done                     12/02/2009 05:34:07
00609 c14-209    ./betwcent /work  Done                     12/02/2009 05:34:07
00610 c14-209    ./betwcent /work  Done                     12/02/2009 05:34:07
00611 c14-209    ./betwcent /work  Done                     12/02/2009 05:34:07
00612 c14-209    ./betwcent /work  Done                     12/02/2009 05:34:07
00613 c26-404    ./betwcent /work  Done                     12/02/2009 05:34:07
00614 c26-404    ./betwcent /work  Done                     12/02/2009 05:34:07
00615 c26-404    ./betwcent /work  Done                     12/02/2009 05:34:07
00616 c26-404    ./betwcent /work  Done                     12/02/2009 05:34:07
00617 c17-203    ./betwcent /work  Done                     12/02/2009 05:34:07
00618 c17-203    ./betwcent /work  Done                     12/02/2009 05:34:07
00619 c17-203    ./betwcent /work  Done                     12/02/2009 05:34:07
00620 c17-203    ./betwcent /work  Done                     12/02/2009 05:34:07
00621 c43-410    ./betwcent /work  Done                     12/02/2009 05:34:07
00622 c43-410    ./betwcent /work  Done                     12/02/2009 05:34:07
00623 c43-410    ./betwcent /work  Done                     12/02/2009 05:34:07
00624 c43-410    ./betwcent /work  Done                     12/02/2009 05:34:07
00625 c25-401    ./betwcent /work  Done                     12/02/2009 05:34:07
00626 c25-401    ./betwcent /work  Done                     12/02/2009 05:34:07
00627 c25-401    ./betwcent /work  Done                     12/02/2009 05:34:07
00628 c25-401    ./betwcent /work  Done                     12/02/2009 05:34:07
00629 c44-101    ./betwcent /work  Done                     12/02/2009 05:34:07
00630 c44-101    ./betwcent /work  Done                     12/02/2009 05:34:07
00631 c44-101    ./betwcent /work  Done                     12/02/2009 05:34:07
00632 c44-101    ./betwcent /work  Done                     12/02/2009 05:34:07
00633 c42-408    ./betwcent /work  Done                     12/02/2009 05:34:07
00634 c42-408    ./betwcent /work  Done                     12/02/2009 05:34:07
00635 c42-408    ./betwcent /work  Done                     12/02/2009 05:34:07
00636 c42-408    ./betwcent /work  Done                     12/02/2009 05:34:07
00637 c40-406    ./betwcent /work  Done                     12/02/2009 05:34:07
00638 c40-406    ./betwcent /work  Done                     12/02/2009 05:34:07
00639 c40-406    ./betwcent /work  Done                     12/02/2009 05:34:07
00640 c40-406    ./betwcent /work  Done                     12/02/2009 05:34:07
00641 c38-403    ./betwcent /work  Done                     12/02/2009 05:34:07
00642 c38-403    ./betwcent /work  Done                     12/02/2009 05:34:07
00643 c38-403    ./betwcent /work  Done                     12/02/2009 05:34:07
00644 c38-403    ./betwcent /work  Done                     12/02/2009 05:34:07
00645 c44-305    ./betwcent /work  Done                     12/02/2009 05:34:07
00646 c44-305    ./betwcent /work  Done                     12/02/2009 05:34:07
00647 c44-305    ./betwcent /work  Done                     12/02/2009 05:34:07
00648 c44-305    ./betwcent /work  Done                     12/02/2009 05:34:07
00649 c30-407    ./betwcent /work  Done                     12/02/2009 05:34:07
00650 c30-407    ./betwcent /work  Done                     12/02/2009 05:34:07
00651 c30-407    ./betwcent /work  Done                     12/02/2009 05:34:07
00652 c30-407    ./betwcent /work  Done                     12/02/2009 05:34:07
00653 c28-305    ./betwcent /work  Done                     12/02/2009 05:34:07
00654 c28-305    ./betwcent /work  Done                     12/02/2009 05:34:07
00655 c28-305    ./betwcent /work  Done                     12/02/2009 05:34:07
00656 c28-305    ./betwcent /work  Done                     12/02/2009 05:34:07
00657 c10-101    ./betwcent /work  Done                     12/02/2009 05:34:07
00658 c10-101    ./betwcent /work  Done                     12/02/2009 05:34:07
00659 c10-101    ./betwcent /work  Done                     12/02/2009 05:34:07
00660 c10-101    ./betwcent /work  Done                     12/02/2009 05:34:07
00661 c13-110    ./betwcent /work  Done                     12/02/2009 05:34:07
00662 c13-110    ./betwcent /work  Done                     12/02/2009 05:34:07
00663 c13-110    ./betwcent /work  Done                     12/02/2009 05:34:07
00664 c13-110    ./betwcent /work  Done                     12/02/2009 05:34:07
00665 c34-108    ./betwcent /work  Done                     12/02/2009 05:34:07
00666 c34-108    ./betwcent /work  Done                     12/02/2009 05:34:07
00667 c34-108    ./betwcent /work  Done                     12/02/2009 05:34:07
00668 c34-108    ./betwcent /work  Done                     12/02/2009 05:34:07
00669 c22-110    ./betwcent /work  Done                     12/02/2009 05:34:07
00670 c22-110    ./betwcent /work  Done                     12/02/2009 05:34:07
00671 c22-110    ./betwcent /work  Done                     12/02/2009 05:34:07
00672 c22-110    ./betwcent /work  Done                     12/02/2009 05:34:07
00673 c15-309    ./betwcent /work  Done                     12/02/2009 05:34:07
00674 c15-309    ./betwcent /work  Done                     12/02/2009 05:34:07
00675 c15-309    ./betwcent /work  Done                     12/02/2009 05:34:07
00676 c15-309    ./betwcent /work  Done                     12/02/2009 05:34:07
00677 c31-204    ./betwcent /work  Done                     12/02/2009 05:34:07
00678 c31-204    ./betwcent /work  Done                     12/02/2009 05:34:07
00679 c31-204    ./betwcent /work  Done                     12/02/2009 05:34:07
00680 c31-204    ./betwcent /work  Done                     12/02/2009 05:34:07
00681 c35-106    ./betwcent /work  Done                     12/02/2009 05:34:07
00682 c35-106    ./betwcent /work  Done                     12/02/2009 05:34:07
00683 c35-106    ./betwcent /work  Done                     12/02/2009 05:34:07
00684 c35-106    ./betwcent /work  Done                     12/02/2009 05:34:07
00685 c38-103    ./betwcent /work  Done                     12/02/2009 05:34:07
00686 c38-103    ./betwcent /work  Done                     12/02/2009 05:34:07
00687 c38-103    ./betwcent /work  Done                     12/02/2009 05:34:07
00688 c38-103    ./betwcent /work  Done                     12/02/2009 05:34:07
00689 c40-307    ./betwcent /work  Done                     12/02/2009 05:34:07
00690 c40-307    ./betwcent /work  Done                     12/02/2009 05:34:07
00691 c40-307    ./betwcent /work  Done                     12/02/2009 05:34:07
00692 c40-307    ./betwcent /work  Done                     12/02/2009 05:34:07
00693 c28-401    ./betwcent /work  Done                     12/02/2009 05:34:07
00694 c28-401    ./betwcent /work  Done                     12/02/2009 05:34:07
00695 c28-401    ./betwcent /work  Done                     12/02/2009 05:34:07
00696 c28-401    ./betwcent /work  Done                     12/02/2009 05:34:07
00697 c38-209    ./betwcent /work  Done                     12/02/2009 05:34:07
00698 c38-209    ./betwcent /work  Done                     12/02/2009 05:34:07
00699 c38-209    ./betwcent /work  Done                     12/02/2009 05:34:07
00700 c38-209    ./betwcent /work  Done                     12/02/2009 05:34:07
00701 c20-303    ./betwcent /work  Done                     12/02/2009 05:34:07
00702 c20-303    ./betwcent /work  Done                     12/02/2009 05:34:07
00703 c20-303    ./betwcent /work  Done                     12/02/2009 05:34:07
00704 c20-303    ./betwcent /work  Done                     12/02/2009 05:34:07
00705 c36-104    ./betwcent /work  Done                     12/02/2009 05:34:07
00706 c36-104    ./betwcent /work  Done                     12/02/2009 05:34:07
00707 c36-104    ./betwcent /work  Done                     12/02/2009 05:34:07
00708 c36-104    ./betwcent /work  Done                     12/02/2009 05:34:07
00709 c27-409    ./betwcent /work  Done                     12/02/2009 05:34:07
00710 c27-409    ./betwcent /work  Done                     12/02/2009 05:34:07
00711 c27-409    ./betwcent /work  Done                     12/02/2009 05:34:07
00712 c27-409    ./betwcent /work  Done                     12/02/2009 05:34:07
00713 c41-110    ./betwcent /work  Done                     12/02/2009 05:34:07
00714 c41-110    ./betwcent /work  Done                     12/02/2009 05:34:07
00715 c41-110    ./betwcent /work  Done                     12/02/2009 05:34:07
00716 c41-110    ./betwcent /work  Done                     12/02/2009 05:34:07
00717 c29-102    ./betwcent /work  Done                     12/02/2009 05:34:07
00718 c29-102    ./betwcent /work  Done                     12/02/2009 05:34:07
00719 c29-102    ./betwcent /work  Done                     12/02/2009 05:34:07
00720 c29-102    ./betwcent /work  Done                     12/02/2009 05:34:07
00721 c21-208    ./betwcent /work  Done                     12/02/2009 05:34:07
00722 c21-208    ./betwcent /work  Done                     12/02/2009 05:34:07
00723 c21-208    ./betwcent /work  Done                     12/02/2009 05:34:07
00724 c21-208    ./betwcent /work  Done                     12/02/2009 05:34:07
00725 c36-408    ./betwcent /work  Done                     12/02/2009 05:34:07
00726 c36-408    ./betwcent /work  Done                     12/02/2009 05:34:07
00727 c36-408    ./betwcent /work  Done                     12/02/2009 05:34:07
00728 c36-408    ./betwcent /work  Done                     12/02/2009 05:34:07

------------------------------------------------------------
Sender: LSF System <lsfadmin@c36-408>
Subject: Job 317875: <betwcentp729> Done

Job <betwcentp729> was submitted from host <lslogin2> by user <tg459476>.
Job was executed on host(s) <4*c36-408>, in queue <hero>, as user <tg459476>.
                            <4*c21-208>
                            <4*c29-102>
                            <4*c41-110>
                            <4*c27-409>
                            <4*c36-104>
                            <4*c20-303>
                            <4*c38-209>
                            <4*c28-401>
                            <4*c40-307>
                            <4*c38-103>
                            <4*c35-106>
                            <4*c31-204>
                            <4*c15-309>
                            <4*c22-110>
                            <4*c34-108>
                            <4*c13-110>
                            <4*c10-101>
                            <4*c28-305>
                            <4*c30-407>
                            <4*c44-305>
                            <4*c38-403>
                            <4*c40-406>
                            <4*c42-408>
                            <4*c44-101>
                            <4*c25-401>
                            <4*c43-410>
                            <4*c17-203>
                            <4*c26-404>
                            <4*c14-209>
                            <4*c22-302>
                            <4*c20-401>
                            <4*c15-108>
                            <4*c35-104>
                            <4*c37-409>
                            <4*c15-206>
                            <4*c24-102>
                            <4*c24-409>
                            <4*c31-403>
                            <4*c29-205>
                            <4*c14-301>
                            <4*c32-203>
                            <4*c17-101>
                            <4*c42-102>
                            <4*c29-301>
                            <4*c34-308>
                            <4*c36-404>
                            <4*c30-210>
                            <4*c27-403>
                            <4*c20-305>
                            <4*c31-407>
                            <4*c28-303>
                            <4*c39-201>
                            <4*c36-309>
                            <4*c39-202>
                            <4*c14-110>
                            <4*c37-402>
                            <4*c14-309>
                            <4*c20-302>
                            <4*c29-302>
                            <4*c14-206>
                            <4*c42-203>
                            <4*c33-205>
                            <4*c35-401>
                            <4*c25-104>
                            <4*c15-208>
                            <4*c43-209>
                            <4*c35-103>
                            <4*c42-406>
                            <4*c21-205>
                            <4*c24-201>
                            <4*c38-309>
                            <4*c10-207>
                            <4*c38-302>
                            <4*c19-207>
                            <4*c24-205>
                            <4*c14-105>
                            <4*c40-210>
                            <4*c11-110>
                            <4*c41-108>
                            <4*c28-104>
                            <4*c35-308>
                            <4*c13-201>
                            <4*c32-208>
                            <4*c37-403>
                            <4*c39-403>
                            <4*c29-307>
                            <4*c30-110>
                            <4*c14-306>
                            <4*c23-109>
                            <4*c41-401>
                            <4*c36-304>
                            <4*c42-306>
                            <4*c36-305>
                            <4*c19-203>
                            <4*c16-306>
                            <4*c25-305>
                            <4*c25-307>
                            <4*c38-410>
                            <4*c23-103>
                            <4*c16-301>
                            <4*c26-306>
                            <4*c31-410>
                            <4*c37-108>
                            <4*c32-201>
                            <4*c34-304>
                            <4*c20-106>
                            <4*c19-209>
                            <4*c38-305>
                            <4*c36-108>
                            <4*c25-207>
                            <4*c41-408>
                            <4*c39-409>
                            <4*c37-302>
                            <4*c31-206>
                            <4*c36-410>
                            <4*c27-110>
                            <4*c33-307>
                            <4*c35-107>
                            <4*c32-409>
                            <4*c37-204>
                            <4*c11-210>
                            <4*c20-102>
                            <4*c31-210>
                            <4*c35-102>
                            <4*c27-302>
                            <4*c32-308>
                            <4*c18-204>
                            <4*c41-101>
                            <4*c17-103>
                            <4*c22-108>
                            <4*c41-105>
                            <4*c33-104>
                            <4*c28-107>
                            <4*c37-301>
                            <4*c18-205>
                            <4*c28-302>
                            <4*c44-406>
                            <4*c13-305>
                            <4*c35-110>
                            <4*c35-305>
                            <4*c31-101>
                            <4*c28-306>
                            <4*c27-406>
                            <4*c30-301>
                            <4*c20-108>
                            <4*c22-210>
                            <4*c14-103>
                            <4*c44-203>
                            <4*c22-205>
                            <4*c31-201>
                            <4*c33-303>
                            <4*c45-307>
                            <4*c14-203>
                            <4*c26-305>
                            <4*c24-403>
                            <4*c17-210>
                            <4*c43-201>
                            <4*c34-310>
                            <4*c16-305>
                            <4*c14-106>
                            <4*c43-405>
                            <4*c23-106>
                            <4*c34-402>
                            <4*c38-406>
                            <4*c25-203>
                            <4*c31-104>
                            <4*c10-103>
                            <4*c40-308>
                            <4*c42-105>
                            <4*c43-202>
                            <4*c45-304>
                            <4*c35-407>
                            <4*c24-203>
                            <4*c21-307>
                            <4*c13-102>
                            <4*c30-109>
                            <4*c30-204>
                            <4*c23-206>
                            <4*c21-309>
                            <4*c22-204>
                            <4*c21-304>
                            <1*c19-105>
</home/teragrid/tg459476> was used as the home directory.
</home/teragrid/tg459476/Release_PSpGEMM/PSpGEMM-R1/Applications> was used as the working directory.
Started at Wed Dec  2 05:25:20 2009
Results reported at Wed Dec  2 05:34:13 2009

Your job looked like:

------------------------------------------------------------
# LSBATCH: User input
#!/bin/tcsh 			  
				  # first line specifies shell
#BSUB -J betwcentp729 		  #name the job "jobname"
#BSUB -o out.o%J   		  #output->   out.o&ltjobID>
#BSUB -e err.o%J   		  #error -> error.o&ltjobID>
#BSUB -n 729 -W 0:30               #1 CPU cores and 0hr+15min
#BSUB -q hero                   #Use development queue.
#BSUB -R 'span[ptile=4]'	  # 4 MPI task per node
set echo                          #Echo all commands.
cd $LS_SUBCWD                     #cd to directory of submission
ibrun ./betwcent $WORK/SCALE22BTW-TRANSBOOL 12 512  # 16 processors on the row, each has batch=512/8=32; 2^12 = 4096 starting vertices overall

------------------------------------------------------------

Successfully completed.

Resource usage summary:

    CPU time   : 336661.91 sec.

The output (if any) is above this job summary.



PS:

Read file <err.o317875> for stderr output of this job.

