*** Batchsize is not evenly divisible by the grid dimension ***
*** Processing 2016 vertices instead
Batch processing will occur 16 times, each processing 126 vertices (overall)
Candidates chosen, precomputation finished
Exploring via BFS...
Tallying...
Adding bc contributions...
Exploring via BFS...
Tallying...
Adding bc contributions...
Exploring via BFS...
Tallying...
Adding bc contributions...
Exploring via BFS...
Tallying...
Adding bc contributions...
Exploring via BFS...
Tallying...
Adding bc contributions...
Exploring via BFS...
Tallying...
Adding bc contributions...
Exploring via BFS...
Tallying...
Adding bc contributions...
Exploring via BFS...
Tallying...
Adding bc contributions...
Exploring via BFS...
Tallying...
Adding bc contributions...
Exploring via BFS...
Tallying...
Adding bc contributions...
Exploring via BFS...
Tallying...
Adding bc contributions...
Exploring via BFS...
Tallying...
Adding bc contributions...
Exploring via BFS...
Tallying...
Adding bc contributions...
Exploring via BFS...
Tallying...
Adding bc contributions...
Exploring via BFS...
Tallying...
Adding bc contributions...
Exploring via BFS...
Tallying...
Adding bc contributions...
Computation finished
1624.143509 seconds elapsed for 2016 starting vertices
TEPS score is: 40733302.172511
Job  mvapich_wrapper /opt/lsf/bin/TaskStarter -p c16-104:56501 -c /opt/lsf/conf -a X86_64 ./betwcent /work/teragrid/tg459476/SCALE22BTW-TRANSBOOL 11 128

TID   HOST_NAME   COMMAND_LINE            STATUS            TERMINATION_TIME
===== ========== ================  =======================  ===================
00000 c27-303    ./betwcent /work  Done                     12/14/2009 21:19:16
00001 c29-310    ./betwcent /work  Done                     12/14/2009 21:19:16
00002 c29-310    ./betwcent /work  Done                     12/14/2009 21:19:16
00003 c29-310    ./betwcent /work  Done                     12/14/2009 21:19:16
00004 c29-310    ./betwcent /work  Done                     12/14/2009 21:19:16
00005 c42-210    ./betwcent /work  Done                     12/14/2009 21:19:16
00006 c42-210    ./betwcent /work  Done                     12/14/2009 21:19:16
00007 c42-210    ./betwcent /work  Done                     12/14/2009 21:19:16
00008 c42-210    ./betwcent /work  Done                     12/14/2009 21:19:16
00009 c26-302    ./betwcent /work  Done                     12/14/2009 21:19:16
00010 c26-302    ./betwcent /work  Done                     12/14/2009 21:19:16
00011 c26-302    ./betwcent /work  Done                     12/14/2009 21:19:16
00012 c26-302    ./betwcent /work  Done                     12/14/2009 21:19:16
00013 c43-301    ./betwcent /work  Done                     12/14/2009 21:19:16
00014 c43-301    ./betwcent /work  Done                     12/14/2009 21:19:16
00015 c43-301    ./betwcent /work  Done                     12/14/2009 21:19:16
00016 c43-301    ./betwcent /work  Done                     12/14/2009 21:19:16
00017 c11-106    ./betwcent /work  Done                     12/14/2009 21:19:16
00018 c11-106    ./betwcent /work  Done                     12/14/2009 21:19:16
00019 c11-106    ./betwcent /work  Done                     12/14/2009 21:19:16
00020 c11-106    ./betwcent /work  Done                     12/14/2009 21:19:16
00021 c14-107    ./betwcent /work  Done                     12/14/2009 21:19:16
00022 c14-107    ./betwcent /work  Done                     12/14/2009 21:19:16
00023 c14-107    ./betwcent /work  Done                     12/14/2009 21:19:16
00024 c14-107    ./betwcent /work  Done                     12/14/2009 21:19:16
00025 c17-210    ./betwcent /work  Done                     12/14/2009 21:19:16
00026 c17-210    ./betwcent /work  Done                     12/14/2009 21:19:16
00027 c17-210    ./betwcent /work  Done                     12/14/2009 21:19:16
00028 c17-210    ./betwcent /work  Done                     12/14/2009 21:19:16
00029 c13-202    ./betwcent /work  Done                     12/14/2009 21:19:16
00030 c13-202    ./betwcent /work  Done                     12/14/2009 21:19:16
00031 c13-202    ./betwcent /work  Done                     12/14/2009 21:19:16
00032 c13-202    ./betwcent /work  Done                     12/14/2009 21:19:16
00033 c43-102    ./betwcent /work  Done                     12/14/2009 21:19:16
00034 c43-102    ./betwcent /work  Done                     12/14/2009 21:19:16
00035 c43-102    ./betwcent /work  Done                     12/14/2009 21:19:16
00036 c43-102    ./betwcent /work  Done                     12/14/2009 21:19:16
00037 c14-207    ./betwcent /work  Done                     12/14/2009 21:19:16
00038 c14-207    ./betwcent /work  Done                     12/14/2009 21:19:16
00039 c14-207    ./betwcent /work  Done                     12/14/2009 21:19:16
00040 c14-207    ./betwcent /work  Done                     12/14/2009 21:19:16
00041 c22-204    ./betwcent /work  Done                     12/14/2009 21:19:16
00042 c22-204    ./betwcent /work  Done                     12/14/2009 21:19:16
00043 c22-204    ./betwcent /work  Done                     12/14/2009 21:19:16
00044 c22-204    ./betwcent /work  Done                     12/14/2009 21:19:16
00045 c12-107    ./betwcent /work  Done                     12/14/2009 21:19:16
00046 c12-107    ./betwcent /work  Done                     12/14/2009 21:19:16
00047 c12-107    ./betwcent /work  Done                     12/14/2009 21:19:16
00048 c12-107    ./betwcent /work  Done                     12/14/2009 21:19:16
00049 c40-110    ./betwcent /work  Done                     12/14/2009 21:19:16
00050 c40-110    ./betwcent /work  Done                     12/14/2009 21:19:16
00051 c40-110    ./betwcent /work  Done                     12/14/2009 21:19:16
00052 c40-110    ./betwcent /work  Done                     12/14/2009 21:19:16
00053 c39-209    ./betwcent /work  Done                     12/14/2009 21:19:16
00054 c39-209    ./betwcent /work  Done                     12/14/2009 21:19:16
00055 c39-209    ./betwcent /work  Done                     12/14/2009 21:19:16
00056 c39-209    ./betwcent /work  Done                     12/14/2009 21:19:16
00057 c30-306    ./betwcent /work  Done                     12/14/2009 21:19:16
00058 c30-306    ./betwcent /work  Done                     12/14/2009 21:19:16
00059 c30-306    ./betwcent /work  Done                     12/14/2009 21:19:16
00060 c30-306    ./betwcent /work  Done                     12/14/2009 21:19:16
00061 c30-409    ./betwcent /work  Done                     12/14/2009 21:19:16
00062 c30-409    ./betwcent /work  Done                     12/14/2009 21:19:16
00063 c30-409    ./betwcent /work  Done                     12/14/2009 21:19:16
00064 c30-409    ./betwcent /work  Done                     12/14/2009 21:19:16
00065 c32-210    ./betwcent /work  Done                     12/14/2009 21:19:16
00066 c32-210    ./betwcent /work  Done                     12/14/2009 21:19:16
00067 c32-210    ./betwcent /work  Done                     12/14/2009 21:19:16
00068 c32-210    ./betwcent /work  Done                     12/14/2009 21:19:16
00069 c12-205    ./betwcent /work  Done                     12/14/2009 21:19:16
00070 c12-205    ./betwcent /work  Done                     12/14/2009 21:19:16
00071 c12-205    ./betwcent /work  Done                     12/14/2009 21:19:16
00072 c12-205    ./betwcent /work  Done                     12/14/2009 21:19:16
00073 c40-203    ./betwcent /work  Done                     12/14/2009 21:19:16
00074 c40-203    ./betwcent /work  Done                     12/14/2009 21:19:16
00075 c40-203    ./betwcent /work  Done                     12/14/2009 21:19:16
00076 c40-203    ./betwcent /work  Done                     12/14/2009 21:19:16
00077 c16-104    ./betwcent /work  Done                     12/14/2009 21:19:16
00078 c16-104    ./betwcent /work  Done                     12/14/2009 21:19:16
00079 c16-104    ./betwcent /work  Done                     12/14/2009 21:19:16
00080 c16-104    ./betwcent /work  Done                     12/14/2009 21:19:16

------------------------------------------------------------
Sender: LSF System <lsfadmin@c16-104>
Subject: Job 340251: <betwcentp81> Done

Job <betwcentp81> was submitted from host <lslogin1> by user <tg459476>.
Job was executed on host(s) <4*c16-104>, in queue <normal>, as user <tg459476>.
                            <4*c40-203>
                            <4*c12-205>
                            <4*c32-210>
                            <4*c30-409>
                            <4*c30-306>
                            <4*c39-209>
                            <4*c40-110>
                            <4*c12-107>
                            <4*c22-204>
                            <4*c14-207>
                            <4*c43-102>
                            <4*c13-202>
                            <4*c17-210>
                            <4*c14-107>
                            <4*c11-106>
                            <4*c43-301>
                            <4*c26-302>
                            <4*c42-210>
                            <4*c29-310>
                            <1*c27-303>
</home/teragrid/tg459476> was used as the home directory.
</home/teragrid/tg459476/Release_PSpGEMM/PSpGEMM-R1/Applications> was used as the working directory.
Started at Mon Dec 14 20:51:03 2009
Results reported at Mon Dec 14 21:19:19 2009

Your job looked like:

------------------------------------------------------------
# LSBATCH: User input
#!/bin/tcsh 			  
				  # first line specifies shell
#BSUB -J betwcentp81 		  #name the job "jobname"
#BSUB -o out.o%J   		  #output->   out.o&ltjobID>
#BSUB -e err.o%J   		  #error -> error.o&ltjobID>
#BSUB -n 81 -W 1:30               #1 CPU cores and 0hr+15min
#BSUB -q normal                   #Use development queue.
#BSUB -R 'span[ptile=4]'	  # 4 MPI task per node
set echo                          #Echo all commands.
cd $LS_SUBCWD                     #cd to directory of submission
ibrun ./betwcent $WORK/SCALE22BTW-TRANSBOOL 11 128  # 8 processors on the row, each has batch=256/8=32; 2^12 = 4096 starting vertices overall

------------------------------------------------------------

Successfully completed.

Resource usage summary:

    CPU time   : 134180.27 sec.

The output (if any) is above this job summary.



PS:

Read file <err.o340251> for stderr output of this job.

