*** Batchsize is not evenly divisible by the grid dimension ***
*** Processing 3840 vertices instead
Batch processing will occur 16 times, each processing 240 vertices (overall)
Candidates chosen, precomputation finished
Exploring via BFS...
Tallying...
Adding bc contributions...
Exploring via BFS...
Tallying...
Adding bc contributions...
Exploring via BFS...
Tallying...
Adding bc contributions...
Exploring via BFS...
Tallying...
Adding bc contributions...
Exploring via BFS...
Tallying...
Adding bc contributions...
Exploring via BFS...
Tallying...
Adding bc contributions...
Exploring via BFS...
Tallying...
Adding bc contributions...
Exploring via BFS...
Tallying...
Adding bc contributions...
Exploring via BFS...
Tallying...
Adding bc contributions...
Exploring via BFS...
Tallying...
Adding bc contributions...
Exploring via BFS...
Tallying...
Adding bc contributions...
Exploring via BFS...
Tallying...
Adding bc contributions...
Exploring via BFS...
Tallying...
Adding bc contributions...
Exploring via BFS...
Tallying...
Adding bc contributions...
Exploring via BFS...
Tallying...
Adding bc contributions...
Exploring via BFS...
Tallying...
Adding bc contributions...
Computation finished
442.483251 seconds elapsed for 3840 starting vertices
TEPS score is: 284785508.070893
Job  mvapich_wrapper /opt/lsf/bin/TaskStarter -p c26-102:41523 -c /opt/lsf/conf -a X86_64 ./betwcent /work/teragrid/tg459476/SCALE22BTW-TRANSBOOL 12 256

TID   HOST_NAME   COMMAND_LINE            STATUS            TERMINATION_TIME
===== ========== ================  =======================  ===================
00000 c34-309    ./betwcent /work  Done                     12/15/2009 22:23:17
00001 c34-309    ./betwcent /work  Done                     12/15/2009 22:23:17
00002 c34-309    ./betwcent /work  Done                     12/15/2009 22:23:17
00003 c34-309    ./betwcent /work  Done                     12/15/2009 22:23:17
00004 c41-201    ./betwcent /work  Done                     12/15/2009 22:23:17
00005 c41-201    ./betwcent /work  Done                     12/15/2009 22:23:17
00006 c41-201    ./betwcent /work  Done                     12/15/2009 22:23:17
00007 c41-201    ./betwcent /work  Done                     12/15/2009 22:23:17
00008 c16-105    ./betwcent /work  Done                     12/15/2009 22:23:17
00009 c16-105    ./betwcent /work  Done                     12/15/2009 22:23:17
00010 c16-105    ./betwcent /work  Done                     12/15/2009 22:23:17
00011 c16-105    ./betwcent /work  Done                     12/15/2009 22:23:17
00012 c17-101    ./betwcent /work  Done                     12/15/2009 22:23:17
00013 c17-101    ./betwcent /work  Done                     12/15/2009 22:23:17
00014 c17-101    ./betwcent /work  Done                     12/15/2009 22:23:17
00015 c17-101    ./betwcent /work  Done                     12/15/2009 22:23:17
00016 c35-203    ./betwcent /work  Done                     12/15/2009 22:23:17
00017 c35-203    ./betwcent /work  Done                     12/15/2009 22:23:17
00018 c35-203    ./betwcent /work  Done                     12/15/2009 22:23:17
00019 c35-203    ./betwcent /work  Done                     12/15/2009 22:23:17
00020 c13-104    ./betwcent /work  Done                     12/15/2009 22:23:17
00021 c13-104    ./betwcent /work  Done                     12/15/2009 22:23:17
00022 c13-104    ./betwcent /work  Done                     12/15/2009 22:23:17
00023 c13-104    ./betwcent /work  Done                     12/15/2009 22:23:17
00024 c44-208    ./betwcent /work  Done                     12/15/2009 22:23:17
00025 c44-208    ./betwcent /work  Done                     12/15/2009 22:23:17
00026 c44-208    ./betwcent /work  Done                     12/15/2009 22:23:17
00027 c44-208    ./betwcent /work  Done                     12/15/2009 22:23:17
00028 c20-303    ./betwcent /work  Done                     12/15/2009 22:23:17
00029 c20-303    ./betwcent /work  Done                     12/15/2009 22:23:17
00030 c20-303    ./betwcent /work  Done                     12/15/2009 22:23:17
00031 c20-303    ./betwcent /work  Done                     12/15/2009 22:23:17
00032 c35-304    ./betwcent /work  Done                     12/15/2009 22:23:17
00033 c35-304    ./betwcent /work  Done                     12/15/2009 22:23:17
00034 c35-304    ./betwcent /work  Done                     12/15/2009 22:23:17
00035 c35-304    ./betwcent /work  Done                     12/15/2009 22:23:17
00036 c30-206    ./betwcent /work  Done                     12/15/2009 22:23:17
00037 c30-206    ./betwcent /work  Done                     12/15/2009 22:23:17
00038 c30-206    ./betwcent /work  Done                     12/15/2009 22:23:17
00039 c30-206    ./betwcent /work  Done                     12/15/2009 22:23:17
00040 c35-204    ./betwcent /work  Done                     12/15/2009 22:23:17
00041 c35-204    ./betwcent /work  Done                     12/15/2009 22:23:17
00042 c35-204    ./betwcent /work  Done                     12/15/2009 22:23:17
00043 c35-204    ./betwcent /work  Done                     12/15/2009 22:23:17
00044 c30-208    ./betwcent /work  Done                     12/15/2009 22:23:17
00045 c30-208    ./betwcent /work  Done                     12/15/2009 22:23:17
00046 c30-208    ./betwcent /work  Done                     12/15/2009 22:23:17
00047 c30-208    ./betwcent /work  Done                     12/15/2009 22:23:17
00048 c36-301    ./betwcent /work  Done                     12/15/2009 22:23:17
00049 c36-301    ./betwcent /work  Done                     12/15/2009 22:23:17
00050 c36-301    ./betwcent /work  Done                     12/15/2009 22:23:17
00051 c36-301    ./betwcent /work  Done                     12/15/2009 22:23:17
00052 c23-209    ./betwcent /work  Done                     12/15/2009 22:23:17
00053 c23-209    ./betwcent /work  Done                     12/15/2009 22:23:17
00054 c23-209    ./betwcent /work  Done                     12/15/2009 22:23:17
00055 c23-209    ./betwcent /work  Done                     12/15/2009 22:23:17
00056 c41-409    ./betwcent /work  Done                     12/15/2009 22:23:17
00057 c41-409    ./betwcent /work  Done                     12/15/2009 22:23:17
00058 c41-409    ./betwcent /work  Done                     12/15/2009 22:23:17
00059 c41-409    ./betwcent /work  Done                     12/15/2009 22:23:17
00060 c21-102    ./betwcent /work  Done                     12/15/2009 22:23:17
00061 c21-102    ./betwcent /work  Done                     12/15/2009 22:23:17
00062 c21-102    ./betwcent /work  Done                     12/15/2009 22:23:17
00063 c21-102    ./betwcent /work  Done                     12/15/2009 22:23:17
00064 c24-103    ./betwcent /work  Done                     12/15/2009 22:23:17
00065 c24-103    ./betwcent /work  Done                     12/15/2009 22:23:17
00066 c24-103    ./betwcent /work  Done                     12/15/2009 22:23:17
00067 c24-103    ./betwcent /work  Done                     12/15/2009 22:23:17
00068 c22-209    ./betwcent /work  Done                     12/15/2009 22:23:17
00069 c22-209    ./betwcent /work  Done                     12/15/2009 22:23:17
00070 c22-209    ./betwcent /work  Done                     12/15/2009 22:23:17
00071 c22-209    ./betwcent /work  Done                     12/15/2009 22:23:17
00072 c28-309    ./betwcent /work  Done                     12/15/2009 22:23:17
00073 c28-309    ./betwcent /work  Done                     12/15/2009 22:23:17
00074 c28-309    ./betwcent /work  Done                     12/15/2009 22:23:17
00075 c28-309    ./betwcent /work  Done                     12/15/2009 22:23:17
00076 c35-108    ./betwcent /work  Done                     12/15/2009 22:23:17
00077 c35-108    ./betwcent /work  Done                     12/15/2009 22:23:17
00078 c35-108    ./betwcent /work  Done                     12/15/2009 22:23:17
00079 c35-108    ./betwcent /work  Done                     12/15/2009 22:23:17
00080 c42-403    ./betwcent /work  Done                     12/15/2009 22:23:17
00081 c42-403    ./betwcent /work  Done                     12/15/2009 22:23:17
00082 c42-403    ./betwcent /work  Done                     12/15/2009 22:23:17
00083 c42-403    ./betwcent /work  Done                     12/15/2009 22:23:17
00084 c32-303    ./betwcent /work  Done                     12/15/2009 22:23:17
00085 c32-303    ./betwcent /work  Done                     12/15/2009 22:23:17
00086 c32-303    ./betwcent /work  Done                     12/15/2009 22:23:17
00087 c32-303    ./betwcent /work  Done                     12/15/2009 22:23:17
00088 c33-307    ./betwcent /work  Done                     12/15/2009 22:23:17
00089 c33-307    ./betwcent /work  Done                     12/15/2009 22:23:17
00090 c33-307    ./betwcent /work  Done                     12/15/2009 22:23:17
00091 c33-307    ./betwcent /work  Done                     12/15/2009 22:23:17
00092 c38-301    ./betwcent /work  Done                     12/15/2009 22:23:17
00093 c38-301    ./betwcent /work  Done                     12/15/2009 22:23:17
00094 c38-301    ./betwcent /work  Done                     12/15/2009 22:23:17
00095 c38-301    ./betwcent /work  Done                     12/15/2009 22:23:17
00096 c27-407    ./betwcent /work  Done                     12/15/2009 22:23:17
00097 c27-407    ./betwcent /work  Done                     12/15/2009 22:23:17
00098 c27-407    ./betwcent /work  Done                     12/15/2009 22:23:17
00099 c27-407    ./betwcent /work  Done                     12/15/2009 22:23:17
00100 c25-209    ./betwcent /work  Done                     12/15/2009 22:23:17
00101 c25-209    ./betwcent /work  Done                     12/15/2009 22:23:17
00102 c25-209    ./betwcent /work  Done                     12/15/2009 22:23:17
00103 c25-209    ./betwcent /work  Done                     12/15/2009 22:23:17
00104 c23-408    ./betwcent /work  Done                     12/15/2009 22:23:17
00105 c23-408    ./betwcent /work  Done                     12/15/2009 22:23:17
00106 c23-408    ./betwcent /work  Done                     12/15/2009 22:23:17
00107 c23-408    ./betwcent /work  Done                     12/15/2009 22:23:17
00108 c29-309    ./betwcent /work  Done                     12/15/2009 22:23:17
00109 c29-309    ./betwcent /work  Done                     12/15/2009 22:23:17
00110 c29-309    ./betwcent /work  Done                     12/15/2009 22:23:17
00111 c29-309    ./betwcent /work  Done                     12/15/2009 22:23:17
00112 c38-204    ./betwcent /work  Done                     12/15/2009 22:23:17
00113 c38-204    ./betwcent /work  Done                     12/15/2009 22:23:17
00114 c38-204    ./betwcent /work  Done                     12/15/2009 22:23:17
00115 c38-204    ./betwcent /work  Done                     12/15/2009 22:23:17
00116 c25-208    ./betwcent /work  Done                     12/15/2009 22:23:17
00117 c25-208    ./betwcent /work  Done                     12/15/2009 22:23:17
00118 c25-208    ./betwcent /work  Done                     12/15/2009 22:23:17
00119 c25-208    ./betwcent /work  Done                     12/15/2009 22:23:17
00120 c37-307    ./betwcent /work  Done                     12/15/2009 22:23:17
00121 c37-307    ./betwcent /work  Done                     12/15/2009 22:23:17
00122 c37-307    ./betwcent /work  Done                     12/15/2009 22:23:17
00123 c37-307    ./betwcent /work  Done                     12/15/2009 22:23:17
00124 c24-403    ./betwcent /work  Done                     12/15/2009 22:23:17
00125 c24-403    ./betwcent /work  Done                     12/15/2009 22:23:17
00126 c24-403    ./betwcent /work  Done                     12/15/2009 22:23:17
00127 c24-403    ./betwcent /work  Done                     12/15/2009 22:23:17
00128 c20-301    ./betwcent /work  Done                     12/15/2009 22:23:17
00129 c20-301    ./betwcent /work  Done                     12/15/2009 22:23:17
00130 c20-301    ./betwcent /work  Done                     12/15/2009 22:23:17
00131 c20-301    ./betwcent /work  Done                     12/15/2009 22:23:17
00132 c25-207    ./betwcent /work  Done                     12/15/2009 22:23:17
00133 c25-207    ./betwcent /work  Done                     12/15/2009 22:23:17
00134 c25-207    ./betwcent /work  Done                     12/15/2009 22:23:17
00135 c25-207    ./betwcent /work  Done                     12/15/2009 22:23:17
00136 c43-310    ./betwcent /work  Done                     12/15/2009 22:23:17
00137 c43-310    ./betwcent /work  Done                     12/15/2009 22:23:17
00138 c43-310    ./betwcent /work  Done                     12/15/2009 22:23:17
00139 c43-310    ./betwcent /work  Done                     12/15/2009 22:23:17
00140 c39-102    ./betwcent /work  Done                     12/15/2009 22:23:17
00141 c39-102    ./betwcent /work  Done                     12/15/2009 22:23:17
00142 c39-102    ./betwcent /work  Done                     12/15/2009 22:23:17
00143 c39-102    ./betwcent /work  Done                     12/15/2009 22:23:17
00144 c39-401    ./betwcent /work  Done                     12/15/2009 22:23:17
00145 c39-401    ./betwcent /work  Done                     12/15/2009 22:23:17
00146 c39-401    ./betwcent /work  Done                     12/15/2009 22:23:17
00147 c39-401    ./betwcent /work  Done                     12/15/2009 22:23:17
00148 c30-203    ./betwcent /work  Done                     12/15/2009 22:23:17
00149 c30-203    ./betwcent /work  Done                     12/15/2009 22:23:17
00150 c30-203    ./betwcent /work  Done                     12/15/2009 22:23:17
00151 c30-203    ./betwcent /work  Done                     12/15/2009 22:23:17
00152 c20-209    ./betwcent /work  Done                     12/15/2009 22:23:17
00153 c20-209    ./betwcent /work  Done                     12/15/2009 22:23:17
00154 c20-209    ./betwcent /work  Done                     12/15/2009 22:23:17
00155 c20-209    ./betwcent /work  Done                     12/15/2009 22:23:17
00156 c31-207    ./betwcent /work  Done                     12/15/2009 22:23:17
00157 c31-207    ./betwcent /work  Done                     12/15/2009 22:23:17
00158 c31-207    ./betwcent /work  Done                     12/15/2009 22:23:17
00159 c31-207    ./betwcent /work  Done                     12/15/2009 22:23:17
00160 c26-202    ./betwcent /work  Done                     12/15/2009 22:23:17
00161 c26-202    ./betwcent /work  Done                     12/15/2009 22:23:17
00162 c26-202    ./betwcent /work  Done                     12/15/2009 22:23:17
00163 c26-202    ./betwcent /work  Done                     12/15/2009 22:23:17
00164 c36-110    ./betwcent /work  Done                     12/15/2009 22:23:17
00165 c36-110    ./betwcent /work  Done                     12/15/2009 22:23:17
00166 c36-110    ./betwcent /work  Done                     12/15/2009 22:23:17
00167 c36-110    ./betwcent /work  Done                     12/15/2009 22:23:17
00168 c44-106    ./betwcent /work  Done                     12/15/2009 22:23:17
00169 c44-106    ./betwcent /work  Done                     12/15/2009 22:23:17
00170 c44-106    ./betwcent /work  Done                     12/15/2009 22:23:17
00171 c44-106    ./betwcent /work  Done                     12/15/2009 22:23:17
00172 c42-101    ./betwcent /work  Done                     12/15/2009 22:23:17
00173 c42-101    ./betwcent /work  Done                     12/15/2009 22:23:17
00174 c42-101    ./betwcent /work  Done                     12/15/2009 22:23:17
00175 c42-101    ./betwcent /work  Done                     12/15/2009 22:23:17
00176 c43-203    ./betwcent /work  Done                     12/15/2009 22:23:17
00177 c43-203    ./betwcent /work  Done                     12/15/2009 22:23:17
00178 c43-203    ./betwcent /work  Done                     12/15/2009 22:23:17
00179 c43-203    ./betwcent /work  Done                     12/15/2009 22:23:17
00180 c18-207    ./betwcent /work  Done                     12/15/2009 22:23:17
00181 c18-207    ./betwcent /work  Done                     12/15/2009 22:23:17
00182 c18-207    ./betwcent /work  Done                     12/15/2009 22:23:17
00183 c18-207    ./betwcent /work  Done                     12/15/2009 22:23:17
00184 c13-306    ./betwcent /work  Done                     12/15/2009 22:23:17
00185 c13-306    ./betwcent /work  Done                     12/15/2009 22:23:17
00186 c13-306    ./betwcent /work  Done                     12/15/2009 22:23:17
00187 c13-306    ./betwcent /work  Done                     12/15/2009 22:23:17
00188 c13-103    ./betwcent /work  Done                     12/15/2009 22:23:17
00189 c13-103    ./betwcent /work  Done                     12/15/2009 22:23:17
00190 c13-103    ./betwcent /work  Done                     12/15/2009 22:23:17
00191 c13-103    ./betwcent /work  Done                     12/15/2009 22:23:17
00192 c33-408    ./betwcent /work  Done                     12/15/2009 22:23:17
00193 c33-408    ./betwcent /work  Done                     12/15/2009 22:23:17
00194 c33-408    ./betwcent /work  Done                     12/15/2009 22:23:17
00195 c33-408    ./betwcent /work  Done                     12/15/2009 22:23:17
00196 c20-210    ./betwcent /work  Done                     12/15/2009 22:23:17
00197 c20-210    ./betwcent /work  Done                     12/15/2009 22:23:17
00198 c20-210    ./betwcent /work  Done                     12/15/2009 22:23:17
00199 c20-210    ./betwcent /work  Done                     12/15/2009 22:23:17
00200 c32-403    ./betwcent /work  Done                     12/15/2009 22:23:17
00201 c32-403    ./betwcent /work  Done                     12/15/2009 22:23:17
00202 c32-403    ./betwcent /work  Done                     12/15/2009 22:23:17
00203 c32-403    ./betwcent /work  Done                     12/15/2009 22:23:17
00204 c26-103    ./betwcent /work  Done                     12/15/2009 22:23:17
00205 c26-103    ./betwcent /work  Done                     12/15/2009 22:23:17
00206 c26-103    ./betwcent /work  Done                     12/15/2009 22:23:17
00207 c26-103    ./betwcent /work  Done                     12/15/2009 22:23:17
00208 c31-209    ./betwcent /work  Done                     12/15/2009 22:23:17
00209 c31-209    ./betwcent /work  Done                     12/15/2009 22:23:17
00210 c31-209    ./betwcent /work  Done                     12/15/2009 22:23:17
00211 c31-209    ./betwcent /work  Done                     12/15/2009 22:23:17
00212 c32-106    ./betwcent /work  Done                     12/15/2009 22:23:17
00213 c32-106    ./betwcent /work  Done                     12/15/2009 22:23:17
00214 c32-106    ./betwcent /work  Done                     12/15/2009 22:23:17
00215 c32-106    ./betwcent /work  Done                     12/15/2009 22:23:17
00216 c19-203    ./betwcent /work  Done                     12/15/2009 22:23:17
00217 c19-203    ./betwcent /work  Done                     12/15/2009 22:23:17
00218 c19-203    ./betwcent /work  Done                     12/15/2009 22:23:17
00219 c19-203    ./betwcent /work  Done                     12/15/2009 22:23:17
00220 c35-309    ./betwcent /work  Done                     12/15/2009 22:23:17
00221 c35-309    ./betwcent /work  Done                     12/15/2009 22:23:17
00222 c35-309    ./betwcent /work  Done                     12/15/2009 22:23:17
00223 c35-309    ./betwcent /work  Done                     12/15/2009 22:23:17
00224 c28-206    ./betwcent /work  Done                     12/15/2009 22:23:17
00225 c28-206    ./betwcent /work  Done                     12/15/2009 22:23:17
00226 c28-206    ./betwcent /work  Done                     12/15/2009 22:23:17
00227 c28-206    ./betwcent /work  Done                     12/15/2009 22:23:17
00228 c45-309    ./betwcent /work  Done                     12/15/2009 22:23:17
00229 c45-309    ./betwcent /work  Done                     12/15/2009 22:23:17
00230 c45-309    ./betwcent /work  Done                     12/15/2009 22:23:17
00231 c45-309    ./betwcent /work  Done                     12/15/2009 22:23:17
00232 c22-307    ./betwcent /work  Done                     12/15/2009 22:23:17
00233 c22-307    ./betwcent /work  Done                     12/15/2009 22:23:17
00234 c22-307    ./betwcent /work  Done                     12/15/2009 22:23:17
00235 c22-307    ./betwcent /work  Done                     12/15/2009 22:23:17
00236 c26-406    ./betwcent /work  Done                     12/15/2009 22:23:17
00237 c26-406    ./betwcent /work  Done                     12/15/2009 22:23:17
00238 c26-406    ./betwcent /work  Done                     12/15/2009 22:23:17
00239 c26-406    ./betwcent /work  Done                     12/15/2009 22:23:17
00240 c25-410    ./betwcent /work  Done                     12/15/2009 22:23:17
00241 c25-410    ./betwcent /work  Done                     12/15/2009 22:23:17
00242 c25-410    ./betwcent /work  Done                     12/15/2009 22:23:17
00243 c25-410    ./betwcent /work  Done                     12/15/2009 22:23:17
00244 c24-305    ./betwcent /work  Done                     12/15/2009 22:23:17
00245 c24-305    ./betwcent /work  Done                     12/15/2009 22:23:17
00246 c24-305    ./betwcent /work  Done                     12/15/2009 22:23:17
00247 c24-305    ./betwcent /work  Done                     12/15/2009 22:23:17
00248 c34-409    ./betwcent /work  Done                     12/15/2009 22:23:17
00249 c34-409    ./betwcent /work  Done                     12/15/2009 22:23:17
00250 c34-409    ./betwcent /work  Done                     12/15/2009 22:23:17
00251 c34-409    ./betwcent /work  Done                     12/15/2009 22:23:17
00252 c40-409    ./betwcent /work  Done                     12/15/2009 22:23:17
00253 c40-409    ./betwcent /work  Done                     12/15/2009 22:23:17
00254 c40-409    ./betwcent /work  Done                     12/15/2009 22:23:17
00255 c40-409    ./betwcent /work  Done                     12/15/2009 22:23:17
00256 c39-103    ./betwcent /work  Done                     12/15/2009 22:23:17
00257 c39-103    ./betwcent /work  Done                     12/15/2009 22:23:17
00258 c39-103    ./betwcent /work  Done                     12/15/2009 22:23:17
00259 c39-103    ./betwcent /work  Done                     12/15/2009 22:23:17
00260 c32-107    ./betwcent /work  Done                     12/15/2009 22:23:17
00261 c32-107    ./betwcent /work  Done                     12/15/2009 22:23:17
00262 c32-107    ./betwcent /work  Done                     12/15/2009 22:23:17
00263 c32-107    ./betwcent /work  Done                     12/15/2009 22:23:17
00264 c27-206    ./betwcent /work  Done                     12/15/2009 22:23:17
00265 c27-206    ./betwcent /work  Done                     12/15/2009 22:23:17
00266 c27-206    ./betwcent /work  Done                     12/15/2009 22:23:17
00267 c27-206    ./betwcent /work  Done                     12/15/2009 22:23:17
00268 c34-306    ./betwcent /work  Done                     12/15/2009 22:23:17
00269 c34-306    ./betwcent /work  Done                     12/15/2009 22:23:17
00270 c34-306    ./betwcent /work  Done                     12/15/2009 22:23:17
00271 c34-306    ./betwcent /work  Done                     12/15/2009 22:23:17
00272 c13-101    ./betwcent /work  Done                     12/15/2009 22:23:17
00273 c13-101    ./betwcent /work  Done                     12/15/2009 22:23:17
00274 c13-101    ./betwcent /work  Done                     12/15/2009 22:23:17
00275 c13-101    ./betwcent /work  Done                     12/15/2009 22:23:17
00276 c37-408    ./betwcent /work  Done                     12/15/2009 22:23:17
00277 c37-408    ./betwcent /work  Done                     12/15/2009 22:23:17
00278 c37-408    ./betwcent /work  Done                     12/15/2009 22:23:17
00279 c37-408    ./betwcent /work  Done                     12/15/2009 22:23:17
00280 c14-208    ./betwcent /work  Done                     12/15/2009 22:23:17
00281 c14-208    ./betwcent /work  Done                     12/15/2009 22:23:17
00282 c14-208    ./betwcent /work  Done                     12/15/2009 22:23:17
00283 c14-208    ./betwcent /work  Done                     12/15/2009 22:23:17
00284 c11-102    ./betwcent /work  Done                     12/15/2009 22:23:17
00285 c11-102    ./betwcent /work  Done                     12/15/2009 22:23:17
00286 c11-102    ./betwcent /work  Done                     12/15/2009 22:23:17
00287 c11-102    ./betwcent /work  Done                     12/15/2009 22:23:17
00288 c38-410    ./betwcent /work  Done                     12/15/2009 22:23:17
00289 c38-410    ./betwcent /work  Done                     12/15/2009 22:23:17
00290 c38-410    ./betwcent /work  Done                     12/15/2009 22:23:17
00291 c38-410    ./betwcent /work  Done                     12/15/2009 22:23:17
00292 c25-303    ./betwcent /work  Done                     12/15/2009 22:23:17
00293 c25-303    ./betwcent /work  Done                     12/15/2009 22:23:17
00294 c25-303    ./betwcent /work  Done                     12/15/2009 22:23:17
00295 c25-303    ./betwcent /work  Done                     12/15/2009 22:23:17
00296 c29-202    ./betwcent /work  Done                     12/15/2009 22:23:17
00297 c29-202    ./betwcent /work  Done                     12/15/2009 22:23:17
00298 c29-202    ./betwcent /work  Done                     12/15/2009 22:23:17
00299 c29-202    ./betwcent /work  Done                     12/15/2009 22:23:17
00300 c28-308    ./betwcent /work  Done                     12/15/2009 22:23:17
00301 c28-308    ./betwcent /work  Done                     12/15/2009 22:23:17
00302 c28-308    ./betwcent /work  Done                     12/15/2009 22:23:17
00303 c28-308    ./betwcent /work  Done                     12/15/2009 22:23:17
00304 c27-409    ./betwcent /work  Done                     12/15/2009 22:23:17
00305 c27-409    ./betwcent /work  Done                     12/15/2009 22:23:17
00306 c27-409    ./betwcent /work  Done                     12/15/2009 22:23:17
00307 c27-409    ./betwcent /work  Done                     12/15/2009 22:23:17
00308 c35-208    ./betwcent /work  Done                     12/15/2009 22:23:17
00309 c35-208    ./betwcent /work  Done                     12/15/2009 22:23:17
00310 c35-208    ./betwcent /work  Done                     12/15/2009 22:23:17
00311 c35-208    ./betwcent /work  Done                     12/15/2009 22:23:17
00312 c40-206    ./betwcent /work  Done                     12/15/2009 22:23:17
00313 c40-206    ./betwcent /work  Done                     12/15/2009 22:23:17
00314 c40-206    ./betwcent /work  Done                     12/15/2009 22:23:17
00315 c40-206    ./betwcent /work  Done                     12/15/2009 22:23:17
00316 c28-102    ./betwcent /work  Done                     12/15/2009 22:23:17
00317 c28-102    ./betwcent /work  Done                     12/15/2009 22:23:17
00318 c28-102    ./betwcent /work  Done                     12/15/2009 22:23:17
00319 c28-102    ./betwcent /work  Done                     12/15/2009 22:23:17
00320 c11-103    ./betwcent /work  Done                     12/15/2009 22:23:17
00321 c11-103    ./betwcent /work  Done                     12/15/2009 22:23:17
00322 c11-103    ./betwcent /work  Done                     12/15/2009 22:23:17
00323 c11-103    ./betwcent /work  Done                     12/15/2009 22:23:17
00324 c29-408    ./betwcent /work  Done                     12/15/2009 22:23:17
00325 c29-408    ./betwcent /work  Done                     12/15/2009 22:23:17
00326 c29-408    ./betwcent /work  Done                     12/15/2009 22:23:17
00327 c29-408    ./betwcent /work  Done                     12/15/2009 22:23:17
00328 c19-204    ./betwcent /work  Done                     12/15/2009 22:23:17
00329 c19-204    ./betwcent /work  Done                     12/15/2009 22:23:17
00330 c19-204    ./betwcent /work  Done                     12/15/2009 22:23:17
00331 c19-204    ./betwcent /work  Done                     12/15/2009 22:23:17
00332 c39-105    ./betwcent /work  Done                     12/15/2009 22:23:17
00333 c39-105    ./betwcent /work  Done                     12/15/2009 22:23:17
00334 c39-105    ./betwcent /work  Done                     12/15/2009 22:23:17
00335 c39-105    ./betwcent /work  Done                     12/15/2009 22:23:17
00336 c38-109    ./betwcent /work  Done                     12/15/2009 22:23:17
00337 c38-109    ./betwcent /work  Done                     12/15/2009 22:23:17
00338 c38-109    ./betwcent /work  Done                     12/15/2009 22:23:17
00339 c38-109    ./betwcent /work  Done                     12/15/2009 22:23:17
00340 c32-408    ./betwcent /work  Done                     12/15/2009 22:23:17
00341 c32-408    ./betwcent /work  Done                     12/15/2009 22:23:17
00342 c32-408    ./betwcent /work  Done                     12/15/2009 22:23:17
00343 c32-408    ./betwcent /work  Done                     12/15/2009 22:23:17
00344 c36-407    ./betwcent /work  Done                     12/15/2009 22:23:17
00345 c36-407    ./betwcent /work  Done                     12/15/2009 22:23:17
00346 c36-407    ./betwcent /work  Done                     12/15/2009 22:23:17
00347 c36-407    ./betwcent /work  Done                     12/15/2009 22:23:17
00348 c17-209    ./betwcent /work  Done                     12/15/2009 22:23:17
00349 c17-209    ./betwcent /work  Done                     12/15/2009 22:23:17
00350 c17-209    ./betwcent /work  Done                     12/15/2009 22:23:17
00351 c17-209    ./betwcent /work  Done                     12/15/2009 22:23:17
00352 c29-306    ./betwcent /work  Done                     12/15/2009 22:23:17
00353 c29-306    ./betwcent /work  Done                     12/15/2009 22:23:17
00354 c29-306    ./betwcent /work  Done                     12/15/2009 22:23:17
00355 c29-306    ./betwcent /work  Done                     12/15/2009 22:23:17
00356 c27-201    ./betwcent /work  Done                     12/15/2009 22:23:17
00357 c27-201    ./betwcent /work  Done                     12/15/2009 22:23:17
00358 c27-201    ./betwcent /work  Done                     12/15/2009 22:23:17
00359 c27-201    ./betwcent /work  Done                     12/15/2009 22:23:17
00360 c27-103    ./betwcent /work  Done                     12/15/2009 22:23:17
00361 c27-103    ./betwcent /work  Done                     12/15/2009 22:23:17
00362 c27-103    ./betwcent /work  Done                     12/15/2009 22:23:17
00363 c27-103    ./betwcent /work  Done                     12/15/2009 22:23:17
00364 c37-304    ./betwcent /work  Done                     12/15/2009 22:23:17
00365 c37-304    ./betwcent /work  Done                     12/15/2009 22:23:17
00366 c37-304    ./betwcent /work  Done                     12/15/2009 22:23:17
00367 c37-304    ./betwcent /work  Done                     12/15/2009 22:23:17
00368 c33-407    ./betwcent /work  Done                     12/15/2009 22:23:17
00369 c33-407    ./betwcent /work  Done                     12/15/2009 22:23:17
00370 c33-407    ./betwcent /work  Done                     12/15/2009 22:23:17
00371 c33-407    ./betwcent /work  Done                     12/15/2009 22:23:17
00372 c44-404    ./betwcent /work  Done                     12/15/2009 22:23:17
00373 c44-404    ./betwcent /work  Done                     12/15/2009 22:23:17
00374 c44-404    ./betwcent /work  Done                     12/15/2009 22:23:17
00375 c44-404    ./betwcent /work  Done                     12/15/2009 22:23:17
00376 c22-210    ./betwcent /work  Done                     12/15/2009 22:23:17
00377 c22-210    ./betwcent /work  Done                     12/15/2009 22:23:17
00378 c22-210    ./betwcent /work  Done                     12/15/2009 22:23:17
00379 c22-210    ./betwcent /work  Done                     12/15/2009 22:23:17
00380 c32-409    ./betwcent /work  Done                     12/15/2009 22:23:17
00381 c32-409    ./betwcent /work  Done                     12/15/2009 22:23:17
00382 c32-409    ./betwcent /work  Done                     12/15/2009 22:23:17
00383 c32-409    ./betwcent /work  Done                     12/15/2009 22:23:17
00384 c42-204    ./betwcent /work  Done                     12/15/2009 22:23:17
00385 c42-204    ./betwcent /work  Done                     12/15/2009 22:23:17
00386 c42-204    ./betwcent /work  Done                     12/15/2009 22:23:17
00387 c42-204    ./betwcent /work  Done                     12/15/2009 22:23:17
00388 c36-408    ./betwcent /work  Done                     12/15/2009 22:23:17
00389 c36-408    ./betwcent /work  Done                     12/15/2009 22:23:17
00390 c36-408    ./betwcent /work  Done                     12/15/2009 22:23:17
00391 c36-408    ./betwcent /work  Done                     12/15/2009 22:23:17
00392 c18-110    ./betwcent /work  Done                     12/15/2009 22:23:17
00393 c18-110    ./betwcent /work  Done                     12/15/2009 22:23:17
00394 c18-110    ./betwcent /work  Done                     12/15/2009 22:23:17
00395 c18-110    ./betwcent /work  Done                     12/15/2009 22:23:17
00396 c13-310    ./betwcent /work  Done                     12/15/2009 22:23:17
00397 c13-310    ./betwcent /work  Done                     12/15/2009 22:23:17
00398 c13-310    ./betwcent /work  Done                     12/15/2009 22:23:17
00399 c13-310    ./betwcent /work  Done                     12/15/2009 22:23:17
00400 c26-308    ./betwcent /work  Done                     12/15/2009 22:23:17
00401 c26-308    ./betwcent /work  Done                     12/15/2009 22:23:17
00402 c26-308    ./betwcent /work  Done                     12/15/2009 22:23:17
00403 c26-308    ./betwcent /work  Done                     12/15/2009 22:23:17
00404 c21-307    ./betwcent /work  Done                     12/15/2009 22:23:17
00405 c21-307    ./betwcent /work  Done                     12/15/2009 22:23:17
00406 c21-307    ./betwcent /work  Done                     12/15/2009 22:23:17
00407 c21-307    ./betwcent /work  Done                     12/15/2009 22:23:17
00408 c40-310    ./betwcent /work  Done                     12/15/2009 22:23:17
00409 c40-310    ./betwcent /work  Done                     12/15/2009 22:23:17
00410 c40-310    ./betwcent /work  Done                     12/15/2009 22:23:17
00411 c40-310    ./betwcent /work  Done                     12/15/2009 22:23:17
00412 c20-102    ./betwcent /work  Done                     12/15/2009 22:23:17
00413 c20-102    ./betwcent /work  Done                     12/15/2009 22:23:17
00414 c20-102    ./betwcent /work  Done                     12/15/2009 22:23:17
00415 c20-102    ./betwcent /work  Done                     12/15/2009 22:23:17
00416 c33-305    ./betwcent /work  Done                     12/15/2009 22:23:17
00417 c33-305    ./betwcent /work  Done                     12/15/2009 22:23:17
00418 c33-305    ./betwcent /work  Done                     12/15/2009 22:23:17
00419 c33-305    ./betwcent /work  Done                     12/15/2009 22:23:17
00420 c15-303    ./betwcent /work  Done                     12/15/2009 22:23:17
00421 c15-303    ./betwcent /work  Done                     12/15/2009 22:23:17
00422 c15-303    ./betwcent /work  Done                     12/15/2009 22:23:17
00423 c15-303    ./betwcent /work  Done                     12/15/2009 22:23:17
00424 c21-205    ./betwcent /work  Done                     12/15/2009 22:23:17
00425 c21-205    ./betwcent /work  Done                     12/15/2009 22:23:17
00426 c21-205    ./betwcent /work  Done                     12/15/2009 22:23:17
00427 c21-205    ./betwcent /work  Done                     12/15/2009 22:23:17
00428 c44-104    ./betwcent /work  Done                     12/15/2009 22:23:17
00429 c44-104    ./betwcent /work  Done                     12/15/2009 22:23:17
00430 c44-104    ./betwcent /work  Done                     12/15/2009 22:23:17
00431 c44-104    ./betwcent /work  Done                     12/15/2009 22:23:17
00432 c27-306    ./betwcent /work  Done                     12/15/2009 22:23:17
00433 c27-306    ./betwcent /work  Done                     12/15/2009 22:23:17
00434 c27-306    ./betwcent /work  Done                     12/15/2009 22:23:17
00435 c27-306    ./betwcent /work  Done                     12/15/2009 22:23:17
00436 c41-106    ./betwcent /work  Done                     12/15/2009 22:23:17
00437 c41-106    ./betwcent /work  Done                     12/15/2009 22:23:17
00438 c41-106    ./betwcent /work  Done                     12/15/2009 22:23:17
00439 c41-106    ./betwcent /work  Done                     12/15/2009 22:23:17
00440 c15-106    ./betwcent /work  Done                     12/15/2009 22:23:17
00441 c15-106    ./betwcent /work  Done                     12/15/2009 22:23:17
00442 c15-106    ./betwcent /work  Done                     12/15/2009 22:23:17
00443 c15-106    ./betwcent /work  Done                     12/15/2009 22:23:17
00444 c38-206    ./betwcent /work  Done                     12/15/2009 22:23:17
00445 c38-206    ./betwcent /work  Done                     12/15/2009 22:23:17
00446 c38-206    ./betwcent /work  Done                     12/15/2009 22:23:17
00447 c38-206    ./betwcent /work  Done                     12/15/2009 22:23:17
00448 c26-301    ./betwcent /work  Done                     12/15/2009 22:23:17
00449 c26-301    ./betwcent /work  Done                     12/15/2009 22:23:17
00450 c26-301    ./betwcent /work  Done                     12/15/2009 22:23:17
00451 c26-301    ./betwcent /work  Done                     12/15/2009 22:23:17
00452 c43-106    ./betwcent /work  Done                     12/15/2009 22:23:17
00453 c43-106    ./betwcent /work  Done                     12/15/2009 22:23:17
00454 c43-106    ./betwcent /work  Done                     12/15/2009 22:23:17
00455 c43-106    ./betwcent /work  Done                     12/15/2009 22:23:17
00456 c25-110    ./betwcent /work  Done                     12/15/2009 22:23:17
00457 c25-110    ./betwcent /work  Done                     12/15/2009 22:23:17
00458 c25-110    ./betwcent /work  Done                     12/15/2009 22:23:17
00459 c25-110    ./betwcent /work  Done                     12/15/2009 22:23:17
00460 c15-108    ./betwcent /work  Done                     12/15/2009 22:23:17
00461 c15-108    ./betwcent /work  Done                     12/15/2009 22:23:17
00462 c15-108    ./betwcent /work  Done                     12/15/2009 22:23:17
00463 c15-108    ./betwcent /work  Done                     12/15/2009 22:23:17
00464 c30-101    ./betwcent /work  Done                     12/15/2009 22:23:17
00465 c30-101    ./betwcent /work  Done                     12/15/2009 22:23:17
00466 c30-101    ./betwcent /work  Done                     12/15/2009 22:23:17
00467 c30-101    ./betwcent /work  Done                     12/15/2009 22:23:17
00468 c20-108    ./betwcent /work  Done                     12/15/2009 22:23:17
00469 c20-108    ./betwcent /work  Done                     12/15/2009 22:23:17
00470 c20-108    ./betwcent /work  Done                     12/15/2009 22:23:17
00471 c20-108    ./betwcent /work  Done                     12/15/2009 22:23:17
00472 c11-205    ./betwcent /work  Done                     12/15/2009 22:23:17
00473 c11-205    ./betwcent /work  Done                     12/15/2009 22:23:17
00474 c11-205    ./betwcent /work  Done                     12/15/2009 22:23:17
00475 c11-205    ./betwcent /work  Done                     12/15/2009 22:23:17
00476 c22-410    ./betwcent /work  Done                     12/15/2009 22:23:17
00477 c22-410    ./betwcent /work  Done                     12/15/2009 22:23:17
00478 c22-410    ./betwcent /work  Done                     12/15/2009 22:23:17
00479 c22-410    ./betwcent /work  Done                     12/15/2009 22:23:17
00480 c37-105    ./betwcent /work  Done                     12/15/2009 22:23:17
00481 c37-105    ./betwcent /work  Done                     12/15/2009 22:23:17
00482 c37-105    ./betwcent /work  Done                     12/15/2009 22:23:17
00483 c37-105    ./betwcent /work  Done                     12/15/2009 22:23:17
00484 c12-207    ./betwcent /work  Done                     12/15/2009 22:23:17
00485 c12-207    ./betwcent /work  Done                     12/15/2009 22:23:17
00486 c12-207    ./betwcent /work  Done                     12/15/2009 22:23:17
00487 c12-207    ./betwcent /work  Done                     12/15/2009 22:23:17
00488 c21-103    ./betwcent /work  Done                     12/15/2009 22:23:17
00489 c21-103    ./betwcent /work  Done                     12/15/2009 22:23:17
00490 c21-103    ./betwcent /work  Done                     12/15/2009 22:23:17
00491 c21-103    ./betwcent /work  Done                     12/15/2009 22:23:17
00492 c25-103    ./betwcent /work  Done                     12/15/2009 22:23:17
00493 c25-103    ./betwcent /work  Done                     12/15/2009 22:23:17
00494 c25-103    ./betwcent /work  Done                     12/15/2009 22:23:17
00495 c25-103    ./betwcent /work  Done                     12/15/2009 22:23:17
00496 c37-103    ./betwcent /work  Done                     12/15/2009 22:23:17
00497 c37-103    ./betwcent /work  Done                     12/15/2009 22:23:17
00498 c37-103    ./betwcent /work  Done                     12/15/2009 22:23:17
00499 c37-103    ./betwcent /work  Done                     12/15/2009 22:23:17
00500 c14-205    ./betwcent /work  Done                     12/15/2009 22:23:17
00501 c14-205    ./betwcent /work  Done                     12/15/2009 22:23:17
00502 c14-205    ./betwcent /work  Done                     12/15/2009 22:23:17
00503 c14-205    ./betwcent /work  Done                     12/15/2009 22:23:17
00504 c31-105    ./betwcent /work  Done                     12/15/2009 22:23:17
00505 c31-105    ./betwcent /work  Done                     12/15/2009 22:23:17
00506 c31-105    ./betwcent /work  Done                     12/15/2009 22:23:17
00507 c31-105    ./betwcent /work  Done                     12/15/2009 22:23:17
00508 c24-109    ./betwcent /work  Done                     12/15/2009 22:23:17
00509 c24-109    ./betwcent /work  Done                     12/15/2009 22:23:17
00510 c24-109    ./betwcent /work  Done                     12/15/2009 22:23:17
00511 c24-109    ./betwcent /work  Done                     12/15/2009 22:23:17
00512 c10-202    ./betwcent /work  Done                     12/15/2009 22:23:17
00513 c10-202    ./betwcent /work  Done                     12/15/2009 22:23:17
00514 c10-202    ./betwcent /work  Done                     12/15/2009 22:23:17
00515 c10-202    ./betwcent /work  Done                     12/15/2009 22:23:17
00516 c20-307    ./betwcent /work  Done                     12/15/2009 22:23:17
00517 c20-307    ./betwcent /work  Done                     12/15/2009 22:23:17
00518 c20-307    ./betwcent /work  Done                     12/15/2009 22:23:17
00519 c20-307    ./betwcent /work  Done                     12/15/2009 22:23:17
00520 c35-102    ./betwcent /work  Done                     12/15/2009 22:23:17
00521 c35-102    ./betwcent /work  Done                     12/15/2009 22:23:17
00522 c35-102    ./betwcent /work  Done                     12/15/2009 22:23:17
00523 c35-102    ./betwcent /work  Done                     12/15/2009 22:23:17
00524 c22-105    ./betwcent /work  Done                     12/15/2009 22:23:17
00525 c22-105    ./betwcent /work  Done                     12/15/2009 22:23:17
00526 c22-105    ./betwcent /work  Done                     12/15/2009 22:23:17
00527 c22-105    ./betwcent /work  Done                     12/15/2009 22:23:17
00528 c36-102    ./betwcent /work  Done                     12/15/2009 22:23:17
00529 c36-102    ./betwcent /work  Done                     12/15/2009 22:23:17
00530 c36-102    ./betwcent /work  Done                     12/15/2009 22:23:17
00531 c36-102    ./betwcent /work  Done                     12/15/2009 22:23:17
00532 c44-201    ./betwcent /work  Done                     12/15/2009 22:23:17
00533 c44-201    ./betwcent /work  Done                     12/15/2009 22:23:17
00534 c44-201    ./betwcent /work  Done                     12/15/2009 22:23:17
00535 c44-201    ./betwcent /work  Done                     12/15/2009 22:23:17
00536 c13-207    ./betwcent /work  Done                     12/15/2009 22:23:17
00537 c13-207    ./betwcent /work  Done                     12/15/2009 22:23:17
00538 c13-207    ./betwcent /work  Done                     12/15/2009 22:23:17
00539 c13-207    ./betwcent /work  Done                     12/15/2009 22:23:17
00540 c43-206    ./betwcent /work  Done                     12/15/2009 22:23:17
00541 c43-206    ./betwcent /work  Done                     12/15/2009 22:23:17
00542 c43-206    ./betwcent /work  Done                     12/15/2009 22:23:17
00543 c43-206    ./betwcent /work  Done                     12/15/2009 22:23:17
00544 c43-302    ./betwcent /work  Done                     12/15/2009 22:23:17
00545 c43-302    ./betwcent /work  Done                     12/15/2009 22:23:17
00546 c43-302    ./betwcent /work  Done                     12/15/2009 22:23:17
00547 c43-302    ./betwcent /work  Done                     12/15/2009 22:23:17
00548 c30-410    ./betwcent /work  Done                     12/15/2009 22:23:17
00549 c30-410    ./betwcent /work  Done                     12/15/2009 22:23:17
00550 c30-410    ./betwcent /work  Done                     12/15/2009 22:23:17
00551 c30-410    ./betwcent /work  Done                     12/15/2009 22:23:17
00552 c44-205    ./betwcent /work  Done                     12/15/2009 22:23:17
00553 c44-205    ./betwcent /work  Done                     12/15/2009 22:23:17
00554 c44-205    ./betwcent /work  Done                     12/15/2009 22:23:17
00555 c44-205    ./betwcent /work  Done                     12/15/2009 22:23:17
00556 c39-104    ./betwcent /work  Done                     12/15/2009 22:23:17
00557 c39-104    ./betwcent /work  Done                     12/15/2009 22:23:17
00558 c39-104    ./betwcent /work  Done                     12/15/2009 22:23:17
00559 c39-104    ./betwcent /work  Done                     12/15/2009 22:23:17
00560 c34-107    ./betwcent /work  Done                     12/15/2009 22:23:17
00561 c34-107    ./betwcent /work  Done                     12/15/2009 22:23:17
00562 c34-107    ./betwcent /work  Done                     12/15/2009 22:23:17
00563 c34-107    ./betwcent /work  Done                     12/15/2009 22:23:17
00564 c33-406    ./betwcent /work  Done                     12/15/2009 22:23:17
00565 c33-406    ./betwcent /work  Done                     12/15/2009 22:23:17
00566 c33-406    ./betwcent /work  Done                     12/15/2009 22:23:17
00567 c33-406    ./betwcent /work  Done                     12/15/2009 22:23:17
00568 c40-104    ./betwcent /work  Done                     12/15/2009 22:23:17
00569 c40-104    ./betwcent /work  Done                     12/15/2009 22:23:17
00570 c40-104    ./betwcent /work  Done                     12/15/2009 22:23:17
00571 c40-104    ./betwcent /work  Done                     12/15/2009 22:23:17
00572 c17-105    ./betwcent /work  Done                     12/15/2009 22:23:17
00573 c17-105    ./betwcent /work  Done                     12/15/2009 22:23:17
00574 c17-105    ./betwcent /work  Done                     12/15/2009 22:23:17
00575 c17-105    ./betwcent /work  Done                     12/15/2009 22:23:17
00576 c31-201    ./betwcent /work  Done                     12/15/2009 22:23:17
00577 c31-201    ./betwcent /work  Done                     12/15/2009 22:23:17
00578 c31-201    ./betwcent /work  Done                     12/15/2009 22:23:17
00579 c31-201    ./betwcent /work  Done                     12/15/2009 22:23:17
00580 c35-301    ./betwcent /work  Done                     12/15/2009 22:23:17
00581 c35-301    ./betwcent /work  Done                     12/15/2009 22:23:17
00582 c35-301    ./betwcent /work  Done                     12/15/2009 22:23:17
00583 c35-301    ./betwcent /work  Done                     12/15/2009 22:23:17
00584 c41-406    ./betwcent /work  Done                     12/15/2009 22:23:17
00585 c41-406    ./betwcent /work  Done                     12/15/2009 22:23:17
00586 c41-406    ./betwcent /work  Done                     12/15/2009 22:23:17
00587 c41-406    ./betwcent /work  Done                     12/15/2009 22:23:17
00588 c10-107    ./betwcent /work  Done                     12/15/2009 22:23:17
00589 c10-107    ./betwcent /work  Done                     12/15/2009 22:23:17
00590 c10-107    ./betwcent /work  Done                     12/15/2009 22:23:17
00591 c10-107    ./betwcent /work  Done                     12/15/2009 22:23:17
00592 c28-302    ./betwcent /work  Done                     12/15/2009 22:23:17
00593 c28-302    ./betwcent /work  Done                     12/15/2009 22:23:17
00594 c28-302    ./betwcent /work  Done                     12/15/2009 22:23:17
00595 c28-302    ./betwcent /work  Done                     12/15/2009 22:23:17
00596 c40-106    ./betwcent /work  Done                     12/15/2009 22:23:17
00597 c40-106    ./betwcent /work  Done                     12/15/2009 22:23:17
00598 c40-106    ./betwcent /work  Done                     12/15/2009 22:23:17
00599 c40-106    ./betwcent /work  Done                     12/15/2009 22:23:17
00600 c21-201    ./betwcent /work  Done                     12/15/2009 22:23:17
00601 c21-201    ./betwcent /work  Done                     12/15/2009 22:23:17
00602 c21-201    ./betwcent /work  Done                     12/15/2009 22:23:17
00603 c21-201    ./betwcent /work  Done                     12/15/2009 22:23:17
00604 c25-409    ./betwcent /work  Done                     12/15/2009 22:23:17
00605 c25-409    ./betwcent /work  Done                     12/15/2009 22:23:17
00606 c25-409    ./betwcent /work  Done                     12/15/2009 22:23:17
00607 c25-409    ./betwcent /work  Done                     12/15/2009 22:23:17
00608 c32-201    ./betwcent /work  Done                     12/15/2009 22:23:17
00609 c32-201    ./betwcent /work  Done                     12/15/2009 22:23:17
00610 c32-201    ./betwcent /work  Done                     12/15/2009 22:23:17
00611 c32-201    ./betwcent /work  Done                     12/15/2009 22:23:17
00612 c27-110    ./betwcent /work  Done                     12/15/2009 22:23:17
00613 c27-110    ./betwcent /work  Done                     12/15/2009 22:23:17
00614 c27-110    ./betwcent /work  Done                     12/15/2009 22:23:17
00615 c27-110    ./betwcent /work  Done                     12/15/2009 22:23:17
00616 c32-308    ./betwcent /work  Done                     12/15/2009 22:23:17
00617 c32-308    ./betwcent /work  Done                     12/15/2009 22:23:17
00618 c32-308    ./betwcent /work  Done                     12/15/2009 22:23:17
00619 c32-308    ./betwcent /work  Done                     12/15/2009 22:23:17
00620 c22-202    ./betwcent /work  Done                     12/15/2009 22:23:17
00621 c22-202    ./betwcent /work  Done                     12/15/2009 22:23:17
00622 c22-202    ./betwcent /work  Done                     12/15/2009 22:23:17
00623 c22-202    ./betwcent /work  Done                     12/15/2009 22:23:17
00624 c41-408    ./betwcent /work  Done                     12/15/2009 22:23:17
00625 c41-408    ./betwcent /work  Done                     12/15/2009 22:23:17
00626 c41-408    ./betwcent /work  Done                     12/15/2009 22:23:17
00627 c41-408    ./betwcent /work  Done                     12/15/2009 22:23:17
00628 c22-208    ./betwcent /work  Done                     12/15/2009 22:23:17
00629 c22-208    ./betwcent /work  Done                     12/15/2009 22:23:17
00630 c22-208    ./betwcent /work  Done                     12/15/2009 22:23:17
00631 c22-208    ./betwcent /work  Done                     12/15/2009 22:23:17
00632 c18-208    ./betwcent /work  Done                     12/15/2009 22:23:17
00633 c18-208    ./betwcent /work  Done                     12/15/2009 22:23:17
00634 c18-208    ./betwcent /work  Done                     12/15/2009 22:23:17
00635 c18-208    ./betwcent /work  Done                     12/15/2009 22:23:17
00636 c45-409    ./betwcent /work  Done                     12/15/2009 22:23:17
00637 c45-409    ./betwcent /work  Done                     12/15/2009 22:23:17
00638 c45-409    ./betwcent /work  Done                     12/15/2009 22:23:17
00639 c45-409    ./betwcent /work  Done                     12/15/2009 22:23:17
00640 c40-305    ./betwcent /work  Done                     12/15/2009 22:23:17
00641 c40-305    ./betwcent /work  Done                     12/15/2009 22:23:17
00642 c40-305    ./betwcent /work  Done                     12/15/2009 22:23:17
00643 c40-305    ./betwcent /work  Done                     12/15/2009 22:23:17
00644 c23-305    ./betwcent /work  Done                     12/15/2009 22:23:17
00645 c23-305    ./betwcent /work  Done                     12/15/2009 22:23:17
00646 c23-305    ./betwcent /work  Done                     12/15/2009 22:23:17
00647 c23-305    ./betwcent /work  Done                     12/15/2009 22:23:17
00648 c33-104    ./betwcent /work  Done                     12/15/2009 22:23:17
00649 c33-104    ./betwcent /work  Done                     12/15/2009 22:23:17
00650 c33-104    ./betwcent /work  Done                     12/15/2009 22:23:17
00651 c33-104    ./betwcent /work  Done                     12/15/2009 22:23:17
00652 c36-304    ./betwcent /work  Done                     12/15/2009 22:23:17
00653 c36-304    ./betwcent /work  Done                     12/15/2009 22:23:17
00654 c36-304    ./betwcent /work  Done                     12/15/2009 22:23:17
00655 c36-304    ./betwcent /work  Done                     12/15/2009 22:23:17
00656 c19-206    ./betwcent /work  Done                     12/15/2009 22:23:17
00657 c19-206    ./betwcent /work  Done                     12/15/2009 22:23:17
00658 c19-206    ./betwcent /work  Done                     12/15/2009 22:23:17
00659 c19-206    ./betwcent /work  Done                     12/15/2009 22:23:17
00660 c13-108    ./betwcent /work  Done                     12/15/2009 22:23:17
00661 c13-108    ./betwcent /work  Done                     12/15/2009 22:23:17
00662 c13-108    ./betwcent /work  Done                     12/15/2009 22:23:17
00663 c13-108    ./betwcent /work  Done                     12/15/2009 22:23:17
00664 c20-206    ./betwcent /work  Done                     12/15/2009 22:23:17
00665 c20-206    ./betwcent /work  Done                     12/15/2009 22:23:17
00666 c20-206    ./betwcent /work  Done                     12/15/2009 22:23:17
00667 c20-206    ./betwcent /work  Done                     12/15/2009 22:23:17
00668 c38-205    ./betwcent /work  Done                     12/15/2009 22:23:17
00669 c38-205    ./betwcent /work  Done                     12/15/2009 22:23:17
00670 c38-205    ./betwcent /work  Done                     12/15/2009 22:23:17
00671 c38-205    ./betwcent /work  Done                     12/15/2009 22:23:17
00672 c27-308    ./betwcent /work  Done                     12/15/2009 22:23:17
00673 c27-308    ./betwcent /work  Done                     12/15/2009 22:23:17
00674 c27-308    ./betwcent /work  Done                     12/15/2009 22:23:17
00675 c27-308    ./betwcent /work  Done                     12/15/2009 22:23:17
00676 c42-104    ./betwcent /work  Done                     12/15/2009 22:23:17
00677 c42-104    ./betwcent /work  Done                     12/15/2009 22:23:17
00678 c42-104    ./betwcent /work  Done                     12/15/2009 22:23:17
00679 c42-104    ./betwcent /work  Done                     12/15/2009 22:23:17
00680 c32-310    ./betwcent /work  Done                     12/15/2009 22:23:17
00681 c32-310    ./betwcent /work  Done                     12/15/2009 22:23:17
00682 c32-310    ./betwcent /work  Done                     12/15/2009 22:23:17
00683 c32-310    ./betwcent /work  Done                     12/15/2009 22:23:17
00684 c22-301    ./betwcent /work  Done                     12/15/2009 22:23:17
00685 c22-301    ./betwcent /work  Done                     12/15/2009 22:23:17
00686 c22-301    ./betwcent /work  Done                     12/15/2009 22:23:17
00687 c22-301    ./betwcent /work  Done                     12/15/2009 22:23:17
00688 c22-406    ./betwcent /work  Done                     12/15/2009 22:23:17
00689 c22-406    ./betwcent /work  Done                     12/15/2009 22:23:17
00690 c22-406    ./betwcent /work  Done                     12/15/2009 22:23:17
00691 c22-406    ./betwcent /work  Done                     12/15/2009 22:23:17
00692 c16-207    ./betwcent /work  Done                     12/15/2009 22:23:17
00693 c16-207    ./betwcent /work  Done                     12/15/2009 22:23:17
00694 c16-207    ./betwcent /work  Done                     12/15/2009 22:23:17
00695 c16-207    ./betwcent /work  Done                     12/15/2009 22:23:17
00696 c14-306    ./betwcent /work  Done                     12/15/2009 22:23:17
00697 c14-306    ./betwcent /work  Done                     12/15/2009 22:23:17
00698 c14-306    ./betwcent /work  Done                     12/15/2009 22:23:17
00699 c14-306    ./betwcent /work  Done                     12/15/2009 22:23:17
00700 c36-209    ./betwcent /work  Done                     12/15/2009 22:23:17
00701 c36-209    ./betwcent /work  Done                     12/15/2009 22:23:17
00702 c36-209    ./betwcent /work  Done                     12/15/2009 22:23:17
00703 c36-209    ./betwcent /work  Done                     12/15/2009 22:23:17
00704 c43-307    ./betwcent /work  Done                     12/15/2009 22:23:17
00705 c43-307    ./betwcent /work  Done                     12/15/2009 22:23:17
00706 c43-307    ./betwcent /work  Done                     12/15/2009 22:23:17
00707 c43-307    ./betwcent /work  Done                     12/15/2009 22:23:17
00708 c26-305    ./betwcent /work  Done                     12/15/2009 22:23:17
00709 c26-305    ./betwcent /work  Done                     12/15/2009 22:23:17
00710 c26-305    ./betwcent /work  Done                     12/15/2009 22:23:17
00711 c26-305    ./betwcent /work  Done                     12/15/2009 22:23:17
00712 c37-104    ./betwcent /work  Done                     12/15/2009 22:23:17
00713 c37-104    ./betwcent /work  Done                     12/15/2009 22:23:17
00714 c37-104    ./betwcent /work  Done                     12/15/2009 22:23:17
00715 c37-104    ./betwcent /work  Done                     12/15/2009 22:23:17
00716 c31-308    ./betwcent /work  Done                     12/15/2009 22:23:17
00717 c31-308    ./betwcent /work  Done                     12/15/2009 22:23:17
00718 c31-308    ./betwcent /work  Done                     12/15/2009 22:23:17
00719 c31-308    ./betwcent /work  Done                     12/15/2009 22:23:17
00720 c38-308    ./betwcent /work  Done                     12/15/2009 22:23:17
00721 c38-308    ./betwcent /work  Done                     12/15/2009 22:23:17
00722 c38-308    ./betwcent /work  Done                     12/15/2009 22:23:17
00723 c38-308    ./betwcent /work  Done                     12/15/2009 22:23:17
00724 c26-309    ./betwcent /work  Done                     12/15/2009 22:23:17
00725 c26-309    ./betwcent /work  Done                     12/15/2009 22:23:17
00726 c26-309    ./betwcent /work  Done                     12/15/2009 22:23:17
00727 c26-309    ./betwcent /work  Done                     12/15/2009 22:23:17
00728 c27-405    ./betwcent /work  Done                     12/15/2009 22:23:17
00729 c27-405    ./betwcent /work  Done                     12/15/2009 22:23:17
00730 c27-405    ./betwcent /work  Done                     12/15/2009 22:23:17
00731 c27-405    ./betwcent /work  Done                     12/15/2009 22:23:17
00732 c15-203    ./betwcent /work  Done                     12/15/2009 22:23:17
00733 c15-203    ./betwcent /work  Done                     12/15/2009 22:23:17
00734 c15-203    ./betwcent /work  Done                     12/15/2009 22:23:17
00735 c15-203    ./betwcent /work  Done                     12/15/2009 22:23:17
00736 c30-301    ./betwcent /work  Done                     12/15/2009 22:23:17
00737 c30-301    ./betwcent /work  Done                     12/15/2009 22:23:17
00738 c30-301    ./betwcent /work  Done                     12/15/2009 22:23:17
00739 c30-301    ./betwcent /work  Done                     12/15/2009 22:23:17
00740 c42-301    ./betwcent /work  Done                     12/15/2009 22:23:17
00741 c42-301    ./betwcent /work  Done                     12/15/2009 22:23:17
00742 c42-301    ./betwcent /work  Done                     12/15/2009 22:23:17
00743 c42-301    ./betwcent /work  Done                     12/15/2009 22:23:17
00744 c23-105    ./betwcent /work  Done                     12/15/2009 22:23:17
00745 c23-105    ./betwcent /work  Done                     12/15/2009 22:23:17
00746 c23-105    ./betwcent /work  Done                     12/15/2009 22:23:17
00747 c23-105    ./betwcent /work  Done                     12/15/2009 22:23:17
00748 c44-107    ./betwcent /work  Done                     12/15/2009 22:23:17
00749 c44-107    ./betwcent /work  Done                     12/15/2009 22:23:17
00750 c44-107    ./betwcent /work  Done                     12/15/2009 22:23:17
00751 c44-107    ./betwcent /work  Done                     12/15/2009 22:23:17
00752 c41-101    ./betwcent /work  Done                     12/15/2009 22:23:17
00753 c41-101    ./betwcent /work  Done                     12/15/2009 22:23:17
00754 c41-101    ./betwcent /work  Done                     12/15/2009 22:23:17
00755 c41-101    ./betwcent /work  Done                     12/15/2009 22:23:17
00756 c36-403    ./betwcent /work  Done                     12/15/2009 22:23:17
00757 c36-403    ./betwcent /work  Done                     12/15/2009 22:23:17
00758 c36-403    ./betwcent /work  Done                     12/15/2009 22:23:17
00759 c36-403    ./betwcent /work  Done                     12/15/2009 22:23:17
00760 c13-210    ./betwcent /work  Done                     12/15/2009 22:23:17
00761 c13-210    ./betwcent /work  Done                     12/15/2009 22:23:17
00762 c13-210    ./betwcent /work  Done                     12/15/2009 22:23:17
00763 c13-210    ./betwcent /work  Done                     12/15/2009 22:23:17
00764 c24-110    ./betwcent /work  Done                     12/15/2009 22:23:17
00765 c24-110    ./betwcent /work  Done                     12/15/2009 22:23:17
00766 c24-110    ./betwcent /work  Done                     12/15/2009 22:23:17
00767 c24-110    ./betwcent /work  Done                     12/15/2009 22:23:17
00768 c24-205    ./betwcent /work  Done                     12/15/2009 22:23:17
00769 c24-205    ./betwcent /work  Done                     12/15/2009 22:23:17
00770 c24-205    ./betwcent /work  Done                     12/15/2009 22:23:17
00771 c24-205    ./betwcent /work  Done                     12/15/2009 22:23:17
00772 c16-307    ./betwcent /work  Done                     12/15/2009 22:23:17
00773 c16-307    ./betwcent /work  Done                     12/15/2009 22:23:17
00774 c16-307    ./betwcent /work  Done                     12/15/2009 22:23:17
00775 c16-307    ./betwcent /work  Done                     12/15/2009 22:23:17
00776 c22-310    ./betwcent /work  Done                     12/15/2009 22:23:17
00777 c22-310    ./betwcent /work  Done                     12/15/2009 22:23:17
00778 c22-310    ./betwcent /work  Done                     12/15/2009 22:23:17
00779 c22-310    ./betwcent /work  Done                     12/15/2009 22:23:17
00780 c21-303    ./betwcent /work  Done                     12/15/2009 22:23:17
00781 c21-303    ./betwcent /work  Done                     12/15/2009 22:23:17
00782 c21-303    ./betwcent /work  Done                     12/15/2009 22:23:17
00783 c21-303    ./betwcent /work  Done                     12/15/2009 22:23:17
00784 c31-202    ./betwcent /work  Done                     12/15/2009 22:23:17
00785 c31-202    ./betwcent /work  Done                     12/15/2009 22:23:17
00786 c31-202    ./betwcent /work  Done                     12/15/2009 22:23:17
00787 c31-202    ./betwcent /work  Done                     12/15/2009 22:23:17
00788 c26-110    ./betwcent /work  Done                     12/15/2009 22:23:17
00789 c26-110    ./betwcent /work  Done                     12/15/2009 22:23:17
00790 c26-110    ./betwcent /work  Done                     12/15/2009 22:23:17
00791 c26-110    ./betwcent /work  Done                     12/15/2009 22:23:17
00792 c29-204    ./betwcent /work  Done                     12/15/2009 22:23:17
00793 c29-204    ./betwcent /work  Done                     12/15/2009 22:23:17
00794 c29-204    ./betwcent /work  Done                     12/15/2009 22:23:17
00795 c29-204    ./betwcent /work  Done                     12/15/2009 22:23:17
00796 c29-208    ./betwcent /work  Done                     12/15/2009 22:23:17
00797 c29-208    ./betwcent /work  Done                     12/15/2009 22:23:17
00798 c29-208    ./betwcent /work  Done                     12/15/2009 22:23:17
00799 c29-208    ./betwcent /work  Done                     12/15/2009 22:23:17
00800 c44-310    ./betwcent /work  Done                     12/15/2009 22:23:17
00801 c44-310    ./betwcent /work  Done                     12/15/2009 22:23:17
00802 c44-310    ./betwcent /work  Done                     12/15/2009 22:23:17
00803 c44-310    ./betwcent /work  Done                     12/15/2009 22:23:17
00804 c11-105    ./betwcent /work  Done                     12/15/2009 22:23:17
00805 c11-105    ./betwcent /work  Done                     12/15/2009 22:23:17
00806 c11-105    ./betwcent /work  Done                     12/15/2009 22:23:17
00807 c11-105    ./betwcent /work  Done                     12/15/2009 22:23:17
00808 c23-210    ./betwcent /work  Done                     12/15/2009 22:23:17
00809 c23-210    ./betwcent /work  Done                     12/15/2009 22:23:17
00810 c23-210    ./betwcent /work  Done                     12/15/2009 22:23:17
00811 c23-210    ./betwcent /work  Done                     12/15/2009 22:23:17
00812 c29-110    ./betwcent /work  Done                     12/15/2009 22:23:17
00813 c29-110    ./betwcent /work  Done                     12/15/2009 22:23:17
00814 c29-110    ./betwcent /work  Done                     12/15/2009 22:23:17
00815 c29-110    ./betwcent /work  Done                     12/15/2009 22:23:17
00816 c12-106    ./betwcent /work  Done                     12/15/2009 22:23:17
00817 c12-106    ./betwcent /work  Done                     12/15/2009 22:23:17
00818 c12-106    ./betwcent /work  Done                     12/15/2009 22:23:17
00819 c12-106    ./betwcent /work  Done                     12/15/2009 22:23:17
00820 c22-308    ./betwcent /work  Done                     12/15/2009 22:23:17
00821 c22-308    ./betwcent /work  Done                     12/15/2009 22:23:17
00822 c22-308    ./betwcent /work  Done                     12/15/2009 22:23:17
00823 c22-308    ./betwcent /work  Done                     12/15/2009 22:23:17
00824 c16-106    ./betwcent /work  Done                     12/15/2009 22:23:17
00825 c16-106    ./betwcent /work  Done                     12/15/2009 22:23:17
00826 c16-106    ./betwcent /work  Done                     12/15/2009 22:23:17
00827 c16-106    ./betwcent /work  Done                     12/15/2009 22:23:17
00828 c45-304    ./betwcent /work  Done                     12/15/2009 22:23:17
00829 c45-304    ./betwcent /work  Done                     12/15/2009 22:23:17
00830 c45-304    ./betwcent /work  Done                     12/15/2009 22:23:17
00831 c45-304    ./betwcent /work  Done                     12/15/2009 22:23:17
00832 c45-406    ./betwcent /work  Done                     12/15/2009 22:23:17
00833 c45-406    ./betwcent /work  Done                     12/15/2009 22:23:17
00834 c45-406    ./betwcent /work  Done                     12/15/2009 22:23:17
00835 c45-406    ./betwcent /work  Done                     12/15/2009 22:23:17
00836 c25-203    ./betwcent /work  Done                     12/15/2009 22:23:17
00837 c25-203    ./betwcent /work  Done                     12/15/2009 22:23:17
00838 c25-203    ./betwcent /work  Done                     12/15/2009 22:23:17
00839 c25-203    ./betwcent /work  Done                     12/15/2009 22:23:17
00840 c16-305    ./betwcent /work  Done                     12/15/2009 22:23:17
00841 c16-305    ./betwcent /work  Done                     12/15/2009 22:23:17
00842 c16-305    ./betwcent /work  Done                     12/15/2009 22:23:17
00843 c16-305    ./betwcent /work  Done                     12/15/2009 22:23:17
00844 c14-308    ./betwcent /work  Done                     12/15/2009 22:23:17
00845 c14-308    ./betwcent /work  Done                     12/15/2009 22:23:17
00846 c14-308    ./betwcent /work  Done                     12/15/2009 22:23:17
00847 c14-308    ./betwcent /work  Done                     12/15/2009 22:23:17
00848 c33-101    ./betwcent /work  Done                     12/15/2009 22:23:17
00849 c33-101    ./betwcent /work  Done                     12/15/2009 22:23:17
00850 c33-101    ./betwcent /work  Done                     12/15/2009 22:23:17
00851 c33-101    ./betwcent /work  Done                     12/15/2009 22:23:17
00852 c20-106    ./betwcent /work  Done                     12/15/2009 22:23:17
00853 c20-106    ./betwcent /work  Done                     12/15/2009 22:23:17
00854 c20-106    ./betwcent /work  Done                     12/15/2009 22:23:17
00855 c20-106    ./betwcent /work  Done                     12/15/2009 22:23:17
00856 c24-108    ./betwcent /work  Done                     12/15/2009 22:23:17
00857 c24-108    ./betwcent /work  Done                     12/15/2009 22:23:17
00858 c24-108    ./betwcent /work  Done                     12/15/2009 22:23:17
00859 c24-108    ./betwcent /work  Done                     12/15/2009 22:23:17
00860 c36-101    ./betwcent /work  Done                     12/15/2009 22:23:17
00861 c36-101    ./betwcent /work  Done                     12/15/2009 22:23:17
00862 c36-101    ./betwcent /work  Done                     12/15/2009 22:23:17
00863 c36-101    ./betwcent /work  Done                     12/15/2009 22:23:17
00864 c41-103    ./betwcent /work  Done                     12/15/2009 22:23:17
00865 c41-103    ./betwcent /work  Done                     12/15/2009 22:23:17
00866 c41-103    ./betwcent /work  Done                     12/15/2009 22:23:17
00867 c41-103    ./betwcent /work  Done                     12/15/2009 22:23:17
00868 c39-202    ./betwcent /work  Done                     12/15/2009 22:23:17
00869 c39-202    ./betwcent /work  Done                     12/15/2009 22:23:17
00870 c39-202    ./betwcent /work  Done                     12/15/2009 22:23:17
00871 c39-202    ./betwcent /work  Done                     12/15/2009 22:23:17
00872 c33-410    ./betwcent /work  Done                     12/15/2009 22:23:17
00873 c33-410    ./betwcent /work  Done                     12/15/2009 22:23:17
00874 c33-410    ./betwcent /work  Done                     12/15/2009 22:23:17
00875 c33-410    ./betwcent /work  Done                     12/15/2009 22:23:17
00876 c31-310    ./betwcent /work  Done                     12/15/2009 22:23:17
00877 c31-310    ./betwcent /work  Done                     12/15/2009 22:23:17
00878 c31-310    ./betwcent /work  Done                     12/15/2009 22:23:17
00879 c31-310    ./betwcent /work  Done                     12/15/2009 22:23:17
00880 c16-206    ./betwcent /work  Done                     12/15/2009 22:23:17
00881 c16-206    ./betwcent /work  Done                     12/15/2009 22:23:17
00882 c16-206    ./betwcent /work  Done                     12/15/2009 22:23:17
00883 c16-206    ./betwcent /work  Done                     12/15/2009 22:23:17
00884 c20-110    ./betwcent /work  Done                     12/15/2009 22:23:17
00885 c20-110    ./betwcent /work  Done                     12/15/2009 22:23:17
00886 c20-110    ./betwcent /work  Done                     12/15/2009 22:23:17
00887 c20-110    ./betwcent /work  Done                     12/15/2009 22:23:17
00888 c15-309    ./betwcent /work  Done                     12/15/2009 22:23:17
00889 c15-309    ./betwcent /work  Done                     12/15/2009 22:23:17
00890 c15-309    ./betwcent /work  Done                     12/15/2009 22:23:17
00891 c15-309    ./betwcent /work  Done                     12/15/2009 22:23:17
00892 c41-104    ./betwcent /work  Done                     12/15/2009 22:23:17
00893 c41-104    ./betwcent /work  Done                     12/15/2009 22:23:17
00894 c41-104    ./betwcent /work  Done                     12/15/2009 22:23:17
00895 c41-104    ./betwcent /work  Done                     12/15/2009 22:23:17
00896 c26-102    ./betwcent /work  Done                     12/15/2009 22:23:17
00897 c26-102    ./betwcent /work  Done                     12/15/2009 22:23:17
00898 c26-102    ./betwcent /work  Done                     12/15/2009 22:23:17
00899 c26-102    ./betwcent /work  Done                     12/15/2009 22:23:17

------------------------------------------------------------
Sender: LSF System <lsfadmin@c26-102>
Subject: Job 340253: <betwcentp900> Done

Job <betwcentp900> was submitted from host <lslogin1> by user <tg459476>.
Job was executed on host(s) <4*c26-102>, in queue <hero>, as user <tg459476>.
                            <4*c41-104>
                            <4*c15-309>
                            <4*c20-110>
                            <4*c16-206>
                            <4*c31-310>
                            <4*c33-410>
                            <4*c39-202>
                            <4*c41-103>
                            <4*c36-101>
                            <4*c24-108>
                            <4*c20-106>
                            <4*c33-101>
                            <4*c14-308>
                            <4*c16-305>
                            <4*c25-203>
                            <4*c45-406>
                            <4*c45-304>
                            <4*c16-106>
                            <4*c22-308>
                            <4*c12-106>
                            <4*c29-110>
                            <4*c23-210>
                            <4*c11-105>
                            <4*c44-310>
                            <4*c29-208>
                            <4*c29-204>
                            <4*c26-110>
                            <4*c31-202>
                            <4*c21-303>
                            <4*c22-310>
                            <4*c16-307>
                            <4*c24-205>
                            <4*c24-110>
                            <4*c13-210>
                            <4*c36-403>
                            <4*c41-101>
                            <4*c44-107>
                            <4*c23-105>
                            <4*c42-301>
                            <4*c30-301>
                            <4*c15-203>
                            <4*c27-405>
                            <4*c26-309>
                            <4*c38-308>
                            <4*c31-308>
                            <4*c37-104>
                            <4*c26-305>
                            <4*c43-307>
                            <4*c36-209>
                            <4*c14-306>
                            <4*c16-207>
                            <4*c22-406>
                            <4*c22-301>
                            <4*c32-310>
                            <4*c42-104>
                            <4*c27-308>
                            <4*c38-205>
                            <4*c20-206>
                            <4*c13-108>
                            <4*c19-206>
                            <4*c36-304>
                            <4*c33-104>
                            <4*c23-305>
                            <4*c40-305>
                            <4*c45-409>
                            <4*c18-208>
                            <4*c22-208>
                            <4*c41-408>
                            <4*c22-202>
                            <4*c32-308>
                            <4*c27-110>
                            <4*c32-201>
                            <4*c25-409>
                            <4*c21-201>
                            <4*c40-106>
                            <4*c28-302>
                            <4*c10-107>
                            <4*c41-406>
                            <4*c35-301>
                            <4*c31-201>
                            <4*c17-105>
                            <4*c40-104>
                            <4*c33-406>
                            <4*c34-107>
                            <4*c39-104>
                            <4*c44-205>
                            <4*c30-410>
                            <4*c43-302>
                            <4*c43-206>
                            <4*c13-207>
                            <4*c44-201>
                            <4*c36-102>
                            <4*c22-105>
                            <4*c35-102>
                            <4*c20-307>
                            <4*c10-202>
                            <4*c24-109>
                            <4*c31-105>
                            <4*c14-205>
                            <4*c37-103>
                            <4*c25-103>
                            <4*c21-103>
                            <4*c12-207>
                            <4*c37-105>
                            <4*c22-410>
                            <4*c11-205>
                            <4*c20-108>
                            <4*c30-101>
                            <4*c15-108>
                            <4*c25-110>
                            <4*c43-106>
                            <4*c26-301>
                            <4*c38-206>
                            <4*c15-106>
                            <4*c41-106>
                            <4*c27-306>
                            <4*c44-104>
                            <4*c21-205>
                            <4*c15-303>
                            <4*c33-305>
                            <4*c20-102>
                            <4*c40-310>
                            <4*c21-307>
                            <4*c26-308>
                            <4*c13-310>
                            <4*c18-110>
                            <4*c36-408>
                            <4*c42-204>
                            <4*c32-409>
                            <4*c22-210>
                            <4*c44-404>
                            <4*c33-407>
                            <4*c37-304>
                            <4*c27-103>
                            <4*c27-201>
                            <4*c29-306>
                            <4*c17-209>
                            <4*c36-407>
                            <4*c32-408>
                            <4*c38-109>
                            <4*c39-105>
                            <4*c19-204>
                            <4*c29-408>
                            <4*c11-103>
                            <4*c28-102>
                            <4*c40-206>
                            <4*c35-208>
                            <4*c27-409>
                            <4*c28-308>
                            <4*c29-202>
                            <4*c25-303>
                            <4*c38-410>
                            <4*c11-102>
                            <4*c14-208>
                            <4*c37-408>
                            <4*c13-101>
                            <4*c34-306>
                            <4*c27-206>
                            <4*c32-107>
                            <4*c39-103>
                            <4*c40-409>
                            <4*c34-409>
                            <4*c24-305>
                            <4*c25-410>
                            <4*c26-406>
                            <4*c22-307>
                            <4*c45-309>
                            <4*c28-206>
                            <4*c35-309>
                            <4*c19-203>
                            <4*c32-106>
                            <4*c31-209>
                            <4*c26-103>
                            <4*c32-403>
                            <4*c20-210>
                            <4*c33-408>
                            <4*c13-103>
                            <4*c13-306>
                            <4*c18-207>
                            <4*c43-203>
                            <4*c42-101>
                            <4*c44-106>
                            <4*c36-110>
                            <4*c26-202>
                            <4*c31-207>
                            <4*c20-209>
                            <4*c30-203>
                            <4*c39-401>
                            <4*c39-102>
                            <4*c43-310>
                            <4*c25-207>
                            <4*c20-301>
                            <4*c24-403>
                            <4*c37-307>
                            <4*c25-208>
                            <4*c38-204>
                            <4*c29-309>
                            <4*c23-408>
                            <4*c25-209>
                            <4*c27-407>
                            <4*c38-301>
                            <4*c33-307>
                            <4*c32-303>
                            <4*c42-403>
                            <4*c35-108>
                            <4*c28-309>
                            <4*c22-209>
                            <4*c24-103>
                            <4*c21-102>
                            <4*c41-409>
                            <4*c23-209>
                            <4*c36-301>
                            <4*c30-208>
                            <4*c35-204>
                            <4*c30-206>
                            <4*c35-304>
                            <4*c20-303>
                            <4*c44-208>
                            <4*c13-104>
                            <4*c35-203>
                            <4*c17-101>
                            <4*c16-105>
                            <4*c41-201>
                            <4*c34-309>
</home/teragrid/tg459476> was used as the home directory.
</home/teragrid/tg459476/Release_PSpGEMM/PSpGEMM-R1/Applications> was used as the working directory.
Started at Tue Dec 15 22:14:29 2009
Results reported at Tue Dec 15 22:23:23 2009

Your job looked like:

------------------------------------------------------------
# LSBATCH: User input
#!/bin/tcsh 			  
				  # first line specifies shell
#BSUB -J betwcentp900 		  #name the job "jobname"
#BSUB -o out.o%J   		  #output->   out.o&ltjobID>
#BSUB -e err.o%J   		  #error -> error.o&ltjobID>
#BSUB -n 900 -W 0:30               #1 CPU cores and 0hr+15min
#BSUB -q hero                   #Use development queue.
#BSUB -R 'span[ptile=4]'	  # 4 MPI task per node
set echo                          #Echo all commands.
cd $LS_SUBCWD                     #cd to directory of submission
ibrun ./betwcent $WORK/SCALE22BTW-TRANSBOOL 12 256  # 16 processors on the row, each has batch=512/8=32; 2^12 = 4096 starting vertices overall

------------------------------------------------------------

Successfully completed.

Resource usage summary:

    CPU time   : 427124.09 sec.

The output (if any) is above this job summary.



PS:

Read file <err.o340253> for stderr output of this job.

