*** Batchsize is not evenly divisible by the grid dimension ***
*** Processing 3968 vertices instead
Batch processing will occur 8 times, each processing 496 vertices (overall)
Candidates chosen, precomputation finished
Exploring via BFS...
Tallying...
Adding bc contributions...
Exploring via BFS...
Tallying...
Adding bc contributions...
Exploring via BFS...
Tallying...
Adding bc contributions...
Exploring via BFS...
Tallying...
Adding bc contributions...
Exploring via BFS...
Tallying...
Adding bc contributions...
Exploring via BFS...
Tallying...
Adding bc contributions...
Exploring via BFS...
Tallying...
Adding bc contributions...
Exploring via BFS...
Tallying...
Adding bc contributions...
Computation finished
364.550386 seconds elapsed for 3968 starting vertices
TEPS score is: 357188619.067835
Job  mvapich_wrapper /opt/lsf/bin/TaskStarter -p c23-108:47474 -c /opt/lsf/conf -a X86_64 ./betwcent /work/teragrid/tg459476/SCALE22BTW-TRANSBOOL 12 512

TID   HOST_NAME   COMMAND_LINE            STATUS            TERMINATION_TIME
===== ========== ================  =======================  ===================
00000 c23-405    ./betwcent /work  Done                     12/11/2009 06:04:17
00001 c24-201    ./betwcent /work  Done                     12/11/2009 06:04:17
00002 c24-201    ./betwcent /work  Done                     12/11/2009 06:04:17
00003 c24-201    ./betwcent /work  Done                     12/11/2009 06:04:17
00004 c24-201    ./betwcent /work  Done                     12/11/2009 06:04:17
00005 c38-403    ./betwcent /work  Done                     12/11/2009 06:04:17
00006 c38-403    ./betwcent /work  Done                     12/11/2009 06:04:17
00007 c38-403    ./betwcent /work  Done                     12/11/2009 06:04:17
00008 c38-403    ./betwcent /work  Done                     12/11/2009 06:04:17
00009 c34-208    ./betwcent /work  Done                     12/11/2009 06:04:17
00010 c34-208    ./betwcent /work  Done                     12/11/2009 06:04:17
00011 c34-208    ./betwcent /work  Done                     12/11/2009 06:04:17
00012 c34-208    ./betwcent /work  Done                     12/11/2009 06:04:17
00013 c39-305    ./betwcent /work  Done                     12/11/2009 06:04:17
00014 c39-305    ./betwcent /work  Done                     12/11/2009 06:04:17
00015 c39-305    ./betwcent /work  Done                     12/11/2009 06:04:17
00016 c39-305    ./betwcent /work  Done                     12/11/2009 06:04:17
00017 c19-207    ./betwcent /work  Done                     12/11/2009 06:04:17
00018 c19-207    ./betwcent /work  Done                     12/11/2009 06:04:17
00019 c19-207    ./betwcent /work  Done                     12/11/2009 06:04:17
00020 c19-207    ./betwcent /work  Done                     12/11/2009 06:04:17
00021 c26-208    ./betwcent /work  Done                     12/11/2009 06:04:17
00022 c26-208    ./betwcent /work  Done                     12/11/2009 06:04:17
00023 c26-208    ./betwcent /work  Done                     12/11/2009 06:04:17
00024 c26-208    ./betwcent /work  Done                     12/11/2009 06:04:17
00025 c28-104    ./betwcent /work  Done                     12/11/2009 06:04:17
00026 c28-104    ./betwcent /work  Done                     12/11/2009 06:04:17
00027 c28-104    ./betwcent /work  Done                     12/11/2009 06:04:17
00028 c28-104    ./betwcent /work  Done                     12/11/2009 06:04:17
00029 c35-210    ./betwcent /work  Done                     12/11/2009 06:04:17
00030 c35-210    ./betwcent /work  Done                     12/11/2009 06:04:17
00031 c35-210    ./betwcent /work  Done                     12/11/2009 06:04:17
00032 c35-210    ./betwcent /work  Done                     12/11/2009 06:04:17
00033 c45-308    ./betwcent /work  Done                     12/11/2009 06:04:17
00034 c45-308    ./betwcent /work  Done                     12/11/2009 06:04:17
00035 c45-308    ./betwcent /work  Done                     12/11/2009 06:04:17
00036 c45-308    ./betwcent /work  Done                     12/11/2009 06:04:17
00037 c23-310    ./betwcent /work  Done                     12/11/2009 06:04:17
00038 c23-310    ./betwcent /work  Done                     12/11/2009 06:04:17
00039 c23-310    ./betwcent /work  Done                     12/11/2009 06:04:17
00040 c23-310    ./betwcent /work  Done                     12/11/2009 06:04:17
00041 c23-402    ./betwcent /work  Done                     12/11/2009 06:04:17
00042 c23-402    ./betwcent /work  Done                     12/11/2009 06:04:17
00043 c23-402    ./betwcent /work  Done                     12/11/2009 06:04:17
00044 c23-402    ./betwcent /work  Done                     12/11/2009 06:04:17
00045 c43-409    ./betwcent /work  Done                     12/11/2009 06:04:17
00046 c43-409    ./betwcent /work  Done                     12/11/2009 06:04:17
00047 c43-409    ./betwcent /work  Done                     12/11/2009 06:04:17
00048 c43-409    ./betwcent /work  Done                     12/11/2009 06:04:17
00049 c43-209    ./betwcent /work  Done                     12/11/2009 06:04:17
00050 c43-209    ./betwcent /work  Done                     12/11/2009 06:04:17
00051 c43-209    ./betwcent /work  Done                     12/11/2009 06:04:17
00052 c43-209    ./betwcent /work  Done                     12/11/2009 06:04:17
00053 c16-306    ./betwcent /work  Done                     12/11/2009 06:04:17
00054 c16-306    ./betwcent /work  Done                     12/11/2009 06:04:17
00055 c16-306    ./betwcent /work  Done                     12/11/2009 06:04:17
00056 c16-306    ./betwcent /work  Done                     12/11/2009 06:04:17
00057 c38-208    ./betwcent /work  Done                     12/11/2009 06:04:17
00058 c38-208    ./betwcent /work  Done                     12/11/2009 06:04:17
00059 c38-208    ./betwcent /work  Done                     12/11/2009 06:04:17
00060 c38-208    ./betwcent /work  Done                     12/11/2009 06:04:17
00061 c36-109    ./betwcent /work  Done                     12/11/2009 06:04:17
00062 c36-109    ./betwcent /work  Done                     12/11/2009 06:04:17
00063 c36-109    ./betwcent /work  Done                     12/11/2009 06:04:17
00064 c36-109    ./betwcent /work  Done                     12/11/2009 06:04:17
00065 c26-304    ./betwcent /work  Done                     12/11/2009 06:04:17
00066 c26-304    ./betwcent /work  Done                     12/11/2009 06:04:17
00067 c26-304    ./betwcent /work  Done                     12/11/2009 06:04:17
00068 c26-304    ./betwcent /work  Done                     12/11/2009 06:04:17
00069 c15-108    ./betwcent /work  Done                     12/11/2009 06:04:17
00070 c15-108    ./betwcent /work  Done                     12/11/2009 06:04:17
00071 c15-108    ./betwcent /work  Done                     12/11/2009 06:04:17
00072 c15-108    ./betwcent /work  Done                     12/11/2009 06:04:17
00073 c38-402    ./betwcent /work  Done                     12/11/2009 06:04:17
00074 c38-402    ./betwcent /work  Done                     12/11/2009 06:04:17
00075 c38-402    ./betwcent /work  Done                     12/11/2009 06:04:17
00076 c38-402    ./betwcent /work  Done                     12/11/2009 06:04:17
00077 c27-406    ./betwcent /work  Done                     12/11/2009 06:04:17
00078 c27-406    ./betwcent /work  Done                     12/11/2009 06:04:17
00079 c27-406    ./betwcent /work  Done                     12/11/2009 06:04:17
00080 c27-406    ./betwcent /work  Done                     12/11/2009 06:04:17
00081 c16-309    ./betwcent /work  Done                     12/11/2009 06:04:17
00082 c16-309    ./betwcent /work  Done                     12/11/2009 06:04:17
00083 c16-309    ./betwcent /work  Done                     12/11/2009 06:04:17
00084 c16-309    ./betwcent /work  Done                     12/11/2009 06:04:17
00085 c22-204    ./betwcent /work  Done                     12/11/2009 06:04:17
00086 c22-204    ./betwcent /work  Done                     12/11/2009 06:04:17
00087 c22-204    ./betwcent /work  Done                     12/11/2009 06:04:17
00088 c22-204    ./betwcent /work  Done                     12/11/2009 06:04:17
00089 c43-106    ./betwcent /work  Done                     12/11/2009 06:04:17
00090 c43-106    ./betwcent /work  Done                     12/11/2009 06:04:17
00091 c43-106    ./betwcent /work  Done                     12/11/2009 06:04:17
00092 c43-106    ./betwcent /work  Done                     12/11/2009 06:04:17
00093 c44-305    ./betwcent /work  Done                     12/11/2009 06:04:17
00094 c44-305    ./betwcent /work  Done                     12/11/2009 06:04:17
00095 c44-305    ./betwcent /work  Done                     12/11/2009 06:04:17
00096 c44-305    ./betwcent /work  Done                     12/11/2009 06:04:17
00097 c11-103    ./betwcent /work  Done                     12/11/2009 06:04:17
00098 c11-103    ./betwcent /work  Done                     12/11/2009 06:04:17
00099 c11-103    ./betwcent /work  Done                     12/11/2009 06:04:17
00100 c11-103    ./betwcent /work  Done                     12/11/2009 06:04:17
00101 c43-402    ./betwcent /work  Done                     12/11/2009 06:04:17
00102 c43-402    ./betwcent /work  Done                     12/11/2009 06:04:17
00103 c43-402    ./betwcent /work  Done                     12/11/2009 06:04:17
00104 c43-402    ./betwcent /work  Done                     12/11/2009 06:04:17
00105 c15-210    ./betwcent /work  Done                     12/11/2009 06:04:17
00106 c15-210    ./betwcent /work  Done                     12/11/2009 06:04:17
00107 c15-210    ./betwcent /work  Done                     12/11/2009 06:04:17
00108 c15-210    ./betwcent /work  Done                     12/11/2009 06:04:17
00109 c20-403    ./betwcent /work  Done                     12/11/2009 06:04:17
00110 c20-403    ./betwcent /work  Done                     12/11/2009 06:04:17
00111 c20-403    ./betwcent /work  Done                     12/11/2009 06:04:17
00112 c20-403    ./betwcent /work  Done                     12/11/2009 06:04:17
00113 c39-109    ./betwcent /work  Done                     12/11/2009 06:04:17
00114 c39-109    ./betwcent /work  Done                     12/11/2009 06:04:17
00115 c39-109    ./betwcent /work  Done                     12/11/2009 06:04:17
00116 c39-109    ./betwcent /work  Done                     12/11/2009 06:04:17
00117 c29-304    ./betwcent /work  Done                     12/11/2009 06:04:17
00118 c29-304    ./betwcent /work  Done                     12/11/2009 06:04:17
00119 c29-304    ./betwcent /work  Done                     12/11/2009 06:04:17
00120 c29-304    ./betwcent /work  Done                     12/11/2009 06:04:17
00121 c28-405    ./betwcent /work  Done                     12/11/2009 06:04:17
00122 c28-405    ./betwcent /work  Done                     12/11/2009 06:04:17
00123 c28-405    ./betwcent /work  Done                     12/11/2009 06:04:17
00124 c28-405    ./betwcent /work  Done                     12/11/2009 06:04:17
00125 c32-108    ./betwcent /work  Done                     12/11/2009 06:04:17
00126 c32-108    ./betwcent /work  Done                     12/11/2009 06:04:17
00127 c32-108    ./betwcent /work  Done                     12/11/2009 06:04:17
00128 c32-108    ./betwcent /work  Done                     12/11/2009 06:04:17
00129 c41-106    ./betwcent /work  Done                     12/11/2009 06:04:17
00130 c41-106    ./betwcent /work  Done                     12/11/2009 06:04:17
00131 c41-106    ./betwcent /work  Done                     12/11/2009 06:04:17
00132 c41-106    ./betwcent /work  Done                     12/11/2009 06:04:17
00133 c34-105    ./betwcent /work  Done                     12/11/2009 06:04:17
00134 c34-105    ./betwcent /work  Done                     12/11/2009 06:04:17
00135 c34-105    ./betwcent /work  Done                     12/11/2009 06:04:17
00136 c34-105    ./betwcent /work  Done                     12/11/2009 06:04:17
00137 c31-203    ./betwcent /work  Done                     12/11/2009 06:04:17
00138 c31-203    ./betwcent /work  Done                     12/11/2009 06:04:17
00139 c31-203    ./betwcent /work  Done                     12/11/2009 06:04:17
00140 c31-203    ./betwcent /work  Done                     12/11/2009 06:04:17
00141 c39-204    ./betwcent /work  Done                     12/11/2009 06:04:17
00142 c39-204    ./betwcent /work  Done                     12/11/2009 06:04:17
00143 c39-204    ./betwcent /work  Done                     12/11/2009 06:04:17
00144 c39-204    ./betwcent /work  Done                     12/11/2009 06:04:17
00145 c44-103    ./betwcent /work  Done                     12/11/2009 06:04:17
00146 c44-103    ./betwcent /work  Done                     12/11/2009 06:04:17
00147 c44-103    ./betwcent /work  Done                     12/11/2009 06:04:17
00148 c44-103    ./betwcent /work  Done                     12/11/2009 06:04:17
00149 c35-304    ./betwcent /work  Done                     12/11/2009 06:04:17
00150 c35-304    ./betwcent /work  Done                     12/11/2009 06:04:17
00151 c35-304    ./betwcent /work  Done                     12/11/2009 06:04:17
00152 c35-304    ./betwcent /work  Done                     12/11/2009 06:04:17
00153 c13-206    ./betwcent /work  Done                     12/11/2009 06:04:17
00154 c13-206    ./betwcent /work  Done                     12/11/2009 06:04:17
00155 c13-206    ./betwcent /work  Done                     12/11/2009 06:04:17
00156 c13-206    ./betwcent /work  Done                     12/11/2009 06:04:17
00157 c16-305    ./betwcent /work  Done                     12/11/2009 06:04:17
00158 c16-305    ./betwcent /work  Done                     12/11/2009 06:04:17
00159 c16-305    ./betwcent /work  Done                     12/11/2009 06:04:17
00160 c16-305    ./betwcent /work  Done                     12/11/2009 06:04:17
00161 c14-310    ./betwcent /work  Done                     12/11/2009 06:04:17
00162 c14-310    ./betwcent /work  Done                     12/11/2009 06:04:17
00163 c14-310    ./betwcent /work  Done                     12/11/2009 06:04:17
00164 c14-310    ./betwcent /work  Done                     12/11/2009 06:04:17
00165 c41-407    ./betwcent /work  Done                     12/11/2009 06:04:17
00166 c41-407    ./betwcent /work  Done                     12/11/2009 06:04:17
00167 c41-407    ./betwcent /work  Done                     12/11/2009 06:04:17
00168 c41-407    ./betwcent /work  Done                     12/11/2009 06:04:17
00169 c35-208    ./betwcent /work  Done                     12/11/2009 06:04:17
00170 c35-208    ./betwcent /work  Done                     12/11/2009 06:04:17
00171 c35-208    ./betwcent /work  Done                     12/11/2009 06:04:17
00172 c35-208    ./betwcent /work  Done                     12/11/2009 06:04:17
00173 c12-203    ./betwcent /work  Done                     12/11/2009 06:04:17
00174 c12-203    ./betwcent /work  Done                     12/11/2009 06:04:17
00175 c12-203    ./betwcent /work  Done                     12/11/2009 06:04:17
00176 c12-203    ./betwcent /work  Done                     12/11/2009 06:04:17
00177 c27-403    ./betwcent /work  Done                     12/11/2009 06:04:17
00178 c27-403    ./betwcent /work  Done                     12/11/2009 06:04:17
00179 c27-403    ./betwcent /work  Done                     12/11/2009 06:04:17
00180 c27-403    ./betwcent /work  Done                     12/11/2009 06:04:17
00181 c26-108    ./betwcent /work  Done                     12/11/2009 06:04:17
00182 c26-108    ./betwcent /work  Done                     12/11/2009 06:04:17
00183 c26-108    ./betwcent /work  Done                     12/11/2009 06:04:17
00184 c26-108    ./betwcent /work  Done                     12/11/2009 06:04:17
00185 c38-304    ./betwcent /work  Done                     12/11/2009 06:04:17
00186 c38-304    ./betwcent /work  Done                     12/11/2009 06:04:17
00187 c38-304    ./betwcent /work  Done                     12/11/2009 06:04:17
00188 c38-304    ./betwcent /work  Done                     12/11/2009 06:04:17
00189 c31-205    ./betwcent /work  Done                     12/11/2009 06:04:17
00190 c31-205    ./betwcent /work  Done                     12/11/2009 06:04:17
00191 c31-205    ./betwcent /work  Done                     12/11/2009 06:04:17
00192 c31-205    ./betwcent /work  Done                     12/11/2009 06:04:17
00193 c34-305    ./betwcent /work  Done                     12/11/2009 06:04:17
00194 c34-305    ./betwcent /work  Done                     12/11/2009 06:04:17
00195 c34-305    ./betwcent /work  Done                     12/11/2009 06:04:17
00196 c34-305    ./betwcent /work  Done                     12/11/2009 06:04:17
00197 c45-407    ./betwcent /work  Done                     12/11/2009 06:04:17
00198 c45-407    ./betwcent /work  Done                     12/11/2009 06:04:17
00199 c45-407    ./betwcent /work  Done                     12/11/2009 06:04:17
00200 c45-407    ./betwcent /work  Done                     12/11/2009 06:04:17
00201 c26-310    ./betwcent /work  Done                     12/11/2009 06:04:17
00202 c26-310    ./betwcent /work  Done                     12/11/2009 06:04:17
00203 c26-310    ./betwcent /work  Done                     12/11/2009 06:04:17
00204 c26-310    ./betwcent /work  Done                     12/11/2009 06:04:17
00205 c36-101    ./betwcent /work  Done                     12/11/2009 06:04:17
00206 c36-101    ./betwcent /work  Done                     12/11/2009 06:04:17
00207 c36-101    ./betwcent /work  Done                     12/11/2009 06:04:17
00208 c36-101    ./betwcent /work  Done                     12/11/2009 06:04:17
00209 c25-409    ./betwcent /work  Done                     12/11/2009 06:04:17
00210 c25-409    ./betwcent /work  Done                     12/11/2009 06:04:17
00211 c25-409    ./betwcent /work  Done                     12/11/2009 06:04:17
00212 c25-409    ./betwcent /work  Done                     12/11/2009 06:04:17
00213 c37-104    ./betwcent /work  Done                     12/11/2009 06:04:17
00214 c37-104    ./betwcent /work  Done                     12/11/2009 06:04:17
00215 c37-104    ./betwcent /work  Done                     12/11/2009 06:04:17
00216 c37-104    ./betwcent /work  Done                     12/11/2009 06:04:17
00217 c23-110    ./betwcent /work  Done                     12/11/2009 06:04:17
00218 c23-110    ./betwcent /work  Done                     12/11/2009 06:04:17
00219 c23-110    ./betwcent /work  Done                     12/11/2009 06:04:17
00220 c23-110    ./betwcent /work  Done                     12/11/2009 06:04:17
00221 c41-306    ./betwcent /work  Done                     12/11/2009 06:04:17
00222 c41-306    ./betwcent /work  Done                     12/11/2009 06:04:17
00223 c41-306    ./betwcent /work  Done                     12/11/2009 06:04:17
00224 c41-306    ./betwcent /work  Done                     12/11/2009 06:04:17
00225 c39-404    ./betwcent /work  Done                     12/11/2009 06:04:17
00226 c39-404    ./betwcent /work  Done                     12/11/2009 06:04:17
00227 c39-404    ./betwcent /work  Done                     12/11/2009 06:04:17
00228 c39-404    ./betwcent /work  Done                     12/11/2009 06:04:17
00229 c40-306    ./betwcent /work  Done                     12/11/2009 06:04:17
00230 c40-306    ./betwcent /work  Done                     12/11/2009 06:04:17
00231 c40-306    ./betwcent /work  Done                     12/11/2009 06:04:17
00232 c40-306    ./betwcent /work  Done                     12/11/2009 06:04:17
00233 c45-405    ./betwcent /work  Done                     12/11/2009 06:04:17
00234 c45-405    ./betwcent /work  Done                     12/11/2009 06:04:17
00235 c45-405    ./betwcent /work  Done                     12/11/2009 06:04:17
00236 c45-405    ./betwcent /work  Done                     12/11/2009 06:04:17
00237 c35-101    ./betwcent /work  Done                     12/11/2009 06:04:17
00238 c35-101    ./betwcent /work  Done                     12/11/2009 06:04:17
00239 c35-101    ./betwcent /work  Done                     12/11/2009 06:04:17
00240 c35-101    ./betwcent /work  Done                     12/11/2009 06:04:17
00241 c16-307    ./betwcent /work  Done                     12/11/2009 06:04:17
00242 c16-307    ./betwcent /work  Done                     12/11/2009 06:04:17
00243 c16-307    ./betwcent /work  Done                     12/11/2009 06:04:17
00244 c16-307    ./betwcent /work  Done                     12/11/2009 06:04:17
00245 c17-202    ./betwcent /work  Done                     12/11/2009 06:04:17
00246 c17-202    ./betwcent /work  Done                     12/11/2009 06:04:17
00247 c17-202    ./betwcent /work  Done                     12/11/2009 06:04:17
00248 c17-202    ./betwcent /work  Done                     12/11/2009 06:04:17
00249 c18-205    ./betwcent /work  Done                     12/11/2009 06:04:17
00250 c18-205    ./betwcent /work  Done                     12/11/2009 06:04:17
00251 c18-205    ./betwcent /work  Done                     12/11/2009 06:04:17
00252 c18-205    ./betwcent /work  Done                     12/11/2009 06:04:17
00253 c45-410    ./betwcent /work  Done                     12/11/2009 06:04:17
00254 c45-410    ./betwcent /work  Done                     12/11/2009 06:04:17
00255 c45-410    ./betwcent /work  Done                     12/11/2009 06:04:17
00256 c45-410    ./betwcent /work  Done                     12/11/2009 06:04:17
00257 c39-401    ./betwcent /work  Done                     12/11/2009 06:04:17
00258 c39-401    ./betwcent /work  Done                     12/11/2009 06:04:17
00259 c39-401    ./betwcent /work  Done                     12/11/2009 06:04:17
00260 c39-401    ./betwcent /work  Done                     12/11/2009 06:04:17
00261 c36-407    ./betwcent /work  Done                     12/11/2009 06:04:17
00262 c36-407    ./betwcent /work  Done                     12/11/2009 06:04:17
00263 c36-407    ./betwcent /work  Done                     12/11/2009 06:04:17
00264 c36-407    ./betwcent /work  Done                     12/11/2009 06:04:17
00265 c40-405    ./betwcent /work  Done                     12/11/2009 06:04:17
00266 c40-405    ./betwcent /work  Done                     12/11/2009 06:04:17
00267 c40-405    ./betwcent /work  Done                     12/11/2009 06:04:17
00268 c40-405    ./betwcent /work  Done                     12/11/2009 06:04:17
00269 c33-306    ./betwcent /work  Done                     12/11/2009 06:04:17
00270 c33-306    ./betwcent /work  Done                     12/11/2009 06:04:17
00271 c33-306    ./betwcent /work  Done                     12/11/2009 06:04:17
00272 c33-306    ./betwcent /work  Done                     12/11/2009 06:04:17
00273 c42-205    ./betwcent /work  Done                     12/11/2009 06:04:17
00274 c42-205    ./betwcent /work  Done                     12/11/2009 06:04:17
00275 c42-205    ./betwcent /work  Done                     12/11/2009 06:04:17
00276 c42-205    ./betwcent /work  Done                     12/11/2009 06:04:17
00277 c36-205    ./betwcent /work  Done                     12/11/2009 06:04:17
00278 c36-205    ./betwcent /work  Done                     12/11/2009 06:04:17
00279 c36-205    ./betwcent /work  Done                     12/11/2009 06:04:17
00280 c36-205    ./betwcent /work  Done                     12/11/2009 06:04:17
00281 c24-203    ./betwcent /work  Done                     12/11/2009 06:04:17
00282 c24-203    ./betwcent /work  Done                     12/11/2009 06:04:17
00283 c24-203    ./betwcent /work  Done                     12/11/2009 06:04:17
00284 c24-203    ./betwcent /work  Done                     12/11/2009 06:04:17
00285 c15-107    ./betwcent /work  Done                     12/11/2009 06:04:17
00286 c15-107    ./betwcent /work  Done                     12/11/2009 06:04:17
00287 c15-107    ./betwcent /work  Done                     12/11/2009 06:04:17
00288 c15-107    ./betwcent /work  Done                     12/11/2009 06:04:17
00289 c34-203    ./betwcent /work  Done                     12/11/2009 06:04:17
00290 c34-203    ./betwcent /work  Done                     12/11/2009 06:04:17
00291 c34-203    ./betwcent /work  Done                     12/11/2009 06:04:17
00292 c34-203    ./betwcent /work  Done                     12/11/2009 06:04:17
00293 c25-103    ./betwcent /work  Done                     12/11/2009 06:04:17
00294 c25-103    ./betwcent /work  Done                     12/11/2009 06:04:17
00295 c25-103    ./betwcent /work  Done                     12/11/2009 06:04:17
00296 c25-103    ./betwcent /work  Done                     12/11/2009 06:04:17
00297 c36-104    ./betwcent /work  Done                     12/11/2009 06:04:17
00298 c36-104    ./betwcent /work  Done                     12/11/2009 06:04:17
00299 c36-104    ./betwcent /work  Done                     12/11/2009 06:04:17
00300 c36-104    ./betwcent /work  Done                     12/11/2009 06:04:17
00301 c34-204    ./betwcent /work  Done                     12/11/2009 06:04:17
00302 c34-204    ./betwcent /work  Done                     12/11/2009 06:04:17
00303 c34-204    ./betwcent /work  Done                     12/11/2009 06:04:17
00304 c34-204    ./betwcent /work  Done                     12/11/2009 06:04:17
00305 c39-304    ./betwcent /work  Done                     12/11/2009 06:04:17
00306 c39-304    ./betwcent /work  Done                     12/11/2009 06:04:17
00307 c39-304    ./betwcent /work  Done                     12/11/2009 06:04:17
00308 c39-304    ./betwcent /work  Done                     12/11/2009 06:04:17
00309 c20-305    ./betwcent /work  Done                     12/11/2009 06:04:17
00310 c20-305    ./betwcent /work  Done                     12/11/2009 06:04:17
00311 c20-305    ./betwcent /work  Done                     12/11/2009 06:04:17
00312 c20-305    ./betwcent /work  Done                     12/11/2009 06:04:17
00313 c30-401    ./betwcent /work  Done                     12/11/2009 06:04:17
00314 c30-401    ./betwcent /work  Done                     12/11/2009 06:04:17
00315 c30-401    ./betwcent /work  Done                     12/11/2009 06:04:17
00316 c30-401    ./betwcent /work  Done                     12/11/2009 06:04:17
00317 c27-101    ./betwcent /work  Done                     12/11/2009 06:04:17
00318 c27-101    ./betwcent /work  Done                     12/11/2009 06:04:17
00319 c27-101    ./betwcent /work  Done                     12/11/2009 06:04:17
00320 c27-101    ./betwcent /work  Done                     12/11/2009 06:04:17
00321 c32-402    ./betwcent /work  Done                     12/11/2009 06:04:17
00322 c32-402    ./betwcent /work  Done                     12/11/2009 06:04:17
00323 c32-402    ./betwcent /work  Done                     12/11/2009 06:04:17
00324 c32-402    ./betwcent /work  Done                     12/11/2009 06:04:17
00325 c35-105    ./betwcent /work  Done                     12/11/2009 06:04:17
00326 c35-105    ./betwcent /work  Done                     12/11/2009 06:04:17
00327 c35-105    ./betwcent /work  Done                     12/11/2009 06:04:17
00328 c35-105    ./betwcent /work  Done                     12/11/2009 06:04:17
00329 c44-409    ./betwcent /work  Done                     12/11/2009 06:04:17
00330 c44-409    ./betwcent /work  Done                     12/11/2009 06:04:17
00331 c44-409    ./betwcent /work  Done                     12/11/2009 06:04:17
00332 c44-409    ./betwcent /work  Done                     12/11/2009 06:04:17
00333 c27-105    ./betwcent /work  Done                     12/11/2009 06:04:17
00334 c27-105    ./betwcent /work  Done                     12/11/2009 06:04:17
00335 c27-105    ./betwcent /work  Done                     12/11/2009 06:04:17
00336 c27-105    ./betwcent /work  Done                     12/11/2009 06:04:17
00337 c22-406    ./betwcent /work  Done                     12/11/2009 06:04:17
00338 c22-406    ./betwcent /work  Done                     12/11/2009 06:04:17
00339 c22-406    ./betwcent /work  Done                     12/11/2009 06:04:17
00340 c22-406    ./betwcent /work  Done                     12/11/2009 06:04:17
00341 c41-207    ./betwcent /work  Done                     12/11/2009 06:04:17
00342 c41-207    ./betwcent /work  Done                     12/11/2009 06:04:17
00343 c41-207    ./betwcent /work  Done                     12/11/2009 06:04:17
00344 c41-207    ./betwcent /work  Done                     12/11/2009 06:04:17
00345 c34-201    ./betwcent /work  Done                     12/11/2009 06:04:17
00346 c34-201    ./betwcent /work  Done                     12/11/2009 06:04:17
00347 c34-201    ./betwcent /work  Done                     12/11/2009 06:04:17
00348 c34-201    ./betwcent /work  Done                     12/11/2009 06:04:17
00349 c24-208    ./betwcent /work  Done                     12/11/2009 06:04:17
00350 c24-208    ./betwcent /work  Done                     12/11/2009 06:04:17
00351 c24-208    ./betwcent /work  Done                     12/11/2009 06:04:17
00352 c24-208    ./betwcent /work  Done                     12/11/2009 06:04:17
00353 c22-307    ./betwcent /work  Done                     12/11/2009 06:04:17
00354 c22-307    ./betwcent /work  Done                     12/11/2009 06:04:17
00355 c22-307    ./betwcent /work  Done                     12/11/2009 06:04:17
00356 c22-307    ./betwcent /work  Done                     12/11/2009 06:04:17
00357 c42-101    ./betwcent /work  Done                     12/11/2009 06:04:17
00358 c42-101    ./betwcent /work  Done                     12/11/2009 06:04:17
00359 c42-101    ./betwcent /work  Done                     12/11/2009 06:04:17
00360 c42-101    ./betwcent /work  Done                     12/11/2009 06:04:17
00361 c20-101    ./betwcent /work  Done                     12/11/2009 06:04:17
00362 c20-101    ./betwcent /work  Done                     12/11/2009 06:04:17
00363 c20-101    ./betwcent /work  Done                     12/11/2009 06:04:17
00364 c20-101    ./betwcent /work  Done                     12/11/2009 06:04:17
00365 c29-405    ./betwcent /work  Done                     12/11/2009 06:04:17
00366 c29-405    ./betwcent /work  Done                     12/11/2009 06:04:17
00367 c29-405    ./betwcent /work  Done                     12/11/2009 06:04:17
00368 c29-405    ./betwcent /work  Done                     12/11/2009 06:04:17
00369 c30-310    ./betwcent /work  Done                     12/11/2009 06:04:17
00370 c30-310    ./betwcent /work  Done                     12/11/2009 06:04:17
00371 c30-310    ./betwcent /work  Done                     12/11/2009 06:04:17
00372 c30-310    ./betwcent /work  Done                     12/11/2009 06:04:17
00373 c42-402    ./betwcent /work  Done                     12/11/2009 06:04:17
00374 c42-402    ./betwcent /work  Done                     12/11/2009 06:04:17
00375 c42-402    ./betwcent /work  Done                     12/11/2009 06:04:17
00376 c42-402    ./betwcent /work  Done                     12/11/2009 06:04:17
00377 c31-307    ./betwcent /work  Done                     12/11/2009 06:04:17
00378 c31-307    ./betwcent /work  Done                     12/11/2009 06:04:17
00379 c31-307    ./betwcent /work  Done                     12/11/2009 06:04:17
00380 c31-307    ./betwcent /work  Done                     12/11/2009 06:04:17
00381 c33-308    ./betwcent /work  Done                     12/11/2009 06:04:17
00382 c33-308    ./betwcent /work  Done                     12/11/2009 06:04:17
00383 c33-308    ./betwcent /work  Done                     12/11/2009 06:04:17
00384 c33-308    ./betwcent /work  Done                     12/11/2009 06:04:17
00385 c26-410    ./betwcent /work  Done                     12/11/2009 06:04:17
00386 c26-410    ./betwcent /work  Done                     12/11/2009 06:04:17
00387 c26-410    ./betwcent /work  Done                     12/11/2009 06:04:17
00388 c26-410    ./betwcent /work  Done                     12/11/2009 06:04:17
00389 c28-205    ./betwcent /work  Done                     12/11/2009 06:04:17
00390 c28-205    ./betwcent /work  Done                     12/11/2009 06:04:17
00391 c28-205    ./betwcent /work  Done                     12/11/2009 06:04:17
00392 c28-205    ./betwcent /work  Done                     12/11/2009 06:04:17
00393 c28-302    ./betwcent /work  Done                     12/11/2009 06:04:17
00394 c28-302    ./betwcent /work  Done                     12/11/2009 06:04:17
00395 c28-302    ./betwcent /work  Done                     12/11/2009 06:04:17
00396 c28-302    ./betwcent /work  Done                     12/11/2009 06:04:17
00397 c13-103    ./betwcent /work  Done                     12/11/2009 06:04:17
00398 c13-103    ./betwcent /work  Done                     12/11/2009 06:04:17
00399 c13-103    ./betwcent /work  Done                     12/11/2009 06:04:17
00400 c13-103    ./betwcent /work  Done                     12/11/2009 06:04:17
00401 c27-307    ./betwcent /work  Done                     12/11/2009 06:04:17
00402 c27-307    ./betwcent /work  Done                     12/11/2009 06:04:17
00403 c27-307    ./betwcent /work  Done                     12/11/2009 06:04:17
00404 c27-307    ./betwcent /work  Done                     12/11/2009 06:04:17
00405 c40-102    ./betwcent /work  Done                     12/11/2009 06:04:17
00406 c40-102    ./betwcent /work  Done                     12/11/2009 06:04:17
00407 c40-102    ./betwcent /work  Done                     12/11/2009 06:04:17
00408 c40-102    ./betwcent /work  Done                     12/11/2009 06:04:17
00409 c30-404    ./betwcent /work  Done                     12/11/2009 06:04:17
00410 c30-404    ./betwcent /work  Done                     12/11/2009 06:04:17
00411 c30-404    ./betwcent /work  Done                     12/11/2009 06:04:17
00412 c30-404    ./betwcent /work  Done                     12/11/2009 06:04:17
00413 c25-305    ./betwcent /work  Done                     12/11/2009 06:04:17
00414 c25-305    ./betwcent /work  Done                     12/11/2009 06:04:17
00415 c25-305    ./betwcent /work  Done                     12/11/2009 06:04:17
00416 c25-305    ./betwcent /work  Done                     12/11/2009 06:04:17
00417 c34-407    ./betwcent /work  Done                     12/11/2009 06:04:17
00418 c34-407    ./betwcent /work  Done                     12/11/2009 06:04:17
00419 c34-407    ./betwcent /work  Done                     12/11/2009 06:04:17
00420 c34-407    ./betwcent /work  Done                     12/11/2009 06:04:17
00421 c41-204    ./betwcent /work  Done                     12/11/2009 06:04:17
00422 c41-204    ./betwcent /work  Done                     12/11/2009 06:04:17
00423 c41-204    ./betwcent /work  Done                     12/11/2009 06:04:17
00424 c41-204    ./betwcent /work  Done                     12/11/2009 06:04:17
00425 c31-106    ./betwcent /work  Done                     12/11/2009 06:04:17
00426 c31-106    ./betwcent /work  Done                     12/11/2009 06:04:17
00427 c31-106    ./betwcent /work  Done                     12/11/2009 06:04:17
00428 c31-106    ./betwcent /work  Done                     12/11/2009 06:04:17
00429 c37-209    ./betwcent /work  Done                     12/11/2009 06:04:17
00430 c37-209    ./betwcent /work  Done                     12/11/2009 06:04:17
00431 c37-209    ./betwcent /work  Done                     12/11/2009 06:04:17
00432 c37-209    ./betwcent /work  Done                     12/11/2009 06:04:17
00433 c36-409    ./betwcent /work  Done                     12/11/2009 06:04:17
00434 c36-409    ./betwcent /work  Done                     12/11/2009 06:04:17
00435 c36-409    ./betwcent /work  Done                     12/11/2009 06:04:17
00436 c36-409    ./betwcent /work  Done                     12/11/2009 06:04:17
00437 c27-409    ./betwcent /work  Done                     12/11/2009 06:04:17
00438 c27-409    ./betwcent /work  Done                     12/11/2009 06:04:17
00439 c27-409    ./betwcent /work  Done                     12/11/2009 06:04:17
00440 c27-409    ./betwcent /work  Done                     12/11/2009 06:04:17
00441 c25-205    ./betwcent /work  Done                     12/11/2009 06:04:17
00442 c25-205    ./betwcent /work  Done                     12/11/2009 06:04:17
00443 c25-205    ./betwcent /work  Done                     12/11/2009 06:04:17
00444 c25-205    ./betwcent /work  Done                     12/11/2009 06:04:17
00445 c44-405    ./betwcent /work  Done                     12/11/2009 06:04:17
00446 c44-405    ./betwcent /work  Done                     12/11/2009 06:04:17
00447 c44-405    ./betwcent /work  Done                     12/11/2009 06:04:17
00448 c44-405    ./betwcent /work  Done                     12/11/2009 06:04:17
00449 c38-302    ./betwcent /work  Done                     12/11/2009 06:04:17
00450 c38-302    ./betwcent /work  Done                     12/11/2009 06:04:17
00451 c38-302    ./betwcent /work  Done                     12/11/2009 06:04:17
00452 c38-302    ./betwcent /work  Done                     12/11/2009 06:04:17
00453 c15-207    ./betwcent /work  Done                     12/11/2009 06:04:17
00454 c15-207    ./betwcent /work  Done                     12/11/2009 06:04:17
00455 c15-207    ./betwcent /work  Done                     12/11/2009 06:04:17
00456 c15-207    ./betwcent /work  Done                     12/11/2009 06:04:17
00457 c35-108    ./betwcent /work  Done                     12/11/2009 06:04:17
00458 c35-108    ./betwcent /work  Done                     12/11/2009 06:04:17
00459 c35-108    ./betwcent /work  Done                     12/11/2009 06:04:17
00460 c35-108    ./betwcent /work  Done                     12/11/2009 06:04:17
00461 c44-303    ./betwcent /work  Done                     12/11/2009 06:04:17
00462 c44-303    ./betwcent /work  Done                     12/11/2009 06:04:17
00463 c44-303    ./betwcent /work  Done                     12/11/2009 06:04:17
00464 c44-303    ./betwcent /work  Done                     12/11/2009 06:04:17
00465 c30-104    ./betwcent /work  Done                     12/11/2009 06:04:17
00466 c30-104    ./betwcent /work  Done                     12/11/2009 06:04:17
00467 c30-104    ./betwcent /work  Done                     12/11/2009 06:04:17
00468 c30-104    ./betwcent /work  Done                     12/11/2009 06:04:17
00469 c31-210    ./betwcent /work  Done                     12/11/2009 06:04:17
00470 c31-210    ./betwcent /work  Done                     12/11/2009 06:04:17
00471 c31-210    ./betwcent /work  Done                     12/11/2009 06:04:17
00472 c31-210    ./betwcent /work  Done                     12/11/2009 06:04:17
00473 c40-403    ./betwcent /work  Done                     12/11/2009 06:04:17
00474 c40-403    ./betwcent /work  Done                     12/11/2009 06:04:17
00475 c40-403    ./betwcent /work  Done                     12/11/2009 06:04:17
00476 c40-403    ./betwcent /work  Done                     12/11/2009 06:04:17
00477 c39-405    ./betwcent /work  Done                     12/11/2009 06:04:17
00478 c39-405    ./betwcent /work  Done                     12/11/2009 06:04:17
00479 c39-405    ./betwcent /work  Done                     12/11/2009 06:04:17
00480 c39-405    ./betwcent /work  Done                     12/11/2009 06:04:17
00481 c35-307    ./betwcent /work  Done                     12/11/2009 06:04:17
00482 c35-307    ./betwcent /work  Done                     12/11/2009 06:04:17
00483 c35-307    ./betwcent /work  Done                     12/11/2009 06:04:17
00484 c35-307    ./betwcent /work  Done                     12/11/2009 06:04:17
00485 c31-302    ./betwcent /work  Done                     12/11/2009 06:04:17
00486 c31-302    ./betwcent /work  Done                     12/11/2009 06:04:17
00487 c31-302    ./betwcent /work  Done                     12/11/2009 06:04:17
00488 c31-302    ./betwcent /work  Done                     12/11/2009 06:04:17
00489 c29-404    ./betwcent /work  Done                     12/11/2009 06:04:17
00490 c29-404    ./betwcent /work  Done                     12/11/2009 06:04:17
00491 c29-404    ./betwcent /work  Done                     12/11/2009 06:04:17
00492 c29-404    ./betwcent /work  Done                     12/11/2009 06:04:17
00493 c26-309    ./betwcent /work  Done                     12/11/2009 06:04:17
00494 c26-309    ./betwcent /work  Done                     12/11/2009 06:04:17
00495 c26-309    ./betwcent /work  Done                     12/11/2009 06:04:17
00496 c26-309    ./betwcent /work  Done                     12/11/2009 06:04:17
00497 c38-203    ./betwcent /work  Done                     12/11/2009 06:04:17
00498 c38-203    ./betwcent /work  Done                     12/11/2009 06:04:17
00499 c38-203    ./betwcent /work  Done                     12/11/2009 06:04:17
00500 c38-203    ./betwcent /work  Done                     12/11/2009 06:04:17
00501 c36-304    ./betwcent /work  Done                     12/11/2009 06:04:17
00502 c36-304    ./betwcent /work  Done                     12/11/2009 06:04:17
00503 c36-304    ./betwcent /work  Done                     12/11/2009 06:04:17
00504 c36-304    ./betwcent /work  Done                     12/11/2009 06:04:17
00505 c35-201    ./betwcent /work  Done                     12/11/2009 06:04:17
00506 c35-201    ./betwcent /work  Done                     12/11/2009 06:04:17
00507 c35-201    ./betwcent /work  Done                     12/11/2009 06:04:17
00508 c35-201    ./betwcent /work  Done                     12/11/2009 06:04:17
00509 c10-210    ./betwcent /work  Done                     12/11/2009 06:04:17
00510 c10-210    ./betwcent /work  Done                     12/11/2009 06:04:17
00511 c10-210    ./betwcent /work  Done                     12/11/2009 06:04:17
00512 c10-210    ./betwcent /work  Done                     12/11/2009 06:04:17
00513 c35-104    ./betwcent /work  Done                     12/11/2009 06:04:17
00514 c35-104    ./betwcent /work  Done                     12/11/2009 06:04:17
00515 c35-104    ./betwcent /work  Done                     12/11/2009 06:04:17
00516 c35-104    ./betwcent /work  Done                     12/11/2009 06:04:17
00517 c37-403    ./betwcent /work  Done                     12/11/2009 06:04:17
00518 c37-403    ./betwcent /work  Done                     12/11/2009 06:04:17
00519 c37-403    ./betwcent /work  Done                     12/11/2009 06:04:17
00520 c37-403    ./betwcent /work  Done                     12/11/2009 06:04:17
00521 c19-204    ./betwcent /work  Done                     12/11/2009 06:04:17
00522 c19-204    ./betwcent /work  Done                     12/11/2009 06:04:17
00523 c19-204    ./betwcent /work  Done                     12/11/2009 06:04:17
00524 c19-204    ./betwcent /work  Done                     12/11/2009 06:04:17
00525 c34-302    ./betwcent /work  Done                     12/11/2009 06:04:17
00526 c34-302    ./betwcent /work  Done                     12/11/2009 06:04:17
00527 c34-302    ./betwcent /work  Done                     12/11/2009 06:04:17
00528 c34-302    ./betwcent /work  Done                     12/11/2009 06:04:17
00529 c26-407    ./betwcent /work  Done                     12/11/2009 06:04:17
00530 c26-407    ./betwcent /work  Done                     12/11/2009 06:04:17
00531 c26-407    ./betwcent /work  Done                     12/11/2009 06:04:17
00532 c26-407    ./betwcent /work  Done                     12/11/2009 06:04:17
00533 c37-102    ./betwcent /work  Done                     12/11/2009 06:04:17
00534 c37-102    ./betwcent /work  Done                     12/11/2009 06:04:17
00535 c37-102    ./betwcent /work  Done                     12/11/2009 06:04:17
00536 c37-102    ./betwcent /work  Done                     12/11/2009 06:04:17
00537 c34-108    ./betwcent /work  Done                     12/11/2009 06:04:17
00538 c34-108    ./betwcent /work  Done                     12/11/2009 06:04:17
00539 c34-108    ./betwcent /work  Done                     12/11/2009 06:04:17
00540 c34-108    ./betwcent /work  Done                     12/11/2009 06:04:17
00541 c33-110    ./betwcent /work  Done                     12/11/2009 06:04:17
00542 c33-110    ./betwcent /work  Done                     12/11/2009 06:04:17
00543 c33-110    ./betwcent /work  Done                     12/11/2009 06:04:17
00544 c33-110    ./betwcent /work  Done                     12/11/2009 06:04:17
00545 c12-201    ./betwcent /work  Done                     12/11/2009 06:04:17
00546 c12-201    ./betwcent /work  Done                     12/11/2009 06:04:17
00547 c12-201    ./betwcent /work  Done                     12/11/2009 06:04:17
00548 c12-201    ./betwcent /work  Done                     12/11/2009 06:04:17
00549 c42-209    ./betwcent /work  Done                     12/11/2009 06:04:17
00550 c42-209    ./betwcent /work  Done                     12/11/2009 06:04:17
00551 c42-209    ./betwcent /work  Done                     12/11/2009 06:04:17
00552 c42-209    ./betwcent /work  Done                     12/11/2009 06:04:17
00553 c18-106    ./betwcent /work  Done                     12/11/2009 06:04:17
00554 c18-106    ./betwcent /work  Done                     12/11/2009 06:04:17
00555 c18-106    ./betwcent /work  Done                     12/11/2009 06:04:17
00556 c18-106    ./betwcent /work  Done                     12/11/2009 06:04:17
00557 c35-309    ./betwcent /work  Done                     12/11/2009 06:04:17
00558 c35-309    ./betwcent /work  Done                     12/11/2009 06:04:17
00559 c35-309    ./betwcent /work  Done                     12/11/2009 06:04:17
00560 c35-309    ./betwcent /work  Done                     12/11/2009 06:04:17
00561 c21-307    ./betwcent /work  Done                     12/11/2009 06:04:17
00562 c21-307    ./betwcent /work  Done                     12/11/2009 06:04:17
00563 c21-307    ./betwcent /work  Done                     12/11/2009 06:04:17
00564 c21-307    ./betwcent /work  Done                     12/11/2009 06:04:17
00565 c21-201    ./betwcent /work  Done                     12/11/2009 06:04:17
00566 c21-201    ./betwcent /work  Done                     12/11/2009 06:04:17
00567 c21-201    ./betwcent /work  Done                     12/11/2009 06:04:17
00568 c21-201    ./betwcent /work  Done                     12/11/2009 06:04:17
00569 c39-209    ./betwcent /work  Done                     12/11/2009 06:04:17
00570 c39-209    ./betwcent /work  Done                     12/11/2009 06:04:17
00571 c39-209    ./betwcent /work  Done                     12/11/2009 06:04:17
00572 c39-209    ./betwcent /work  Done                     12/11/2009 06:04:17
00573 c35-207    ./betwcent /work  Done                     12/11/2009 06:04:17
00574 c35-207    ./betwcent /work  Done                     12/11/2009 06:04:17
00575 c35-207    ./betwcent /work  Done                     12/11/2009 06:04:17
00576 c35-207    ./betwcent /work  Done                     12/11/2009 06:04:17
00577 c23-406    ./betwcent /work  Done                     12/11/2009 06:04:17
00578 c23-406    ./betwcent /work  Done                     12/11/2009 06:04:17
00579 c23-406    ./betwcent /work  Done                     12/11/2009 06:04:17
00580 c23-406    ./betwcent /work  Done                     12/11/2009 06:04:17
00581 c14-205    ./betwcent /work  Done                     12/11/2009 06:04:17
00582 c14-205    ./betwcent /work  Done                     12/11/2009 06:04:17
00583 c14-205    ./betwcent /work  Done                     12/11/2009 06:04:17
00584 c14-205    ./betwcent /work  Done                     12/11/2009 06:04:17
00585 c39-203    ./betwcent /work  Done                     12/11/2009 06:04:17
00586 c39-203    ./betwcent /work  Done                     12/11/2009 06:04:17
00587 c39-203    ./betwcent /work  Done                     12/11/2009 06:04:17
00588 c39-203    ./betwcent /work  Done                     12/11/2009 06:04:17
00589 c33-203    ./betwcent /work  Done                     12/11/2009 06:04:17
00590 c33-203    ./betwcent /work  Done                     12/11/2009 06:04:17
00591 c33-203    ./betwcent /work  Done                     12/11/2009 06:04:17
00592 c33-203    ./betwcent /work  Done                     12/11/2009 06:04:17
00593 c27-208    ./betwcent /work  Done                     12/11/2009 06:04:17
00594 c27-208    ./betwcent /work  Done                     12/11/2009 06:04:17
00595 c27-208    ./betwcent /work  Done                     12/11/2009 06:04:17
00596 c27-208    ./betwcent /work  Done                     12/11/2009 06:04:17
00597 c15-105    ./betwcent /work  Done                     12/11/2009 06:04:17
00598 c15-105    ./betwcent /work  Done                     12/11/2009 06:04:17
00599 c15-105    ./betwcent /work  Done                     12/11/2009 06:04:17
00600 c15-105    ./betwcent /work  Done                     12/11/2009 06:04:17
00601 c12-108    ./betwcent /work  Done                     12/11/2009 06:04:17
00602 c12-108    ./betwcent /work  Done                     12/11/2009 06:04:17
00603 c12-108    ./betwcent /work  Done                     12/11/2009 06:04:17
00604 c12-108    ./betwcent /work  Done                     12/11/2009 06:04:17
00605 c24-206    ./betwcent /work  Done                     12/11/2009 06:04:17
00606 c24-206    ./betwcent /work  Done                     12/11/2009 06:04:17
00607 c24-206    ./betwcent /work  Done                     12/11/2009 06:04:17
00608 c24-206    ./betwcent /work  Done                     12/11/2009 06:04:17
00609 c37-301    ./betwcent /work  Done                     12/11/2009 06:04:17
00610 c37-301    ./betwcent /work  Done                     12/11/2009 06:04:17
00611 c37-301    ./betwcent /work  Done                     12/11/2009 06:04:17
00612 c37-301    ./betwcent /work  Done                     12/11/2009 06:04:17
00613 c41-410    ./betwcent /work  Done                     12/11/2009 06:04:17
00614 c41-410    ./betwcent /work  Done                     12/11/2009 06:04:17
00615 c41-410    ./betwcent /work  Done                     12/11/2009 06:04:17
00616 c41-410    ./betwcent /work  Done                     12/11/2009 06:04:17
00617 c44-401    ./betwcent /work  Done                     12/11/2009 06:04:17
00618 c44-401    ./betwcent /work  Done                     12/11/2009 06:04:17
00619 c44-401    ./betwcent /work  Done                     12/11/2009 06:04:17
00620 c44-401    ./betwcent /work  Done                     12/11/2009 06:04:17
00621 c21-404    ./betwcent /work  Done                     12/11/2009 06:04:17
00622 c21-404    ./betwcent /work  Done                     12/11/2009 06:04:17
00623 c21-404    ./betwcent /work  Done                     12/11/2009 06:04:17
00624 c21-404    ./betwcent /work  Done                     12/11/2009 06:04:17
00625 c28-206    ./betwcent /work  Done                     12/11/2009 06:04:17
00626 c28-206    ./betwcent /work  Done                     12/11/2009 06:04:17
00627 c28-206    ./betwcent /work  Done                     12/11/2009 06:04:17
00628 c28-206    ./betwcent /work  Done                     12/11/2009 06:04:17
00629 c20-105    ./betwcent /work  Done                     12/11/2009 06:04:17
00630 c20-105    ./betwcent /work  Done                     12/11/2009 06:04:17
00631 c20-105    ./betwcent /work  Done                     12/11/2009 06:04:17
00632 c20-105    ./betwcent /work  Done                     12/11/2009 06:04:17
00633 c24-302    ./betwcent /work  Done                     12/11/2009 06:04:17
00634 c24-302    ./betwcent /work  Done                     12/11/2009 06:04:17
00635 c24-302    ./betwcent /work  Done                     12/11/2009 06:04:17
00636 c24-302    ./betwcent /work  Done                     12/11/2009 06:04:17
00637 c43-407    ./betwcent /work  Done                     12/11/2009 06:04:17
00638 c43-407    ./betwcent /work  Done                     12/11/2009 06:04:17
00639 c43-407    ./betwcent /work  Done                     12/11/2009 06:04:17
00640 c43-407    ./betwcent /work  Done                     12/11/2009 06:04:17
00641 c19-108    ./betwcent /work  Done                     12/11/2009 06:04:17
00642 c19-108    ./betwcent /work  Done                     12/11/2009 06:04:17
00643 c19-108    ./betwcent /work  Done                     12/11/2009 06:04:17
00644 c19-108    ./betwcent /work  Done                     12/11/2009 06:04:17
00645 c32-103    ./betwcent /work  Done                     12/11/2009 06:04:17
00646 c32-103    ./betwcent /work  Done                     12/11/2009 06:04:17
00647 c32-103    ./betwcent /work  Done                     12/11/2009 06:04:17
00648 c32-103    ./betwcent /work  Done                     12/11/2009 06:04:17
00649 c29-102    ./betwcent /work  Done                     12/11/2009 06:04:17
00650 c29-102    ./betwcent /work  Done                     12/11/2009 06:04:17
00651 c29-102    ./betwcent /work  Done                     12/11/2009 06:04:17
00652 c29-102    ./betwcent /work  Done                     12/11/2009 06:04:17
00653 c23-403    ./betwcent /work  Done                     12/11/2009 06:04:17
00654 c23-403    ./betwcent /work  Done                     12/11/2009 06:04:17
00655 c23-403    ./betwcent /work  Done                     12/11/2009 06:04:17
00656 c23-403    ./betwcent /work  Done                     12/11/2009 06:04:17
00657 c28-401    ./betwcent /work  Done                     12/11/2009 06:04:17
00658 c28-401    ./betwcent /work  Done                     12/11/2009 06:04:17
00659 c28-401    ./betwcent /work  Done                     12/11/2009 06:04:17
00660 c28-401    ./betwcent /work  Done                     12/11/2009 06:04:17
00661 c29-305    ./betwcent /work  Done                     12/11/2009 06:04:17
00662 c29-305    ./betwcent /work  Done                     12/11/2009 06:04:17
00663 c29-305    ./betwcent /work  Done                     12/11/2009 06:04:17
00664 c29-305    ./betwcent /work  Done                     12/11/2009 06:04:17
00665 c13-203    ./betwcent /work  Done                     12/11/2009 06:04:17
00666 c13-203    ./betwcent /work  Done                     12/11/2009 06:04:17
00667 c13-203    ./betwcent /work  Done                     12/11/2009 06:04:17
00668 c13-203    ./betwcent /work  Done                     12/11/2009 06:04:17
00669 c24-404    ./betwcent /work  Done                     12/11/2009 06:04:17
00670 c24-404    ./betwcent /work  Done                     12/11/2009 06:04:17
00671 c24-404    ./betwcent /work  Done                     12/11/2009 06:04:17
00672 c24-404    ./betwcent /work  Done                     12/11/2009 06:04:17
00673 c24-207    ./betwcent /work  Done                     12/11/2009 06:04:17
00674 c24-207    ./betwcent /work  Done                     12/11/2009 06:04:17
00675 c24-207    ./betwcent /work  Done                     12/11/2009 06:04:17
00676 c24-207    ./betwcent /work  Done                     12/11/2009 06:04:17
00677 c31-209    ./betwcent /work  Done                     12/11/2009 06:04:17
00678 c31-209    ./betwcent /work  Done                     12/11/2009 06:04:17
00679 c31-209    ./betwcent /work  Done                     12/11/2009 06:04:17
00680 c31-209    ./betwcent /work  Done                     12/11/2009 06:04:17
00681 c35-202    ./betwcent /work  Done                     12/11/2009 06:04:17
00682 c35-202    ./betwcent /work  Done                     12/11/2009 06:04:17
00683 c35-202    ./betwcent /work  Done                     12/11/2009 06:04:17
00684 c35-202    ./betwcent /work  Done                     12/11/2009 06:04:17
00685 c15-101    ./betwcent /work  Done                     12/11/2009 06:04:17
00686 c15-101    ./betwcent /work  Done                     12/11/2009 06:04:17
00687 c15-101    ./betwcent /work  Done                     12/11/2009 06:04:17
00688 c15-101    ./betwcent /work  Done                     12/11/2009 06:04:17
00689 c36-204    ./betwcent /work  Done                     12/11/2009 06:04:17
00690 c36-204    ./betwcent /work  Done                     12/11/2009 06:04:17
00691 c36-204    ./betwcent /work  Done                     12/11/2009 06:04:17
00692 c36-204    ./betwcent /work  Done                     12/11/2009 06:04:17
00693 c14-201    ./betwcent /work  Done                     12/11/2009 06:04:17
00694 c14-201    ./betwcent /work  Done                     12/11/2009 06:04:17
00695 c14-201    ./betwcent /work  Done                     12/11/2009 06:04:17
00696 c14-201    ./betwcent /work  Done                     12/11/2009 06:04:17
00697 c35-403    ./betwcent /work  Done                     12/11/2009 06:04:17
00698 c35-403    ./betwcent /work  Done                     12/11/2009 06:04:17
00699 c35-403    ./betwcent /work  Done                     12/11/2009 06:04:17
00700 c35-403    ./betwcent /work  Done                     12/11/2009 06:04:17
00701 c17-206    ./betwcent /work  Done                     12/11/2009 06:04:17
00702 c17-206    ./betwcent /work  Done                     12/11/2009 06:04:17
00703 c17-206    ./betwcent /work  Done                     12/11/2009 06:04:17
00704 c17-206    ./betwcent /work  Done                     12/11/2009 06:04:17
00705 c29-101    ./betwcent /work  Done                     12/11/2009 06:04:17
00706 c29-101    ./betwcent /work  Done                     12/11/2009 06:04:17
00707 c29-101    ./betwcent /work  Done                     12/11/2009 06:04:17
00708 c29-101    ./betwcent /work  Done                     12/11/2009 06:04:17
00709 c36-105    ./betwcent /work  Done                     12/11/2009 06:04:17
00710 c36-105    ./betwcent /work  Done                     12/11/2009 06:04:17
00711 c36-105    ./betwcent /work  Done                     12/11/2009 06:04:17
00712 c36-105    ./betwcent /work  Done                     12/11/2009 06:04:17
00713 c15-202    ./betwcent /work  Done                     12/11/2009 06:04:17
00714 c15-202    ./betwcent /work  Done                     12/11/2009 06:04:17
00715 c15-202    ./betwcent /work  Done                     12/11/2009 06:04:17
00716 c15-202    ./betwcent /work  Done                     12/11/2009 06:04:17
00717 c21-310    ./betwcent /work  Done                     12/11/2009 06:04:17
00718 c21-310    ./betwcent /work  Done                     12/11/2009 06:04:17
00719 c21-310    ./betwcent /work  Done                     12/11/2009 06:04:17
00720 c21-310    ./betwcent /work  Done                     12/11/2009 06:04:17
00721 c42-110    ./betwcent /work  Done                     12/11/2009 06:04:17
00722 c42-110    ./betwcent /work  Done                     12/11/2009 06:04:17
00723 c42-110    ./betwcent /work  Done                     12/11/2009 06:04:17
00724 c42-110    ./betwcent /work  Done                     12/11/2009 06:04:17
00725 c29-201    ./betwcent /work  Done                     12/11/2009 06:04:17
00726 c29-201    ./betwcent /work  Done                     12/11/2009 06:04:17
00727 c29-201    ./betwcent /work  Done                     12/11/2009 06:04:17
00728 c29-201    ./betwcent /work  Done                     12/11/2009 06:04:17
00729 c34-408    ./betwcent /work  Done                     12/11/2009 06:04:17
00730 c34-408    ./betwcent /work  Done                     12/11/2009 06:04:17
00731 c34-408    ./betwcent /work  Done                     12/11/2009 06:04:17
00732 c34-408    ./betwcent /work  Done                     12/11/2009 06:04:17
00733 c17-209    ./betwcent /work  Done                     12/11/2009 06:04:17
00734 c17-209    ./betwcent /work  Done                     12/11/2009 06:04:17
00735 c17-209    ./betwcent /work  Done                     12/11/2009 06:04:17
00736 c17-209    ./betwcent /work  Done                     12/11/2009 06:04:17
00737 c43-210    ./betwcent /work  Done                     12/11/2009 06:04:17
00738 c43-210    ./betwcent /work  Done                     12/11/2009 06:04:17
00739 c43-210    ./betwcent /work  Done                     12/11/2009 06:04:17
00740 c43-210    ./betwcent /work  Done                     12/11/2009 06:04:17
00741 c23-208    ./betwcent /work  Done                     12/11/2009 06:04:17
00742 c23-208    ./betwcent /work  Done                     12/11/2009 06:04:17
00743 c23-208    ./betwcent /work  Done                     12/11/2009 06:04:17
00744 c23-208    ./betwcent /work  Done                     12/11/2009 06:04:17
00745 c34-205    ./betwcent /work  Done                     12/11/2009 06:04:17
00746 c34-205    ./betwcent /work  Done                     12/11/2009 06:04:17
00747 c34-205    ./betwcent /work  Done                     12/11/2009 06:04:17
00748 c34-205    ./betwcent /work  Done                     12/11/2009 06:04:17
00749 c11-205    ./betwcent /work  Done                     12/11/2009 06:04:17
00750 c11-205    ./betwcent /work  Done                     12/11/2009 06:04:17
00751 c11-205    ./betwcent /work  Done                     12/11/2009 06:04:17
00752 c11-205    ./betwcent /work  Done                     12/11/2009 06:04:17
00753 c17-207    ./betwcent /work  Done                     12/11/2009 06:04:17
00754 c17-207    ./betwcent /work  Done                     12/11/2009 06:04:17
00755 c17-207    ./betwcent /work  Done                     12/11/2009 06:04:17
00756 c17-207    ./betwcent /work  Done                     12/11/2009 06:04:17
00757 c38-305    ./betwcent /work  Done                     12/11/2009 06:04:17
00758 c38-305    ./betwcent /work  Done                     12/11/2009 06:04:17
00759 c38-305    ./betwcent /work  Done                     12/11/2009 06:04:17
00760 c38-305    ./betwcent /work  Done                     12/11/2009 06:04:17
00761 c28-306    ./betwcent /work  Done                     12/11/2009 06:04:17
00762 c28-306    ./betwcent /work  Done                     12/11/2009 06:04:17
00763 c28-306    ./betwcent /work  Done                     12/11/2009 06:04:17
00764 c28-306    ./betwcent /work  Done                     12/11/2009 06:04:17
00765 c26-109    ./betwcent /work  Done                     12/11/2009 06:04:17
00766 c26-109    ./betwcent /work  Done                     12/11/2009 06:04:17
00767 c26-109    ./betwcent /work  Done                     12/11/2009 06:04:17
00768 c26-109    ./betwcent /work  Done                     12/11/2009 06:04:17
00769 c24-303    ./betwcent /work  Done                     12/11/2009 06:04:17
00770 c24-303    ./betwcent /work  Done                     12/11/2009 06:04:17
00771 c24-303    ./betwcent /work  Done                     12/11/2009 06:04:17
00772 c24-303    ./betwcent /work  Done                     12/11/2009 06:04:17
00773 c18-110    ./betwcent /work  Done                     12/11/2009 06:04:17
00774 c18-110    ./betwcent /work  Done                     12/11/2009 06:04:17
00775 c18-110    ./betwcent /work  Done                     12/11/2009 06:04:17
00776 c18-110    ./betwcent /work  Done                     12/11/2009 06:04:17
00777 c16-105    ./betwcent /work  Done                     12/11/2009 06:04:17
00778 c16-105    ./betwcent /work  Done                     12/11/2009 06:04:17
00779 c16-105    ./betwcent /work  Done                     12/11/2009 06:04:17
00780 c16-105    ./betwcent /work  Done                     12/11/2009 06:04:17
00781 c40-202    ./betwcent /work  Done                     12/11/2009 06:04:17
00782 c40-202    ./betwcent /work  Done                     12/11/2009 06:04:17
00783 c40-202    ./betwcent /work  Done                     12/11/2009 06:04:17
00784 c40-202    ./betwcent /work  Done                     12/11/2009 06:04:17
00785 c33-402    ./betwcent /work  Done                     12/11/2009 06:04:17
00786 c33-402    ./betwcent /work  Done                     12/11/2009 06:04:17
00787 c33-402    ./betwcent /work  Done                     12/11/2009 06:04:17
00788 c33-402    ./betwcent /work  Done                     12/11/2009 06:04:17
00789 c26-403    ./betwcent /work  Done                     12/11/2009 06:04:17
00790 c26-403    ./betwcent /work  Done                     12/11/2009 06:04:17
00791 c26-403    ./betwcent /work  Done                     12/11/2009 06:04:17
00792 c26-403    ./betwcent /work  Done                     12/11/2009 06:04:17
00793 c36-306    ./betwcent /work  Done                     12/11/2009 06:04:17
00794 c36-306    ./betwcent /work  Done                     12/11/2009 06:04:17
00795 c36-306    ./betwcent /work  Done                     12/11/2009 06:04:17
00796 c36-306    ./betwcent /work  Done                     12/11/2009 06:04:17
00797 c24-408    ./betwcent /work  Done                     12/11/2009 06:04:17
00798 c24-408    ./betwcent /work  Done                     12/11/2009 06:04:17
00799 c24-408    ./betwcent /work  Done                     12/11/2009 06:04:17
00800 c24-408    ./betwcent /work  Done                     12/11/2009 06:04:17
00801 c11-105    ./betwcent /work  Done                     12/11/2009 06:04:17
00802 c11-105    ./betwcent /work  Done                     12/11/2009 06:04:17
00803 c11-105    ./betwcent /work  Done                     12/11/2009 06:04:17
00804 c11-105    ./betwcent /work  Done                     12/11/2009 06:04:17
00805 c37-103    ./betwcent /work  Done                     12/11/2009 06:04:17
00806 c37-103    ./betwcent /work  Done                     12/11/2009 06:04:17
00807 c37-103    ./betwcent /work  Done                     12/11/2009 06:04:17
00808 c37-103    ./betwcent /work  Done                     12/11/2009 06:04:17
00809 c34-409    ./betwcent /work  Done                     12/11/2009 06:04:17
00810 c34-409    ./betwcent /work  Done                     12/11/2009 06:04:17
00811 c34-409    ./betwcent /work  Done                     12/11/2009 06:04:17
00812 c34-409    ./betwcent /work  Done                     12/11/2009 06:04:17
00813 c14-206    ./betwcent /work  Done                     12/11/2009 06:04:17
00814 c14-206    ./betwcent /work  Done                     12/11/2009 06:04:17
00815 c14-206    ./betwcent /work  Done                     12/11/2009 06:04:17
00816 c14-206    ./betwcent /work  Done                     12/11/2009 06:04:17
00817 c29-202    ./betwcent /work  Done                     12/11/2009 06:04:17
00818 c29-202    ./betwcent /work  Done                     12/11/2009 06:04:17
00819 c29-202    ./betwcent /work  Done                     12/11/2009 06:04:17
00820 c29-202    ./betwcent /work  Done                     12/11/2009 06:04:17
00821 c40-310    ./betwcent /work  Done                     12/11/2009 06:04:17
00822 c40-310    ./betwcent /work  Done                     12/11/2009 06:04:17
00823 c40-310    ./betwcent /work  Done                     12/11/2009 06:04:17
00824 c40-310    ./betwcent /work  Done                     12/11/2009 06:04:17
00825 c12-109    ./betwcent /work  Done                     12/11/2009 06:04:17
00826 c12-109    ./betwcent /work  Done                     12/11/2009 06:04:17
00827 c12-109    ./betwcent /work  Done                     12/11/2009 06:04:17
00828 c12-109    ./betwcent /work  Done                     12/11/2009 06:04:17
00829 c32-304    ./betwcent /work  Done                     12/11/2009 06:04:17
00830 c32-304    ./betwcent /work  Done                     12/11/2009 06:04:17
00831 c32-304    ./betwcent /work  Done                     12/11/2009 06:04:17
00832 c32-304    ./betwcent /work  Done                     12/11/2009 06:04:17
00833 c26-307    ./betwcent /work  Done                     12/11/2009 06:04:17
00834 c26-307    ./betwcent /work  Done                     12/11/2009 06:04:17
00835 c26-307    ./betwcent /work  Done                     12/11/2009 06:04:17
00836 c26-307    ./betwcent /work  Done                     12/11/2009 06:04:17
00837 c25-101    ./betwcent /work  Done                     12/11/2009 06:04:17
00838 c25-101    ./betwcent /work  Done                     12/11/2009 06:04:17
00839 c25-101    ./betwcent /work  Done                     12/11/2009 06:04:17
00840 c25-101    ./betwcent /work  Done                     12/11/2009 06:04:17
00841 c11-109    ./betwcent /work  Done                     12/11/2009 06:04:17
00842 c11-109    ./betwcent /work  Done                     12/11/2009 06:04:17
00843 c11-109    ./betwcent /work  Done                     12/11/2009 06:04:17
00844 c11-109    ./betwcent /work  Done                     12/11/2009 06:04:17
00845 c30-302    ./betwcent /work  Done                     12/11/2009 06:04:17
00846 c30-302    ./betwcent /work  Done                     12/11/2009 06:04:17
00847 c30-302    ./betwcent /work  Done                     12/11/2009 06:04:17
00848 c30-302    ./betwcent /work  Done                     12/11/2009 06:04:17
00849 c21-407    ./betwcent /work  Done                     12/11/2009 06:04:17
00850 c21-407    ./betwcent /work  Done                     12/11/2009 06:04:17
00851 c21-407    ./betwcent /work  Done                     12/11/2009 06:04:17
00852 c21-407    ./betwcent /work  Done                     12/11/2009 06:04:17
00853 c44-207    ./betwcent /work  Done                     12/11/2009 06:04:17
00854 c44-207    ./betwcent /work  Done                     12/11/2009 06:04:17
00855 c44-207    ./betwcent /work  Done                     12/11/2009 06:04:17
00856 c44-207    ./betwcent /work  Done                     12/11/2009 06:04:17
00857 c22-409    ./betwcent /work  Done                     12/11/2009 06:04:17
00858 c22-409    ./betwcent /work  Done                     12/11/2009 06:04:17
00859 c22-409    ./betwcent /work  Done                     12/11/2009 06:04:17
00860 c22-409    ./betwcent /work  Done                     12/11/2009 06:04:17
00861 c36-310    ./betwcent /work  Done                     12/11/2009 06:04:17
00862 c36-310    ./betwcent /work  Done                     12/11/2009 06:04:17
00863 c36-310    ./betwcent /work  Done                     12/11/2009 06:04:17
00864 c36-310    ./betwcent /work  Done                     12/11/2009 06:04:17
00865 c16-304    ./betwcent /work  Done                     12/11/2009 06:04:17
00866 c16-304    ./betwcent /work  Done                     12/11/2009 06:04:17
00867 c16-304    ./betwcent /work  Done                     12/11/2009 06:04:17
00868 c16-304    ./betwcent /work  Done                     12/11/2009 06:04:17
00869 c10-208    ./betwcent /work  Done                     12/11/2009 06:04:17
00870 c10-208    ./betwcent /work  Done                     12/11/2009 06:04:17
00871 c10-208    ./betwcent /work  Done                     12/11/2009 06:04:17
00872 c10-208    ./betwcent /work  Done                     12/11/2009 06:04:17
00873 c26-409    ./betwcent /work  Done                     12/11/2009 06:04:17
00874 c26-409    ./betwcent /work  Done                     12/11/2009 06:04:17
00875 c26-409    ./betwcent /work  Done                     12/11/2009 06:04:17
00876 c26-409    ./betwcent /work  Done                     12/11/2009 06:04:17
00877 c31-207    ./betwcent /work  Done                     12/11/2009 06:04:17
00878 c31-207    ./betwcent /work  Done                     12/11/2009 06:04:17
00879 c31-207    ./betwcent /work  Done                     12/11/2009 06:04:17
00880 c31-207    ./betwcent /work  Done                     12/11/2009 06:04:17
00881 c25-108    ./betwcent /work  Done                     12/11/2009 06:04:17
00882 c25-108    ./betwcent /work  Done                     12/11/2009 06:04:17
00883 c25-108    ./betwcent /work  Done                     12/11/2009 06:04:17
00884 c25-108    ./betwcent /work  Done                     12/11/2009 06:04:17
00885 c33-105    ./betwcent /work  Done                     12/11/2009 06:04:17
00886 c33-105    ./betwcent /work  Done                     12/11/2009 06:04:17
00887 c33-105    ./betwcent /work  Done                     12/11/2009 06:04:17
00888 c33-105    ./betwcent /work  Done                     12/11/2009 06:04:17
00889 c30-106    ./betwcent /work  Done                     12/11/2009 06:04:17
00890 c30-106    ./betwcent /work  Done                     12/11/2009 06:04:17
00891 c30-106    ./betwcent /work  Done                     12/11/2009 06:04:17
00892 c30-106    ./betwcent /work  Done                     12/11/2009 06:04:17
00893 c32-305    ./betwcent /work  Done                     12/11/2009 06:04:17
00894 c32-305    ./betwcent /work  Done                     12/11/2009 06:04:17
00895 c32-305    ./betwcent /work  Done                     12/11/2009 06:04:17
00896 c32-305    ./betwcent /work  Done                     12/11/2009 06:04:17
00897 c28-210    ./betwcent /work  Done                     12/11/2009 06:04:17
00898 c28-210    ./betwcent /work  Done                     12/11/2009 06:04:17
00899 c28-210    ./betwcent /work  Done                     12/11/2009 06:04:17
00900 c28-210    ./betwcent /work  Done                     12/11/2009 06:04:17
00901 c33-302    ./betwcent /work  Done                     12/11/2009 06:04:17
00902 c33-302    ./betwcent /work  Done                     12/11/2009 06:04:17
00903 c33-302    ./betwcent /work  Done                     12/11/2009 06:04:17
00904 c33-302    ./betwcent /work  Done                     12/11/2009 06:04:17
00905 c20-409    ./betwcent /work  Done                     12/11/2009 06:04:17
00906 c20-409    ./betwcent /work  Done                     12/11/2009 06:04:17
00907 c20-409    ./betwcent /work  Done                     12/11/2009 06:04:17
00908 c20-409    ./betwcent /work  Done                     12/11/2009 06:04:17
00909 c41-101    ./betwcent /work  Done                     12/11/2009 06:04:17
00910 c41-101    ./betwcent /work  Done                     12/11/2009 06:04:17
00911 c41-101    ./betwcent /work  Done                     12/11/2009 06:04:17
00912 c41-101    ./betwcent /work  Done                     12/11/2009 06:04:17
00913 c27-202    ./betwcent /work  Done                     12/11/2009 06:04:17
00914 c27-202    ./betwcent /work  Done                     12/11/2009 06:04:17
00915 c27-202    ./betwcent /work  Done                     12/11/2009 06:04:17
00916 c27-202    ./betwcent /work  Done                     12/11/2009 06:04:17
00917 c24-402    ./betwcent /work  Done                     12/11/2009 06:04:17
00918 c24-402    ./betwcent /work  Done                     12/11/2009 06:04:17
00919 c24-402    ./betwcent /work  Done                     12/11/2009 06:04:17
00920 c24-402    ./betwcent /work  Done                     12/11/2009 06:04:17
00921 c40-401    ./betwcent /work  Done                     12/11/2009 06:04:17
00922 c40-401    ./betwcent /work  Done                     12/11/2009 06:04:17
00923 c40-401    ./betwcent /work  Done                     12/11/2009 06:04:17
00924 c40-401    ./betwcent /work  Done                     12/11/2009 06:04:17
00925 c25-302    ./betwcent /work  Done                     12/11/2009 06:04:17
00926 c25-302    ./betwcent /work  Done                     12/11/2009 06:04:17
00927 c25-302    ./betwcent /work  Done                     12/11/2009 06:04:17
00928 c25-302    ./betwcent /work  Done                     12/11/2009 06:04:17
00929 c44-206    ./betwcent /work  Done                     12/11/2009 06:04:17
00930 c44-206    ./betwcent /work  Done                     12/11/2009 06:04:17
00931 c44-206    ./betwcent /work  Done                     12/11/2009 06:04:17
00932 c44-206    ./betwcent /work  Done                     12/11/2009 06:04:17
00933 c40-409    ./betwcent /work  Done                     12/11/2009 06:04:17
00934 c40-409    ./betwcent /work  Done                     12/11/2009 06:04:17
00935 c40-409    ./betwcent /work  Done                     12/11/2009 06:04:17
00936 c40-409    ./betwcent /work  Done                     12/11/2009 06:04:17
00937 c32-209    ./betwcent /work  Done                     12/11/2009 06:04:17
00938 c32-209    ./betwcent /work  Done                     12/11/2009 06:04:17
00939 c32-209    ./betwcent /work  Done                     12/11/2009 06:04:17
00940 c32-209    ./betwcent /work  Done                     12/11/2009 06:04:17
00941 c41-405    ./betwcent /work  Done                     12/11/2009 06:04:17
00942 c41-405    ./betwcent /work  Done                     12/11/2009 06:04:17
00943 c41-405    ./betwcent /work  Done                     12/11/2009 06:04:17
00944 c41-405    ./betwcent /work  Done                     12/11/2009 06:04:17
00945 c35-310    ./betwcent /work  Done                     12/11/2009 06:04:17
00946 c35-310    ./betwcent /work  Done                     12/11/2009 06:04:17
00947 c35-310    ./betwcent /work  Done                     12/11/2009 06:04:17
00948 c35-310    ./betwcent /work  Done                     12/11/2009 06:04:17
00949 c11-204    ./betwcent /work  Done                     12/11/2009 06:04:17
00950 c11-204    ./betwcent /work  Done                     12/11/2009 06:04:17
00951 c11-204    ./betwcent /work  Done                     12/11/2009 06:04:17
00952 c11-204    ./betwcent /work  Done                     12/11/2009 06:04:17
00953 c10-107    ./betwcent /work  Done                     12/11/2009 06:04:17
00954 c10-107    ./betwcent /work  Done                     12/11/2009 06:04:17
00955 c10-107    ./betwcent /work  Done                     12/11/2009 06:04:17
00956 c10-107    ./betwcent /work  Done                     12/11/2009 06:04:17
00957 c23-108    ./betwcent /work  Done                     12/11/2009 06:04:17
00958 c23-108    ./betwcent /work  Done                     12/11/2009 06:04:17
00959 c23-108    ./betwcent /work  Done                     12/11/2009 06:04:17
00960 c23-108    ./betwcent /work  Done                     12/11/2009 06:04:17

------------------------------------------------------------
Sender: LSF System <lsfadmin@c23-108>
Subject: Job 328305: <betwcentp961> Done

Job <betwcentp961> was submitted from host <lslogin2> by user <tg459476>.
Job was executed on host(s) <4*c23-108>, in queue <hero>, as user <tg459476>.
                            <4*c10-107>
                            <4*c11-204>
                            <4*c35-310>
                            <4*c41-405>
                            <4*c32-209>
                            <4*c40-409>
                            <4*c44-206>
                            <4*c25-302>
                            <4*c40-401>
                            <4*c24-402>
                            <4*c27-202>
                            <4*c41-101>
                            <4*c20-409>
                            <4*c33-302>
                            <4*c28-210>
                            <4*c32-305>
                            <4*c30-106>
                            <4*c33-105>
                            <4*c25-108>
                            <4*c31-207>
                            <4*c26-409>
                            <4*c10-208>
                            <4*c16-304>
                            <4*c36-310>
                            <4*c22-409>
                            <4*c44-207>
                            <4*c21-407>
                            <4*c30-302>
                            <4*c11-109>
                            <4*c25-101>
                            <4*c26-307>
                            <4*c32-304>
                            <4*c12-109>
                            <4*c40-310>
                            <4*c29-202>
                            <4*c14-206>
                            <4*c34-409>
                            <4*c37-103>
                            <4*c11-105>
                            <4*c24-408>
                            <4*c36-306>
                            <4*c26-403>
                            <4*c33-402>
                            <4*c40-202>
                            <4*c16-105>
                            <4*c18-110>
                            <4*c24-303>
                            <4*c26-109>
                            <4*c28-306>
                            <4*c38-305>
                            <4*c17-207>
                            <4*c11-205>
                            <4*c34-205>
                            <4*c23-208>
                            <4*c43-210>
                            <4*c17-209>
                            <4*c34-408>
                            <4*c29-201>
                            <4*c42-110>
                            <4*c21-310>
                            <4*c15-202>
                            <4*c36-105>
                            <4*c29-101>
                            <4*c17-206>
                            <4*c35-403>
                            <4*c14-201>
                            <4*c36-204>
                            <4*c15-101>
                            <4*c35-202>
                            <4*c31-209>
                            <4*c24-207>
                            <4*c24-404>
                            <4*c13-203>
                            <4*c29-305>
                            <4*c28-401>
                            <4*c23-403>
                            <4*c29-102>
                            <4*c32-103>
                            <4*c19-108>
                            <4*c43-407>
                            <4*c24-302>
                            <4*c20-105>
                            <4*c28-206>
                            <4*c21-404>
                            <4*c44-401>
                            <4*c41-410>
                            <4*c37-301>
                            <4*c24-206>
                            <4*c12-108>
                            <4*c15-105>
                            <4*c27-208>
                            <4*c33-203>
                            <4*c39-203>
                            <4*c14-205>
                            <4*c23-406>
                            <4*c35-207>
                            <4*c39-209>
                            <4*c21-201>
                            <4*c21-307>
                            <4*c35-309>
                            <4*c18-106>
                            <4*c42-209>
                            <4*c12-201>
                            <4*c33-110>
                            <4*c34-108>
                            <4*c37-102>
                            <4*c26-407>
                            <4*c34-302>
                            <4*c19-204>
                            <4*c37-403>
                            <4*c35-104>
                            <4*c10-210>
                            <4*c35-201>
                            <4*c36-304>
                            <4*c38-203>
                            <4*c26-309>
                            <4*c29-404>
                            <4*c31-302>
                            <4*c35-307>
                            <4*c39-405>
                            <4*c40-403>
                            <4*c31-210>
                            <4*c30-104>
                            <4*c44-303>
                            <4*c35-108>
                            <4*c15-207>
                            <4*c38-302>
                            <4*c44-405>
                            <4*c25-205>
                            <4*c27-409>
                            <4*c36-409>
                            <4*c37-209>
                            <4*c31-106>
                            <4*c41-204>
                            <4*c34-407>
                            <4*c25-305>
                            <4*c30-404>
                            <4*c40-102>
                            <4*c27-307>
                            <4*c13-103>
                            <4*c28-302>
                            <4*c28-205>
                            <4*c26-410>
                            <4*c33-308>
                            <4*c31-307>
                            <4*c42-402>
                            <4*c30-310>
                            <4*c29-405>
                            <4*c20-101>
                            <4*c42-101>
                            <4*c22-307>
                            <4*c24-208>
                            <4*c34-201>
                            <4*c41-207>
                            <4*c22-406>
                            <4*c27-105>
                            <4*c44-409>
                            <4*c35-105>
                            <4*c32-402>
                            <4*c27-101>
                            <4*c30-401>
                            <4*c20-305>
                            <4*c39-304>
                            <4*c34-204>
                            <4*c36-104>
                            <4*c25-103>
                            <4*c34-203>
                            <4*c15-107>
                            <4*c24-203>
                            <4*c36-205>
                            <4*c42-205>
                            <4*c33-306>
                            <4*c40-405>
                            <4*c36-407>
                            <4*c39-401>
                            <4*c45-410>
                            <4*c18-205>
                            <4*c17-202>
                            <4*c16-307>
                            <4*c35-101>
                            <4*c45-405>
                            <4*c40-306>
                            <4*c39-404>
                            <4*c41-306>
                            <4*c23-110>
                            <4*c37-104>
                            <4*c25-409>
                            <4*c36-101>
                            <4*c26-310>
                            <4*c45-407>
                            <4*c34-305>
                            <4*c31-205>
                            <4*c38-304>
                            <4*c26-108>
                            <4*c27-403>
                            <4*c12-203>
                            <4*c35-208>
                            <4*c41-407>
                            <4*c14-310>
                            <4*c16-305>
                            <4*c13-206>
                            <4*c35-304>
                            <4*c44-103>
                            <4*c39-204>
                            <4*c31-203>
                            <4*c34-105>
                            <4*c41-106>
                            <4*c32-108>
                            <4*c28-405>
                            <4*c29-304>
                            <4*c39-109>
                            <4*c20-403>
                            <4*c15-210>
                            <4*c43-402>
                            <4*c11-103>
                            <4*c44-305>
                            <4*c43-106>
                            <4*c22-204>
                            <4*c16-309>
                            <4*c27-406>
                            <4*c38-402>
                            <4*c15-108>
                            <4*c26-304>
                            <4*c36-109>
                            <4*c38-208>
                            <4*c16-306>
                            <4*c43-209>
                            <4*c43-409>
                            <4*c23-402>
                            <4*c23-310>
                            <4*c45-308>
                            <4*c35-210>
                            <4*c28-104>
                            <4*c26-208>
                            <4*c19-207>
                            <4*c39-305>
                            <4*c34-208>
                            <4*c38-403>
                            <4*c24-201>
                            <1*c23-405>
</home/teragrid/tg459476> was used as the home directory.
</home/teragrid/tg459476/Release_PSpGEMM/PSpGEMM-R1/Applications> was used as the working directory.
Started at Fri Dec 11 05:56:49 2009
Results reported at Fri Dec 11 06:04:24 2009

Your job looked like:

------------------------------------------------------------
# LSBATCH: User input
#!/bin/tcsh 			  
				  # first line specifies shell
#BSUB -J betwcentp961 		  #name the job "jobname"
#BSUB -o out.o%J   		  #output->   out.o&ltjobID>
#BSUB -e err.o%J   		  #error -> error.o&ltjobID>
#BSUB -n 961 -W 0:25               #1 CPU cores and 0hr+15min
#BSUB -q hero                   #Use development queue.
#BSUB -R 'span[ptile=4]'	  # 4 MPI task per node
set echo                          #Echo all commands.
cd $LS_SUBCWD                     #cd to directory of submission
ibrun ./betwcent $WORK/SCALE22BTW-TRANSBOOL 12 512  # 16 processors on the row, each has batch=512/8=32; 2^12 = 4096 starting vertices overall

------------------------------------------------------------

Successfully completed.

Resource usage summary:

    CPU time   : 381535.88 sec.

The output (if any) is above this job summary.



PS:

Read file <err.o328305> for stderr output of this job.

