*** Batchsize is not evenly divisible by the grid dimension ***
*** Processing 4000 vertices instead
Batch processing will occur 8 times, each processing 500 vertices (overall)
Candidates chosen, precomputation finished
Exploring via BFS...
Tallying...
Adding bc contributions...
Exploring via BFS...
Tallying...
Adding bc contributions...
Exploring via BFS...
Tallying...
Adding bc contributions...
Exploring via BFS...
Tallying...
Adding bc contributions...
Exploring via BFS...
Tallying...
Adding bc contributions...
Exploring via BFS...
Tallying...
Adding bc contributions...
Exploring via BFS...
Tallying...
Adding bc contributions...
Exploring via BFS...
Tallying...
Adding bc contributions...
Computation finished
1201.915442 seconds elapsed for 4000 starting vertices
TEPS score is: 219230834.365313
Job  mvapich_wrapper /opt/lsf/bin/TaskStarter -p c33-305:57038 -c /opt/lsf/conf -a X86_64 ./betwcent /work/teragrid/tg459476/SCALE23BTW-TRANSBOOL 12 512

TID   HOST_NAME   COMMAND_LINE            STATUS            TERMINATION_TIME
===== ========== ================  =======================  ===================
00000 c39-305    ./betwcent /work  Done                     01/03/2010 06:27:44
00001 c38-309    ./betwcent /work  Done                     01/03/2010 06:27:44
00002 c38-309    ./betwcent /work  Done                     01/03/2010 06:27:44
00003 c38-309    ./betwcent /work  Done                     01/03/2010 06:27:44
00004 c38-309    ./betwcent /work  Done                     01/03/2010 06:27:44
00005 c24-404    ./betwcent /work  Done                     01/03/2010 06:27:44
00006 c24-404    ./betwcent /work  Done                     01/03/2010 06:27:44
00007 c24-404    ./betwcent /work  Done                     01/03/2010 06:27:44
00008 c24-404    ./betwcent /work  Done                     01/03/2010 06:27:44
00009 c37-303    ./betwcent /work  Done                     01/03/2010 06:27:44
00010 c37-303    ./betwcent /work  Done                     01/03/2010 06:27:44
00011 c37-303    ./betwcent /work  Done                     01/03/2010 06:27:44
00012 c37-303    ./betwcent /work  Done                     01/03/2010 06:27:44
00013 c44-401    ./betwcent /work  Done                     01/03/2010 06:27:44
00014 c44-401    ./betwcent /work  Done                     01/03/2010 06:27:44
00015 c44-401    ./betwcent /work  Done                     01/03/2010 06:27:44
00016 c44-401    ./betwcent /work  Done                     01/03/2010 06:27:44
00017 c42-106    ./betwcent /work  Done                     01/03/2010 06:27:44
00018 c42-106    ./betwcent /work  Done                     01/03/2010 06:27:44
00019 c42-106    ./betwcent /work  Done                     01/03/2010 06:27:44
00020 c42-106    ./betwcent /work  Done                     01/03/2010 06:27:44
00021 c22-407    ./betwcent /work  Done                     01/03/2010 06:27:44
00022 c22-407    ./betwcent /work  Done                     01/03/2010 06:27:44
00023 c22-407    ./betwcent /work  Done                     01/03/2010 06:27:44
00024 c22-407    ./betwcent /work  Done                     01/03/2010 06:27:44
00025 c15-103    ./betwcent /work  Done                     01/03/2010 06:27:44
00026 c15-103    ./betwcent /work  Done                     01/03/2010 06:27:44
00027 c15-103    ./betwcent /work  Done                     01/03/2010 06:27:44
00028 c15-103    ./betwcent /work  Done                     01/03/2010 06:27:44
00029 c20-108    ./betwcent /work  Done                     01/03/2010 06:27:44
00030 c20-108    ./betwcent /work  Done                     01/03/2010 06:27:44
00031 c20-108    ./betwcent /work  Done                     01/03/2010 06:27:44
00032 c20-108    ./betwcent /work  Done                     01/03/2010 06:27:44
00033 c37-208    ./betwcent /work  Done                     01/03/2010 06:27:44
00034 c37-208    ./betwcent /work  Done                     01/03/2010 06:27:44
00035 c37-208    ./betwcent /work  Done                     01/03/2010 06:27:44
00036 c37-208    ./betwcent /work  Done                     01/03/2010 06:27:44
00037 c16-310    ./betwcent /work  Done                     01/03/2010 06:27:44
00038 c16-310    ./betwcent /work  Done                     01/03/2010 06:27:44
00039 c16-310    ./betwcent /work  Done                     01/03/2010 06:27:44
00040 c16-310    ./betwcent /work  Done                     01/03/2010 06:27:44
00041 c39-410    ./betwcent /work  Done                     01/03/2010 06:27:44
00042 c39-410    ./betwcent /work  Done                     01/03/2010 06:27:44
00043 c39-410    ./betwcent /work  Done                     01/03/2010 06:27:44
00044 c39-410    ./betwcent /work  Done                     01/03/2010 06:27:44
00045 c43-207    ./betwcent /work  Done                     01/03/2010 06:27:44
00046 c43-207    ./betwcent /work  Done                     01/03/2010 06:27:44
00047 c43-207    ./betwcent /work  Done                     01/03/2010 06:27:44
00048 c43-207    ./betwcent /work  Done                     01/03/2010 06:27:44
00049 c17-106    ./betwcent /work  Done                     01/03/2010 06:27:44
00050 c17-106    ./betwcent /work  Done                     01/03/2010 06:27:44
00051 c17-106    ./betwcent /work  Done                     01/03/2010 06:27:44
00052 c17-106    ./betwcent /work  Done                     01/03/2010 06:27:44
00053 c44-209    ./betwcent /work  Done                     01/03/2010 06:27:44
00054 c44-209    ./betwcent /work  Done                     01/03/2010 06:27:44
00055 c44-209    ./betwcent /work  Done                     01/03/2010 06:27:44
00056 c44-209    ./betwcent /work  Done                     01/03/2010 06:27:44
00057 c32-204    ./betwcent /work  Done                     01/03/2010 06:27:44
00058 c32-204    ./betwcent /work  Done                     01/03/2010 06:27:44
00059 c32-204    ./betwcent /work  Done                     01/03/2010 06:27:44
00060 c32-204    ./betwcent /work  Done                     01/03/2010 06:27:44
00061 c36-403    ./betwcent /work  Done                     01/03/2010 06:27:44
00062 c36-403    ./betwcent /work  Done                     01/03/2010 06:27:44
00063 c36-403    ./betwcent /work  Done                     01/03/2010 06:27:44
00064 c36-403    ./betwcent /work  Done                     01/03/2010 06:27:44
00065 c38-105    ./betwcent /work  Done                     01/03/2010 06:27:44
00066 c38-105    ./betwcent /work  Done                     01/03/2010 06:27:44
00067 c38-105    ./betwcent /work  Done                     01/03/2010 06:27:44
00068 c38-105    ./betwcent /work  Done                     01/03/2010 06:27:44
00069 c39-308    ./betwcent /work  Done                     01/03/2010 06:27:44
00070 c39-308    ./betwcent /work  Done                     01/03/2010 06:27:44
00071 c39-308    ./betwcent /work  Done                     01/03/2010 06:27:44
00072 c39-308    ./betwcent /work  Done                     01/03/2010 06:27:44
00073 c23-202    ./betwcent /work  Done                     01/03/2010 06:27:44
00074 c23-202    ./betwcent /work  Done                     01/03/2010 06:27:44
00075 c23-202    ./betwcent /work  Done                     01/03/2010 06:27:44
00076 c23-202    ./betwcent /work  Done                     01/03/2010 06:27:44
00077 c30-308    ./betwcent /work  Done                     01/03/2010 06:27:44
00078 c30-308    ./betwcent /work  Done                     01/03/2010 06:27:44
00079 c30-308    ./betwcent /work  Done                     01/03/2010 06:27:44
00080 c30-308    ./betwcent /work  Done                     01/03/2010 06:27:44
00081 c13-201    ./betwcent /work  Done                     01/03/2010 06:27:44
00082 c13-201    ./betwcent /work  Done                     01/03/2010 06:27:44
00083 c13-201    ./betwcent /work  Done                     01/03/2010 06:27:44
00084 c13-201    ./betwcent /work  Done                     01/03/2010 06:27:44
00085 c40-207    ./betwcent /work  Done                     01/03/2010 06:27:44
00086 c40-207    ./betwcent /work  Done                     01/03/2010 06:27:44
00087 c40-207    ./betwcent /work  Done                     01/03/2010 06:27:44
00088 c40-207    ./betwcent /work  Done                     01/03/2010 06:27:44
00089 c42-402    ./betwcent /work  Done                     01/03/2010 06:27:44
00090 c42-402    ./betwcent /work  Done                     01/03/2010 06:27:44
00091 c42-402    ./betwcent /work  Done                     01/03/2010 06:27:44
00092 c42-402    ./betwcent /work  Done                     01/03/2010 06:27:44
00093 c33-209    ./betwcent /work  Done                     01/03/2010 06:27:44
00094 c33-209    ./betwcent /work  Done                     01/03/2010 06:27:44
00095 c33-209    ./betwcent /work  Done                     01/03/2010 06:27:44
00096 c33-209    ./betwcent /work  Done                     01/03/2010 06:27:44
00097 c43-402    ./betwcent /work  Done                     01/03/2010 06:27:44
00098 c43-402    ./betwcent /work  Done                     01/03/2010 06:27:44
00099 c43-402    ./betwcent /work  Done                     01/03/2010 06:27:44
00100 c43-402    ./betwcent /work  Done                     01/03/2010 06:27:44
00101 c36-107    ./betwcent /work  Done                     01/03/2010 06:27:44
00102 c36-107    ./betwcent /work  Done                     01/03/2010 06:27:44
00103 c36-107    ./betwcent /work  Done                     01/03/2010 06:27:44
00104 c36-107    ./betwcent /work  Done                     01/03/2010 06:27:44
00105 c15-310    ./betwcent /work  Done                     01/03/2010 06:27:44
00106 c15-310    ./betwcent /work  Done                     01/03/2010 06:27:44
00107 c15-310    ./betwcent /work  Done                     01/03/2010 06:27:44
00108 c15-310    ./betwcent /work  Done                     01/03/2010 06:27:44
00109 c18-204    ./betwcent /work  Done                     01/03/2010 06:27:44
00110 c18-204    ./betwcent /work  Done                     01/03/2010 06:27:44
00111 c18-204    ./betwcent /work  Done                     01/03/2010 06:27:44
00112 c18-204    ./betwcent /work  Done                     01/03/2010 06:27:44
00113 c23-308    ./betwcent /work  Done                     01/03/2010 06:27:44
00114 c23-308    ./betwcent /work  Done                     01/03/2010 06:27:44
00115 c23-308    ./betwcent /work  Done                     01/03/2010 06:27:44
00116 c23-308    ./betwcent /work  Done                     01/03/2010 06:27:44
00117 c40-108    ./betwcent /work  Done                     01/03/2010 06:27:44
00118 c40-108    ./betwcent /work  Done                     01/03/2010 06:27:44
00119 c40-108    ./betwcent /work  Done                     01/03/2010 06:27:44
00120 c40-108    ./betwcent /work  Done                     01/03/2010 06:27:44
00121 c28-206    ./betwcent /work  Done                     01/03/2010 06:27:44
00122 c28-206    ./betwcent /work  Done                     01/03/2010 06:27:44
00123 c28-206    ./betwcent /work  Done                     01/03/2010 06:27:44
00124 c28-206    ./betwcent /work  Done                     01/03/2010 06:27:44
00125 c10-201    ./betwcent /work  Done                     01/03/2010 06:27:44
00126 c10-201    ./betwcent /work  Done                     01/03/2010 06:27:44
00127 c10-201    ./betwcent /work  Done                     01/03/2010 06:27:44
00128 c10-201    ./betwcent /work  Done                     01/03/2010 06:27:44
00129 c20-301    ./betwcent /work  Done                     01/03/2010 06:27:44
00130 c20-301    ./betwcent /work  Done                     01/03/2010 06:27:44
00131 c20-301    ./betwcent /work  Done                     01/03/2010 06:27:44
00132 c20-301    ./betwcent /work  Done                     01/03/2010 06:27:44
00133 c37-302    ./betwcent /work  Done                     01/03/2010 06:27:44
00134 c37-302    ./betwcent /work  Done                     01/03/2010 06:27:44
00135 c37-302    ./betwcent /work  Done                     01/03/2010 06:27:44
00136 c37-302    ./betwcent /work  Done                     01/03/2010 06:27:44
00137 c44-301    ./betwcent /work  Done                     01/03/2010 06:27:44
00138 c44-301    ./betwcent /work  Done                     01/03/2010 06:27:44
00139 c44-301    ./betwcent /work  Done                     01/03/2010 06:27:44
00140 c44-301    ./betwcent /work  Done                     01/03/2010 06:27:44
00141 c44-208    ./betwcent /work  Done                     01/03/2010 06:27:44
00142 c44-208    ./betwcent /work  Done                     01/03/2010 06:27:44
00143 c44-208    ./betwcent /work  Done                     01/03/2010 06:27:44
00144 c44-208    ./betwcent /work  Done                     01/03/2010 06:27:44
00145 c17-202    ./betwcent /work  Done                     01/03/2010 06:27:44
00146 c17-202    ./betwcent /work  Done                     01/03/2010 06:27:44
00147 c17-202    ./betwcent /work  Done                     01/03/2010 06:27:44
00148 c17-202    ./betwcent /work  Done                     01/03/2010 06:27:44
00149 c21-106    ./betwcent /work  Done                     01/03/2010 06:27:44
00150 c21-106    ./betwcent /work  Done                     01/03/2010 06:27:44
00151 c21-106    ./betwcent /work  Done                     01/03/2010 06:27:44
00152 c21-106    ./betwcent /work  Done                     01/03/2010 06:27:44
00153 c10-202    ./betwcent /work  Done                     01/03/2010 06:27:44
00154 c10-202    ./betwcent /work  Done                     01/03/2010 06:27:44
00155 c10-202    ./betwcent /work  Done                     01/03/2010 06:27:44
00156 c10-202    ./betwcent /work  Done                     01/03/2010 06:27:44
00157 c27-209    ./betwcent /work  Done                     01/03/2010 06:27:44
00158 c27-209    ./betwcent /work  Done                     01/03/2010 06:27:44
00159 c27-209    ./betwcent /work  Done                     01/03/2010 06:27:44
00160 c27-209    ./betwcent /work  Done                     01/03/2010 06:27:44
00161 c45-409    ./betwcent /work  Done                     01/03/2010 06:27:44
00162 c45-409    ./betwcent /work  Done                     01/03/2010 06:27:44
00163 c45-409    ./betwcent /work  Done                     01/03/2010 06:27:44
00164 c45-409    ./betwcent /work  Done                     01/03/2010 06:27:44
00165 c26-203    ./betwcent /work  Done                     01/03/2010 06:27:44
00166 c26-203    ./betwcent /work  Done                     01/03/2010 06:27:44
00167 c26-203    ./betwcent /work  Done                     01/03/2010 06:27:44
00168 c26-203    ./betwcent /work  Done                     01/03/2010 06:27:44
00169 c31-206    ./betwcent /work  Done                     01/03/2010 06:27:44
00170 c31-206    ./betwcent /work  Done                     01/03/2010 06:27:44
00171 c31-206    ./betwcent /work  Done                     01/03/2010 06:27:44
00172 c31-206    ./betwcent /work  Done                     01/03/2010 06:27:44
00173 c33-205    ./betwcent /work  Done                     01/03/2010 06:27:44
00174 c33-205    ./betwcent /work  Done                     01/03/2010 06:27:44
00175 c33-205    ./betwcent /work  Done                     01/03/2010 06:27:44
00176 c33-205    ./betwcent /work  Done                     01/03/2010 06:27:44
00177 c33-303    ./betwcent /work  Done                     01/03/2010 06:27:44
00178 c33-303    ./betwcent /work  Done                     01/03/2010 06:27:44
00179 c33-303    ./betwcent /work  Done                     01/03/2010 06:27:44
00180 c33-303    ./betwcent /work  Done                     01/03/2010 06:27:44
00181 c31-407    ./betwcent /work  Done                     01/03/2010 06:27:44
00182 c31-407    ./betwcent /work  Done                     01/03/2010 06:27:44
00183 c31-407    ./betwcent /work  Done                     01/03/2010 06:27:44
00184 c31-407    ./betwcent /work  Done                     01/03/2010 06:27:44
00185 c13-109    ./betwcent /work  Done                     01/03/2010 06:27:44
00186 c13-109    ./betwcent /work  Done                     01/03/2010 06:27:44
00187 c13-109    ./betwcent /work  Done                     01/03/2010 06:27:44
00188 c13-109    ./betwcent /work  Done                     01/03/2010 06:27:44
00189 c34-410    ./betwcent /work  Done                     01/03/2010 06:27:44
00190 c34-410    ./betwcent /work  Done                     01/03/2010 06:27:44
00191 c34-410    ./betwcent /work  Done                     01/03/2010 06:27:44
00192 c34-410    ./betwcent /work  Done                     01/03/2010 06:27:44
00193 c33-101    ./betwcent /work  Done                     01/03/2010 06:27:44
00194 c33-101    ./betwcent /work  Done                     01/03/2010 06:27:44
00195 c33-101    ./betwcent /work  Done                     01/03/2010 06:27:44
00196 c33-101    ./betwcent /work  Done                     01/03/2010 06:27:44
00197 c45-407    ./betwcent /work  Done                     01/03/2010 06:27:44
00198 c45-407    ./betwcent /work  Done                     01/03/2010 06:27:44
00199 c45-407    ./betwcent /work  Done                     01/03/2010 06:27:44
00200 c45-407    ./betwcent /work  Done                     01/03/2010 06:27:44
00201 c29-410    ./betwcent /work  Done                     01/03/2010 06:27:44
00202 c29-410    ./betwcent /work  Done                     01/03/2010 06:27:44
00203 c29-410    ./betwcent /work  Done                     01/03/2010 06:27:44
00204 c29-410    ./betwcent /work  Done                     01/03/2010 06:27:44
00205 c42-102    ./betwcent /work  Done                     01/03/2010 06:27:44
00206 c42-102    ./betwcent /work  Done                     01/03/2010 06:27:44
00207 c42-102    ./betwcent /work  Done                     01/03/2010 06:27:44
00208 c42-102    ./betwcent /work  Done                     01/03/2010 06:27:44
00209 c27-305    ./betwcent /work  Done                     01/03/2010 06:27:44
00210 c27-305    ./betwcent /work  Done                     01/03/2010 06:27:44
00211 c27-305    ./betwcent /work  Done                     01/03/2010 06:27:44
00212 c27-305    ./betwcent /work  Done                     01/03/2010 06:27:44
00213 c13-208    ./betwcent /work  Done                     01/03/2010 06:27:44
00214 c13-208    ./betwcent /work  Done                     01/03/2010 06:27:44
00215 c13-208    ./betwcent /work  Done                     01/03/2010 06:27:44
00216 c13-208    ./betwcent /work  Done                     01/03/2010 06:27:44
00217 c11-201    ./betwcent /work  Done                     01/03/2010 06:27:44
00218 c11-201    ./betwcent /work  Done                     01/03/2010 06:27:44
00219 c11-201    ./betwcent /work  Done                     01/03/2010 06:27:44
00220 c11-201    ./betwcent /work  Done                     01/03/2010 06:27:44
00221 c41-209    ./betwcent /work  Done                     01/03/2010 06:27:44
00222 c41-209    ./betwcent /work  Done                     01/03/2010 06:27:44
00223 c41-209    ./betwcent /work  Done                     01/03/2010 06:27:44
00224 c41-209    ./betwcent /work  Done                     01/03/2010 06:27:44
00225 c34-407    ./betwcent /work  Done                     01/03/2010 06:27:44
00226 c34-407    ./betwcent /work  Done                     01/03/2010 06:27:44
00227 c34-407    ./betwcent /work  Done                     01/03/2010 06:27:44
00228 c34-407    ./betwcent /work  Done                     01/03/2010 06:27:44
00229 c19-204    ./betwcent /work  Done                     01/03/2010 06:27:44
00230 c19-204    ./betwcent /work  Done                     01/03/2010 06:27:44
00231 c19-204    ./betwcent /work  Done                     01/03/2010 06:27:44
00232 c19-204    ./betwcent /work  Done                     01/03/2010 06:27:44
00233 c25-204    ./betwcent /work  Done                     01/03/2010 06:27:44
00234 c25-204    ./betwcent /work  Done                     01/03/2010 06:27:44
00235 c25-204    ./betwcent /work  Done                     01/03/2010 06:27:44
00236 c25-204    ./betwcent /work  Done                     01/03/2010 06:27:44
00237 c14-204    ./betwcent /work  Done                     01/03/2010 06:27:44
00238 c14-204    ./betwcent /work  Done                     01/03/2010 06:27:44
00239 c14-204    ./betwcent /work  Done                     01/03/2010 06:27:44
00240 c14-204    ./betwcent /work  Done                     01/03/2010 06:27:44
00241 c20-304    ./betwcent /work  Done                     01/03/2010 06:27:44
00242 c20-304    ./betwcent /work  Done                     01/03/2010 06:27:44
00243 c20-304    ./betwcent /work  Done                     01/03/2010 06:27:44
00244 c20-304    ./betwcent /work  Done                     01/03/2010 06:27:44
00245 c24-105    ./betwcent /work  Done                     01/03/2010 06:27:44
00246 c24-105    ./betwcent /work  Done                     01/03/2010 06:27:44
00247 c24-105    ./betwcent /work  Done                     01/03/2010 06:27:44
00248 c24-105    ./betwcent /work  Done                     01/03/2010 06:27:44
00249 c32-404    ./betwcent /work  Done                     01/03/2010 06:27:44
00250 c32-404    ./betwcent /work  Done                     01/03/2010 06:27:44
00251 c32-404    ./betwcent /work  Done                     01/03/2010 06:27:44
00252 c32-404    ./betwcent /work  Done                     01/03/2010 06:27:44
00253 c44-404    ./betwcent /work  Done                     01/03/2010 06:27:44
00254 c44-404    ./betwcent /work  Done                     01/03/2010 06:27:44
00255 c44-404    ./betwcent /work  Done                     01/03/2010 06:27:44
00256 c44-404    ./betwcent /work  Done                     01/03/2010 06:27:44
00257 c25-407    ./betwcent /work  Done                     01/03/2010 06:27:44
00258 c25-407    ./betwcent /work  Done                     01/03/2010 06:27:44
00259 c25-407    ./betwcent /work  Done                     01/03/2010 06:27:44
00260 c25-407    ./betwcent /work  Done                     01/03/2010 06:27:44
00261 c21-304    ./betwcent /work  Done                     01/03/2010 06:27:44
00262 c21-304    ./betwcent /work  Done                     01/03/2010 06:27:44
00263 c21-304    ./betwcent /work  Done                     01/03/2010 06:27:44
00264 c21-304    ./betwcent /work  Done                     01/03/2010 06:27:44
00265 c30-309    ./betwcent /work  Done                     01/03/2010 06:27:44
00266 c30-309    ./betwcent /work  Done                     01/03/2010 06:27:44
00267 c30-309    ./betwcent /work  Done                     01/03/2010 06:27:44
00268 c30-309    ./betwcent /work  Done                     01/03/2010 06:27:44
00269 c19-109    ./betwcent /work  Done                     01/03/2010 06:27:44
00270 c19-109    ./betwcent /work  Done                     01/03/2010 06:27:44
00271 c19-109    ./betwcent /work  Done                     01/03/2010 06:27:44
00272 c19-109    ./betwcent /work  Done                     01/03/2010 06:27:44
00273 c31-210    ./betwcent /work  Done                     01/03/2010 06:27:44
00274 c31-210    ./betwcent /work  Done                     01/03/2010 06:27:44
00275 c31-210    ./betwcent /work  Done                     01/03/2010 06:27:44
00276 c31-210    ./betwcent /work  Done                     01/03/2010 06:27:44
00277 c22-301    ./betwcent /work  Done                     01/03/2010 06:27:44
00278 c22-301    ./betwcent /work  Done                     01/03/2010 06:27:44
00279 c22-301    ./betwcent /work  Done                     01/03/2010 06:27:44
00280 c22-301    ./betwcent /work  Done                     01/03/2010 06:27:44
00281 c39-307    ./betwcent /work  Done                     01/03/2010 06:27:44
00282 c39-307    ./betwcent /work  Done                     01/03/2010 06:27:44
00283 c39-307    ./betwcent /work  Done                     01/03/2010 06:27:44
00284 c39-307    ./betwcent /work  Done                     01/03/2010 06:27:44
00285 c44-410    ./betwcent /work  Done                     01/03/2010 06:27:44
00286 c44-410    ./betwcent /work  Done                     01/03/2010 06:27:44
00287 c44-410    ./betwcent /work  Done                     01/03/2010 06:27:44
00288 c44-410    ./betwcent /work  Done                     01/03/2010 06:27:44
00289 c37-310    ./betwcent /work  Done                     01/03/2010 06:27:44
00290 c37-310    ./betwcent /work  Done                     01/03/2010 06:27:44
00291 c37-310    ./betwcent /work  Done                     01/03/2010 06:27:44
00292 c37-310    ./betwcent /work  Done                     01/03/2010 06:27:44
00293 c31-409    ./betwcent /work  Done                     01/03/2010 06:27:44
00294 c31-409    ./betwcent /work  Done                     01/03/2010 06:27:44
00295 c31-409    ./betwcent /work  Done                     01/03/2010 06:27:44
00296 c31-409    ./betwcent /work  Done                     01/03/2010 06:27:44
00297 c16-308    ./betwcent /work  Done                     01/03/2010 06:27:44
00298 c16-308    ./betwcent /work  Done                     01/03/2010 06:27:44
00299 c16-308    ./betwcent /work  Done                     01/03/2010 06:27:44
00300 c16-308    ./betwcent /work  Done                     01/03/2010 06:27:44
00301 c18-209    ./betwcent /work  Done                     01/03/2010 06:27:44
00302 c18-209    ./betwcent /work  Done                     01/03/2010 06:27:44
00303 c18-209    ./betwcent /work  Done                     01/03/2010 06:27:44
00304 c18-209    ./betwcent /work  Done                     01/03/2010 06:27:44
00305 c25-309    ./betwcent /work  Done                     01/03/2010 06:27:44
00306 c25-309    ./betwcent /work  Done                     01/03/2010 06:27:44
00307 c25-309    ./betwcent /work  Done                     01/03/2010 06:27:44
00308 c25-309    ./betwcent /work  Done                     01/03/2010 06:27:44
00309 c25-310    ./betwcent /work  Done                     01/03/2010 06:27:44
00310 c25-310    ./betwcent /work  Done                     01/03/2010 06:27:44
00311 c25-310    ./betwcent /work  Done                     01/03/2010 06:27:44
00312 c25-310    ./betwcent /work  Done                     01/03/2010 06:27:44
00313 c43-208    ./betwcent /work  Done                     01/03/2010 06:27:44
00314 c43-208    ./betwcent /work  Done                     01/03/2010 06:27:44
00315 c43-208    ./betwcent /work  Done                     01/03/2010 06:27:44
00316 c43-208    ./betwcent /work  Done                     01/03/2010 06:27:44
00317 c20-101    ./betwcent /work  Done                     01/03/2010 06:27:44
00318 c20-101    ./betwcent /work  Done                     01/03/2010 06:27:44
00319 c20-101    ./betwcent /work  Done                     01/03/2010 06:27:44
00320 c20-101    ./betwcent /work  Done                     01/03/2010 06:27:44
00321 c28-405    ./betwcent /work  Done                     01/03/2010 06:27:44
00322 c28-405    ./betwcent /work  Done                     01/03/2010 06:27:44
00323 c28-405    ./betwcent /work  Done                     01/03/2010 06:27:44
00324 c28-405    ./betwcent /work  Done                     01/03/2010 06:27:44
00325 c20-408    ./betwcent /work  Done                     01/03/2010 06:27:44
00326 c20-408    ./betwcent /work  Done                     01/03/2010 06:27:44
00327 c20-408    ./betwcent /work  Done                     01/03/2010 06:27:44
00328 c20-408    ./betwcent /work  Done                     01/03/2010 06:27:44
00329 c44-306    ./betwcent /work  Done                     01/03/2010 06:27:44
00330 c44-306    ./betwcent /work  Done                     01/03/2010 06:27:44
00331 c44-306    ./betwcent /work  Done                     01/03/2010 06:27:44
00332 c44-306    ./betwcent /work  Done                     01/03/2010 06:27:44
00333 c26-302    ./betwcent /work  Done                     01/03/2010 06:27:44
00334 c26-302    ./betwcent /work  Done                     01/03/2010 06:27:44
00335 c26-302    ./betwcent /work  Done                     01/03/2010 06:27:44
00336 c26-302    ./betwcent /work  Done                     01/03/2010 06:27:44
00337 c13-105    ./betwcent /work  Done                     01/03/2010 06:27:44
00338 c13-105    ./betwcent /work  Done                     01/03/2010 06:27:44
00339 c13-105    ./betwcent /work  Done                     01/03/2010 06:27:44
00340 c13-105    ./betwcent /work  Done                     01/03/2010 06:27:44
00341 c17-108    ./betwcent /work  Done                     01/03/2010 06:27:44
00342 c17-108    ./betwcent /work  Done                     01/03/2010 06:27:44
00343 c17-108    ./betwcent /work  Done                     01/03/2010 06:27:44
00344 c17-108    ./betwcent /work  Done                     01/03/2010 06:27:44
00345 c26-404    ./betwcent /work  Done                     01/03/2010 06:27:44
00346 c26-404    ./betwcent /work  Done                     01/03/2010 06:27:44
00347 c26-404    ./betwcent /work  Done                     01/03/2010 06:27:44
00348 c26-404    ./betwcent /work  Done                     01/03/2010 06:27:44
00349 c27-403    ./betwcent /work  Done                     01/03/2010 06:27:44
00350 c27-403    ./betwcent /work  Done                     01/03/2010 06:27:44
00351 c27-403    ./betwcent /work  Done                     01/03/2010 06:27:44
00352 c27-403    ./betwcent /work  Done                     01/03/2010 06:27:44
00353 c43-103    ./betwcent /work  Done                     01/03/2010 06:27:44
00354 c43-103    ./betwcent /work  Done                     01/03/2010 06:27:44
00355 c43-103    ./betwcent /work  Done                     01/03/2010 06:27:44
00356 c43-103    ./betwcent /work  Done                     01/03/2010 06:27:44
00357 c15-307    ./betwcent /work  Done                     01/03/2010 06:27:44
00358 c15-307    ./betwcent /work  Done                     01/03/2010 06:27:44
00359 c15-307    ./betwcent /work  Done                     01/03/2010 06:27:44
00360 c15-307    ./betwcent /work  Done                     01/03/2010 06:27:44
00361 c39-206    ./betwcent /work  Done                     01/03/2010 06:27:44
00362 c39-206    ./betwcent /work  Done                     01/03/2010 06:27:44
00363 c39-206    ./betwcent /work  Done                     01/03/2010 06:27:44
00364 c39-206    ./betwcent /work  Done                     01/03/2010 06:27:44
00365 c24-401    ./betwcent /work  Done                     01/03/2010 06:27:44
00366 c24-401    ./betwcent /work  Done                     01/03/2010 06:27:44
00367 c24-401    ./betwcent /work  Done                     01/03/2010 06:27:44
00368 c24-401    ./betwcent /work  Done                     01/03/2010 06:27:44
00369 c19-105    ./betwcent /work  Done                     01/03/2010 06:27:44
00370 c19-105    ./betwcent /work  Done                     01/03/2010 06:27:44
00371 c19-105    ./betwcent /work  Done                     01/03/2010 06:27:44
00372 c19-105    ./betwcent /work  Done                     01/03/2010 06:27:44
00373 c31-401    ./betwcent /work  Done                     01/03/2010 06:27:44
00374 c31-401    ./betwcent /work  Done                     01/03/2010 06:27:44
00375 c31-401    ./betwcent /work  Done                     01/03/2010 06:27:44
00376 c31-401    ./betwcent /work  Done                     01/03/2010 06:27:44
00377 c28-108    ./betwcent /work  Done                     01/03/2010 06:27:44
00378 c28-108    ./betwcent /work  Done                     01/03/2010 06:27:44
00379 c28-108    ./betwcent /work  Done                     01/03/2010 06:27:44
00380 c28-108    ./betwcent /work  Done                     01/03/2010 06:27:44
00381 c33-201    ./betwcent /work  Done                     01/03/2010 06:27:44
00382 c33-201    ./betwcent /work  Done                     01/03/2010 06:27:44
00383 c33-201    ./betwcent /work  Done                     01/03/2010 06:27:44
00384 c33-201    ./betwcent /work  Done                     01/03/2010 06:27:44
00385 c43-101    ./betwcent /work  Done                     01/03/2010 06:27:44
00386 c43-101    ./betwcent /work  Done                     01/03/2010 06:27:44
00387 c43-101    ./betwcent /work  Done                     01/03/2010 06:27:44
00388 c43-101    ./betwcent /work  Done                     01/03/2010 06:27:44
00389 c27-106    ./betwcent /work  Done                     01/03/2010 06:27:44
00390 c27-106    ./betwcent /work  Done                     01/03/2010 06:27:44
00391 c27-106    ./betwcent /work  Done                     01/03/2010 06:27:44
00392 c27-106    ./betwcent /work  Done                     01/03/2010 06:27:44
00393 c35-403    ./betwcent /work  Done                     01/03/2010 06:27:44
00394 c35-403    ./betwcent /work  Done                     01/03/2010 06:27:44
00395 c35-403    ./betwcent /work  Done                     01/03/2010 06:27:44
00396 c35-403    ./betwcent /work  Done                     01/03/2010 06:27:44
00397 c28-110    ./betwcent /work  Done                     01/03/2010 06:27:44
00398 c28-110    ./betwcent /work  Done                     01/03/2010 06:27:44
00399 c28-110    ./betwcent /work  Done                     01/03/2010 06:27:44
00400 c28-110    ./betwcent /work  Done                     01/03/2010 06:27:44
00401 c35-109    ./betwcent /work  Done                     01/03/2010 06:27:44
00402 c35-109    ./betwcent /work  Done                     01/03/2010 06:27:44
00403 c35-109    ./betwcent /work  Done                     01/03/2010 06:27:44
00404 c35-109    ./betwcent /work  Done                     01/03/2010 06:27:44
00405 c21-207    ./betwcent /work  Done                     01/03/2010 06:27:44
00406 c21-207    ./betwcent /work  Done                     01/03/2010 06:27:44
00407 c21-207    ./betwcent /work  Done                     01/03/2010 06:27:44
00408 c21-207    ./betwcent /work  Done                     01/03/2010 06:27:44
00409 c40-205    ./betwcent /work  Done                     01/03/2010 06:27:44
00410 c40-205    ./betwcent /work  Done                     01/03/2010 06:27:44
00411 c40-205    ./betwcent /work  Done                     01/03/2010 06:27:44
00412 c40-205    ./betwcent /work  Done                     01/03/2010 06:27:44
00413 c21-306    ./betwcent /work  Done                     01/03/2010 06:27:44
00414 c21-306    ./betwcent /work  Done                     01/03/2010 06:27:44
00415 c21-306    ./betwcent /work  Done                     01/03/2010 06:27:44
00416 c21-306    ./betwcent /work  Done                     01/03/2010 06:27:44
00417 c16-105    ./betwcent /work  Done                     01/03/2010 06:27:44
00418 c16-105    ./betwcent /work  Done                     01/03/2010 06:27:44
00419 c16-105    ./betwcent /work  Done                     01/03/2010 06:27:44
00420 c16-105    ./betwcent /work  Done                     01/03/2010 06:27:44
00421 c15-204    ./betwcent /work  Done                     01/03/2010 06:27:44
00422 c15-204    ./betwcent /work  Done                     01/03/2010 06:27:44
00423 c15-204    ./betwcent /work  Done                     01/03/2010 06:27:44
00424 c15-204    ./betwcent /work  Done                     01/03/2010 06:27:44
00425 c29-406    ./betwcent /work  Done                     01/03/2010 06:27:44
00426 c29-406    ./betwcent /work  Done                     01/03/2010 06:27:44
00427 c29-406    ./betwcent /work  Done                     01/03/2010 06:27:44
00428 c29-406    ./betwcent /work  Done                     01/03/2010 06:27:44
00429 c44-203    ./betwcent /work  Done                     01/03/2010 06:27:44
00430 c44-203    ./betwcent /work  Done                     01/03/2010 06:27:44
00431 c44-203    ./betwcent /work  Done                     01/03/2010 06:27:44
00432 c44-203    ./betwcent /work  Done                     01/03/2010 06:27:44
00433 c21-103    ./betwcent /work  Done                     01/03/2010 06:27:44
00434 c21-103    ./betwcent /work  Done                     01/03/2010 06:27:44
00435 c21-103    ./betwcent /work  Done                     01/03/2010 06:27:44
00436 c21-103    ./betwcent /work  Done                     01/03/2010 06:27:44
00437 c39-401    ./betwcent /work  Done                     01/03/2010 06:27:44
00438 c39-401    ./betwcent /work  Done                     01/03/2010 06:27:44
00439 c39-401    ./betwcent /work  Done                     01/03/2010 06:27:44
00440 c39-401    ./betwcent /work  Done                     01/03/2010 06:27:44
00441 c21-401    ./betwcent /work  Done                     01/03/2010 06:27:44
00442 c21-401    ./betwcent /work  Done                     01/03/2010 06:27:44
00443 c21-401    ./betwcent /work  Done                     01/03/2010 06:27:44
00444 c21-401    ./betwcent /work  Done                     01/03/2010 06:27:44
00445 c41-302    ./betwcent /work  Done                     01/03/2010 06:27:44
00446 c41-302    ./betwcent /work  Done                     01/03/2010 06:27:44
00447 c41-302    ./betwcent /work  Done                     01/03/2010 06:27:44
00448 c41-302    ./betwcent /work  Done                     01/03/2010 06:27:44
00449 c20-106    ./betwcent /work  Done                     01/03/2010 06:27:44
00450 c20-106    ./betwcent /work  Done                     01/03/2010 06:27:44
00451 c20-106    ./betwcent /work  Done                     01/03/2010 06:27:44
00452 c20-106    ./betwcent /work  Done                     01/03/2010 06:27:44
00453 c27-203    ./betwcent /work  Done                     01/03/2010 06:27:44
00454 c27-203    ./betwcent /work  Done                     01/03/2010 06:27:44
00455 c27-203    ./betwcent /work  Done                     01/03/2010 06:27:44
00456 c27-203    ./betwcent /work  Done                     01/03/2010 06:27:44
00457 c39-210    ./betwcent /work  Done                     01/03/2010 06:27:44
00458 c39-210    ./betwcent /work  Done                     01/03/2010 06:27:44
00459 c39-210    ./betwcent /work  Done                     01/03/2010 06:27:44
00460 c39-210    ./betwcent /work  Done                     01/03/2010 06:27:44
00461 c43-302    ./betwcent /work  Done                     01/03/2010 06:27:44
00462 c43-302    ./betwcent /work  Done                     01/03/2010 06:27:44
00463 c43-302    ./betwcent /work  Done                     01/03/2010 06:27:44
00464 c43-302    ./betwcent /work  Done                     01/03/2010 06:27:44
00465 c15-203    ./betwcent /work  Done                     01/03/2010 06:27:44
00466 c15-203    ./betwcent /work  Done                     01/03/2010 06:27:44
00467 c15-203    ./betwcent /work  Done                     01/03/2010 06:27:44
00468 c15-203    ./betwcent /work  Done                     01/03/2010 06:27:44
00469 c43-210    ./betwcent /work  Done                     01/03/2010 06:27:44
00470 c43-210    ./betwcent /work  Done                     01/03/2010 06:27:44
00471 c43-210    ./betwcent /work  Done                     01/03/2010 06:27:44
00472 c43-210    ./betwcent /work  Done                     01/03/2010 06:27:44
00473 c41-103    ./betwcent /work  Done                     01/03/2010 06:27:44
00474 c41-103    ./betwcent /work  Done                     01/03/2010 06:27:44
00475 c41-103    ./betwcent /work  Done                     01/03/2010 06:27:44
00476 c41-103    ./betwcent /work  Done                     01/03/2010 06:27:44
00477 c31-302    ./betwcent /work  Done                     01/03/2010 06:27:44
00478 c31-302    ./betwcent /work  Done                     01/03/2010 06:27:44
00479 c31-302    ./betwcent /work  Done                     01/03/2010 06:27:44
00480 c31-302    ./betwcent /work  Done                     01/03/2010 06:27:44
00481 c44-206    ./betwcent /work  Done                     01/03/2010 06:27:44
00482 c44-206    ./betwcent /work  Done                     01/03/2010 06:27:44
00483 c44-206    ./betwcent /work  Done                     01/03/2010 06:27:44
00484 c44-206    ./betwcent /work  Done                     01/03/2010 06:27:44
00485 c30-206    ./betwcent /work  Done                     01/03/2010 06:27:44
00486 c30-206    ./betwcent /work  Done                     01/03/2010 06:27:44
00487 c30-206    ./betwcent /work  Done                     01/03/2010 06:27:44
00488 c30-206    ./betwcent /work  Done                     01/03/2010 06:27:44
00489 c39-403    ./betwcent /work  Done                     01/03/2010 06:27:44
00490 c39-403    ./betwcent /work  Done                     01/03/2010 06:27:44
00491 c39-403    ./betwcent /work  Done                     01/03/2010 06:27:44
00492 c39-403    ./betwcent /work  Done                     01/03/2010 06:27:44
00493 c40-304    ./betwcent /work  Done                     01/03/2010 06:27:44
00494 c40-304    ./betwcent /work  Done                     01/03/2010 06:27:44
00495 c40-304    ./betwcent /work  Done                     01/03/2010 06:27:44
00496 c40-304    ./betwcent /work  Done                     01/03/2010 06:27:44
00497 c28-101    ./betwcent /work  Done                     01/03/2010 06:27:44
00498 c28-101    ./betwcent /work  Done                     01/03/2010 06:27:44
00499 c28-101    ./betwcent /work  Done                     01/03/2010 06:27:44
00500 c28-101    ./betwcent /work  Done                     01/03/2010 06:27:44
00501 c26-406    ./betwcent /work  Done                     01/03/2010 06:27:44
00502 c26-406    ./betwcent /work  Done                     01/03/2010 06:27:44
00503 c26-406    ./betwcent /work  Done                     01/03/2010 06:27:44
00504 c26-406    ./betwcent /work  Done                     01/03/2010 06:27:44
00505 c25-109    ./betwcent /work  Done                     01/03/2010 06:27:44
00506 c25-109    ./betwcent /work  Done                     01/03/2010 06:27:44
00507 c25-109    ./betwcent /work  Done                     01/03/2010 06:27:44
00508 c25-109    ./betwcent /work  Done                     01/03/2010 06:27:44
00509 c15-202    ./betwcent /work  Done                     01/03/2010 06:27:44
00510 c15-202    ./betwcent /work  Done                     01/03/2010 06:27:44
00511 c15-202    ./betwcent /work  Done                     01/03/2010 06:27:44
00512 c15-202    ./betwcent /work  Done                     01/03/2010 06:27:44
00513 c16-301    ./betwcent /work  Done                     01/03/2010 06:27:44
00514 c16-301    ./betwcent /work  Done                     01/03/2010 06:27:44
00515 c16-301    ./betwcent /work  Done                     01/03/2010 06:27:44
00516 c16-301    ./betwcent /work  Done                     01/03/2010 06:27:44
00517 c27-208    ./betwcent /work  Done                     01/03/2010 06:27:44
00518 c27-208    ./betwcent /work  Done                     01/03/2010 06:27:44
00519 c27-208    ./betwcent /work  Done                     01/03/2010 06:27:44
00520 c27-208    ./betwcent /work  Done                     01/03/2010 06:27:44
00521 c24-208    ./betwcent /work  Done                     01/03/2010 06:27:44
00522 c24-208    ./betwcent /work  Done                     01/03/2010 06:27:44
00523 c24-208    ./betwcent /work  Done                     01/03/2010 06:27:44
00524 c24-208    ./betwcent /work  Done                     01/03/2010 06:27:44
00525 c24-203    ./betwcent /work  Done                     01/03/2010 06:27:44
00526 c24-203    ./betwcent /work  Done                     01/03/2010 06:27:44
00527 c24-203    ./betwcent /work  Done                     01/03/2010 06:27:44
00528 c24-203    ./betwcent /work  Done                     01/03/2010 06:27:44
00529 c13-308    ./betwcent /work  Done                     01/03/2010 06:27:44
00530 c13-308    ./betwcent /work  Done                     01/03/2010 06:27:44
00531 c13-308    ./betwcent /work  Done                     01/03/2010 06:27:44
00532 c13-308    ./betwcent /work  Done                     01/03/2010 06:27:44
00533 c43-406    ./betwcent /work  Done                     01/03/2010 06:27:44
00534 c43-406    ./betwcent /work  Done                     01/03/2010 06:27:44
00535 c43-406    ./betwcent /work  Done                     01/03/2010 06:27:44
00536 c43-406    ./betwcent /work  Done                     01/03/2010 06:27:44
00537 c43-301    ./betwcent /work  Done                     01/03/2010 06:27:44
00538 c43-301    ./betwcent /work  Done                     01/03/2010 06:27:44
00539 c43-301    ./betwcent /work  Done                     01/03/2010 06:27:44
00540 c43-301    ./betwcent /work  Done                     01/03/2010 06:27:44
00541 c21-110    ./betwcent /work  Done                     01/03/2010 06:27:44
00542 c21-110    ./betwcent /work  Done                     01/03/2010 06:27:44
00543 c21-110    ./betwcent /work  Done                     01/03/2010 06:27:44
00544 c21-110    ./betwcent /work  Done                     01/03/2010 06:27:44
00545 c26-102    ./betwcent /work  Done                     01/03/2010 06:27:44
00546 c26-102    ./betwcent /work  Done                     01/03/2010 06:27:44
00547 c26-102    ./betwcent /work  Done                     01/03/2010 06:27:44
00548 c26-102    ./betwcent /work  Done                     01/03/2010 06:27:44
00549 c14-304    ./betwcent /work  Done                     01/03/2010 06:27:44
00550 c14-304    ./betwcent /work  Done                     01/03/2010 06:27:44
00551 c14-304    ./betwcent /work  Done                     01/03/2010 06:27:44
00552 c14-304    ./betwcent /work  Done                     01/03/2010 06:27:44
00553 c32-209    ./betwcent /work  Done                     01/03/2010 06:27:44
00554 c32-209    ./betwcent /work  Done                     01/03/2010 06:27:44
00555 c32-209    ./betwcent /work  Done                     01/03/2010 06:27:44
00556 c32-209    ./betwcent /work  Done                     01/03/2010 06:27:44
00557 c33-104    ./betwcent /work  Done                     01/03/2010 06:27:44
00558 c33-104    ./betwcent /work  Done                     01/03/2010 06:27:44
00559 c33-104    ./betwcent /work  Done                     01/03/2010 06:27:44
00560 c33-104    ./betwcent /work  Done                     01/03/2010 06:27:44
00561 c18-207    ./betwcent /work  Done                     01/03/2010 06:27:44
00562 c18-207    ./betwcent /work  Done                     01/03/2010 06:27:44
00563 c18-207    ./betwcent /work  Done                     01/03/2010 06:27:44
00564 c18-207    ./betwcent /work  Done                     01/03/2010 06:27:44
00565 c38-402    ./betwcent /work  Done                     01/03/2010 06:27:44
00566 c38-402    ./betwcent /work  Done                     01/03/2010 06:27:44
00567 c38-402    ./betwcent /work  Done                     01/03/2010 06:27:44
00568 c38-402    ./betwcent /work  Done                     01/03/2010 06:27:44
00569 c25-201    ./betwcent /work  Done                     01/03/2010 06:27:44
00570 c25-201    ./betwcent /work  Done                     01/03/2010 06:27:44
00571 c25-201    ./betwcent /work  Done                     01/03/2010 06:27:44
00572 c25-201    ./betwcent /work  Done                     01/03/2010 06:27:44
00573 c25-410    ./betwcent /work  Done                     01/03/2010 06:27:44
00574 c25-410    ./betwcent /work  Done                     01/03/2010 06:27:44
00575 c25-410    ./betwcent /work  Done                     01/03/2010 06:27:44
00576 c25-410    ./betwcent /work  Done                     01/03/2010 06:27:44
00577 c13-305    ./betwcent /work  Done                     01/03/2010 06:27:44
00578 c13-305    ./betwcent /work  Done                     01/03/2010 06:27:44
00579 c13-305    ./betwcent /work  Done                     01/03/2010 06:27:44
00580 c13-305    ./betwcent /work  Done                     01/03/2010 06:27:44
00581 c42-406    ./betwcent /work  Done                     01/03/2010 06:27:44
00582 c42-406    ./betwcent /work  Done                     01/03/2010 06:27:44
00583 c42-406    ./betwcent /work  Done                     01/03/2010 06:27:44
00584 c42-406    ./betwcent /work  Done                     01/03/2010 06:27:44
00585 c37-408    ./betwcent /work  Done                     01/03/2010 06:27:44
00586 c37-408    ./betwcent /work  Done                     01/03/2010 06:27:44
00587 c37-408    ./betwcent /work  Done                     01/03/2010 06:27:44
00588 c37-408    ./betwcent /work  Done                     01/03/2010 06:27:44
00589 c22-409    ./betwcent /work  Done                     01/03/2010 06:27:44
00590 c22-409    ./betwcent /work  Done                     01/03/2010 06:27:44
00591 c22-409    ./betwcent /work  Done                     01/03/2010 06:27:44
00592 c22-409    ./betwcent /work  Done                     01/03/2010 06:27:44
00593 c29-308    ./betwcent /work  Done                     01/03/2010 06:27:44
00594 c29-308    ./betwcent /work  Done                     01/03/2010 06:27:44
00595 c29-308    ./betwcent /work  Done                     01/03/2010 06:27:44
00596 c29-308    ./betwcent /work  Done                     01/03/2010 06:27:44
00597 c20-401    ./betwcent /work  Done                     01/03/2010 06:27:44
00598 c20-401    ./betwcent /work  Done                     01/03/2010 06:27:44
00599 c20-401    ./betwcent /work  Done                     01/03/2010 06:27:44
00600 c20-401    ./betwcent /work  Done                     01/03/2010 06:27:44
00601 c35-405    ./betwcent /work  Done                     01/03/2010 06:27:44
00602 c35-405    ./betwcent /work  Done                     01/03/2010 06:27:44
00603 c35-405    ./betwcent /work  Done                     01/03/2010 06:27:44
00604 c35-405    ./betwcent /work  Done                     01/03/2010 06:27:44
00605 c21-108    ./betwcent /work  Done                     01/03/2010 06:27:44
00606 c21-108    ./betwcent /work  Done                     01/03/2010 06:27:44
00607 c21-108    ./betwcent /work  Done                     01/03/2010 06:27:44
00608 c21-108    ./betwcent /work  Done                     01/03/2010 06:27:44
00609 c41-301    ./betwcent /work  Done                     01/03/2010 06:27:44
00610 c41-301    ./betwcent /work  Done                     01/03/2010 06:27:44
00611 c41-301    ./betwcent /work  Done                     01/03/2010 06:27:44
00612 c41-301    ./betwcent /work  Done                     01/03/2010 06:27:44
00613 c23-401    ./betwcent /work  Done                     01/03/2010 06:27:44
00614 c23-401    ./betwcent /work  Done                     01/03/2010 06:27:44
00615 c23-401    ./betwcent /work  Done                     01/03/2010 06:27:44
00616 c23-401    ./betwcent /work  Done                     01/03/2010 06:27:44
00617 c36-306    ./betwcent /work  Done                     01/03/2010 06:27:44
00618 c36-306    ./betwcent /work  Done                     01/03/2010 06:27:44
00619 c36-306    ./betwcent /work  Done                     01/03/2010 06:27:44
00620 c36-306    ./betwcent /work  Done                     01/03/2010 06:27:44
00621 c33-305    ./betwcent /work  Done                     01/03/2010 06:27:44
00622 c33-305    ./betwcent /work  Done                     01/03/2010 06:27:44
00623 c33-305    ./betwcent /work  Done                     01/03/2010 06:27:44
00624 c33-305    ./betwcent /work  Done                     01/03/2010 06:27:44

------------------------------------------------------------
Sender: LSF System <lsfadmin@c33-305>
Subject: Job 366485: <betwcentp625> Done

Job <betwcentp625> was submitted from host <lslogin2> by user <tg459476>.
Job was executed on host(s) <4*c33-305>, in queue <hero>, as user <tg459476>.
                            <4*c36-306>
                            <4*c23-401>
                            <4*c41-301>
                            <4*c21-108>
                            <4*c35-405>
                            <4*c20-401>
                            <4*c29-308>
                            <4*c22-409>
                            <4*c37-408>
                            <4*c42-406>
                            <4*c13-305>
                            <4*c25-410>
                            <4*c25-201>
                            <4*c38-402>
                            <4*c18-207>
                            <4*c33-104>
                            <4*c32-209>
                            <4*c14-304>
                            <4*c26-102>
                            <4*c21-110>
                            <4*c43-301>
                            <4*c43-406>
                            <4*c13-308>
                            <4*c24-203>
                            <4*c24-208>
                            <4*c27-208>
                            <4*c16-301>
                            <4*c15-202>
                            <4*c25-109>
                            <4*c26-406>
                            <4*c28-101>
                            <4*c40-304>
                            <4*c39-403>
                            <4*c30-206>
                            <4*c44-206>
                            <4*c31-302>
                            <4*c41-103>
                            <4*c43-210>
                            <4*c15-203>
                            <4*c43-302>
                            <4*c39-210>
                            <4*c27-203>
                            <4*c20-106>
                            <4*c41-302>
                            <4*c21-401>
                            <4*c39-401>
                            <4*c21-103>
                            <4*c44-203>
                            <4*c29-406>
                            <4*c15-204>
                            <4*c16-105>
                            <4*c21-306>
                            <4*c40-205>
                            <4*c21-207>
                            <4*c35-109>
                            <4*c28-110>
                            <4*c35-403>
                            <4*c27-106>
                            <4*c43-101>
                            <4*c33-201>
                            <4*c28-108>
                            <4*c31-401>
                            <4*c19-105>
                            <4*c24-401>
                            <4*c39-206>
                            <4*c15-307>
                            <4*c43-103>
                            <4*c27-403>
                            <4*c26-404>
                            <4*c17-108>
                            <4*c13-105>
                            <4*c26-302>
                            <4*c44-306>
                            <4*c20-408>
                            <4*c28-405>
                            <4*c20-101>
                            <4*c43-208>
                            <4*c25-310>
                            <4*c25-309>
                            <4*c18-209>
                            <4*c16-308>
                            <4*c31-409>
                            <4*c37-310>
                            <4*c44-410>
                            <4*c39-307>
                            <4*c22-301>
                            <4*c31-210>
                            <4*c19-109>
                            <4*c30-309>
                            <4*c21-304>
                            <4*c25-407>
                            <4*c44-404>
                            <4*c32-404>
                            <4*c24-105>
                            <4*c20-304>
                            <4*c14-204>
                            <4*c25-204>
                            <4*c19-204>
                            <4*c34-407>
                            <4*c41-209>
                            <4*c11-201>
                            <4*c13-208>
                            <4*c27-305>
                            <4*c42-102>
                            <4*c29-410>
                            <4*c45-407>
                            <4*c33-101>
                            <4*c34-410>
                            <4*c13-109>
                            <4*c31-407>
                            <4*c33-303>
                            <4*c33-205>
                            <4*c31-206>
                            <4*c26-203>
                            <4*c45-409>
                            <4*c27-209>
                            <4*c10-202>
                            <4*c21-106>
                            <4*c17-202>
                            <4*c44-208>
                            <4*c44-301>
                            <4*c37-302>
                            <4*c20-301>
                            <4*c10-201>
                            <4*c28-206>
                            <4*c40-108>
                            <4*c23-308>
                            <4*c18-204>
                            <4*c15-310>
                            <4*c36-107>
                            <4*c43-402>
                            <4*c33-209>
                            <4*c42-402>
                            <4*c40-207>
                            <4*c13-201>
                            <4*c30-308>
                            <4*c23-202>
                            <4*c39-308>
                            <4*c38-105>
                            <4*c36-403>
                            <4*c32-204>
                            <4*c44-209>
                            <4*c17-106>
                            <4*c43-207>
                            <4*c39-410>
                            <4*c16-310>
                            <4*c37-208>
                            <4*c20-108>
                            <4*c15-103>
                            <4*c22-407>
                            <4*c42-106>
                            <4*c44-401>
                            <4*c37-303>
                            <4*c24-404>
                            <4*c38-309>
                            <1*c39-305>
</home/teragrid/tg459476> was used as the home directory.
</home/teragrid/tg459476/Release_PSpGEMM/PSpGEMM-R1/Applications> was used as the working directory.
Started at Sun Jan  3 06:05:49 2010
Results reported at Sun Jan  3 06:27:50 2010

Your job looked like:

------------------------------------------------------------
# LSBATCH: User input
#!/bin/tcsh 			  
				  # first line specifies shell
#BSUB -J betwcentp625 		  #name the job "jobname"
#BSUB -o out.o%J   		  #output->   out.o&ltjobID>
#BSUB -e err.o%J   		  #error -> error.o&ltjobID>
#BSUB -n 625 -W 0:35               #1 CPU cores and 0hr+15min
#BSUB -q hero                   #Use development queue.
#BSUB -R 'span[ptile=4]'	  # 4 MPI task per node
set echo                          #Echo all commands.
cd $LS_SUBCWD                     #cd to directory of submission
ibrun ./betwcent $WORK/SCALE23BTW-TRANSBOOL 12 512  # 16 processors on the row, each has batch=512/8=32; 2^12 = 4096 starting vertices overall

------------------------------------------------------------

Successfully completed.

Resource usage summary:

    CPU time   : 790331.62 sec.

The output (if any) is above this job summary.



PS:

Read file <err.o366485> for stderr output of this job.

