Batch processing will occur 16 times, each processing 256 vertices (overall)
Candidates chosen, precomputation finished
Exploring via BFS...
Tallying...
Adding bc contributions...
Exploring via BFS...
Tallying...
Adding bc contributions...
Exploring via BFS...
Tallying...
Adding bc contributions...
Exploring via BFS...
Tallying...
Adding bc contributions...
Exploring via BFS...
Tallying...
Adding bc contributions...
Exploring via BFS...
Tallying...
Adding bc contributions...
Exploring via BFS...
Tallying...
Adding bc contributions...
Exploring via BFS...
Tallying...
Adding bc contributions...
Exploring via BFS...
Tallying...
Adding bc contributions...
Exploring via BFS...
Tallying...
Adding bc contributions...
Exploring via BFS...
Tallying...
Adding bc contributions...
Exploring via BFS...
Tallying...
Adding bc contributions...
Exploring via BFS...
Tallying...
Adding bc contributions...
Exploring via BFS...
Tallying...
Adding bc contributions...
Exploring via BFS...
Tallying...
Adding bc contributions...
Exploring via BFS...
Tallying...
Adding bc contributions...
Computation finished
222.717019 seconds elapsed for 4096 starting vertices
TEPS score is: 18239618.834520
Job  mvapich_wrapper /opt/lsf/bin/TaskStarter -p c13-202:34950 -c /opt/lsf/conf -a X86_64 ./betwcent /work/teragrid/tg459476/SCALE17BTW-TRANSBOOL 12 256

TID   HOST_NAME   COMMAND_LINE            STATUS            TERMINATION_TIME
===== ========== ================  =======================  ===================
00000 c15-310    ./betwcent /work  Done                     11/05/2009 20:11:55
00001 c15-310    ./betwcent /work  Done                     11/05/2009 20:11:55
00002 c15-310    ./betwcent /work  Done                     11/05/2009 20:11:55
00003 c15-310    ./betwcent /work  Done                     11/05/2009 20:11:55
00004 c41-309    ./betwcent /work  Done                     11/05/2009 20:11:55
00005 c41-309    ./betwcent /work  Done                     11/05/2009 20:11:55
00006 c41-309    ./betwcent /work  Done                     11/05/2009 20:11:55
00007 c41-309    ./betwcent /work  Done                     11/05/2009 20:11:55
00008 c19-104    ./betwcent /work  Done                     11/05/2009 20:11:55
00009 c19-104    ./betwcent /work  Done                     11/05/2009 20:11:55
00010 c19-104    ./betwcent /work  Done                     11/05/2009 20:11:55
00011 c19-104    ./betwcent /work  Done                     11/05/2009 20:11:55
00012 c13-202    ./betwcent /work  Done                     11/05/2009 20:11:55
00013 c13-202    ./betwcent /work  Done                     11/05/2009 20:11:55
00014 c13-202    ./betwcent /work  Done                     11/05/2009 20:11:55
00015 c13-202    ./betwcent /work  Done                     11/05/2009 20:11:55

------------------------------------------------------------
Sender: LSF System <lsfadmin@c13-202>
Subject: Job 276338: <betwcentp16> Done

Job <betwcentp16> was submitted from host <lslogin1> by user <tg459476>.
Job was executed on host(s) <4*c13-202>, in queue <normal>, as user <tg459476>.
                            <4*c19-104>
                            <4*c41-309>
                            <4*c15-310>
</home/teragrid/tg459476> was used as the home directory.
</home/teragrid/tg459476/Release_PSpGEMM/PSpGEMM-R1/Applications> was used as the working directory.
Started at Thu Nov  5 20:07:42 2009
Results reported at Thu Nov  5 20:11:59 2009

Your job looked like:

------------------------------------------------------------
# LSBATCH: User input
#!/bin/tcsh 			  
				  # first line specifies shell
#BSUB -J betwcentp16 		  #name the job "jobname"
#BSUB -o out.o%J   		  #output->   out.o&ltjobID>
#BSUB -e err.o%J   		  #error -> error.o&ltjobID>
#BSUB -n 16 -W 0:10               #1 CPU cores and 0hr+15min
#BSUB -q normal                   #Use development queue.
#BSUB -R 'span[ptile=4]'	  # 4 MPI task per node
set echo                          #Echo all commands.
cd $LS_SUBCWD                     #cd to directory of submission
ibrun ./betwcent $WORK/SCALE17BTW-TRANSBOOL 12 256  # 8 processors on the row, each has batch=256/8=32; 2^12 = 4096 starting vertices overall

------------------------------------------------------------

Successfully completed.

Resource usage summary:

    CPU time   :   3581.31 sec.

The output (if any) is above this job summary.



PS:

Read file <err.o276338> for stderr output of this job.

