*** Batchsize is not evenly divisible by the grid dimension ***
*** Processing 4080 vertices instead
Batch processing will occur 16 times, each processing 255 vertices (overall)
Candidates chosen, precomputation finished
Exploring via BFS...
Tallying...
Adding bc contributions...
Exploring via BFS...
Tallying...
Adding bc contributions...
Exploring via BFS...
Tallying...
Adding bc contributions...
Exploring via BFS...
Tallying...
Adding bc contributions...
Exploring via BFS...
Tallying...
Adding bc contributions...
Exploring via BFS...
Tallying...
Adding bc contributions...
Exploring via BFS...
Tallying...
Adding bc contributions...
Exploring via BFS...
Tallying...
Adding bc contributions...
Exploring via BFS...
Tallying...
Adding bc contributions...
Exploring via BFS...
Tallying...
Adding bc contributions...
Exploring via BFS...
Tallying...
Adding bc contributions...
Exploring via BFS...
Tallying...
Adding bc contributions...
Exploring via BFS...
Tallying...
Adding bc contributions...
Exploring via BFS...
Tallying...
Adding bc contributions...
Exploring via BFS...
Tallying...
Adding bc contributions...
Exploring via BFS...
Tallying...
Adding bc contributions...
Computation finished
39.536338 seconds elapsed for 4080 starting vertices
TEPS score is: 102346488.607444
Job  mvapich_wrapper /opt/lsf/bin/TaskStarter -p c26-110:55253 -c /opt/lsf/conf -a X86_64 ./betwcent /work/teragrid/tg459476/SCALE17BTW-TRANSBOOL 12 256

TID   HOST_NAME   COMMAND_LINE            STATUS            TERMINATION_TIME
===== ========== ================  =======================  ===================
00000 c24-207    ./betwcent /work  Done                     11/04/2009 06:40:04
00001 c13-301    ./betwcent /work  Done                     11/04/2009 06:40:04
00002 c13-301    ./betwcent /work  Done                     11/04/2009 06:40:04
00003 c13-301    ./betwcent /work  Done                     11/04/2009 06:40:04
00004 c13-301    ./betwcent /work  Done                     11/04/2009 06:40:04
00005 c21-201    ./betwcent /work  Done                     11/04/2009 06:40:04
00006 c21-201    ./betwcent /work  Done                     11/04/2009 06:40:04
00007 c21-201    ./betwcent /work  Done                     11/04/2009 06:40:04
00008 c21-201    ./betwcent /work  Done                     11/04/2009 06:40:04
00009 c25-304    ./betwcent /work  Done                     11/04/2009 06:40:04
00010 c25-304    ./betwcent /work  Done                     11/04/2009 06:40:04
00011 c25-304    ./betwcent /work  Done                     11/04/2009 06:40:04
00012 c25-304    ./betwcent /work  Done                     11/04/2009 06:40:04
00013 c36-302    ./betwcent /work  Done                     11/04/2009 06:40:04
00014 c36-302    ./betwcent /work  Done                     11/04/2009 06:40:04
00015 c36-302    ./betwcent /work  Done                     11/04/2009 06:40:04
00016 c36-302    ./betwcent /work  Done                     11/04/2009 06:40:04
00017 c42-207    ./betwcent /work  Done                     11/04/2009 06:40:04
00018 c42-207    ./betwcent /work  Done                     11/04/2009 06:40:04
00019 c42-207    ./betwcent /work  Done                     11/04/2009 06:40:04
00020 c42-207    ./betwcent /work  Done                     11/04/2009 06:40:04
00021 c25-201    ./betwcent /work  Done                     11/04/2009 06:40:04
00022 c25-201    ./betwcent /work  Done                     11/04/2009 06:40:04
00023 c25-201    ./betwcent /work  Done                     11/04/2009 06:40:04
00024 c25-201    ./betwcent /work  Done                     11/04/2009 06:40:04
00025 c17-210    ./betwcent /work  Done                     11/04/2009 06:40:04
00026 c17-210    ./betwcent /work  Done                     11/04/2009 06:40:04
00027 c17-210    ./betwcent /work  Done                     11/04/2009 06:40:04
00028 c17-210    ./betwcent /work  Done                     11/04/2009 06:40:04
00029 c44-205    ./betwcent /work  Done                     11/04/2009 06:40:04
00030 c44-205    ./betwcent /work  Done                     11/04/2009 06:40:04
00031 c44-205    ./betwcent /work  Done                     11/04/2009 06:40:04
00032 c44-205    ./betwcent /work  Done                     11/04/2009 06:40:04
00033 c32-310    ./betwcent /work  Done                     11/04/2009 06:40:04
00034 c32-310    ./betwcent /work  Done                     11/04/2009 06:40:04
00035 c32-310    ./betwcent /work  Done                     11/04/2009 06:40:04
00036 c32-310    ./betwcent /work  Done                     11/04/2009 06:40:04
00037 c36-208    ./betwcent /work  Done                     11/04/2009 06:40:04
00038 c36-208    ./betwcent /work  Done                     11/04/2009 06:40:04
00039 c36-208    ./betwcent /work  Done                     11/04/2009 06:40:04
00040 c36-208    ./betwcent /work  Done                     11/04/2009 06:40:04
00041 c22-407    ./betwcent /work  Done                     11/04/2009 06:40:04
00042 c22-407    ./betwcent /work  Done                     11/04/2009 06:40:04
00043 c22-407    ./betwcent /work  Done                     11/04/2009 06:40:04
00044 c22-407    ./betwcent /work  Done                     11/04/2009 06:40:04
00045 c32-102    ./betwcent /work  Done                     11/04/2009 06:40:04
00046 c32-102    ./betwcent /work  Done                     11/04/2009 06:40:04
00047 c32-102    ./betwcent /work  Done                     11/04/2009 06:40:04
00048 c32-102    ./betwcent /work  Done                     11/04/2009 06:40:04
00049 c43-410    ./betwcent /work  Done                     11/04/2009 06:40:04
00050 c43-410    ./betwcent /work  Done                     11/04/2009 06:40:04
00051 c43-410    ./betwcent /work  Done                     11/04/2009 06:40:04
00052 c43-410    ./betwcent /work  Done                     11/04/2009 06:40:04
00053 c14-105    ./betwcent /work  Done                     11/04/2009 06:40:04
00054 c14-105    ./betwcent /work  Done                     11/04/2009 06:40:04
00055 c14-105    ./betwcent /work  Done                     11/04/2009 06:40:04
00056 c14-105    ./betwcent /work  Done                     11/04/2009 06:40:04
00057 c20-110    ./betwcent /work  Done                     11/04/2009 06:40:04
00058 c20-110    ./betwcent /work  Done                     11/04/2009 06:40:04
00059 c20-110    ./betwcent /work  Done                     11/04/2009 06:40:04
00060 c20-110    ./betwcent /work  Done                     11/04/2009 06:40:04
00061 c39-302    ./betwcent /work  Done                     11/04/2009 06:40:04
00062 c39-302    ./betwcent /work  Done                     11/04/2009 06:40:04
00063 c39-302    ./betwcent /work  Done                     11/04/2009 06:40:04
00064 c39-302    ./betwcent /work  Done                     11/04/2009 06:40:04
00065 c29-306    ./betwcent /work  Done                     11/04/2009 06:40:04
00066 c29-306    ./betwcent /work  Done                     11/04/2009 06:40:04
00067 c29-306    ./betwcent /work  Done                     11/04/2009 06:40:04
00068 c29-306    ./betwcent /work  Done                     11/04/2009 06:40:04
00069 c45-310    ./betwcent /work  Done                     11/04/2009 06:40:04
00070 c45-310    ./betwcent /work  Done                     11/04/2009 06:40:04
00071 c45-310    ./betwcent /work  Done                     11/04/2009 06:40:04
00072 c45-310    ./betwcent /work  Done                     11/04/2009 06:40:04
00073 c27-404    ./betwcent /work  Done                     11/04/2009 06:40:04
00074 c27-404    ./betwcent /work  Done                     11/04/2009 06:40:04
00075 c27-404    ./betwcent /work  Done                     11/04/2009 06:40:04
00076 c27-404    ./betwcent /work  Done                     11/04/2009 06:40:04
00077 c15-106    ./betwcent /work  Done                     11/04/2009 06:40:04
00078 c15-106    ./betwcent /work  Done                     11/04/2009 06:40:04
00079 c15-106    ./betwcent /work  Done                     11/04/2009 06:40:04
00080 c15-106    ./betwcent /work  Done                     11/04/2009 06:40:04
00081 c35-301    ./betwcent /work  Done                     11/04/2009 06:40:04
00082 c35-301    ./betwcent /work  Done                     11/04/2009 06:40:04
00083 c35-301    ./betwcent /work  Done                     11/04/2009 06:40:04
00084 c35-301    ./betwcent /work  Done                     11/04/2009 06:40:04
00085 c42-201    ./betwcent /work  Done                     11/04/2009 06:40:04
00086 c42-201    ./betwcent /work  Done                     11/04/2009 06:40:04
00087 c42-201    ./betwcent /work  Done                     11/04/2009 06:40:04
00088 c42-201    ./betwcent /work  Done                     11/04/2009 06:40:04
00089 c43-107    ./betwcent /work  Done                     11/04/2009 06:40:04
00090 c43-107    ./betwcent /work  Done                     11/04/2009 06:40:04
00091 c43-107    ./betwcent /work  Done                     11/04/2009 06:40:04
00092 c43-107    ./betwcent /work  Done                     11/04/2009 06:40:04
00093 c29-110    ./betwcent /work  Done                     11/04/2009 06:40:04
00094 c29-110    ./betwcent /work  Done                     11/04/2009 06:40:04
00095 c29-110    ./betwcent /work  Done                     11/04/2009 06:40:04
00096 c29-110    ./betwcent /work  Done                     11/04/2009 06:40:04
00097 c44-110    ./betwcent /work  Done                     11/04/2009 06:40:04
00098 c44-110    ./betwcent /work  Done                     11/04/2009 06:40:04
00099 c44-110    ./betwcent /work  Done                     11/04/2009 06:40:04
00100 c44-110    ./betwcent /work  Done                     11/04/2009 06:40:04
00101 c17-102    ./betwcent /work  Done                     11/04/2009 06:40:04
00102 c17-102    ./betwcent /work  Done                     11/04/2009 06:40:04
00103 c17-102    ./betwcent /work  Done                     11/04/2009 06:40:04
00104 c17-102    ./betwcent /work  Done                     11/04/2009 06:40:04
00105 c36-405    ./betwcent /work  Done                     11/04/2009 06:40:04
00106 c36-405    ./betwcent /work  Done                     11/04/2009 06:40:04
00107 c36-405    ./betwcent /work  Done                     11/04/2009 06:40:04
00108 c36-405    ./betwcent /work  Done                     11/04/2009 06:40:04
00109 c11-205    ./betwcent /work  Done                     11/04/2009 06:40:04
00110 c11-205    ./betwcent /work  Done                     11/04/2009 06:40:04
00111 c11-205    ./betwcent /work  Done                     11/04/2009 06:40:04
00112 c11-205    ./betwcent /work  Done                     11/04/2009 06:40:04
00113 c35-101    ./betwcent /work  Done                     11/04/2009 06:40:04
00114 c35-101    ./betwcent /work  Done                     11/04/2009 06:40:04
00115 c35-101    ./betwcent /work  Done                     11/04/2009 06:40:04
00116 c35-101    ./betwcent /work  Done                     11/04/2009 06:40:04
00117 c26-303    ./betwcent /work  Done                     11/04/2009 06:40:04
00118 c26-303    ./betwcent /work  Done                     11/04/2009 06:40:04
00119 c26-303    ./betwcent /work  Done                     11/04/2009 06:40:04
00120 c26-303    ./betwcent /work  Done                     11/04/2009 06:40:04
00121 c38-103    ./betwcent /work  Done                     11/04/2009 06:40:04
00122 c38-103    ./betwcent /work  Done                     11/04/2009 06:40:04
00123 c38-103    ./betwcent /work  Done                     11/04/2009 06:40:04
00124 c38-103    ./betwcent /work  Done                     11/04/2009 06:40:04
00125 c32-402    ./betwcent /work  Done                     11/04/2009 06:40:04
00126 c32-402    ./betwcent /work  Done                     11/04/2009 06:40:04
00127 c32-402    ./betwcent /work  Done                     11/04/2009 06:40:04
00128 c32-402    ./betwcent /work  Done                     11/04/2009 06:40:04
00129 c32-406    ./betwcent /work  Done                     11/04/2009 06:40:04
00130 c32-406    ./betwcent /work  Done                     11/04/2009 06:40:04
00131 c32-406    ./betwcent /work  Done                     11/04/2009 06:40:04
00132 c32-406    ./betwcent /work  Done                     11/04/2009 06:40:04
00133 c34-302    ./betwcent /work  Done                     11/04/2009 06:40:04
00134 c34-302    ./betwcent /work  Done                     11/04/2009 06:40:04
00135 c34-302    ./betwcent /work  Done                     11/04/2009 06:40:04
00136 c34-302    ./betwcent /work  Done                     11/04/2009 06:40:04
00137 c34-407    ./betwcent /work  Done                     11/04/2009 06:40:04
00138 c34-407    ./betwcent /work  Done                     11/04/2009 06:40:04
00139 c34-407    ./betwcent /work  Done                     11/04/2009 06:40:04
00140 c34-407    ./betwcent /work  Done                     11/04/2009 06:40:04
00141 c12-206    ./betwcent /work  Done                     11/04/2009 06:40:04
00142 c12-206    ./betwcent /work  Done                     11/04/2009 06:40:04
00143 c12-206    ./betwcent /work  Done                     11/04/2009 06:40:04
00144 c12-206    ./betwcent /work  Done                     11/04/2009 06:40:04
00145 c44-108    ./betwcent /work  Done                     11/04/2009 06:40:04
00146 c44-108    ./betwcent /work  Done                     11/04/2009 06:40:04
00147 c44-108    ./betwcent /work  Done                     11/04/2009 06:40:04
00148 c44-108    ./betwcent /work  Done                     11/04/2009 06:40:04
00149 c36-103    ./betwcent /work  Done                     11/04/2009 06:40:04
00150 c36-103    ./betwcent /work  Done                     11/04/2009 06:40:04
00151 c36-103    ./betwcent /work  Done                     11/04/2009 06:40:04
00152 c36-103    ./betwcent /work  Done                     11/04/2009 06:40:04
00153 c22-404    ./betwcent /work  Done                     11/04/2009 06:40:04
00154 c22-404    ./betwcent /work  Done                     11/04/2009 06:40:04
00155 c22-404    ./betwcent /work  Done                     11/04/2009 06:40:04
00156 c22-404    ./betwcent /work  Done                     11/04/2009 06:40:04
00157 c44-210    ./betwcent /work  Done                     11/04/2009 06:40:04
00158 c44-210    ./betwcent /work  Done                     11/04/2009 06:40:04
00159 c44-210    ./betwcent /work  Done                     11/04/2009 06:40:04
00160 c44-210    ./betwcent /work  Done                     11/04/2009 06:40:04
00161 c31-306    ./betwcent /work  Done                     11/04/2009 06:40:04
00162 c31-306    ./betwcent /work  Done                     11/04/2009 06:40:04
00163 c31-306    ./betwcent /work  Done                     11/04/2009 06:40:04
00164 c31-306    ./betwcent /work  Done                     11/04/2009 06:40:04
00165 c23-407    ./betwcent /work  Done                     11/04/2009 06:40:04
00166 c23-407    ./betwcent /work  Done                     11/04/2009 06:40:04
00167 c23-407    ./betwcent /work  Done                     11/04/2009 06:40:04
00168 c23-407    ./betwcent /work  Done                     11/04/2009 06:40:04
00169 c25-401    ./betwcent /work  Done                     11/04/2009 06:40:04
00170 c25-401    ./betwcent /work  Done                     11/04/2009 06:40:04
00171 c25-401    ./betwcent /work  Done                     11/04/2009 06:40:04
00172 c25-401    ./betwcent /work  Done                     11/04/2009 06:40:04
00173 c12-208    ./betwcent /work  Done                     11/04/2009 06:40:04
00174 c12-208    ./betwcent /work  Done                     11/04/2009 06:40:04
00175 c12-208    ./betwcent /work  Done                     11/04/2009 06:40:04
00176 c12-208    ./betwcent /work  Done                     11/04/2009 06:40:04
00177 c22-107    ./betwcent /work  Done                     11/04/2009 06:40:04
00178 c22-107    ./betwcent /work  Done                     11/04/2009 06:40:04
00179 c22-107    ./betwcent /work  Done                     11/04/2009 06:40:04
00180 c22-107    ./betwcent /work  Done                     11/04/2009 06:40:04
00181 c29-103    ./betwcent /work  Done                     11/04/2009 06:40:04
00182 c29-103    ./betwcent /work  Done                     11/04/2009 06:40:04
00183 c29-103    ./betwcent /work  Done                     11/04/2009 06:40:04
00184 c29-103    ./betwcent /work  Done                     11/04/2009 06:40:04
00185 c25-302    ./betwcent /work  Done                     11/04/2009 06:40:04
00186 c25-302    ./betwcent /work  Done                     11/04/2009 06:40:04
00187 c25-302    ./betwcent /work  Done                     11/04/2009 06:40:04
00188 c25-302    ./betwcent /work  Done                     11/04/2009 06:40:04
00189 c42-304    ./betwcent /work  Done                     11/04/2009 06:40:04
00190 c42-304    ./betwcent /work  Done                     11/04/2009 06:40:04
00191 c42-304    ./betwcent /work  Done                     11/04/2009 06:40:04
00192 c42-304    ./betwcent /work  Done                     11/04/2009 06:40:04
00193 c42-203    ./betwcent /work  Done                     11/04/2009 06:40:04
00194 c42-203    ./betwcent /work  Done                     11/04/2009 06:40:04
00195 c42-203    ./betwcent /work  Done                     11/04/2009 06:40:04
00196 c42-203    ./betwcent /work  Done                     11/04/2009 06:40:04
00197 c27-105    ./betwcent /work  Done                     11/04/2009 06:40:04
00198 c27-105    ./betwcent /work  Done                     11/04/2009 06:40:04
00199 c27-105    ./betwcent /work  Done                     11/04/2009 06:40:04
00200 c27-105    ./betwcent /work  Done                     11/04/2009 06:40:04
00201 c28-106    ./betwcent /work  Done                     11/04/2009 06:40:04
00202 c28-106    ./betwcent /work  Done                     11/04/2009 06:40:04
00203 c28-106    ./betwcent /work  Done                     11/04/2009 06:40:04
00204 c28-106    ./betwcent /work  Done                     11/04/2009 06:40:04
00205 c18-205    ./betwcent /work  Done                     11/04/2009 06:40:04
00206 c18-205    ./betwcent /work  Done                     11/04/2009 06:40:04
00207 c18-205    ./betwcent /work  Done                     11/04/2009 06:40:04
00208 c18-205    ./betwcent /work  Done                     11/04/2009 06:40:04
00209 c27-102    ./betwcent /work  Done                     11/04/2009 06:40:04
00210 c27-102    ./betwcent /work  Done                     11/04/2009 06:40:04
00211 c27-102    ./betwcent /work  Done                     11/04/2009 06:40:04
00212 c27-102    ./betwcent /work  Done                     11/04/2009 06:40:04
00213 c28-305    ./betwcent /work  Done                     11/04/2009 06:40:04
00214 c28-305    ./betwcent /work  Done                     11/04/2009 06:40:04
00215 c28-305    ./betwcent /work  Done                     11/04/2009 06:40:04
00216 c28-305    ./betwcent /work  Done                     11/04/2009 06:40:04
00217 c25-204    ./betwcent /work  Done                     11/04/2009 06:40:04
00218 c25-204    ./betwcent /work  Done                     11/04/2009 06:40:04
00219 c25-204    ./betwcent /work  Done                     11/04/2009 06:40:04
00220 c25-204    ./betwcent /work  Done                     11/04/2009 06:40:04
00221 c26-110    ./betwcent /work  Done                     11/04/2009 06:40:04
00222 c26-110    ./betwcent /work  Done                     11/04/2009 06:40:04
00223 c26-110    ./betwcent /work  Done                     11/04/2009 06:40:04
00224 c26-110    ./betwcent /work  Done                     11/04/2009 06:40:04

------------------------------------------------------------
Sender: LSF System <lsfadmin@c26-110>
Subject: Job 274579: <betwcentp225> Done

Job <betwcentp225> was submitted from host <lslogin2> by user <tg459476>.
Job was executed on host(s) <4*c26-110>, in queue <normal>, as user <tg459476>.
                            <4*c25-204>
                            <4*c28-305>
                            <4*c27-102>
                            <4*c18-205>
                            <4*c28-106>
                            <4*c27-105>
                            <4*c42-203>
                            <4*c42-304>
                            <4*c25-302>
                            <4*c29-103>
                            <4*c22-107>
                            <4*c12-208>
                            <4*c25-401>
                            <4*c23-407>
                            <4*c31-306>
                            <4*c44-210>
                            <4*c22-404>
                            <4*c36-103>
                            <4*c44-108>
                            <4*c12-206>
                            <4*c34-407>
                            <4*c34-302>
                            <4*c32-406>
                            <4*c32-402>
                            <4*c38-103>
                            <4*c26-303>
                            <4*c35-101>
                            <4*c11-205>
                            <4*c36-405>
                            <4*c17-102>
                            <4*c44-110>
                            <4*c29-110>
                            <4*c43-107>
                            <4*c42-201>
                            <4*c35-301>
                            <4*c15-106>
                            <4*c27-404>
                            <4*c45-310>
                            <4*c29-306>
                            <4*c39-302>
                            <4*c20-110>
                            <4*c14-105>
                            <4*c43-410>
                            <4*c32-102>
                            <4*c22-407>
                            <4*c36-208>
                            <4*c32-310>
                            <4*c44-205>
                            <4*c17-210>
                            <4*c25-201>
                            <4*c42-207>
                            <4*c36-302>
                            <4*c25-304>
                            <4*c21-201>
                            <4*c13-301>
                            <1*c24-207>
</home/teragrid/tg459476> was used as the home directory.
</home/teragrid/tg459476/Release_PSpGEMM/PSpGEMM-R1/Applications> was used as the working directory.
Started at Wed Nov  4 06:38:53 2009
Results reported at Wed Nov  4 06:40:11 2009

Your job looked like:

------------------------------------------------------------
# LSBATCH: User input
#!/bin/tcsh 			  
				  # first line specifies shell
#BSUB -J betwcentp225		  #name the job "jobname"
#BSUB -o out.o%J   		  #output->   out.o&ltjobID>
#BSUB -e err.o%J   		  #error -> error.o&ltjobID>
#BSUB -n 225 -W 0:10               #1 CPU cores and 0hr+15min
#BSUB -q normal                   #Use development queue.
#BSUB -R 'span[ptile=4]'	  # 4 MPI task per node
set echo                          #Echo all commands.
cd $LS_SUBCWD                     #cd to directory of submission
ibrun ./betwcent $WORK/SCALE17BTW-TRANSBOOL 12 256  # 8 processors on the row, each has batch=256/8=32; 2^12 = 4096 starting vertices overall

------------------------------------------------------------

Successfully completed.

Resource usage summary:

    CPU time   :   9425.41 sec.

The output (if any) is above this job summary.



PS:

Read file <err.o274579> for stderr output of this job.

