*** Batchsize is not evenly divisible by the grid dimension ***
*** Processing 4080 vertices instead
Batch processing will occur 16 times, each processing 255 vertices (overall)
Candidates chosen, precomputation finished
Exploring via BFS...
Tallying...
Adding bc contributions...
Exploring via BFS...
Tallying...
Adding bc contributions...
Exploring via BFS...
Tallying...
Adding bc contributions...
Exploring via BFS...
Tallying...
Adding bc contributions...
Exploring via BFS...
Tallying...
Adding bc contributions...
Exploring via BFS...
Tallying...
Adding bc contributions...
Exploring via BFS...
Tallying...
Adding bc contributions...
Exploring via BFS...
Tallying...
Adding bc contributions...
Exploring via BFS...
Tallying...
Adding bc contributions...
Exploring via BFS...
Tallying...
Adding bc contributions...
Exploring via BFS...
Tallying...
Adding bc contributions...
Exploring via BFS...
Tallying...
Adding bc contributions...
Exploring via BFS...
Tallying...
Adding bc contributions...
Exploring via BFS...
Tallying...
Adding bc contributions...
Exploring via BFS...
Tallying...
Adding bc contributions...
Exploring via BFS...
Tallying...
Adding bc contributions...
Computation finished
144.048401 seconds elapsed for 4080 starting vertices
TEPS score is: 28090595.600583
Job  mvapich_wrapper /opt/lsf/bin/TaskStarter -p c27-403:37922 -c /opt/lsf/conf -a X86_64 ./betwcent /work/teragrid/tg459476/SCALE17BTW-TRANSBOOL 12 256

TID   HOST_NAME   COMMAND_LINE            STATUS            TERMINATION_TIME
===== ========== ================  =======================  ===================
00000 c25-406    ./betwcent /work  Done                     11/05/2009 20:21:39
00001 c17-206    ./betwcent /work  Done                     11/05/2009 20:21:40
00002 c17-206    ./betwcent /work  Done                     11/05/2009 20:21:40
00003 c17-206    ./betwcent /work  Done                     11/05/2009 20:21:40
00004 c17-206    ./betwcent /work  Done                     11/05/2009 20:21:40
00005 c16-107    ./betwcent /work  Done                     11/05/2009 20:21:40
00006 c16-107    ./betwcent /work  Done                     11/05/2009 20:21:40
00007 c16-107    ./betwcent /work  Done                     11/05/2009 20:21:40
00008 c16-107    ./betwcent /work  Done                     11/05/2009 20:21:40
00009 c39-302    ./betwcent /work  Done                     11/05/2009 20:21:40
00010 c39-302    ./betwcent /work  Done                     11/05/2009 20:21:40
00011 c39-302    ./betwcent /work  Done                     11/05/2009 20:21:40
00012 c39-302    ./betwcent /work  Done                     11/05/2009 20:21:40
00013 c34-406    ./betwcent /work  Done                     11/05/2009 20:21:40
00014 c34-406    ./betwcent /work  Done                     11/05/2009 20:21:40
00015 c34-406    ./betwcent /work  Done                     11/05/2009 20:21:40
00016 c34-406    ./betwcent /work  Done                     11/05/2009 20:21:40
00017 c14-208    ./betwcent /work  Done                     11/05/2009 20:21:40
00018 c14-208    ./betwcent /work  Done                     11/05/2009 20:21:40
00019 c14-208    ./betwcent /work  Done                     11/05/2009 20:21:40
00020 c14-208    ./betwcent /work  Done                     11/05/2009 20:21:40
00021 c27-403    ./betwcent /work  Done                     11/05/2009 20:21:40
00022 c27-403    ./betwcent /work  Done                     11/05/2009 20:21:40
00023 c27-403    ./betwcent /work  Done                     11/05/2009 20:21:40
00024 c27-403    ./betwcent /work  Done                     11/05/2009 20:21:40

------------------------------------------------------------
Sender: LSF System <lsfadmin@c27-403>
Subject: Job 276343: <betwcentp25> Done

Job <betwcentp25> was submitted from host <lslogin1> by user <tg459476>.
Job was executed on host(s) <4*c27-403>, in queue <normal>, as user <tg459476>.
                            <4*c14-208>
                            <4*c34-406>
                            <4*c39-302>
                            <4*c16-107>
                            <4*c17-206>
                            <1*c25-406>
</home/teragrid/tg459476> was used as the home directory.
</home/teragrid/tg459476/Release_PSpGEMM/PSpGEMM-R1/Applications> was used as the working directory.
Started at Thu Nov  5 20:18:46 2009
Results reported at Thu Nov  5 20:21:43 2009

Your job looked like:

------------------------------------------------------------
# LSBATCH: User input
#!/bin/tcsh 			  
				  # first line specifies shell
#BSUB -J betwcentp25 		  #name the job "jobname"
#BSUB -o out.o%J   		  #output->   out.o&ltjobID>
#BSUB -e err.o%J   		  #error -> error.o&ltjobID>
#BSUB -n 25 -W 0:10               #1 CPU cores and 0hr+15min
#BSUB -q normal                   #Use development queue.
#BSUB -R 'span[ptile=4]'	  # 4 MPI task per node
set echo                          #Echo all commands.
cd $LS_SUBCWD                     #cd to directory of submission
ibrun ./betwcent $WORK/SCALE17BTW-TRANSBOOL 12 256  # 8 processors on the row, each has batch=256/8=32; 2^12 = 4096 starting vertices overall

------------------------------------------------------------

Successfully completed.

Resource usage summary:

    CPU time   :   3628.40 sec.

The output (if any) is above this job summary.



PS:

Read file <err.o276343> for stderr output of this job.

