*** Batchsize is not evenly divisible by the grid dimension ***
*** Processing 4032 vertices instead
Batch processing will occur 16 times, each processing 252 vertices (overall)
Candidates chosen, precomputation finished
Exploring via BFS...
Tallying...
Adding bc contributions...
Exploring via BFS...
Tallying...
Adding bc contributions...
Exploring via BFS...
Tallying...
Adding bc contributions...
Exploring via BFS...
Tallying...
Adding bc contributions...
Exploring via BFS...
Tallying...
Adding bc contributions...
Exploring via BFS...
Tallying...
Adding bc contributions...
Exploring via BFS...
Tallying...
Adding bc contributions...
Exploring via BFS...
Tallying...
Adding bc contributions...
Exploring via BFS...
Tallying...
Adding bc contributions...
Exploring via BFS...
Tallying...
Adding bc contributions...
Exploring via BFS...
Tallying...
Adding bc contributions...
Exploring via BFS...
Tallying...
Adding bc contributions...
Exploring via BFS...
Tallying...
Adding bc contributions...
Exploring via BFS...
Tallying...
Adding bc contributions...
Exploring via BFS...
Tallying...
Adding bc contributions...
Exploring via BFS...
Tallying...
Adding bc contributions...
Computation finished
109.088789 seconds elapsed for 4032 starting vertices
TEPS score is: 36656382.577550
Job  mvapich_wrapper /opt/lsf/bin/TaskStarter -p c40-310:34025 -c /opt/lsf/conf -a X86_64 ./betwcent /work/teragrid/tg459476/SCALE17BTW-TRANSBOOL 12 256

TID   HOST_NAME   COMMAND_LINE            STATUS            TERMINATION_TIME
===== ========== ================  =======================  ===================
00000 c11-204    ./betwcent /work  Done                     11/08/2009 04:04:52
00001 c11-204    ./betwcent /work  Done                     11/08/2009 04:04:52
00002 c11-204    ./betwcent /work  Done                     11/08/2009 04:04:52
00003 c11-204    ./betwcent /work  Done                     11/08/2009 04:04:52
00004 c43-409    ./betwcent /work  Done                     11/08/2009 04:04:52
00005 c43-409    ./betwcent /work  Done                     11/08/2009 04:04:52
00006 c43-409    ./betwcent /work  Done                     11/08/2009 04:04:52
00007 c43-409    ./betwcent /work  Done                     11/08/2009 04:04:52
00008 c12-110    ./betwcent /work  Done                     11/08/2009 04:04:52
00009 c12-110    ./betwcent /work  Done                     11/08/2009 04:04:52
00010 c12-110    ./betwcent /work  Done                     11/08/2009 04:04:52
00011 c12-110    ./betwcent /work  Done                     11/08/2009 04:04:52
00012 c19-102    ./betwcent /work  Done                     11/08/2009 04:04:52
00013 c19-102    ./betwcent /work  Done                     11/08/2009 04:04:52
00014 c19-102    ./betwcent /work  Done                     11/08/2009 04:04:52
00015 c19-102    ./betwcent /work  Done                     11/08/2009 04:04:52
00016 c33-406    ./betwcent /work  Done                     11/08/2009 04:04:52
00017 c33-406    ./betwcent /work  Done                     11/08/2009 04:04:52
00018 c33-406    ./betwcent /work  Done                     11/08/2009 04:04:52
00019 c33-406    ./betwcent /work  Done                     11/08/2009 04:04:52
00020 c38-210    ./betwcent /work  Done                     11/08/2009 04:04:52
00021 c38-210    ./betwcent /work  Done                     11/08/2009 04:04:52
00022 c38-210    ./betwcent /work  Done                     11/08/2009 04:04:52
00023 c38-210    ./betwcent /work  Done                     11/08/2009 04:04:52
00024 c36-401    ./betwcent /work  Done                     11/08/2009 04:04:52
00025 c36-401    ./betwcent /work  Done                     11/08/2009 04:04:52
00026 c36-401    ./betwcent /work  Done                     11/08/2009 04:04:52
00027 c36-401    ./betwcent /work  Done                     11/08/2009 04:04:52
00028 c22-206    ./betwcent /work  Done                     11/08/2009 04:04:52
00029 c22-206    ./betwcent /work  Done                     11/08/2009 04:04:52
00030 c22-206    ./betwcent /work  Done                     11/08/2009 04:04:52
00031 c22-206    ./betwcent /work  Done                     11/08/2009 04:04:52
00032 c40-310    ./betwcent /work  Done                     11/08/2009 04:04:52
00033 c40-310    ./betwcent /work  Done                     11/08/2009 04:04:52
00034 c40-310    ./betwcent /work  Done                     11/08/2009 04:04:52
00035 c40-310    ./betwcent /work  Done                     11/08/2009 04:04:52

------------------------------------------------------------
Sender: LSF System <lsfadmin@c40-310>
Subject: Job 279242: <betwcentp36> Done

Job <betwcentp36> was submitted from host <lslogin2> by user <tg459476>.
Job was executed on host(s) <4*c40-310>, in queue <normal>, as user <tg459476>.
                            <4*c22-206>
                            <4*c36-401>
                            <4*c38-210>
                            <4*c33-406>
                            <4*c19-102>
                            <4*c12-110>
                            <4*c43-409>
                            <4*c11-204>
</home/teragrid/tg459476> was used as the home directory.
</home/teragrid/tg459476/Release_PSpGEMM/PSpGEMM-R1/Applications> was used as the working directory.
Started at Sun Nov  8 04:02:31 2009
Results reported at Sun Nov  8 04:04:55 2009

Your job looked like:

------------------------------------------------------------
# LSBATCH: User input
#!/bin/tcsh 			  
				  # first line specifies shell
#BSUB -J betwcentp36 		  #name the job "jobname"
#BSUB -o out.o%J   		  #output->   out.o&ltjobID>
#BSUB -e err.o%J   		  #error -> error.o&ltjobID>
#BSUB -n 36 -W 0:10               #1 CPU cores and 0hr+15min
#BSUB -q normal                   #Use development queue.
#BSUB -R 'span[ptile=4]'	  # 4 MPI task per node
set echo                          #Echo all commands.
cd $LS_SUBCWD                     #cd to directory of submission
ibrun ./betwcent $WORK/SCALE17BTW-TRANSBOOL 12 256  # 8 processors on the row, each has batch=256/8=32; 2^12 = 4096 starting vertices overall

------------------------------------------------------------

Successfully completed.

Resource usage summary:

    CPU time   :   3957.14 sec.

The output (if any) is above this job summary.



PS:

Read file <err.o279242> for stderr output of this job.

