*** Batchsize is not evenly divisible by the grid dimension ***
*** Processing 4000 vertices instead
Batch processing will occur 8 times, each processing 500 vertices (overall)
Candidates chosen, precomputation finished
Exploring via BFS...
Tallying...
Adding bc contributions...
Exploring via BFS...
Tallying...
Adding bc contributions...
Exploring via BFS...
Tallying...
Adding bc contributions...
Exploring via BFS...
Tallying...
Adding bc contributions...
Exploring via BFS...
Tallying...
Adding bc contributions...
Exploring via BFS...
Tallying...
Adding bc contributions...
Exploring via BFS...
Tallying...
Adding bc contributions...
Exploring via BFS...
Tallying...
Adding bc contributions...
Computation finished
28.769389 seconds elapsed for 4000 starting vertices
TEPS score is: 137891843.161625
Job  mvapich_wrapper /opt/lsf/bin/TaskStarter -p c37-108:36778 -c /opt/lsf/conf -a X86_64 ./betwcent /work/teragrid/tg459476/SCALE17BTW-TRANSBOOL 12 512

TID   HOST_NAME   COMMAND_LINE            STATUS            TERMINATION_TIME
===== ========== ================  =======================  ===================
00000 c36-203    ./betwcent /work  Done                     11/12/2009 02:28:50
00001 c36-203    ./betwcent /work  Done                     11/12/2009 02:28:50
00002 c36-203    ./betwcent /work  Done                     11/12/2009 02:28:50
00003 c36-203    ./betwcent /work  Done                     11/12/2009 02:28:50
00004 c36-301    ./betwcent /work  Done                     11/12/2009 02:28:50
00005 c36-301    ./betwcent /work  Done                     11/12/2009 02:28:50
00006 c36-301    ./betwcent /work  Done                     11/12/2009 02:28:50
00007 c36-301    ./betwcent /work  Done                     11/12/2009 02:28:50
00008 c12-204    ./betwcent /work  Done                     11/12/2009 02:28:50
00009 c12-204    ./betwcent /work  Done                     11/12/2009 02:28:50
00010 c12-204    ./betwcent /work  Done                     11/12/2009 02:28:50
00011 c12-204    ./betwcent /work  Done                     11/12/2009 02:28:50
00012 c16-309    ./betwcent /work  Done                     11/12/2009 02:28:50
00013 c16-309    ./betwcent /work  Done                     11/12/2009 02:28:50
00014 c16-309    ./betwcent /work  Done                     11/12/2009 02:28:50
00015 c16-309    ./betwcent /work  Done                     11/12/2009 02:28:50
00016 c45-303    ./betwcent /work  Done                     11/12/2009 02:28:50
00017 c45-303    ./betwcent /work  Done                     11/12/2009 02:28:50
00018 c45-303    ./betwcent /work  Done                     11/12/2009 02:28:50
00019 c45-303    ./betwcent /work  Done                     11/12/2009 02:28:50
00020 c27-101    ./betwcent /work  Done                     11/12/2009 02:28:50
00021 c27-101    ./betwcent /work  Done                     11/12/2009 02:28:50
00022 c27-101    ./betwcent /work  Done                     11/12/2009 02:28:50
00023 c27-101    ./betwcent /work  Done                     11/12/2009 02:28:50
00024 c29-405    ./betwcent /work  Done                     11/12/2009 02:28:50
00025 c29-405    ./betwcent /work  Done                     11/12/2009 02:28:50
00026 c29-405    ./betwcent /work  Done                     11/12/2009 02:28:50
00027 c29-405    ./betwcent /work  Done                     11/12/2009 02:28:50
00028 c31-302    ./betwcent /work  Done                     11/12/2009 02:28:50
00029 c31-302    ./betwcent /work  Done                     11/12/2009 02:28:50
00030 c31-302    ./betwcent /work  Done                     11/12/2009 02:28:50
00031 c31-302    ./betwcent /work  Done                     11/12/2009 02:28:50
00032 c36-407    ./betwcent /work  Done                     11/12/2009 02:28:50
00033 c36-407    ./betwcent /work  Done                     11/12/2009 02:28:50
00034 c36-407    ./betwcent /work  Done                     11/12/2009 02:28:50
00035 c36-407    ./betwcent /work  Done                     11/12/2009 02:28:50
00036 c38-204    ./betwcent /work  Done                     11/12/2009 02:28:50
00037 c38-204    ./betwcent /work  Done                     11/12/2009 02:28:50
00038 c38-204    ./betwcent /work  Done                     11/12/2009 02:28:50
00039 c38-204    ./betwcent /work  Done                     11/12/2009 02:28:50
00040 c11-110    ./betwcent /work  Done                     11/12/2009 02:28:50
00041 c11-110    ./betwcent /work  Done                     11/12/2009 02:28:50
00042 c11-110    ./betwcent /work  Done                     11/12/2009 02:28:50
00043 c11-110    ./betwcent /work  Done                     11/12/2009 02:28:50
00044 c31-107    ./betwcent /work  Done                     11/12/2009 02:28:50
00045 c31-107    ./betwcent /work  Done                     11/12/2009 02:28:50
00046 c31-107    ./betwcent /work  Done                     11/12/2009 02:28:50
00047 c31-107    ./betwcent /work  Done                     11/12/2009 02:28:50
00048 c38-409    ./betwcent /work  Done                     11/12/2009 02:28:50
00049 c38-409    ./betwcent /work  Done                     11/12/2009 02:28:50
00050 c38-409    ./betwcent /work  Done                     11/12/2009 02:28:50
00051 c38-409    ./betwcent /work  Done                     11/12/2009 02:28:50
00052 c41-301    ./betwcent /work  Done                     11/12/2009 02:28:50
00053 c41-301    ./betwcent /work  Done                     11/12/2009 02:28:50
00054 c41-301    ./betwcent /work  Done                     11/12/2009 02:28:50
00055 c41-301    ./betwcent /work  Done                     11/12/2009 02:28:50
00056 c42-405    ./betwcent /work  Done                     11/12/2009 02:28:50
00057 c42-405    ./betwcent /work  Done                     11/12/2009 02:28:50
00058 c42-405    ./betwcent /work  Done                     11/12/2009 02:28:50
00059 c42-405    ./betwcent /work  Done                     11/12/2009 02:28:50
00060 c23-303    ./betwcent /work  Done                     11/12/2009 02:28:50
00061 c23-303    ./betwcent /work  Done                     11/12/2009 02:28:50
00062 c23-303    ./betwcent /work  Done                     11/12/2009 02:28:50
00063 c23-303    ./betwcent /work  Done                     11/12/2009 02:28:50
00064 c14-309    ./betwcent /work  Done                     11/12/2009 02:28:50
00065 c14-309    ./betwcent /work  Done                     11/12/2009 02:28:50
00066 c14-309    ./betwcent /work  Done                     11/12/2009 02:28:50
00067 c14-309    ./betwcent /work  Done                     11/12/2009 02:28:50
00068 c42-206    ./betwcent /work  Done                     11/12/2009 02:28:50
00069 c42-206    ./betwcent /work  Done                     11/12/2009 02:28:50
00070 c42-206    ./betwcent /work  Done                     11/12/2009 02:28:50
00071 c42-206    ./betwcent /work  Done                     11/12/2009 02:28:50
00072 c20-307    ./betwcent /work  Done                     11/12/2009 02:28:50
00073 c20-307    ./betwcent /work  Done                     11/12/2009 02:28:50
00074 c20-307    ./betwcent /work  Done                     11/12/2009 02:28:50
00075 c20-307    ./betwcent /work  Done                     11/12/2009 02:28:50
00076 c23-103    ./betwcent /work  Done                     11/12/2009 02:28:50
00077 c23-103    ./betwcent /work  Done                     11/12/2009 02:28:50
00078 c23-103    ./betwcent /work  Done                     11/12/2009 02:28:50
00079 c23-103    ./betwcent /work  Done                     11/12/2009 02:28:50
00080 c14-107    ./betwcent /work  Done                     11/12/2009 02:28:50
00081 c14-107    ./betwcent /work  Done                     11/12/2009 02:28:50
00082 c14-107    ./betwcent /work  Done                     11/12/2009 02:28:50
00083 c14-107    ./betwcent /work  Done                     11/12/2009 02:28:50
00084 c33-304    ./betwcent /work  Done                     11/12/2009 02:28:50
00085 c33-304    ./betwcent /work  Done                     11/12/2009 02:28:50
00086 c33-304    ./betwcent /work  Done                     11/12/2009 02:28:50
00087 c33-304    ./betwcent /work  Done                     11/12/2009 02:28:50
00088 c21-207    ./betwcent /work  Done                     11/12/2009 02:28:50
00089 c21-207    ./betwcent /work  Done                     11/12/2009 02:28:50
00090 c21-207    ./betwcent /work  Done                     11/12/2009 02:28:50
00091 c21-207    ./betwcent /work  Done                     11/12/2009 02:28:50
00092 c20-306    ./betwcent /work  Done                     11/12/2009 02:28:50
00093 c20-306    ./betwcent /work  Done                     11/12/2009 02:28:50
00094 c20-306    ./betwcent /work  Done                     11/12/2009 02:28:50
00095 c20-306    ./betwcent /work  Done                     11/12/2009 02:28:50
00096 c32-303    ./betwcent /work  Done                     11/12/2009 02:28:50
00097 c32-303    ./betwcent /work  Done                     11/12/2009 02:28:50
00098 c32-303    ./betwcent /work  Done                     11/12/2009 02:28:50
00099 c32-303    ./betwcent /work  Done                     11/12/2009 02:28:50
00100 c31-305    ./betwcent /work  Done                     11/12/2009 02:28:50
00101 c31-305    ./betwcent /work  Done                     11/12/2009 02:28:50
00102 c31-305    ./betwcent /work  Done                     11/12/2009 02:28:50
00103 c31-305    ./betwcent /work  Done                     11/12/2009 02:28:50
00104 c42-205    ./betwcent /work  Done                     11/12/2009 02:28:50
00105 c42-205    ./betwcent /work  Done                     11/12/2009 02:28:50
00106 c42-205    ./betwcent /work  Done                     11/12/2009 02:28:50
00107 c42-205    ./betwcent /work  Done                     11/12/2009 02:28:50
00108 c41-204    ./betwcent /work  Done                     11/12/2009 02:28:50
00109 c41-204    ./betwcent /work  Done                     11/12/2009 02:28:50
00110 c41-204    ./betwcent /work  Done                     11/12/2009 02:28:50
00111 c41-204    ./betwcent /work  Done                     11/12/2009 02:28:50
00112 c29-303    ./betwcent /work  Done                     11/12/2009 02:28:50
00113 c29-303    ./betwcent /work  Done                     11/12/2009 02:28:50
00114 c29-303    ./betwcent /work  Done                     11/12/2009 02:28:50
00115 c29-303    ./betwcent /work  Done                     11/12/2009 02:28:50
00116 c20-202    ./betwcent /work  Done                     11/12/2009 02:28:50
00117 c20-202    ./betwcent /work  Done                     11/12/2009 02:28:50
00118 c20-202    ./betwcent /work  Done                     11/12/2009 02:28:50
00119 c20-202    ./betwcent /work  Done                     11/12/2009 02:28:50
00120 c22-201    ./betwcent /work  Done                     11/12/2009 02:28:50
00121 c22-201    ./betwcent /work  Done                     11/12/2009 02:28:50
00122 c22-201    ./betwcent /work  Done                     11/12/2009 02:28:50
00123 c22-201    ./betwcent /work  Done                     11/12/2009 02:28:50
00124 c34-206    ./betwcent /work  Done                     11/12/2009 02:28:50
00125 c34-206    ./betwcent /work  Done                     11/12/2009 02:28:50
00126 c34-206    ./betwcent /work  Done                     11/12/2009 02:28:50
00127 c34-206    ./betwcent /work  Done                     11/12/2009 02:28:50
00128 c37-404    ./betwcent /work  Done                     11/12/2009 02:28:50
00129 c37-404    ./betwcent /work  Done                     11/12/2009 02:28:50
00130 c37-404    ./betwcent /work  Done                     11/12/2009 02:28:50
00131 c37-404    ./betwcent /work  Done                     11/12/2009 02:28:50
00132 c41-110    ./betwcent /work  Done                     11/12/2009 02:28:50
00133 c41-110    ./betwcent /work  Done                     11/12/2009 02:28:50
00134 c41-110    ./betwcent /work  Done                     11/12/2009 02:28:50
00135 c41-110    ./betwcent /work  Done                     11/12/2009 02:28:50
00136 c15-106    ./betwcent /work  Done                     11/12/2009 02:28:50
00137 c15-106    ./betwcent /work  Done                     11/12/2009 02:28:50
00138 c15-106    ./betwcent /work  Done                     11/12/2009 02:28:50
00139 c15-106    ./betwcent /work  Done                     11/12/2009 02:28:50
00140 c45-301    ./betwcent /work  Done                     11/12/2009 02:28:50
00141 c45-301    ./betwcent /work  Done                     11/12/2009 02:28:50
00142 c45-301    ./betwcent /work  Done                     11/12/2009 02:28:50
00143 c45-301    ./betwcent /work  Done                     11/12/2009 02:28:50
00144 c35-103    ./betwcent /work  Done                     11/12/2009 02:28:50
00145 c35-103    ./betwcent /work  Done                     11/12/2009 02:28:50
00146 c35-103    ./betwcent /work  Done                     11/12/2009 02:28:50
00147 c35-103    ./betwcent /work  Done                     11/12/2009 02:28:50
00148 c17-103    ./betwcent /work  Done                     11/12/2009 02:28:50
00149 c17-103    ./betwcent /work  Done                     11/12/2009 02:28:50
00150 c17-103    ./betwcent /work  Done                     11/12/2009 02:28:50
00151 c17-103    ./betwcent /work  Done                     11/12/2009 02:28:50
00152 c43-201    ./betwcent /work  Done                     11/12/2009 02:28:50
00153 c43-201    ./betwcent /work  Done                     11/12/2009 02:28:50
00154 c43-201    ./betwcent /work  Done                     11/12/2009 02:28:50
00155 c43-201    ./betwcent /work  Done                     11/12/2009 02:28:50
00156 c38-303    ./betwcent /work  Done                     11/12/2009 02:28:50
00157 c38-303    ./betwcent /work  Done                     11/12/2009 02:28:50
00158 c38-303    ./betwcent /work  Done                     11/12/2009 02:28:50
00159 c38-303    ./betwcent /work  Done                     11/12/2009 02:28:50
00160 c40-309    ./betwcent /work  Done                     11/12/2009 02:28:50
00161 c40-309    ./betwcent /work  Done                     11/12/2009 02:28:50
00162 c40-309    ./betwcent /work  Done                     11/12/2009 02:28:50
00163 c40-309    ./betwcent /work  Done                     11/12/2009 02:28:50
00164 c24-207    ./betwcent /work  Done                     11/12/2009 02:28:50
00165 c24-207    ./betwcent /work  Done                     11/12/2009 02:28:50
00166 c24-207    ./betwcent /work  Done                     11/12/2009 02:28:50
00167 c24-207    ./betwcent /work  Done                     11/12/2009 02:28:50
00168 c24-404    ./betwcent /work  Done                     11/12/2009 02:28:50
00169 c24-404    ./betwcent /work  Done                     11/12/2009 02:28:50
00170 c24-404    ./betwcent /work  Done                     11/12/2009 02:28:50
00171 c24-404    ./betwcent /work  Done                     11/12/2009 02:28:50
00172 c36-308    ./betwcent /work  Done                     11/12/2009 02:28:50
00173 c36-308    ./betwcent /work  Done                     11/12/2009 02:28:50
00174 c36-308    ./betwcent /work  Done                     11/12/2009 02:28:50
00175 c36-308    ./betwcent /work  Done                     11/12/2009 02:28:50
00176 c35-308    ./betwcent /work  Done                     11/12/2009 02:28:50
00177 c35-308    ./betwcent /work  Done                     11/12/2009 02:28:50
00178 c35-308    ./betwcent /work  Done                     11/12/2009 02:28:50
00179 c35-308    ./betwcent /work  Done                     11/12/2009 02:28:50
00180 c44-401    ./betwcent /work  Done                     11/12/2009 02:28:50
00181 c44-401    ./betwcent /work  Done                     11/12/2009 02:28:50
00182 c44-401    ./betwcent /work  Done                     11/12/2009 02:28:50
00183 c44-401    ./betwcent /work  Done                     11/12/2009 02:28:50
00184 c22-104    ./betwcent /work  Done                     11/12/2009 02:28:50
00185 c22-104    ./betwcent /work  Done                     11/12/2009 02:28:50
00186 c22-104    ./betwcent /work  Done                     11/12/2009 02:28:50
00187 c22-104    ./betwcent /work  Done                     11/12/2009 02:28:50
00188 c23-308    ./betwcent /work  Done                     11/12/2009 02:28:50
00189 c23-308    ./betwcent /work  Done                     11/12/2009 02:28:50
00190 c23-308    ./betwcent /work  Done                     11/12/2009 02:28:50
00191 c23-308    ./betwcent /work  Done                     11/12/2009 02:28:50
00192 c29-309    ./betwcent /work  Done                     11/12/2009 02:28:50
00193 c29-309    ./betwcent /work  Done                     11/12/2009 02:28:50
00194 c29-309    ./betwcent /work  Done                     11/12/2009 02:28:50
00195 c29-309    ./betwcent /work  Done                     11/12/2009 02:28:50
00196 c39-307    ./betwcent /work  Done                     11/12/2009 02:28:50
00197 c39-307    ./betwcent /work  Done                     11/12/2009 02:28:50
00198 c39-307    ./betwcent /work  Done                     11/12/2009 02:28:50
00199 c39-307    ./betwcent /work  Done                     11/12/2009 02:28:50
00200 c39-410    ./betwcent /work  Done                     11/12/2009 02:28:50
00201 c39-410    ./betwcent /work  Done                     11/12/2009 02:28:50
00202 c39-410    ./betwcent /work  Done                     11/12/2009 02:28:50
00203 c39-410    ./betwcent /work  Done                     11/12/2009 02:28:50
00204 c27-401    ./betwcent /work  Done                     11/12/2009 02:28:50
00205 c27-401    ./betwcent /work  Done                     11/12/2009 02:28:50
00206 c27-401    ./betwcent /work  Done                     11/12/2009 02:28:50
00207 c27-401    ./betwcent /work  Done                     11/12/2009 02:28:50
00208 c39-408    ./betwcent /work  Done                     11/12/2009 02:28:50
00209 c39-408    ./betwcent /work  Done                     11/12/2009 02:28:50
00210 c39-408    ./betwcent /work  Done                     11/12/2009 02:28:50
00211 c39-408    ./betwcent /work  Done                     11/12/2009 02:28:50
00212 c23-208    ./betwcent /work  Done                     11/12/2009 02:28:50
00213 c23-208    ./betwcent /work  Done                     11/12/2009 02:28:50
00214 c23-208    ./betwcent /work  Done                     11/12/2009 02:28:50
00215 c23-208    ./betwcent /work  Done                     11/12/2009 02:28:50
00216 c33-308    ./betwcent /work  Done                     11/12/2009 02:28:50
00217 c33-308    ./betwcent /work  Done                     11/12/2009 02:28:50
00218 c33-308    ./betwcent /work  Done                     11/12/2009 02:28:50
00219 c33-308    ./betwcent /work  Done                     11/12/2009 02:28:50
00220 c34-104    ./betwcent /work  Done                     11/12/2009 02:28:50
00221 c34-104    ./betwcent /work  Done                     11/12/2009 02:28:50
00222 c34-104    ./betwcent /work  Done                     11/12/2009 02:28:50
00223 c34-104    ./betwcent /work  Done                     11/12/2009 02:28:50
00224 c43-408    ./betwcent /work  Done                     11/12/2009 02:28:50
00225 c43-408    ./betwcent /work  Done                     11/12/2009 02:28:50
00226 c43-408    ./betwcent /work  Done                     11/12/2009 02:28:50
00227 c43-408    ./betwcent /work  Done                     11/12/2009 02:28:50
00228 c17-210    ./betwcent /work  Done                     11/12/2009 02:28:50
00229 c17-210    ./betwcent /work  Done                     11/12/2009 02:28:50
00230 c17-210    ./betwcent /work  Done                     11/12/2009 02:28:50
00231 c17-210    ./betwcent /work  Done                     11/12/2009 02:28:50
00232 c16-306    ./betwcent /work  Done                     11/12/2009 02:28:50
00233 c16-306    ./betwcent /work  Done                     11/12/2009 02:28:50
00234 c16-306    ./betwcent /work  Done                     11/12/2009 02:28:50
00235 c16-306    ./betwcent /work  Done                     11/12/2009 02:28:50
00236 c34-102    ./betwcent /work  Done                     11/12/2009 02:28:50
00237 c34-102    ./betwcent /work  Done                     11/12/2009 02:28:50
00238 c34-102    ./betwcent /work  Done                     11/12/2009 02:28:50
00239 c34-102    ./betwcent /work  Done                     11/12/2009 02:28:50
00240 c29-202    ./betwcent /work  Done                     11/12/2009 02:28:50
00241 c29-202    ./betwcent /work  Done                     11/12/2009 02:28:50
00242 c29-202    ./betwcent /work  Done                     11/12/2009 02:28:50
00243 c29-202    ./betwcent /work  Done                     11/12/2009 02:28:50
00244 c16-302    ./betwcent /work  Done                     11/12/2009 02:28:50
00245 c16-302    ./betwcent /work  Done                     11/12/2009 02:28:50
00246 c16-302    ./betwcent /work  Done                     11/12/2009 02:28:50
00247 c16-302    ./betwcent /work  Done                     11/12/2009 02:28:50
00248 c33-101    ./betwcent /work  Done                     11/12/2009 02:28:50
00249 c33-101    ./betwcent /work  Done                     11/12/2009 02:28:50
00250 c33-101    ./betwcent /work  Done                     11/12/2009 02:28:50
00251 c33-101    ./betwcent /work  Done                     11/12/2009 02:28:50
00252 c36-408    ./betwcent /work  Done                     11/12/2009 02:28:50
00253 c36-408    ./betwcent /work  Done                     11/12/2009 02:28:50
00254 c36-408    ./betwcent /work  Done                     11/12/2009 02:28:50
00255 c36-408    ./betwcent /work  Done                     11/12/2009 02:28:50
00256 c26-401    ./betwcent /work  Done                     11/12/2009 02:28:50
00257 c26-401    ./betwcent /work  Done                     11/12/2009 02:28:50
00258 c26-401    ./betwcent /work  Done                     11/12/2009 02:28:50
00259 c26-401    ./betwcent /work  Done                     11/12/2009 02:28:50
00260 c18-102    ./betwcent /work  Done                     11/12/2009 02:28:50
00261 c18-102    ./betwcent /work  Done                     11/12/2009 02:28:50
00262 c18-102    ./betwcent /work  Done                     11/12/2009 02:28:50
00263 c18-102    ./betwcent /work  Done                     11/12/2009 02:28:50
00264 c28-403    ./betwcent /work  Done                     11/12/2009 02:28:50
00265 c28-403    ./betwcent /work  Done                     11/12/2009 02:28:50
00266 c28-403    ./betwcent /work  Done                     11/12/2009 02:28:50
00267 c28-403    ./betwcent /work  Done                     11/12/2009 02:28:50
00268 c37-107    ./betwcent /work  Done                     11/12/2009 02:28:50
00269 c37-107    ./betwcent /work  Done                     11/12/2009 02:28:50
00270 c37-107    ./betwcent /work  Done                     11/12/2009 02:28:50
00271 c37-107    ./betwcent /work  Done                     11/12/2009 02:28:50
00272 c38-207    ./betwcent /work  Done                     11/12/2009 02:28:50
00273 c38-207    ./betwcent /work  Done                     11/12/2009 02:28:50
00274 c38-207    ./betwcent /work  Done                     11/12/2009 02:28:50
00275 c38-207    ./betwcent /work  Done                     11/12/2009 02:28:50
00276 c44-105    ./betwcent /work  Done                     11/12/2009 02:28:50
00277 c44-105    ./betwcent /work  Done                     11/12/2009 02:28:50
00278 c44-105    ./betwcent /work  Done                     11/12/2009 02:28:50
00279 c44-105    ./betwcent /work  Done                     11/12/2009 02:28:50
00280 c30-102    ./betwcent /work  Done                     11/12/2009 02:28:50
00281 c30-102    ./betwcent /work  Done                     11/12/2009 02:28:50
00282 c30-102    ./betwcent /work  Done                     11/12/2009 02:28:50
00283 c30-102    ./betwcent /work  Done                     11/12/2009 02:28:50
00284 c43-110    ./betwcent /work  Done                     11/12/2009 02:28:50
00285 c43-110    ./betwcent /work  Done                     11/12/2009 02:28:50
00286 c43-110    ./betwcent /work  Done                     11/12/2009 02:28:50
00287 c43-110    ./betwcent /work  Done                     11/12/2009 02:28:50
00288 c39-105    ./betwcent /work  Done                     11/12/2009 02:28:50
00289 c39-105    ./betwcent /work  Done                     11/12/2009 02:28:50
00290 c39-105    ./betwcent /work  Done                     11/12/2009 02:28:50
00291 c39-105    ./betwcent /work  Done                     11/12/2009 02:28:50
00292 c21-301    ./betwcent /work  Done                     11/12/2009 02:28:50
00293 c21-301    ./betwcent /work  Done                     11/12/2009 02:28:50
00294 c21-301    ./betwcent /work  Done                     11/12/2009 02:28:50
00295 c21-301    ./betwcent /work  Done                     11/12/2009 02:28:50
00296 c37-310    ./betwcent /work  Done                     11/12/2009 02:28:50
00297 c37-310    ./betwcent /work  Done                     11/12/2009 02:28:50
00298 c37-310    ./betwcent /work  Done                     11/12/2009 02:28:50
00299 c37-310    ./betwcent /work  Done                     11/12/2009 02:28:50
00300 c41-406    ./betwcent /work  Done                     11/12/2009 02:28:50
00301 c41-406    ./betwcent /work  Done                     11/12/2009 02:28:50
00302 c41-406    ./betwcent /work  Done                     11/12/2009 02:28:50
00303 c41-406    ./betwcent /work  Done                     11/12/2009 02:28:50
00304 c13-108    ./betwcent /work  Done                     11/12/2009 02:28:50
00305 c13-108    ./betwcent /work  Done                     11/12/2009 02:28:50
00306 c13-108    ./betwcent /work  Done                     11/12/2009 02:28:50
00307 c13-108    ./betwcent /work  Done                     11/12/2009 02:28:50
00308 c16-103    ./betwcent /work  Done                     11/12/2009 02:28:50
00309 c16-103    ./betwcent /work  Done                     11/12/2009 02:28:50
00310 c16-103    ./betwcent /work  Done                     11/12/2009 02:28:50
00311 c16-103    ./betwcent /work  Done                     11/12/2009 02:28:50
00312 c45-409    ./betwcent /work  Done                     11/12/2009 02:28:50
00313 c45-409    ./betwcent /work  Done                     11/12/2009 02:28:50
00314 c45-409    ./betwcent /work  Done                     11/12/2009 02:28:50
00315 c45-409    ./betwcent /work  Done                     11/12/2009 02:28:50
00316 c30-106    ./betwcent /work  Done                     11/12/2009 02:28:50
00317 c30-106    ./betwcent /work  Done                     11/12/2009 02:28:50
00318 c30-106    ./betwcent /work  Done                     11/12/2009 02:28:50
00319 c30-106    ./betwcent /work  Done                     11/12/2009 02:28:50
00320 c30-407    ./betwcent /work  Done                     11/12/2009 02:28:50
00321 c30-407    ./betwcent /work  Done                     11/12/2009 02:28:50
00322 c30-407    ./betwcent /work  Done                     11/12/2009 02:28:50
00323 c30-407    ./betwcent /work  Done                     11/12/2009 02:28:50
00324 c31-401    ./betwcent /work  Done                     11/12/2009 02:28:50
00325 c31-401    ./betwcent /work  Done                     11/12/2009 02:28:50
00326 c31-401    ./betwcent /work  Done                     11/12/2009 02:28:50
00327 c31-401    ./betwcent /work  Done                     11/12/2009 02:28:50
00328 c14-103    ./betwcent /work  Done                     11/12/2009 02:28:50
00329 c14-103    ./betwcent /work  Done                     11/12/2009 02:28:50
00330 c14-103    ./betwcent /work  Done                     11/12/2009 02:28:50
00331 c14-103    ./betwcent /work  Done                     11/12/2009 02:28:50
00332 c29-307    ./betwcent /work  Done                     11/12/2009 02:28:50
00333 c29-307    ./betwcent /work  Done                     11/12/2009 02:28:50
00334 c29-307    ./betwcent /work  Done                     11/12/2009 02:28:50
00335 c29-307    ./betwcent /work  Done                     11/12/2009 02:28:50
00336 c17-207    ./betwcent /work  Done                     11/12/2009 02:28:50
00337 c17-207    ./betwcent /work  Done                     11/12/2009 02:28:50
00338 c17-207    ./betwcent /work  Done                     11/12/2009 02:28:50
00339 c17-207    ./betwcent /work  Done                     11/12/2009 02:28:50
00340 c34-108    ./betwcent /work  Done                     11/12/2009 02:28:50
00341 c34-108    ./betwcent /work  Done                     11/12/2009 02:28:50
00342 c34-108    ./betwcent /work  Done                     11/12/2009 02:28:50
00343 c34-108    ./betwcent /work  Done                     11/12/2009 02:28:50
00344 c40-110    ./betwcent /work  Done                     11/12/2009 02:28:50
00345 c40-110    ./betwcent /work  Done                     11/12/2009 02:28:50
00346 c40-110    ./betwcent /work  Done                     11/12/2009 02:28:50
00347 c40-110    ./betwcent /work  Done                     11/12/2009 02:28:50
00348 c27-102    ./betwcent /work  Done                     11/12/2009 02:28:50
00349 c27-102    ./betwcent /work  Done                     11/12/2009 02:28:50
00350 c27-102    ./betwcent /work  Done                     11/12/2009 02:28:50
00351 c27-102    ./betwcent /work  Done                     11/12/2009 02:28:50
00352 c11-107    ./betwcent /work  Done                     11/12/2009 02:28:50
00353 c11-107    ./betwcent /work  Done                     11/12/2009 02:28:50
00354 c11-107    ./betwcent /work  Done                     11/12/2009 02:28:50
00355 c11-107    ./betwcent /work  Done                     11/12/2009 02:28:50
00356 c35-307    ./betwcent /work  Done                     11/12/2009 02:28:50
00357 c35-307    ./betwcent /work  Done                     11/12/2009 02:28:50
00358 c35-307    ./betwcent /work  Done                     11/12/2009 02:28:50
00359 c35-307    ./betwcent /work  Done                     11/12/2009 02:28:50
00360 c20-301    ./betwcent /work  Done                     11/12/2009 02:28:50
00361 c20-301    ./betwcent /work  Done                     11/12/2009 02:28:50
00362 c20-301    ./betwcent /work  Done                     11/12/2009 02:28:50
00363 c20-301    ./betwcent /work  Done                     11/12/2009 02:28:50
00364 c27-407    ./betwcent /work  Done                     11/12/2009 02:28:50
00365 c27-407    ./betwcent /work  Done                     11/12/2009 02:28:50
00366 c27-407    ./betwcent /work  Done                     11/12/2009 02:28:50
00367 c27-407    ./betwcent /work  Done                     11/12/2009 02:28:50
00368 c22-208    ./betwcent /work  Done                     11/12/2009 02:28:50
00369 c22-208    ./betwcent /work  Done                     11/12/2009 02:28:50
00370 c22-208    ./betwcent /work  Done                     11/12/2009 02:28:50
00371 c22-208    ./betwcent /work  Done                     11/12/2009 02:28:50
00372 c23-107    ./betwcent /work  Done                     11/12/2009 02:28:50
00373 c23-107    ./betwcent /work  Done                     11/12/2009 02:28:50
00374 c23-107    ./betwcent /work  Done                     11/12/2009 02:28:50
00375 c23-107    ./betwcent /work  Done                     11/12/2009 02:28:50
00376 c29-404    ./betwcent /work  Done                     11/12/2009 02:28:50
00377 c29-404    ./betwcent /work  Done                     11/12/2009 02:28:50
00378 c29-404    ./betwcent /work  Done                     11/12/2009 02:28:50
00379 c29-404    ./betwcent /work  Done                     11/12/2009 02:28:50
00380 c42-409    ./betwcent /work  Done                     11/12/2009 02:28:50
00381 c42-409    ./betwcent /work  Done                     11/12/2009 02:28:50
00382 c42-409    ./betwcent /work  Done                     11/12/2009 02:28:50
00383 c42-409    ./betwcent /work  Done                     11/12/2009 02:28:50
00384 c44-407    ./betwcent /work  Done                     11/12/2009 02:28:50
00385 c44-407    ./betwcent /work  Done                     11/12/2009 02:28:50
00386 c44-407    ./betwcent /work  Done                     11/12/2009 02:28:50
00387 c44-407    ./betwcent /work  Done                     11/12/2009 02:28:50
00388 c10-208    ./betwcent /work  Done                     11/12/2009 02:28:50
00389 c10-208    ./betwcent /work  Done                     11/12/2009 02:28:50
00390 c10-208    ./betwcent /work  Done                     11/12/2009 02:28:50
00391 c10-208    ./betwcent /work  Done                     11/12/2009 02:28:50
00392 c21-403    ./betwcent /work  Done                     11/12/2009 02:28:50
00393 c21-403    ./betwcent /work  Done                     11/12/2009 02:28:50
00394 c21-403    ./betwcent /work  Done                     11/12/2009 02:28:50
00395 c21-403    ./betwcent /work  Done                     11/12/2009 02:28:50
00396 c37-108    ./betwcent /work  Done                     11/12/2009 02:28:50
00397 c37-108    ./betwcent /work  Done                     11/12/2009 02:28:50
00398 c37-108    ./betwcent /work  Done                     11/12/2009 02:28:50
00399 c37-108    ./betwcent /work  Done                     11/12/2009 02:28:50

------------------------------------------------------------
Sender: LSF System <lsfadmin@c37-108>
Subject: Job 286464: <betwcentp400> Done

Job <betwcentp400> was submitted from host <lslogin2> by user <tg459476>.
Job was executed on host(s) <4*c37-108>, in queue <normal>, as user <tg459476>.
                            <4*c21-403>
                            <4*c10-208>
                            <4*c44-407>
                            <4*c42-409>
                            <4*c29-404>
                            <4*c23-107>
                            <4*c22-208>
                            <4*c27-407>
                            <4*c20-301>
                            <4*c35-307>
                            <4*c11-107>
                            <4*c27-102>
                            <4*c40-110>
                            <4*c34-108>
                            <4*c17-207>
                            <4*c29-307>
                            <4*c14-103>
                            <4*c31-401>
                            <4*c30-407>
                            <4*c30-106>
                            <4*c45-409>
                            <4*c16-103>
                            <4*c13-108>
                            <4*c41-406>
                            <4*c37-310>
                            <4*c21-301>
                            <4*c39-105>
                            <4*c43-110>
                            <4*c30-102>
                            <4*c44-105>
                            <4*c38-207>
                            <4*c37-107>
                            <4*c28-403>
                            <4*c18-102>
                            <4*c26-401>
                            <4*c36-408>
                            <4*c33-101>
                            <4*c16-302>
                            <4*c29-202>
                            <4*c34-102>
                            <4*c16-306>
                            <4*c17-210>
                            <4*c43-408>
                            <4*c34-104>
                            <4*c33-308>
                            <4*c23-208>
                            <4*c39-408>
                            <4*c27-401>
                            <4*c39-410>
                            <4*c39-307>
                            <4*c29-309>
                            <4*c23-308>
                            <4*c22-104>
                            <4*c44-401>
                            <4*c35-308>
                            <4*c36-308>
                            <4*c24-404>
                            <4*c24-207>
                            <4*c40-309>
                            <4*c38-303>
                            <4*c43-201>
                            <4*c17-103>
                            <4*c35-103>
                            <4*c45-301>
                            <4*c15-106>
                            <4*c41-110>
                            <4*c37-404>
                            <4*c34-206>
                            <4*c22-201>
                            <4*c20-202>
                            <4*c29-303>
                            <4*c41-204>
                            <4*c42-205>
                            <4*c31-305>
                            <4*c32-303>
                            <4*c20-306>
                            <4*c21-207>
                            <4*c33-304>
                            <4*c14-107>
                            <4*c23-103>
                            <4*c20-307>
                            <4*c42-206>
                            <4*c14-309>
                            <4*c23-303>
                            <4*c42-405>
                            <4*c41-301>
                            <4*c38-409>
                            <4*c31-107>
                            <4*c11-110>
                            <4*c38-204>
                            <4*c36-407>
                            <4*c31-302>
                            <4*c29-405>
                            <4*c27-101>
                            <4*c45-303>
                            <4*c16-309>
                            <4*c12-204>
                            <4*c36-301>
                            <4*c36-203>
</home/teragrid/tg459476> was used as the home directory.
</home/teragrid/tg459476/Release_PSpGEMM/PSpGEMM-R1/Applications> was used as the working directory.
Started at Thu Nov 12 02:27:28 2009
Results reported at Thu Nov 12 02:28:56 2009

Your job looked like:

------------------------------------------------------------
# LSBATCH: User input
#!/bin/tcsh 			  
				  # first line specifies shell
#BSUB -J betwcentp400 		  #name the job "jobname"
#BSUB -o out.o%J   		  #output->   out.o&ltjobID>
#BSUB -e err.o%J   		  #error -> error.o&ltjobID>
#BSUB -n 400 -W 0:10               #1 CPU cores and 0hr+15min
#BSUB -q normal                   #Use development queue.
#BSUB -R 'span[ptile=4]'	  # 4 MPI task per node
set echo                          #Echo all commands.
cd $LS_SUBCWD                     #cd to directory of submission
ibrun ./betwcent $WORK/SCALE17BTW-TRANSBOOL 12 512  # 16 processors on the row, each has batch=512/8=32; 2^12 = 4096 starting vertices overall

------------------------------------------------------------

Successfully completed.

Resource usage summary:

    CPU time   :  12694.35 sec.

The output (if any) is above this job summary.



PS:

Read file <err.o286464> for stderr output of this job.

