Batch processing will occur 16 times, each processing 256 vertices (overall)
Candidates chosen, precomputation finished
Exploring via BFS...
Tallying...
Adding bc contributions...
Exploring via BFS...
Tallying...
Adding bc contributions...
Exploring via BFS...
Tallying...
Adding bc contributions...
Exploring via BFS...
Tallying...
Adding bc contributions...
Exploring via BFS...
Tallying...
Adding bc contributions...
Exploring via BFS...
Tallying...
Adding bc contributions...
Exploring via BFS...
Tallying...
Adding bc contributions...
Exploring via BFS...
Tallying...
Adding bc contributions...
Exploring via BFS...
Tallying...
Adding bc contributions...
Exploring via BFS...
Tallying...
Adding bc contributions...
Exploring via BFS...
Tallying...
Adding bc contributions...
Exploring via BFS...
Tallying...
Adding bc contributions...
Exploring via BFS...
Tallying...
Adding bc contributions...
Exploring via BFS...
Tallying...
Adding bc contributions...
Exploring via BFS...
Tallying...
Adding bc contributions...
Exploring via BFS...
Tallying...
Adding bc contributions...
Computation finished
932.145956 seconds elapsed for 4096 starting vertices
TEPS score is: 4357980.111075
Job  mvapich_wrapper /opt/lsf/bin/TaskStarter -p c38-407:34583 -c /opt/lsf/conf -a X86_64 ./betwcent /work/teragrid/tg459476/SCALE17BTW-TRANSBOOL 12 256

TID   HOST_NAME   COMMAND_LINE            STATUS            TERMINATION_TIME
===== ========== ================  =======================  ===================
00000 c38-407    ./betwcent /work  Done                     11/08/2009 18:16:58
00001 c38-407    ./betwcent /work  Done                     11/08/2009 18:16:58
00002 c38-407    ./betwcent /work  Done                     11/08/2009 18:16:58
00003 c38-407    ./betwcent /work  Done                     11/08/2009 18:16:58

------------------------------------------------------------
Sender: LSF System <lsfadmin@c38-407>
Subject: Job 279725: <betwcentp4> Done

Job <betwcentp4> was submitted from host <lslogin1> by user <tg459476>.
Job was executed on host(s) <4*c38-407>, in queue <normal>, as user <tg459476>.
</home/teragrid/tg459476> was used as the home directory.
</home/teragrid/tg459476/Release_PSpGEMM/PSpGEMM-R1/Applications> was used as the working directory.
Started at Sun Nov  8 18:00:55 2009
Results reported at Sun Nov  8 18:17:01 2009

Your job looked like:

------------------------------------------------------------
# LSBATCH: User input
#!/bin/tcsh 			  
				  # first line specifies shell
#BSUB -J betwcentp4 		  #name the job "jobname"
#BSUB -o out.o%J   		  #output->   out.o&ltjobID>
#BSUB -e err.o%J   		  #error -> error.o&ltjobID>
#BSUB -n 4 -W 0:45               #1 CPU cores and 0hr+15min
#BSUB -q normal                   #Use development queue.
#BSUB -R 'span[ptile=4]'	  # 4 MPI task per node
set echo                          #Echo all commands.
cd $LS_SUBCWD                     #cd to directory of submission
ibrun ./betwcent $WORK/SCALE17BTW-TRANSBOOL 12 256  # 8 processors on the row, each has batch=256/8=32; 2^12 = 4096 starting vertices overall

------------------------------------------------------------

Successfully completed.

Resource usage summary:

    CPU time   :   3748.59 sec.

The output (if any) is above this job summary.



PS:

Read file <err.o279725> for stderr output of this job.

